Loaded module: python3/3.6.2
Loaded module: cuda/8.0
Loaded module: cudnn/v7.0-prod-cuda8
Running script...
##converting Controller to cuda-enabled
Traceback (most recent call last):
  File "train.py", line 20, in <module>
    accuracy_hist, loss_hist = trainer(rollouts,dataset,lr)
  File "/zhome/b0/b/127184/Documents/Projects/AutoML/scripts/trainer.py", line 62, in trainer
    accuracy = train_m.train(net=net, train_batch_size=len(train_m.X_train), val_batch_size=len(train_m.X_val), plot=plot)
  File "/zhome/b0/b/127184/Documents/Projects/AutoML/scripts/Environment.py", line 253, in train
    optimizer.step()
  File "/zhome/b0/b/127184/.local/lib/python3.6/site-packages/torch/optim/adam.py", line 95, in step
    exp_avg.mul_(beta1).add_(1 - beta1, grad)
KeyboardInterrupt
Terminated

------------------------------------------------------------
Sender: LSF System <lsfadmin@n-62-20-2>
Subject: Job 4744882: <myJob> in cluster <dcc> Exited

Job <myJob> was submitted from host <gbarlogin2> by user <s174007> in cluster <dcc> at Mon Nov 25 16:24:58 2019
Job was executed on host(s) <n-62-20-2>, in queue <gpuv100>, as user <s174007> in cluster <dcc> at Mon Nov 25 16:25:00 2019
</zhome/b0/b/127184> was used as the home directory.
</zhome/b0/b/127184/Documents/Projects/AutoML/scripts> was used as the working directory.
Started at Mon Nov 25 16:25:00 2019
Terminated at Mon Nov 25 16:26:53 2019
Results reported at Mon Nov 25 16:26:53 2019

Your job looked like:

------------------------------------------------------------
# LSBATCH: User input
#!/bin/sh
#BSUB -q gpuv100
#BSUB -gpu "num=1"
#BSUB -J myJob
#BSUB -n 1
#BSUB -W 10:00
#BSUB -R "rusage[mem=3GB]"
#BSUB -o ../logs/%J.out

module load python3/3.6.2
module load cuda/8.0
module load cudnn/v7.0-prod-cuda8

echo "Running script..."
python3 train.py 10000 MOONS 0.01
python3 train.py 10000 MNIST 0.01

------------------------------------------------------------

TERM_OWNER: job killed by owner.
Exited with exit code 143.

Resource usage summary:

    CPU time :                                   106.00 sec.
    Max Memory :                                 1842 MB
    Average Memory :                             1229.33 MB
    Total Requested Memory :                     3072.00 MB
    Delta Memory :                               1230.00 MB
    Max Swap :                                   17592186044414 MB
    Max Processes :                              4
    Max Threads :                                10
    Run time :                                   121 sec.
    Turnaround time :                            115 sec.

The output (if any) is above this job summary.

