Loaded module: python3/3.6.2
Loaded module: cuda/8.0
Loaded module: cudnn/v7.0-prod-cuda8
Running script...
##converting Controller to cuda-enabled
1000/10000
Arch [64, 64, 8]
acc tensor(0.8442)
loss tensor(1.1025, device='cuda:0', grad_fn=<NegBackward>)

Traceback (most recent call last):
  File "train.py", line 21, in <module>
    accuracy_hist, loss_hist, probs_layer_1, depth, sample_networks = trainer(parameters["rollouts"],parameters["dataset"], parameters["lr"], parameters["controltype"])
  File "/zhome/b0/b/127184/Documents/Projects/AutoML/scripts/trainer.py", line 95, in trainer
    accuracy = train_m.train(net=net, train_batch_size=len(train_m.X_train), val_batch_size=len(train_m.X_val), plot=plot)
  File "/zhome/b0/b/127184/Documents/Projects/AutoML/scripts/Environment.py", line 335, in train
    loss.backward()
  File "/zhome/b0/b/127184/.local/lib/python3.6/site-packages/torch/tensor.py", line 166, in backward
    torch.autograd.backward(self, gradient, retain_graph, create_graph)
  File "/zhome/b0/b/127184/.local/lib/python3.6/site-packages/torch/autograd/__init__.py", line 99, in backward
    allow_unreachable=True)  # allow_unreachable flag
KeyboardInterrupt
Terminated

------------------------------------------------------------
Sender: LSF System <lsfadmin@n-62-20-11>
Subject: Job 4821608: <myJob> in cluster <dcc> Exited

Job <myJob> was submitted from host <gbarlogin2> by user <s174007> in cluster <dcc> at Mon Dec  2 10:55:47 2019
Job was executed on host(s) <n-62-20-11>, in queue <gpuv100>, as user <s174007> in cluster <dcc> at Mon Dec  2 10:55:49 2019
</zhome/b0/b/127184> was used as the home directory.
</zhome/b0/b/127184/Documents/Projects/AutoML/scripts> was used as the working directory.
Started at Mon Dec  2 10:55:49 2019
Terminated at Mon Dec  2 11:05:33 2019
Results reported at Mon Dec  2 11:05:33 2019

Your job looked like:

------------------------------------------------------------
# LSBATCH: User input
#!/bin/sh
#BSUB -q gpuv100
#BSUB -gpu "num=1"
#BSUB -J myJob
#BSUB -n 1
#BSUB -W 10:00
#BSUB -R "rusage[mem=6GB]"
#BSUB -o ../logs/co%J.out

module load python3/3.6.2
module load cuda/8.0
module load cudnn/v7.0-prod-cuda8

echo "Running script..."
python3 train.py 10000 MOONS 0.01 ecct
python3 train.py 10000 MNIST 0.01 ecct

------------------------------------------------------------

TERM_OWNER: job killed by owner.
Exited with exit code 143.

Resource usage summary:

    CPU time :                                   574.00 sec.
    Max Memory :                                 1844 MB
    Average Memory :                             1754.60 MB
    Total Requested Memory :                     6144.00 MB
    Delta Memory :                               4300.00 MB
    Max Swap :                                   -
    Max Processes :                              4
    Max Threads :                                10
    Run time :                                   604 sec.
    Turnaround time :                            586 sec.

The output (if any) is above this job summary.

