Loaded module: python3/3.6.2
Loaded module: cuda/8.0
Loaded module: cudnn/v7.0-prod-cuda8
Running script...
##converting Controller to cuda-enabled
1000/10000
Arch [4, 32, 32, 'ReLU', 64, 'Tanh']
acc tensor(0.9548)
loss tensor(1.7750, device='cuda:0', grad_fn=<NegBackward>)

2000/10000
Arch ['ReLU', 2, 8, 'Tanh']
acc tensor(0.9347)
loss tensor(1.8256, device='cuda:0', grad_fn=<NegBackward>)

3000/10000
Arch [4, 'ReLU', 2, 'ReLU']
acc tensor(0.5477)
loss tensor(1.0228, device='cuda:0', grad_fn=<NegBackward>)

4000/10000
Arch ['Sigmoid', 'ReLU', 'Tanh', 'ReLU']
acc tensor(0.8291)
loss tensor(0.9667, device='cuda:0', grad_fn=<NegBackward>)

5000/10000
Arch [32, 64, 16]
acc tensor(0.8844)
loss tensor(1.3364, device='cuda:0', grad_fn=<NegBackward>)

6000/10000
Arch ['ReLU', 'ReLU', 8]
acc tensor(0.8693)
loss tensor(1.2802, device='cuda:0', grad_fn=<NegBackward>)

7000/10000
Arch ['Sigmoid', 4, 4, 'ReLU']
acc tensor(0.8744)
loss tensor(1.4784, device='cuda:0', grad_fn=<NegBackward>)

8000/10000
Arch ['ReLU', 4, 64, 'ReLU', 'ReLU', 'ReLU']
acc tensor(0.9447)
loss tensor(1.2318, device='cuda:0', grad_fn=<NegBackward>)

9000/10000
Arch [8, 32, 64, 64]
acc tensor(0.8844)
loss tensor(0.9866, device='cuda:0', grad_fn=<NegBackward>)

10000/10000
Arch ['Sigmoid', 'ReLU', 'ReLU', 64, 'Tanh']
acc tensor(0.8744)
loss tensor(1.2385, device='cuda:0', grad_fn=<NegBackward>)

##converting Controller to cuda-enabled
1000/10000
Arch ['Sigmoid']
acc tensor(0.8357)
loss tensor(-0.5591, device='cuda:0', grad_fn=<NegBackward>)

2000/10000
Arch [2, 'Sigmoid', 'Tanh', 'Tanh', 32]
acc tensor(0.4669)
loss tensor(0.5555, device='cuda:0', grad_fn=<NegBackward>)

3000/10000
Arch ['ReLU', 'ReLU', 64]
acc tensor(0.1062)
loss tensor(0.0125, device='cuda:0', grad_fn=<NegBackward>)

4000/10000
Arch ['ReLU', 'Sigmoid', 'Sigmoid', 32]
acc tensor(0.4369)
loss tensor(0.3447, device='cuda:0', grad_fn=<NegBackward>)

5000/10000
Arch ['Sigmoid', 'Sigmoid', 4, 64, 32, 'Tanh', 'Tanh', 4, 4]
acc tensor(0.1042)
loss tensor(-1.0218, device='cuda:0', grad_fn=<NegBackward>)

6000/10000
Arch [64, 2, 'Sigmoid', 32, 'Tanh']
acc tensor(0.4489)
loss tensor(0.6308, device='cuda:0', grad_fn=<NegBackward>)

7000/10000
Arch [64, 'Sigmoid', 64, 64, 8]
acc tensor(0.1062)
loss tensor(-0.1850, device='cuda:0', grad_fn=<NegBackward>)

8000/10000
Arch [4, 'Sigmoid', 'Sigmoid']
acc tensor(0.6493)
loss tensor(0.5842, device='cuda:0', grad_fn=<NegBackward>)

9000/10000
Arch [64, 4, 'Sigmoid', 'Tanh']
acc tensor(0.6273)
loss tensor(0.6955, device='cuda:0', grad_fn=<NegBackward>)

10000/10000
Arch [64, 'Sigmoid', 'Sigmoid']
acc tensor(0.8056)
loss tensor(0.4712, device='cuda:0', grad_fn=<NegBackward>)


------------------------------------------------------------
Sender: LSF System <lsfadmin@n-62-11-15>
Subject: Job 4815261: <myJob> in cluster <dcc> Done

Job <myJob> was submitted from host <gbarlogin2> by user <s174007> in cluster <dcc> at Sun Dec  1 16:43:19 2019
Job was executed on host(s) <n-62-11-15>, in queue <gpuv100>, as user <s174007> in cluster <dcc> at Sun Dec  1 16:43:20 2019
</zhome/b0/b/127184> was used as the home directory.
</zhome/b0/b/127184/Documents/Projects/AutoML/scripts> was used as the working directory.
Started at Sun Dec  1 16:43:20 2019
Terminated at Sun Dec  1 20:23:22 2019
Results reported at Sun Dec  1 20:23:22 2019

Your job looked like:

------------------------------------------------------------
# LSBATCH: User input
#!/bin/sh
#BSUB -q gpuv100
#BSUB -gpu "num=1"
#BSUB -J myJob
#BSUB -n 1
#BSUB -W 10:00
#BSUB -R "rusage[mem=6GB]"
#BSUB -o ../logs/co%J.out

module load python3/3.6.2
module load cuda/8.0
module load cudnn/v7.0-prod-cuda8

echo "Running script..."
python3 train.py 10000 MOONS 0.01 cct
python3 train.py 10000 MNIST 0.01 cct

------------------------------------------------------------

Successfully completed.

Resource usage summary:

    CPU time :                                   13165.52 sec.
    Max Memory :                                 1879 MB
    Average Memory :                             1859.77 MB
    Total Requested Memory :                     6144.00 MB
    Delta Memory :                               4265.00 MB
    Max Swap :                                   -
    Max Processes :                              4
    Max Threads :                                10
    Run time :                                   13218 sec.
    Turnaround time :                            13203 sec.

The output (if any) is above this job summary.

