Loaded module: python3/3.6.2
Loaded module: cuda/8.0
Loaded module: cudnn/v7.0-prod-cuda8
Running script...
##converting Controller to cuda-enabled
1000/10000
Arch ['Sigmoid', 64, 64, 16, 'Sigmoid', 16]
acc tensor(0.9447)
loss tensor(1.4664, device='cuda:0', grad_fn=<NegBackward>)

2000/10000
Arch [8, 'Sigmoid', 64]
acc tensor(0.8693)
loss tensor(1.4933, device='cuda:0', grad_fn=<NegBackward>)

3000/10000
Arch ['Sigmoid', 'Sigmoid', 'Tanh', 4, 'Tanh', 64]
acc tensor(0.8643)
loss tensor(1.4745, device='cuda:0', grad_fn=<NegBackward>)

4000/10000
Arch [4, 8, 'ReLU']
acc tensor(0.8894)
loss tensor(1.3043, device='cuda:0', grad_fn=<NegBackward>)

5000/10000
Arch ['Tanh', 'ReLU', 64]
acc tensor(0.8291)
loss tensor(1.1988, device='cuda:0', grad_fn=<NegBackward>)

6000/10000
Arch [32, 'Sigmoid', 'Tanh']
acc tensor(0.8693)
loss tensor(1.2383, device='cuda:0', grad_fn=<NegBackward>)

7000/10000
Arch [32, 4, 16, 'ReLU', 64, 64]
acc tensor(0.9598)
loss tensor(1.6009, device='cuda:0', grad_fn=<NegBackward>)

8000/10000
Arch ['ReLU', 8, 'Tanh', 32, 4, 8]
acc tensor(0.9095)
loss tensor(1.7512, device='cuda:0', grad_fn=<NegBackward>)

9000/10000
Arch [4, 'ReLU', 'Tanh']
acc tensor(0.8643)
loss tensor(0.8939, device='cuda:0', grad_fn=<NegBackward>)

10000/10000
Arch [2, 'ReLU', 4]
acc tensor(0.8693)
loss tensor(1.5667, device='cuda:0', grad_fn=<NegBackward>)

##converting Controller to cuda-enabled
1000/10000
Arch ['Sigmoid']
acc tensor(0.8357)
loss tensor(-0.5795, device='cuda:0', grad_fn=<NegBackward>)

2000/10000
Arch [2, 'Sigmoid', 'Tanh', 'Tanh', 32]
acc tensor(0.4669)
loss tensor(0.5384, device='cuda:0', grad_fn=<NegBackward>)

3000/10000
Arch ['ReLU', 'ReLU', 64]
acc tensor(0.1062)
loss tensor(-0.0054, device='cuda:0', grad_fn=<NegBackward>)

4000/10000
Arch ['ReLU', 'Sigmoid', 'Sigmoid', 32]
acc tensor(0.4369)
loss tensor(0.3276, device='cuda:0', grad_fn=<NegBackward>)

5000/10000
Arch ['Sigmoid', 'Sigmoid', 4, 64, 32, 'Tanh', 'Tanh', 4, 4]
acc tensor(0.1042)
loss tensor(-1.0378, device='cuda:0', grad_fn=<NegBackward>)

6000/10000
Arch [64, 2, 'Sigmoid', 32, 'Tanh']
acc tensor(0.4489)
loss tensor(0.6141, device='cuda:0', grad_fn=<NegBackward>)

7000/10000
Arch [64, 'Sigmoid', 64, 64, 8]
acc tensor(0.1062)
loss tensor(-0.2016, device='cuda:0', grad_fn=<NegBackward>)

8000/10000
Arch [4, 'Sigmoid', 'Sigmoid']
acc tensor(0.6493)
loss tensor(0.5674, device='cuda:0', grad_fn=<NegBackward>)

9000/10000
Arch [64, 4, 'Sigmoid', 'Tanh']
acc tensor(0.6273)
loss tensor(0.6791, device='cuda:0', grad_fn=<NegBackward>)

10000/10000
Arch [64, 'Sigmoid', 'Sigmoid']
acc tensor(0.8056)
loss tensor(0.4545, device='cuda:0', grad_fn=<NegBackward>)


------------------------------------------------------------
Sender: LSF System <lsfadmin@n-62-20-11>
Subject: Job 4821659: <myJob> in cluster <dcc> Done

Job <myJob> was submitted from host <gbarlogin2> by user <s174007> in cluster <dcc> at Mon Dec  2 11:05:50 2019
Job was executed on host(s) <n-62-20-11>, in queue <gpuv100>, as user <s174007> in cluster <dcc> at Mon Dec  2 13:06:39 2019
</zhome/b0/b/127184> was used as the home directory.
</zhome/b0/b/127184/Documents/Projects/AutoML/scripts> was used as the working directory.
Started at Mon Dec  2 13:06:39 2019
Terminated at Mon Dec  2 16:06:28 2019
Results reported at Mon Dec  2 16:06:28 2019

Your job looked like:

------------------------------------------------------------
# LSBATCH: User input
#!/bin/sh
#BSUB -q gpuv100
#BSUB -gpu "num=1"
#BSUB -J myJob
#BSUB -n 1
#BSUB -W 10:00
#BSUB -R "rusage[mem=6GB]"
#BSUB -o ../logs/co%J.out

module load python3/3.6.2
module load cuda/8.0
module load cudnn/v7.0-prod-cuda8

echo "Running script..."
python3 train.py 10000 MOONS 0.01 ecct
python3 train.py 10000 MNIST 0.01 ecct

------------------------------------------------------------

Successfully completed.

Resource usage summary:

    CPU time :                                   10755.16 sec.
    Max Memory :                                 1884 MB
    Average Memory :                             1865.58 MB
    Total Requested Memory :                     6144.00 MB
    Delta Memory :                               4260.00 MB
    Max Swap :                                   -
    Max Processes :                              4
    Max Threads :                                10
    Run time :                                   10792 sec.
    Turnaround time :                            18038 sec.

The output (if any) is above this job summary.

