Loaded module: python3/3.6.2
Loaded module: cuda/8.0
Loaded module: cudnn/v7.0-prod-cuda8
Running script...
User defined signal 2

------------------------------------------------------------
Sender: LSF System <lsfadmin@n-62-20-2>
Subject: Job 4987560: <myJob> in cluster <dcc> Exited

Job <myJob> was submitted from host <n-62-27-18> by user <s174007> in cluster <dcc> at Thu Dec 26 11:21:35 2019
Job was executed on host(s) <n-62-20-2>, in queue <gpuv100>, as user <s174007> in cluster <dcc> at Thu Dec 26 11:21:36 2019
</zhome/b0/b/127184> was used as the home directory.
</zhome/b0/b/127184/Documents/Projects/AutoML/scripts> was used as the working directory.
Started at Thu Dec 26 11:21:36 2019
Terminated at Thu Dec 26 21:21:45 2019
Results reported at Thu Dec 26 21:21:45 2019

Your job looked like:

------------------------------------------------------------
# LSBATCH: User input
#!/bin/sh
#BSUB -q gpuv100
#BSUB -gpu "num=1"
#BSUB -J myJob
#BSUB -n 1
#BSUB -W 10:00
#BSUB -R "rusage[mem=12GB]"
#BSUB -o ../logs/conv%J.out

module load python3/3.6.2
module load cuda/8.0
module load cudnn/v7.0-prod-cuda8

echo "Running script..."
python3 train.py 10000 CONV 0.01 emoving

------------------------------------------------------------

TERM_RUNLIMIT: job killed after reaching LSF run time limit.
Exited with exit code 140.

Resource usage summary:

    CPU time :                                   35861.00 sec.
    Max Memory :                                 1950 MB
    Average Memory :                             1940.34 MB
    Total Requested Memory :                     12288.00 MB
    Delta Memory :                               10338.00 MB
    Max Swap :                                   -
    Max Processes :                              4
    Max Threads :                                10
    Run time :                                   36037 sec.
    Turnaround time :                            36010 sec.

The output (if any) is above this job summary.

