Loaded module: python3/3.6.2
Loaded module: cuda/8.0
Loaded module: cudnn/v7.0-prod-cuda8
Running script...
##converting Controller to cuda-enabled
[4, 7, 'ReLU', 32, 7, 'Tanh', 16, 5, 'ReLU', 16, 7, 'Tanh', 16, 5, 'ReLU', 16, 5, 'Tanh']
[16, 3, 'Tanh', 8, 5, 'ReLU']
[64, 5, 'Sigmoid']
[8, 5, 'Sigmoid', 64, 5, 'Sigmoid', 16, 3, 'Sigmoid', 4, 3, 'Sigmoid']
[16, 3, 'Sigmoid']
[8, 5, 'ReLU']
[]
[]
[32, 5, 'Tanh', 4, 3, 'Tanh', 2, 3, 'ReLU', 32, 3, 'ReLU', 64, 3, 'Sigmoid', 8, 5, 'ReLU', 64, 5, 'Tanh', 4, 3, 'Sigmoid']
[8, 5, 'ReLU', 16, 3, 'Tanh', 16, 3, 'Tanh', 4, 3, 'Tanh', 8, 3, 'Sigmoid', 2, 5, 'Sigmoid', 4, 3, 'Tanh', 4, 3, 'Sigmoid']
[4, 3, 'ReLU', 4, 5, 'ReLU', 32, 3, 'Sigmoid', 32, 5, 'Sigmoid', 4, 5, 'Sigmoid', 32, 5, 'Tanh', 2, 3, 'Tanh', 2, 5, 'Sigmoid']
[16, 7, 'Sigmoid', 64, 5, 'Sigmoid', 4, 5, 'Tanh', 64, 3, 'ReLU']
[4, 5, 'Sigmoid', 16, 3, 'ReLU', 8, 3, 'Tanh', 32, 7, 'Sigmoid', 32, 5, 'Sigmoid']
[]
[64, 3, 'Tanh']
[8, 3, 'Tanh', 64, 7, 'ReLU', 4, 3, 'Sigmoid', 4, 3, 'Sigmoid', 32, 3, 'Sigmoid', 4, 5, 'Sigmoid', 32, 7, 'Sigmoid', 64, 3, 'Sigmoid']
[4, 7, 'Sigmoid', 8, 7, 'Sigmoid', 64, 7, 'Sigmoid', 2, 5, 'Sigmoid', 64, 7, 'Sigmoid', 64, 3, 'Sigmoid']
[]
[16, 3, 'Sigmoid', 16, 5, 'Sigmoid', 2, 3, 'Sigmoid', 16, 7, 'Sigmoid', 32, 7, 'Tanh', 16, 5, 'Sigmoid']
[8, 3, 'ReLU', 32, 3, 'Sigmoid', 2, 3, 'Sigmoid', 16, 7, 'Sigmoid', 16, 5, 'Sigmoid', 4, 3, 'Sigmoid', 16, 3, 'Sigmoid', 4, 7, 'Sigmoid']
[16, 5, 'Tanh']
[4, 3, 'Tanh', 2, 3, 'Sigmoid', 32, 5, 'Tanh', 16, 3, 'Sigmoid']
[8, 5, 'Sigmoid', 32, 3, 'Sigmoid', 4, 5, 'Sigmoid', 4, 3, 'Tanh', 4, 5, 'Sigmoid', 4, 3, 'Sigmoid', 2, 3, 'ReLU', 8, 3, 'Sigmoid']
[64, 3, 'Sigmoid', 4, 3, 'Sigmoid']
[64, 7, 'Tanh', 16, 3, 'Sigmoid', 8, 7, 'Sigmoid', 2, 3, 'Sigmoid', 16, 3, 'Sigmoid', 4, 3, 'Sigmoid', 64, 7, 'Sigmoid', 2, 3, 'Sigmoid']
[2, 5, 'Tanh', 2, 3, 'Tanh', 16, 7, 'Sigmoid', 4, 5, 'Sigmoid', 4, 3, 'Sigmoid', 16, 7, 'Tanh', 4, 5, 'Sigmoid', 64, 7, 'Sigmoid']
[16, 7, 'Tanh', 8, 7, 'Sigmoid', 4, 7, 'Sigmoid']
[8, 5, 'ReLU', 2, 3, 'Sigmoid', 2, 7, 'Sigmoid', 4, 3, 'Tanh', 16, 3, 'Tanh', 4, 3, 'Sigmoid', 16, 3, 'Sigmoid', 32, 7, 'Sigmoid']
[32, 5, 'Sigmoid', 4, 3, 'Sigmoid', 4, 7, 'Sigmoid', 4, 3, 'Sigmoid', 8, 3, 'Sigmoid', 4, 7, 'Sigmoid', 8, 7, 'Sigmoid', 32, 3, 'Sigmoid']
[64, 3, 'Sigmoid', 8, 3, 'Sigmoid', 4, 3, 'Tanh', 2, 3, 'Sigmoid']
[32, 3, 'ReLU', 32, 3, 'Tanh', 16, 3, 'Tanh', 8, 3, 'Sigmoid', 2, 7, 'Sigmoid', 2, 3, 'Tanh', 2, 7, 'Sigmoid', 4, 3, 'Sigmoid']
[]
[4, 3, 'Sigmoid']
[4, 5, 'Tanh', 4, 3, 'Sigmoid', 4, 3, 'Sigmoid', 4, 7, 'Sigmoid', 32, 3, 'Sigmoid', 2, 3, 'Tanh', 8, 3, 'Sigmoid', 4, 7, 'Sigmoid']
[4, 5, 'Sigmoid', 4, 5, 'Tanh', 4, 3, 'Tanh', 64, 3, 'Sigmoid', 4, 3, 'Sigmoid', 4, 3, 'Sigmoid', 64, 3, 'Sigmoid', 16, 3, 'Tanh']
[2, 7, 'Tanh']
[2, 7, 'Sigmoid', 16, 3, 'Sigmoid', 4, 3, 'Sigmoid', 16, 5, 'Sigmoid', 2, 7, 'Sigmoid', 16, 7, 'Sigmoid', 32, 3, 'Sigmoid', 4, 5, 'Sigmoid']
[2, 5, 'Sigmoid', 32, 3, 'Sigmoid', 4, 3, 'Sigmoid', 64, 3, 'Tanh', 4, 3, 'Sigmoid', 64, 3, 'ReLU', 32, 7, 'Sigmoid', 64, 3, 'Sigmoid']
[]
[64, 3, 'Sigmoid', 2, 3, 'Sigmoid', 16, 3, 'Sigmoid', 16, 3, 'Sigmoid', 32, 7, 'Tanh', 4, 3, 'Sigmoid', 4, 3, 'Sigmoid', 32, 3, 'ReLU']
[64, 3, 'Tanh', 2, 7, 'Tanh', 16, 3, 'Tanh', 2, 3, 'Sigmoid', 2, 5, 'Sigmoid', 4, 7, 'Sigmoid', 4, 3, 'Sigmoid']
[]
[16, 3, 'Sigmoid']
[]
[2, 7, 'Sigmoid', 32, 3, 'Sigmoid', 4, 5, 'Sigmoid', 32, 3, 'Sigmoid', 2, 3, 'Sigmoid']
[16, 3, 'ReLU', 8, 7, 'Sigmoid']
[16, 5, 'Sigmoid', 32, 3, 'Sigmoid', 16, 3, 'Sigmoid', 4, 3, 'Sigmoid', 4, 3, 'Tanh', 16, 3, 'Sigmoid']
[2, 3, 'Sigmoid', 4, 3, 'Sigmoid', 4, 3, 'Sigmoid', 2, 3, 'Sigmoid', 4, 3, 'Sigmoid', 4, 7, 'Sigmoid', 4, 7, 'Sigmoid', 32, 7, 'Sigmoid']
[64, 7, 'Sigmoid', 4, 3, 'Sigmoid', 16, 7, 'Sigmoid', 32, 3, 'Sigmoid']
[32, 3, 'Tanh', 4, 7, 'Sigmoid', 64, 7, 'Sigmoid']
[64, 5, 'Sigmoid', 4, 3, 'Sigmoid', 4, 3, 'Sigmoid', 32, 3, 'Sigmoid', 32, 3, 'Sigmoid', 2, 3, 'Sigmoid', 8, 7, 'Sigmoid', 2, 3, 'Sigmoid']
[]
[16, 3, 'Sigmoid']
[32, 5, 'Sigmoid', 4, 7, 'Sigmoid', 64, 3, 'Sigmoid', 4, 3, 'Sigmoid', 4, 3, 'Sigmoid', 2, 7, 'Sigmoid', 4, 3, 'Sigmoid', 8, 3, 'Sigmoid']
[]
[16, 5, 'Tanh', 32, 7, 'ReLU', 4, 3, 'Sigmoid', 2, 3, 'Sigmoid', 4, 5, 'Sigmoid', 4, 3, 'Sigmoid', 16, 3, 'Tanh', 4, 7, 'Sigmoid']
[32, 7, 'Sigmoid', 4, 3, 'Sigmoid', 4, 3, 'Sigmoid']
[32, 3, 'Sigmoid', 64, 3, 'Sigmoid', 4, 3, 'Sigmoid', 2, 3, 'Sigmoid', 4, 3, 'Sigmoid', 4, 3, 'Tanh', 32, 3, 'Sigmoid', 32, 3, 'Tanh']
[8, 7, 'Sigmoid', 32, 7, 'Sigmoid', 32, 7, 'Sigmoid', 2, 7, 'Sigmoid', 64, 3, 'Sigmoid', 4, 3, 'Sigmoid', 2, 3, 'Sigmoid', 4, 3, 'Sigmoid']
[2, 5, 'Sigmoid', 2, 3, 'Sigmoid', 16, 5, 'ReLU', 4, 7, 'Sigmoid', 4, 3, 'Sigmoid', 4, 3, 'Tanh', 32, 3, 'Sigmoid', 2, 7, 'Sigmoid']
[64, 7, 'Sigmoid', 16, 3, 'Sigmoid', 32, 3, 'Sigmoid', 4, 3, 'Sigmoid', 8, 7, 'Sigmoid', 8, 3, 'Sigmoid', 32, 7, 'Sigmoid', 2, 7, 'Sigmoid']
[]
[2, 3, 'Sigmoid', 32, 3, 'Sigmoid', 2, 7, 'Sigmoid', 16, 3, 'Tanh', 4, 3, 'Sigmoid', 64, 3, 'Sigmoid', 4, 7, 'Sigmoid', 4, 3, 'Sigmoid']
[8, 3, 'Sigmoid', 16, 3, 'Sigmoid', 32, 3, 'Sigmoid', 64, 7, 'Tanh', 2, 3, 'Sigmoid', 4, 7, 'Sigmoid']
[64, 3, 'Sigmoid', 16, 3, 'Sigmoid']
[]
[]
[8, 3, 'Sigmoid', 2, 3, 'Sigmoid', 4, 3, 'Sigmoid', 4, 3, 'Sigmoid']
[32, 7, 'Sigmoid', 16, 7, 'Sigmoid', 2, 3, 'Sigmoid', 2, 5, 'Sigmoid']
[16, 3, 'Sigmoid', 2, 3, 'Tanh']
[]
[64, 5, 'Sigmoid']
[64, 3, 'Sigmoid', 8, 3, 'Tanh', 4, 7, 'Sigmoid', 64, 5, 'Sigmoid', 16, 3, 'Tanh', 32, 3, 'Sigmoid', 2, 3, 'Sigmoid', 32, 3, 'Sigmoid']
[32, 7, 'Sigmoid', 64, 3, 'Sigmoid', 64, 7, 'ReLU', 4, 3, 'Tanh', 8, 5, 'Sigmoid']
[16, 3, 'Sigmoid', 4, 3, 'Sigmoid', 2, 3, 'Sigmoid']
[]
[64, 7, 'Sigmoid', 32, 3, 'Sigmoid', 4, 3, 'Sigmoid', 2, 3, 'Sigmoid', 8, 3, 'Sigmoid', 8, 7, 'Sigmoid', 32, 3, 'Sigmoid', 32, 3, 'Sigmoid']
[2, 7, 'Sigmoid', 4, 7, 'Tanh', 2, 3, 'Sigmoid', 16, 7, 'Sigmoid', 4, 7, 'Sigmoid', 16, 3, 'Sigmoid', 16, 3, 'Sigmoid', 2, 3, 'Sigmoid']
[]
[16, 3, 'Sigmoid', 16, 3, 'Sigmoid', 2, 3, 'Tanh', 32, 3, 'Sigmoid', 32, 3, 'Sigmoid']
[2, 3, 'Sigmoid', 4, 3, 'Sigmoid', 4, 7, 'Tanh', 2, 3, 'Sigmoid']
[4, 7, 'Sigmoid', 32, 3, 'Sigmoid', 4, 3, 'Sigmoid', 4, 3, 'Sigmoid', 2, 3, 'Sigmoid']
[2, 3, 'Sigmoid', 64, 3, 'Sigmoid', 4, 3, 'Sigmoid', 32, 3, 'Sigmoid', 32, 3, 'Sigmoid', 2, 7, 'Sigmoid', 2, 7, 'Sigmoid']
[4, 3, 'Sigmoid', 4, 3, 'Sigmoid', 64, 3, 'Sigmoid', 2, 3, 'Sigmoid', 64, 3, 'ReLU']
[64, 7, 'Sigmoid', 2, 3, 'Sigmoid', 4, 3, 'Sigmoid', 32, 3, 'Sigmoid', 4, 7, 'Tanh', 4, 3, 'Sigmoid', 8, 7, 'Sigmoid', 4, 7, 'Sigmoid']
[8, 7, 'Sigmoid', 32, 3, 'Sigmoid', 32, 3, 'Sigmoid', 4, 5, 'Sigmoid', 16, 3, 'Sigmoid', 4, 3, 'ReLU', 4, 3, 'Sigmoid', 4, 3, 'Tanh']
[32, 3, 'Sigmoid', 2, 3, 'Sigmoid', 32, 3, 'Sigmoid', 64, 7, 'Sigmoid', 4, 3, 'Tanh', 4, 3, 'Sigmoid']
[2, 3, 'Sigmoid', 32, 7, 'Sigmoid', 16, 3, 'Sigmoid', 4, 3, 'Tanh', 4, 3, 'Sigmoid', 32, 7, 'Sigmoid', 4, 3, 'Tanh', 4, 3, 'Tanh']
[4, 3, 'Sigmoid', 4, 3, 'Sigmoid', 4, 3, 'Sigmoid', 4, 3, 'Sigmoid', 32, 7, 'Sigmoid', 4, 3, 'Sigmoid', 32, 3, 'Tanh', 4, 3, 'Sigmoid']
[8, 7, 'Sigmoid', 64, 7, 'Sigmoid', 32, 3, 'Sigmoid', 4, 3, 'Sigmoid', 8, 3, 'Sigmoid', 32, 3, 'Sigmoid', 4, 3, 'Sigmoid']
[]
[]
[16, 7, 'Sigmoid', 4, 3, 'Sigmoid', 4, 3, 'Sigmoid', 8, 3, 'Sigmoid', 4, 3, 'Sigmoid', 32, 7, 'Tanh', 4, 3, 'Sigmoid', 32, 3, 'Sigmoid']
[16, 3, 'Sigmoid', 4, 3, 'Tanh']
[32, 7, 'Sigmoid', 32, 3, 'Sigmoid', 2, 3, 'Sigmoid', 8, 3, 'Sigmoid', 16, 7, 'Sigmoid', 16, 3, 'Sigmoid', 16, 5, 'Sigmoid', 2, 3, 'Sigmoid']
[2, 3, 'Tanh', 4, 3, 'Sigmoid', 32, 3, 'Sigmoid', 8, 3, 'Tanh', 4, 3, 'Sigmoid', 4, 3, 'Tanh', 4, 7, 'Sigmoid', 4, 3, 'Sigmoid']
[2, 3, 'Sigmoid', 4, 3, 'Sigmoid', 8, 3, 'Sigmoid']
[8, 3, 'Sigmoid', 4, 3, 'Sigmoid', 4, 3, 'Sigmoid', 32, 3, 'Sigmoid', 16, 3, 'Sigmoid', 4, 3, 'Sigmoid', 8, 3, 'Sigmoid', 2, 3, 'Sigmoid']
[16, 3, 'Sigmoid', 32, 7, 'Sigmoid', 4, 3, 'Sigmoid', 16, 3, 'Sigmoid', 4, 3, 'Sigmoid', 64, 7, 'Sigmoid', 32, 3, 'Sigmoid', 4, 3, 'Sigmoid']
[16, 3, 'Sigmoid', 4, 3, 'Tanh', 32, 3, 'Tanh', 64, 3, 'Tanh', 64, 3, 'Sigmoid']
[2, 3, 'Sigmoid', 32, 3, 'Sigmoid', 8, 7, 'Tanh', 4, 3, 'Sigmoid', 2, 5, 'Sigmoid', 32, 3, 'Sigmoid', 2, 7, 'Sigmoid', 32, 3, 'Tanh']
[2, 5, 'Sigmoid', 16, 7, 'Sigmoid']
[4, 3, 'Sigmoid', 2, 3, 'Sigmoid', 16, 3, 'Sigmoid', 4, 3, 'Tanh', 16, 3, 'Sigmoid', 64, 3, 'Sigmoid', 2, 3, 'Sigmoid', 4, 3, 'Sigmoid']
[]
[32, 3, 'Sigmoid', 4, 7, 'Sigmoid']
[2, 3, 'Sigmoid', 8, 7, 'Tanh']
[8, 3, 'Sigmoid', 32, 3, 'Tanh', 4, 3, 'Sigmoid', 8, 3, 'Sigmoid', 8, 3, 'Sigmoid', 4, 3, 'Sigmoid']
[16, 5, 'Sigmoid', 64, 3, 'Tanh', 64, 3, 'Sigmoid']
[64, 3, 'Sigmoid', 2, 5, 'Sigmoid', 32, 5, 'Tanh', 32, 3, 'Sigmoid', 2, 7, 'Sigmoid', 4, 3, 'Sigmoid', 4, 3, 'Sigmoid', 8, 3, 'Sigmoid']
[32, 7, 'Sigmoid', 8, 3, 'Sigmoid', 4, 7, 'Sigmoid', 8, 3, 'Sigmoid', 32, 3, 'Sigmoid', 4, 3, 'Sigmoid', 32, 7, 'Sigmoid', 4, 3, 'Sigmoid']
[32, 3, 'Sigmoid', 16, 3, 'Sigmoid', 16, 3, 'Sigmoid', 4, 3, 'Sigmoid', 16, 3, 'Sigmoid', 8, 3, 'Sigmoid', 4, 3, 'Sigmoid', 32, 3, 'Sigmoid']
[4, 3, 'Sigmoid', 64, 3, 'Sigmoid', 4, 5, 'ReLU', 4, 3, 'Sigmoid', 32, 3, 'Sigmoid', 32, 3, 'Sigmoid', 2, 3, 'Sigmoid', 4, 3, 'Sigmoid']
[64, 5, 'Sigmoid', 32, 3, 'Tanh', 4, 5, 'Sigmoid', 32, 3, 'Sigmoid', 4, 3, 'Sigmoid']
[]
[]
[]
[8, 7, 'Tanh', 2, 7, 'Sigmoid', 16, 3, 'Sigmoid', 2, 3, 'Sigmoid', 4, 3, 'Sigmoid', 2, 5, 'Sigmoid', 4, 7, 'Sigmoid', 2, 3, 'Sigmoid']
[64, 3, 'Sigmoid', 32, 7, 'Sigmoid', 16, 3, 'Sigmoid', 4, 3, 'Sigmoid', 4, 3, 'Sigmoid', 32, 3, 'Sigmoid', 4, 3, 'Sigmoid', 32, 3, 'Sigmoid']
[32, 7, 'Sigmoid', 2, 5, 'Sigmoid']
[8, 3, 'Sigmoid', 2, 3, 'ReLU', 4, 3, 'Sigmoid', 4, 3, 'Sigmoid', 64, 3, 'Tanh', 32, 3, 'Sigmoid', 32, 3, 'Tanh', 2, 3, 'Sigmoid']
[]
[16, 3, 'Sigmoid']
[32, 3, 'Sigmoid', 4, 3, 'Sigmoid']
[64, 3, 'Sigmoid', 4, 3, 'ReLU', 4, 3, 'Sigmoid', 32, 5, 'Sigmoid', 4, 3, 'Sigmoid', 2, 3, 'Sigmoid']
[4, 5, 'Sigmoid', 16, 3, 'Sigmoid', 4, 7, 'Sigmoid', 4, 3, 'Sigmoid', 32, 7, 'ReLU', 4, 3, 'Sigmoid', 32, 3, 'Sigmoid']
[32, 3, 'Sigmoid', 4, 5, 'Sigmoid', 4, 3, 'Tanh', 4, 7, 'Tanh', 4, 3, 'Sigmoid', 32, 3, 'ReLU', 4, 3, 'Sigmoid', 2, 7, 'Sigmoid']
[]
[2, 7, 'Sigmoid', 8, 3, 'Sigmoid', 4, 3, 'Sigmoid', 8, 3, 'Sigmoid', 4, 3, 'Sigmoid', 8, 5, 'Sigmoid', 4, 3, 'Sigmoid', 4, 3, 'Sigmoid']
[8, 7, 'Sigmoid', 2, 7, 'Sigmoid', 2, 3, 'Sigmoid', 2, 7, 'Sigmoid']
[]
[64, 7, 'Sigmoid', 8, 3, 'Sigmoid', 8, 5, 'Sigmoid', 8, 3, 'Sigmoid', 4, 3, 'ReLU', 2, 7, 'Tanh', 4, 7, 'Sigmoid']
[32, 3, 'Sigmoid', 4, 5, 'Sigmoid']
[4, 3, 'Sigmoid']
[2, 3, 'Sigmoid', 4, 3, 'Sigmoid', 4, 3, 'Sigmoid', 4, 5, 'Sigmoid']
[]
[16, 3, 'Tanh']
[4, 5, 'Tanh', 32, 3, 'Sigmoid']
[32, 3, 'Sigmoid']
[]
[]
[4, 3, 'Sigmoid', 32, 3, 'Sigmoid', 32, 3, 'Sigmoid', 64, 3, 'Sigmoid', 32, 3, 'Tanh', 64, 3, 'Sigmoid', 8, 3, 'Sigmoid']
[8, 3, 'Sigmoid', 4, 3, 'ReLU']
[32, 3, 'Sigmoid', 2, 7, 'Sigmoid', 16, 3, 'Sigmoid', 4, 3, 'Sigmoid', 64, 3, 'Tanh', 4, 3, 'Sigmoid', 16, 3, 'Sigmoid', 2, 3, 'Tanh']
[2, 7, 'Sigmoid', 2, 3, 'Sigmoid', 16, 3, 'Tanh', 2, 5, 'Sigmoid', 4, 3, 'Sigmoid', 32, 7, 'Sigmoid', 2, 5, 'Sigmoid', 4, 3, 'Sigmoid']
[]
[2, 7, 'Sigmoid', 32, 3, 'Sigmoid', 16, 7, 'Sigmoid']
[32, 3, 'Sigmoid', 8, 7, 'ReLU', 16, 3, 'Sigmoid', 16, 3, 'Sigmoid', 4, 3, 'Sigmoid']
[]
[2, 3, 'Sigmoid', 2, 3, 'Sigmoid', 4, 3, 'Sigmoid', 4, 3, 'Sigmoid', 2, 3, 'Tanh', 4, 3, 'Sigmoid', 4, 7, 'Tanh', 16, 3, 'Sigmoid']
[64, 3, 'Sigmoid', 4, 3, 'Sigmoid', 16, 3, 'Sigmoid', 16, 3, 'Sigmoid', 32, 7, 'Tanh', 64, 3, 'Tanh', 32, 3, 'Sigmoid', 4, 3, 'Sigmoid']
[32, 3, 'Sigmoid', 32, 3, 'Sigmoid', 32, 5, 'Sigmoid', 2, 3, 'Sigmoid', 4, 3, 'Sigmoid', 4, 3, 'Tanh', 2, 3, 'Sigmoid', 32, 3, 'Tanh']
[32, 3, 'Sigmoid', 4, 5, 'Sigmoid']
[]
[32, 7, 'Sigmoid', 2, 3, 'Sigmoid', 4, 3, 'Sigmoid', 16, 5, 'Sigmoid', 2, 3, 'Sigmoid', 32, 3, 'Sigmoid', 4, 7, 'Sigmoid', 2, 3, 'Sigmoid']
[16, 7, 'Sigmoid', 2, 3, 'Sigmoid', 8, 3, 'Tanh']
[2, 3, 'Sigmoid', 32, 3, 'Sigmoid', 2, 3, 'Sigmoid', 32, 7, 'Sigmoid', 4, 3, 'Sigmoid', 8, 3, 'Sigmoid', 64, 3, 'Sigmoid', 16, 3, 'Sigmoid']
[16, 3, 'Sigmoid']
[16, 3, 'Sigmoid', 32, 7, 'Sigmoid', 32, 3, 'Sigmoid', 64, 7, 'Sigmoid', 16, 3, 'Sigmoid', 32, 7, 'Sigmoid', 4, 5, 'Sigmoid', 4, 7, 'Sigmoid']
[8, 3, 'Sigmoid', 16, 7, 'Sigmoid']
[]
[2, 3, 'Sigmoid']
[2, 7, 'Sigmoid', 32, 3, 'ReLU', 2, 3, 'Sigmoid', 2, 3, 'Sigmoid', 8, 7, 'Sigmoid', 8, 5, 'Sigmoid', 2, 3, 'Sigmoid', 8, 3, 'Sigmoid']
[16, 3, 'Sigmoid', 2, 3, 'Sigmoid', 8, 3, 'ReLU', 2, 7, 'Sigmoid', 64, 3, 'Sigmoid', 2, 3, 'Sigmoid', 8, 3, 'Sigmoid', 32, 3, 'Sigmoid']
[2, 7, 'Sigmoid', 32, 3, 'Sigmoid', 32, 3, 'Sigmoid', 16, 3, 'Sigmoid', 2, 5, 'Sigmoid']
[2, 3, 'Sigmoid', 64, 5, 'Sigmoid', 32, 3, 'Sigmoid', 64, 7, 'Tanh', 32, 3, 'Sigmoid', 2, 5, 'Sigmoid', 2, 3, 'ReLU']
[]
[32, 3, 'Sigmoid', 32, 3, 'Sigmoid', 16, 5, 'Sigmoid', 4, 3, 'Sigmoid', 4, 7, 'Sigmoid', 4, 3, 'Sigmoid']
[]
[8, 7, 'Sigmoid']
[32, 3, 'Sigmoid', 4, 3, 'Tanh', 4, 3, 'Sigmoid', 2, 5, 'Sigmoid', 64, 3, 'Sigmoid', 16, 3, 'Sigmoid', 8, 3, 'Tanh', 2, 7, 'Tanh']
[8, 3, 'Sigmoid', 4, 5, 'Sigmoid', 8, 3, 'Sigmoid', 16, 3, 'Sigmoid', 4, 3, 'Sigmoid', 8, 3, 'Sigmoid', 32, 3, 'Tanh', 32, 3, 'Sigmoid']
[]
[32, 5, 'Sigmoid']
[2, 7, 'Sigmoid']
[8, 3, 'Sigmoid', 2, 3, 'Sigmoid', 4, 7, 'Sigmoid', 16, 3, 'Sigmoid', 4, 3, 'Tanh', 2, 3, 'Sigmoid', 2, 3, 'Sigmoid']
[64, 7, 'Sigmoid']
[]
[4, 3, 'Sigmoid', 8, 3, 'ReLU', 32, 3, 'Sigmoid', 32, 3, 'Sigmoid']
[2, 3, 'Sigmoid', 64, 7, 'Sigmoid']
[]
180/1800
Arch []
acc tensor(0.7000)
loss tensor(1.6110, device='cuda:0', grad_fn=<NegBackward>)
baseline tensor(0.6630)

[2, 3, 'Tanh', 4, 3, 'Tanh', 4, 3, 'Tanh', 16, 3, 'Sigmoid']
[16, 5, 'Tanh', 4, 3, 'Sigmoid', 32, 3, 'Sigmoid', 2, 3, 'Sigmoid', 8, 3, 'Sigmoid', 2, 3, 'Sigmoid', 16, 3, 'Sigmoid', 16, 3, 'Sigmoid']
[4, 3, 'Sigmoid', 32, 3, 'Sigmoid', 4, 3, 'Sigmoid', 8, 3, 'Sigmoid', 32, 5, 'Sigmoid', 64, 3, 'Sigmoid']
[8, 7, 'Sigmoid', 32, 7, 'Tanh', 4, 3, 'Tanh', 32, 3, 'Sigmoid', 2, 3, 'ReLU', 64, 3, 'Sigmoid', 16, 3, 'Sigmoid']
[]
[2, 3, 'Sigmoid', 8, 5, 'Sigmoid', 32, 3, 'Sigmoid', 4, 3, 'Tanh', 4, 3, 'Sigmoid']
[2, 3, 'Sigmoid', 4, 3, 'Sigmoid', 32, 3, 'Sigmoid', 2, 5, 'Sigmoid', 2, 3, 'Sigmoid', 64, 3, 'Sigmoid']
[2, 3, 'Sigmoid', 4, 7, 'Sigmoid', 4, 3, 'Sigmoid']
[4, 3, 'Sigmoid', 4, 3, 'Sigmoid']
[]
[32, 3, 'Sigmoid', 16, 7, 'Sigmoid', 16, 3, 'Sigmoid', 4, 3, 'Sigmoid', 2, 7, 'Sigmoid', 32, 3, 'Sigmoid', 8, 3, 'Sigmoid', 2, 7, 'Sigmoid']
[2, 7, 'Sigmoid', 64, 3, 'ReLU']
[32, 3, 'Sigmoid', 4, 3, 'Sigmoid']
[]
[16, 3, 'Sigmoid', 4, 3, 'Sigmoid', 2, 3, 'Sigmoid', 4, 3, 'Sigmoid', 4, 7, 'Sigmoid', 32, 3, 'Sigmoid', 8, 3, 'Sigmoid', 16, 7, 'Sigmoid']
[]
[2, 3, 'Sigmoid', 16, 3, 'ReLU', 8, 7, 'Sigmoid', 8, 3, 'Sigmoid', 32, 3, 'Sigmoid', 8, 7, 'Sigmoid', 8, 7, 'Sigmoid', 2, 5, 'Sigmoid']
[2, 5, 'Sigmoid', 2, 3, 'Sigmoid', 16, 3, 'Sigmoid', 4, 3, 'Sigmoid', 2, 3, 'Sigmoid', 32, 3, 'Sigmoid', 64, 3, 'Sigmoid']
[32, 3, 'Sigmoid', 32, 3, 'Sigmoid', 32, 3, 'Sigmoid', 4, 3, 'Tanh']
[2, 3, 'Tanh', 8, 3, 'Sigmoid', 2, 7, 'Sigmoid', 16, 7, 'Sigmoid', 4, 7, 'Sigmoid', 2, 3, 'Tanh', 4, 7, 'Tanh', 2, 3, 'Sigmoid']
[2, 3, 'Sigmoid', 4, 3, 'Sigmoid', 8, 3, 'Sigmoid', 4, 3, 'Sigmoid', 32, 3, 'Sigmoid', 4, 3, 'Sigmoid', 64, 3, 'Sigmoid', 32, 3, 'Sigmoid']
[64, 3, 'Sigmoid', 16, 3, 'Sigmoid', 2, 3, 'Sigmoid', 64, 3, 'Sigmoid', 8, 3, 'Sigmoid']
[32, 3, 'Sigmoid', 4, 3, 'Sigmoid', 4, 5, 'Sigmoid', 4, 5, 'Sigmoid', 4, 3, 'Sigmoid', 16, 3, 'Sigmoid', 32, 7, 'Sigmoid', 32, 3, 'ReLU']
[8, 3, 'Sigmoid', 64, 3, 'Sigmoid', 4, 3, 'Sigmoid', 4, 3, 'Sigmoid', 64, 3, 'Sigmoid', 32, 3, 'Sigmoid', 2, 3, 'Sigmoid', 16, 3, 'Sigmoid']
[64, 7, 'Tanh', 8, 3, 'Sigmoid', 2, 3, 'Sigmoid', 2, 3, 'Sigmoid']
[32, 3, 'Tanh', 2, 3, 'Sigmoid', 8, 7, 'Tanh', 32, 7, 'Sigmoid', 4, 3, 'Sigmoid', 2, 3, 'Sigmoid', 2, 3, 'Sigmoid', 4, 3, 'Sigmoid']
[32, 3, 'Sigmoid', 8, 3, 'Sigmoid', 2, 5, 'Sigmoid', 4, 3, 'Sigmoid', 32, 5, 'Sigmoid', 4, 3, 'Sigmoid']
[2, 3, 'Sigmoid']
[32, 3, 'Sigmoid', 2, 3, 'Sigmoid', 16, 3, 'Sigmoid', 16, 3, 'Sigmoid', 4, 3, 'Tanh', 4, 3, 'Sigmoid']
[64, 3, 'Sigmoid']
[2, 3, 'Sigmoid', 32, 3, 'Sigmoid', 64, 3, 'ReLU', 16, 3, 'Sigmoid', 32, 3, 'Sigmoid', 32, 3, 'Sigmoid', 2, 3, 'Sigmoid', 4, 7, 'Sigmoid']
[16, 3, 'Sigmoid', 16, 3, 'Sigmoid', 2, 3, 'Sigmoid', 32, 3, 'Sigmoid', 2, 3, 'Sigmoid', 4, 7, 'Sigmoid', 2, 3, 'Sigmoid', 4, 7, 'ReLU']
[]
[2, 3, 'Sigmoid', 4, 7, 'Sigmoid', 32, 3, 'Sigmoid']
[4, 3, 'Sigmoid', 32, 3, 'Sigmoid', 4, 3, 'ReLU', 32, 3, 'Sigmoid', 2, 3, 'Sigmoid', 32, 3, 'Sigmoid', 64, 3, 'Sigmoid', 32, 3, 'Sigmoid']
[2, 5, 'Sigmoid']
[64, 3, 'Sigmoid', 32, 3, 'Sigmoid', 2, 3, 'Tanh', 32, 3, 'Sigmoid', 32, 3, 'Tanh', 32, 7, 'Sigmoid', 32, 7, 'Sigmoid', 8, 7, 'Sigmoid']
[2, 3, 'Tanh', 8, 3, 'Sigmoid', 64, 3, 'Sigmoid', 64, 3, 'Sigmoid', 2, 3, 'Sigmoid', 64, 7, 'Tanh', 4, 3, 'Sigmoid', 2, 3, 'Sigmoid']
[4, 5, 'Sigmoid', 32, 3, 'Tanh']
[]
[32, 3, 'Sigmoid', 32, 3, 'Sigmoid', 64, 3, 'Sigmoid', 8, 3, 'Tanh', 2, 5, 'Sigmoid', 32, 3, 'Sigmoid', 32, 3, 'Sigmoid']
[]
[8, 3, 'Sigmoid', 4, 3, 'Sigmoid', 8, 3, 'Sigmoid', 4, 3, 'Sigmoid', 64, 3, 'Sigmoid', 8, 3, 'Sigmoid', 2, 7, 'ReLU', 2, 3, 'Sigmoid']
[]
[]
[4, 3, 'Sigmoid', 64, 3, 'Sigmoid', 2, 3, 'Sigmoid', 2, 3, 'Sigmoid', 2, 3, 'Sigmoid']
[4, 3, 'Sigmoid']
[2, 5, 'Sigmoid', 2, 3, 'Sigmoid', 32, 3, 'Sigmoid', 16, 3, 'Sigmoid', 4, 3, 'Sigmoid']
[2, 3, 'Sigmoid', 4, 3, 'Sigmoid', 32, 3, 'Sigmoid', 32, 7, 'Sigmoid', 32, 7, 'Sigmoid', 2, 3, 'Sigmoid']
[32, 3, 'Sigmoid', 8, 3, 'Sigmoid', 4, 3, 'Sigmoid']
[8, 3, 'Sigmoid', 4, 3, 'Sigmoid', 64, 3, 'Sigmoid', 4, 5, 'Sigmoid', 4, 3, 'Sigmoid', 32, 3, 'Sigmoid', 32, 3, 'ReLU', 2, 3, 'Sigmoid']
[8, 3, 'Sigmoid', 2, 3, 'Sigmoid', 2, 3, 'Sigmoid', 32, 3, 'Tanh', 8, 3, 'Tanh', 64, 3, 'Sigmoid', 2, 3, 'Sigmoid', 16, 3, 'Sigmoid']
[2, 5, 'Tanh', 8, 7, 'Sigmoid', 2, 3, 'Sigmoid', 32, 3, 'Sigmoid', 2, 3, 'Sigmoid', 16, 3, 'Sigmoid', 2, 3, 'Sigmoid', 4, 3, 'Sigmoid']
[2, 3, 'Sigmoid']
[32, 3, 'Tanh', 2, 5, 'Sigmoid']
[16, 3, 'Sigmoid', 32, 3, 'Tanh', 8, 3, 'Sigmoid', 8, 7, 'Sigmoid']
[4, 3, 'Sigmoid', 8, 3, 'Sigmoid', 32, 3, 'Sigmoid', 4, 3, 'Sigmoid', 2, 3, 'Sigmoid', 32, 3, 'Sigmoid', 32, 3, 'Sigmoid', 4, 3, 'Sigmoid']
[16, 7, 'Sigmoid', 32, 3, 'Sigmoid', 4, 7, 'Sigmoid', 8, 3, 'Sigmoid', 4, 3, 'Sigmoid', 4, 3, 'Sigmoid']
[2, 3, 'Sigmoid']
[4, 5, 'Sigmoid']
[16, 7, 'Sigmoid', 16, 3, 'Sigmoid', 2, 7, 'Tanh', 4, 3, 'Sigmoid', 4, 5, 'Sigmoid', 4, 3, 'Sigmoid', 4, 3, 'Sigmoid', 2, 3, 'Sigmoid']
[]
[32, 3, 'Sigmoid', 2, 3, 'Sigmoid', 4, 3, 'Sigmoid', 32, 3, 'Sigmoid']
[8, 3, 'Sigmoid', 4, 3, 'Sigmoid', 4, 5, 'Sigmoid', 32, 3, 'Sigmoid', 4, 3, 'Sigmoid', 16, 3, 'Sigmoid', 2, 3, 'Sigmoid', 16, 3, 'Sigmoid']
[]
[]
[]
[32, 3, 'Sigmoid', 64, 3, 'Sigmoid', 2, 3, 'Sigmoid', 64, 3, 'Sigmoid']
[2, 7, 'Tanh', 4, 3, 'Sigmoid', 4, 3, 'Sigmoid', 8, 5, 'Sigmoid', 4, 3, 'Sigmoid', 32, 3, 'Sigmoid', 32, 3, 'Sigmoid', 4, 3, 'Sigmoid']
[8, 3, 'Sigmoid', 4, 3, 'Sigmoid', 64, 3, 'Sigmoid', 4, 3, 'Sigmoid']
[8, 5, 'Sigmoid', 2, 3, 'Sigmoid', 4, 3, 'Sigmoid', 32, 3, 'Tanh']
[]
[]
[2, 7, 'Sigmoid', 64, 3, 'Sigmoid', 32, 3, 'Sigmoid']
[]
[32, 3, 'ReLU', 16, 3, 'Sigmoid', 2, 3, 'Sigmoid', 32, 3, 'Sigmoid', 8, 7, 'Sigmoid']
[32, 3, 'Sigmoid', 32, 3, 'Sigmoid', 2, 7, 'Tanh', 2, 3, 'Sigmoid', 8, 7, 'Sigmoid', 2, 3, 'Sigmoid', 2, 7, 'Sigmoid', 4, 3, 'Sigmoid']
[16, 3, 'Sigmoid', 32, 3, 'Sigmoid', 4, 3, 'Sigmoid', 2, 3, 'Sigmoid', 64, 3, 'Sigmoid', 4, 3, 'Sigmoid', 4, 5, 'Sigmoid', 2, 7, 'Sigmoid']
[2, 3, 'Sigmoid', 8, 3, 'Sigmoid']
[32, 3, 'Sigmoid']
[2, 3, 'Sigmoid', 8, 3, 'Sigmoid']
[32, 7, 'Sigmoid', 8, 7, 'Sigmoid', 2, 7, 'Sigmoid', 32, 7, 'Sigmoid', 16, 3, 'Sigmoid', 8, 3, 'Sigmoid', 16, 5, 'Sigmoid']
[4, 3, 'Sigmoid']
[32, 3, 'ReLU', 4, 3, 'Sigmoid', 4, 3, 'Sigmoid']
[16, 5, 'Sigmoid', 2, 3, 'Sigmoid', 2, 3, 'Sigmoid', 8, 3, 'Sigmoid', 4, 7, 'Sigmoid', 32, 3, 'Sigmoid', 4, 3, 'Sigmoid', 8, 3, 'ReLU']
[16, 3, 'Sigmoid', 4, 3, 'Sigmoid']
[8, 5, 'Sigmoid', 16, 3, 'Sigmoid']
[16, 3, 'Sigmoid']
[]
[2, 3, 'ReLU']
[32, 7, 'Sigmoid']
[]
[8, 3, 'Sigmoid', 4, 3, 'Sigmoid', 32, 3, 'Sigmoid', 16, 3, 'Sigmoid', 4, 3, 'Sigmoid']
[32, 3, 'Sigmoid', 2, 7, 'Sigmoid', 4, 3, 'Sigmoid']
[2, 3, 'Tanh']
[]
[]
[8, 3, 'ReLU', 64, 3, 'Sigmoid', 16, 3, 'ReLU', 4, 5, 'Sigmoid', 4, 3, 'Sigmoid', 64, 3, 'Sigmoid', 8, 3, 'Tanh']
[]
[2, 5, 'Sigmoid', 32, 3, 'Sigmoid', 2, 5, 'Sigmoid', 4, 3, 'Sigmoid']
[32, 3, 'Sigmoid', 8, 5, 'Sigmoid']
[2, 3, 'Sigmoid', 2, 3, 'Sigmoid']
[2, 3, 'Sigmoid', 4, 3, 'Sigmoid', 4, 3, 'Sigmoid', 32, 3, 'Sigmoid', 4, 3, 'Sigmoid']
[]
[4, 3, 'Sigmoid', 8, 7, 'Sigmoid', 2, 3, 'Sigmoid', 16, 3, 'Sigmoid', 2, 7, 'Sigmoid', 4, 3, 'Sigmoid', 4, 3, 'Sigmoid', 8, 3, 'Sigmoid']
[]
[64, 7, 'Sigmoid']
[2, 3, 'Sigmoid']
[]
[2, 3, 'Sigmoid', 16, 3, 'Sigmoid', 4, 3, 'ReLU', 32, 3, 'Tanh']
[32, 7, 'Sigmoid', 2, 3, 'Sigmoid', 16, 3, 'Sigmoid', 32, 7, 'Sigmoid', 4, 3, 'Sigmoid', 16, 3, 'Sigmoid']
[16, 3, 'Sigmoid', 8, 3, 'Sigmoid', 4, 3, 'ReLU', 4, 3, 'Sigmoid']
[2, 3, 'Sigmoid', 2, 3, 'Tanh']
[32, 3, 'Sigmoid', 4, 3, 'Sigmoid', 4, 3, 'Sigmoid', 8, 3, 'Sigmoid', 4, 3, 'Sigmoid']
[2, 3, 'Tanh', 2, 3, 'Sigmoid', 64, 3, 'ReLU', 32, 3, 'Sigmoid', 4, 3, 'Sigmoid', 32, 3, 'Sigmoid', 2, 7, 'Sigmoid', 32, 3, 'Sigmoid']
[2, 3, 'Sigmoid', 2, 7, 'Sigmoid', 32, 3, 'Sigmoid', 8, 5, 'Sigmoid']
[2, 3, 'Sigmoid', 8, 3, 'Sigmoid']
[64, 3, 'Sigmoid', 8, 3, 'Sigmoid', 64, 3, 'Sigmoid', 8, 3, 'Sigmoid', 8, 3, 'ReLU', 4, 3, 'Sigmoid', 32, 5, 'Sigmoid', 2, 3, 'Sigmoid']
[2, 5, 'Tanh', 4, 7, 'Sigmoid']
[2, 7, 'Sigmoid', 8, 3, 'Sigmoid']
[2, 3, 'Tanh', 64, 3, 'Sigmoid', 2, 3, 'Sigmoid']
[]
[]
[2, 3, 'Sigmoid']
[32, 5, 'Sigmoid', 16, 3, 'Sigmoid', 8, 3, 'Sigmoid']
[]
[32, 3, 'Sigmoid', 4, 3, 'Sigmoid']
[2, 3, 'Tanh']
[2, 3, 'Sigmoid']
[4, 3, 'Sigmoid', 64, 3, 'Sigmoid', 8, 5, 'Sigmoid', 4, 5, 'Sigmoid', 4, 3, 'Sigmoid', 4, 3, 'Sigmoid', 2, 5, 'Sigmoid', 32, 3, 'Tanh']
[32, 3, 'Sigmoid']
[4, 3, 'Sigmoid']
[4, 3, 'Sigmoid', 2, 3, 'Sigmoid']
[]
[2, 3, 'Sigmoid', 16, 7, 'Sigmoid', 2, 3, 'Sigmoid', 32, 3, 'Tanh']
[4, 3, 'Sigmoid']
[4, 5, 'Sigmoid']
[]
[]
[32, 7, 'Sigmoid', 32, 3, 'Sigmoid', 64, 3, 'Tanh', 8, 3, 'Sigmoid', 32, 5, 'Sigmoid', 16, 3, 'Sigmoid', 8, 3, 'Sigmoid', 4, 3, 'Sigmoid']
[]
[32, 5, 'Sigmoid', 32, 3, 'Sigmoid', 4, 3, 'Sigmoid', 2, 3, 'ReLU']
[16, 3, 'Tanh', 4, 5, 'Sigmoid', 32, 3, 'Sigmoid', 4, 5, 'Sigmoid', 8, 3, 'Sigmoid']
[]
[8, 3, 'Sigmoid', 4, 7, 'Tanh']
[64, 3, 'Sigmoid']
[]
[2, 3, 'Tanh', 8, 3, 'Sigmoid', 4, 3, 'ReLU', 32, 3, 'Sigmoid', 8, 3, 'Sigmoid', 32, 3, 'Tanh', 2, 3, 'Sigmoid']
[]
[4, 3, 'Sigmoid', 32, 3, 'ReLU', 64, 3, 'Sigmoid', 4, 7, 'Sigmoid', 4, 3, 'Sigmoid']
[16, 3, 'Sigmoid', 8, 3, 'Sigmoid', 64, 5, 'Sigmoid']
[]
[2, 3, 'ReLU', 8, 3, 'Sigmoid']
[]
[]
[16, 3, 'ReLU', 32, 7, 'Sigmoid', 16, 3, 'Sigmoid', 32, 3, 'Sigmoid', 2, 3, 'Sigmoid']
[4, 7, 'Sigmoid', 8, 7, 'Sigmoid', 4, 3, 'Sigmoid', 64, 3, 'Sigmoid']
[32, 3, 'Sigmoid', 8, 3, 'Sigmoid', 4, 3, 'Tanh', 32, 7, 'Sigmoid', 4, 3, 'Sigmoid', 32, 3, 'Sigmoid', 8, 7, 'Tanh', 16, 3, 'Tanh']
[8, 3, 'Sigmoid', 4, 3, 'ReLU', 16, 3, 'Sigmoid', 8, 7, 'Sigmoid', 8, 3, 'Sigmoid']
[16, 3, 'Sigmoid', 64, 7, 'Tanh', 4, 5, 'Sigmoid', 16, 7, 'Sigmoid', 64, 5, 'Sigmoid', 2, 3, 'ReLU']
[32, 3, 'Sigmoid']
[]
[]
[]
[2, 3, 'Sigmoid', 4, 3, 'Sigmoid', 16, 3, 'Sigmoid', 8, 3, 'Sigmoid']
[16, 5, 'Sigmoid', 2, 3, 'Sigmoid']
[16, 5, 'Sigmoid', 8, 3, 'Sigmoid']
[]
[]
[2, 3, 'Sigmoid']
[]
[4, 3, 'Sigmoid', 2, 3, 'Sigmoid']
[4, 7, 'Sigmoid', 4, 3, 'Sigmoid']
[]
[4, 3, 'Sigmoid']
[2, 3, 'Sigmoid', 32, 3, 'Tanh', 4, 3, 'Sigmoid', 32, 3, 'Tanh', 4, 5, 'Sigmoid', 32, 3, 'Sigmoid', 2, 3, 'Sigmoid']
[]
[2, 3, 'Sigmoid', 2, 3, 'Sigmoid', 32, 3, 'Sigmoid', 8, 5, 'Sigmoid']
[8, 5, 'Sigmoid', 2, 5, 'ReLU']
[4, 3, 'Sigmoid', 8, 3, 'Sigmoid']
360/1800
Arch [4, 3, 'Sigmoid', 8, 3, 'Sigmoid']
acc tensor(0.8400)
loss tensor(0.8870, device='cuda:0', grad_fn=<NegBackward>)
baseline tensor(0.7292)

[8, 5, 'Tanh', 8, 7, 'Sigmoid', 2, 5, 'Sigmoid', 32, 3, 'Sigmoid', 16, 5, 'Sigmoid', 16, 3, 'Sigmoid', 16, 3, 'Sigmoid', 4, 7, 'Sigmoid']
[16, 3, 'Tanh', 2, 3, 'Sigmoid', 2, 3, 'Sigmoid']
[16, 3, 'Sigmoid', 32, 3, 'Sigmoid']
[2, 3, 'Sigmoid', 8, 3, 'Sigmoid', 4, 3, 'Sigmoid']
[32, 3, 'Sigmoid', 4, 3, 'Sigmoid', 64, 3, 'Sigmoid', 4, 3, 'Sigmoid', 2, 7, 'Sigmoid']
[16, 5, 'Sigmoid']
[]
[]
[4, 3, 'Tanh']
[64, 5, 'Sigmoid', 4, 3, 'Sigmoid', 4, 7, 'Sigmoid', 4, 3, 'Sigmoid', 32, 7, 'Sigmoid', 16, 5, 'Sigmoid', 4, 7, 'Sigmoid', 8, 7, 'Sigmoid']
[]
[2, 3, 'Sigmoid', 32, 3, 'ReLU', 16, 7, 'ReLU', 8, 3, 'Sigmoid', 32, 3, 'Sigmoid', 2, 3, 'Sigmoid']
[8, 3, 'Sigmoid']
[4, 3, 'Sigmoid']
[16, 3, 'Sigmoid', 64, 3, 'Sigmoid', 2, 3, 'Sigmoid', 4, 3, 'Sigmoid', 64, 3, 'Sigmoid', 2, 3, 'Sigmoid', 2, 7, 'Sigmoid', 16, 3, 'Tanh']
[8, 3, 'Sigmoid']
[32, 3, 'Sigmoid', 4, 3, 'Sigmoid', 2, 3, 'Sigmoid']
[2, 3, 'Sigmoid', 4, 3, 'Sigmoid', 8, 3, 'Sigmoid', 32, 3, 'Sigmoid']
[2, 3, 'Sigmoid']
[]
[2, 5, 'Sigmoid', 2, 3, 'Sigmoid', 2, 3, 'Sigmoid', 4, 5, 'ReLU', 32, 3, 'Tanh', 64, 3, 'Sigmoid', 2, 3, 'Sigmoid', 2, 3, 'Sigmoid']
[2, 3, 'Tanh', 4, 3, 'Sigmoid', 2, 3, 'Sigmoid', 16, 3, 'Sigmoid', 4, 3, 'Sigmoid', 4, 3, 'Sigmoid', 16, 3, 'Sigmoid']
[2, 3, 'Sigmoid', 2, 3, 'Sigmoid']
[16, 3, 'Sigmoid', 16, 3, 'Sigmoid']
[4, 3, 'Sigmoid', 8, 3, 'ReLU', 8, 3, 'Sigmoid', 4, 3, 'Sigmoid', 4, 3, 'Sigmoid', 4, 3, 'Sigmoid', 4, 3, 'Sigmoid', 2, 3, 'Tanh']
[4, 3, 'Sigmoid']
[]
[4, 3, 'Sigmoid', 4, 3, 'Sigmoid', 4, 3, 'Sigmoid', 2, 3, 'Sigmoid']
[8, 7, 'Sigmoid', 2, 3, 'Sigmoid', 32, 3, 'Sigmoid', 8, 5, 'Sigmoid']
[]
[]
[]
[8, 3, 'Sigmoid', 4, 3, 'Sigmoid', 4, 3, 'Sigmoid', 8, 3, 'Sigmoid']
[32, 7, 'Sigmoid', 32, 5, 'Sigmoid', 4, 3, 'Sigmoid', 32, 5, 'Sigmoid']
[]
[]
[4, 3, 'Sigmoid', 2, 3, 'Sigmoid']
[8, 7, 'Sigmoid', 2, 3, 'Sigmoid']
[]
[2, 3, 'Sigmoid', 4, 3, 'Sigmoid', 2, 3, 'Sigmoid', 8, 3, 'Sigmoid', 64, 3, 'Sigmoid', 2, 3, 'Sigmoid', 2, 3, 'Sigmoid', 2, 3, 'Tanh']
[2, 3, 'Sigmoid', 8, 3, 'Sigmoid', 4, 7, 'Sigmoid', 16, 3, 'Sigmoid', 4, 7, 'Sigmoid', 4, 3, 'Sigmoid']
[16, 3, 'Sigmoid', 64, 3, 'Sigmoid', 4, 3, 'Sigmoid', 4, 3, 'Sigmoid']
[32, 3, 'Sigmoid']
[]
[32, 3, 'Sigmoid', 4, 3, 'Sigmoid', 4, 3, 'Sigmoid']
[32, 3, 'Tanh', 16, 7, 'Sigmoid', 8, 7, 'Sigmoid', 8, 3, 'Sigmoid', 8, 7, 'ReLU', 32, 3, 'Tanh', 2, 3, 'Sigmoid']
[32, 3, 'Sigmoid', 32, 3, 'Sigmoid', 2, 3, 'Sigmoid', 2, 3, 'Sigmoid']
[2, 5, 'Sigmoid', 4, 5, 'Sigmoid']
[]
[2, 7, 'Sigmoid']
[4, 3, 'Sigmoid']
[16, 3, 'Sigmoid', 2, 5, 'Sigmoid', 32, 3, 'Tanh', 8, 3, 'Sigmoid', 16, 3, 'Tanh', 64, 3, 'Sigmoid', 4, 3, 'Sigmoid', 32, 3, 'Sigmoid']
[64, 3, 'Sigmoid']
[]
[]
[4, 3, 'Sigmoid']
[64, 3, 'Sigmoid', 8, 3, 'Sigmoid', 16, 3, 'Sigmoid', 4, 3, 'Sigmoid', 32, 3, 'Tanh', 2, 3, 'Sigmoid', 32, 3, 'Sigmoid', 4, 3, 'Tanh']
[]
[]
[8, 3, 'Sigmoid', 4, 3, 'Sigmoid', 2, 7, 'Tanh', 4, 3, 'Sigmoid', 4, 3, 'Sigmoid']
[]
[8, 5, 'Sigmoid']
[32, 7, 'Tanh', 2, 3, 'Sigmoid']
[16, 3, 'Sigmoid']
[32, 3, 'Sigmoid', 4, 5, 'Tanh', 8, 3, 'Sigmoid', 16, 3, 'Sigmoid']
[4, 3, 'Sigmoid', 32, 5, 'Sigmoid', 4, 3, 'Sigmoid', 8, 3, 'Sigmoid', 2, 5, 'Sigmoid']
[]
[4, 3, 'Sigmoid', 4, 3, 'Sigmoid', 8, 3, 'Tanh', 32, 3, 'Sigmoid', 64, 7, 'Sigmoid']
[]
[4, 3, 'Sigmoid', 4, 3, 'Sigmoid', 32, 3, 'Sigmoid', 32, 3, 'Sigmoid', 4, 3, 'Tanh', 32, 3, 'Sigmoid', 16, 3, 'Tanh', 2, 3, 'Sigmoid']
[]
[2, 3, 'Sigmoid', 4, 3, 'Sigmoid', 4, 5, 'Sigmoid', 32, 3, 'Sigmoid', 32, 3, 'Sigmoid']
[16, 3, 'Sigmoid']
[16, 5, 'Sigmoid', 4, 3, 'Sigmoid']
[2, 3, 'Sigmoid', 4, 7, 'Sigmoid', 2, 7, 'Tanh', 2, 3, 'Sigmoid', 32, 3, 'Sigmoid', 64, 3, 'Sigmoid']
[32, 3, 'Sigmoid']
[32, 3, 'Sigmoid', 2, 3, 'Tanh']
[]
[4, 7, 'Sigmoid']
[]
[]
[]
[4, 3, 'Sigmoid', 4, 7, 'Sigmoid', 4, 3, 'Sigmoid']
[]
[]
[16, 3, 'Tanh', 32, 5, 'Sigmoid', 2, 5, 'Sigmoid']
[4, 7, 'Sigmoid', 32, 3, 'Sigmoid', 2, 3, 'Sigmoid', 4, 3, 'Sigmoid']
[]
[2, 3, 'ReLU']
[4, 5, 'Sigmoid', 64, 3, 'Sigmoid', 64, 5, 'Sigmoid']
[2, 3, 'Sigmoid', 16, 3, 'Sigmoid', 2, 3, 'Sigmoid']
[64, 3, 'Sigmoid', 2, 3, 'Sigmoid', 4, 7, 'Sigmoid', 2, 3, 'Sigmoid', 64, 3, 'Sigmoid']
[]
[2, 3, 'Sigmoid', 2, 3, 'Sigmoid', 8, 7, 'Sigmoid', 8, 3, 'Sigmoid']
[]
[32, 5, 'Sigmoid']
[2, 3, 'Sigmoid']
[8, 3, 'Sigmoid', 16, 3, 'ReLU', 16, 3, 'Sigmoid', 32, 3, 'Sigmoid', 8, 3, 'Sigmoid', 2, 3, 'Sigmoid', 4, 3, 'Tanh']
[8, 3, 'Sigmoid']
[2, 3, 'Sigmoid', 4, 3, 'Sigmoid', 8, 3, 'Sigmoid', 32, 3, 'Sigmoid', 32, 3, 'Sigmoid', 8, 3, 'Sigmoid']
[32, 3, 'Sigmoid']
[]
[4, 5, 'Sigmoid', 8, 3, 'Sigmoid', 16, 3, 'Sigmoid', 32, 5, 'Tanh', 4, 7, 'Sigmoid', 8, 3, 'Sigmoid']
[2, 3, 'Sigmoid', 4, 7, 'Tanh']
[8, 7, 'Sigmoid', 2, 3, 'Sigmoid']
[32, 3, 'Sigmoid', 8, 7, 'Sigmoid', 2, 7, 'Sigmoid', 8, 7, 'Sigmoid', 32, 7, 'Sigmoid']
[]
[]
[]
[2, 3, 'Sigmoid', 32, 3, 'Sigmoid', 16, 3, 'Tanh']
[4, 3, 'Sigmoid', 16, 3, 'Sigmoid']
[]
[]
[32, 3, 'Sigmoid']
[]
[8, 3, 'Tanh']
[32, 3, 'Sigmoid']
[]
[]
[2, 3, 'Sigmoid']
[16, 5, 'Tanh', 4, 7, 'Sigmoid', 2, 7, 'Sigmoid']
[64, 7, 'Sigmoid', 16, 3, 'Sigmoid', 4, 3, 'Tanh']
[4, 3, 'Sigmoid', 2, 7, 'Sigmoid']
[]
[8, 3, 'Sigmoid', 16, 3, 'Sigmoid']
[16, 5, 'Tanh', 8, 3, 'Sigmoid']
[16, 7, 'Sigmoid']
[32, 3, 'Sigmoid', 4, 3, 'Sigmoid', 16, 3, 'Sigmoid', 2, 3, 'Sigmoid', 2, 7, 'Sigmoid']
[2, 3, 'Sigmoid', 8, 3, 'Sigmoid']
[16, 5, 'Sigmoid']
[2, 3, 'Sigmoid', 4, 3, 'Sigmoid', 32, 3, 'Sigmoid', 16, 3, 'Sigmoid', 32, 3, 'Sigmoid', 4, 7, 'Tanh', 4, 3, 'Sigmoid', 8, 3, 'Sigmoid']
[16, 3, 'Sigmoid']
[32, 3, 'Sigmoid']
[32, 3, 'Sigmoid', 16, 3, 'Sigmoid', 8, 3, 'Sigmoid', 2, 3, 'Sigmoid']
[32, 3, 'Sigmoid']
[]
[2, 3, 'Sigmoid', 4, 3, 'Sigmoid', 64, 3, 'Sigmoid', 4, 5, 'Sigmoid', 4, 3, 'Sigmoid', 16, 5, 'Sigmoid', 4, 3, 'Tanh', 8, 3, 'Sigmoid']
[]
[4, 3, 'Sigmoid', 8, 3, 'Sigmoid', 4, 3, 'Sigmoid']
[4, 3, 'Sigmoid', 16, 5, 'Sigmoid', 32, 3, 'Sigmoid', 32, 5, 'Sigmoid', 8, 7, 'Tanh', 4, 7, 'Sigmoid', 8, 3, 'Sigmoid', 4, 3, 'Sigmoid']
[16, 3, 'Sigmoid', 2, 7, 'Sigmoid', 2, 3, 'Sigmoid', 16, 3, 'Sigmoid', 4, 3, 'Sigmoid', 4, 3, 'Sigmoid', 16, 3, 'Tanh', 8, 3, 'Sigmoid']
[8, 7, 'Sigmoid', 4, 3, 'Tanh', 8, 3, 'Sigmoid', 2, 3, 'Sigmoid']
[8, 3, 'Sigmoid', 64, 5, 'Sigmoid']
[2, 3, 'Tanh', 2, 3, 'Sigmoid', 32, 3, 'Sigmoid', 8, 3, 'Sigmoid']
[4, 3, 'Sigmoid', 16, 7, 'Sigmoid', 2, 3, 'ReLU']
[32, 3, 'Sigmoid', 2, 5, 'Sigmoid', 8, 3, 'Tanh', 2, 3, 'Sigmoid', 32, 3, 'Sigmoid', 4, 3, 'Sigmoid', 8, 7, 'Sigmoid']
[4, 3, 'ReLU', 2, 3, 'Sigmoid', 4, 3, 'Sigmoid', 2, 3, 'Sigmoid']
[2, 3, 'Sigmoid', 32, 3, 'Sigmoid', 8, 7, 'Sigmoid', 16, 3, 'Sigmoid', 16, 3, 'Sigmoid', 8, 5, 'Sigmoid']
[2, 3, 'Sigmoid']
[4, 3, 'Tanh', 8, 3, 'Sigmoid']
[32, 3, 'Sigmoid', 8, 7, 'Sigmoid', 4, 3, 'Sigmoid', 2, 3, 'Sigmoid', 4, 3, 'Tanh', 64, 3, 'Sigmoid', 64, 3, 'Sigmoid', 2, 3, 'ReLU']
[2, 5, 'Sigmoid', 2, 5, 'Sigmoid', 2, 3, 'Sigmoid', 4, 7, 'Tanh', 64, 3, 'Sigmoid']
[4, 3, 'Sigmoid', 4, 3, 'Sigmoid']
[16, 3, 'Sigmoid', 2, 3, 'Tanh', 4, 5, 'Sigmoid']
[]
[8, 3, 'Sigmoid']
[]
[]
[32, 3, 'Sigmoid']
[2, 3, 'Sigmoid', 2, 3, 'Sigmoid', 4, 3, 'Sigmoid', 32, 3, 'Sigmoid', 8, 7, 'Sigmoid', 2, 3, 'Sigmoid']
[4, 3, 'Sigmoid']
[]
[64, 3, 'Sigmoid', 2, 3, 'Sigmoid']
[]
[16, 3, 'Sigmoid', 64, 3, 'Sigmoid', 4, 5, 'Sigmoid', 32, 3, 'Sigmoid', 8, 7, 'Tanh']
[32, 3, 'Sigmoid']
[8, 3, 'Sigmoid', 2, 3, 'Sigmoid', 4, 3, 'Sigmoid', 4, 7, 'Sigmoid', 2, 3, 'Sigmoid']
[]
[16, 3, 'Sigmoid', 16, 7, 'Sigmoid']
[]
[32, 5, 'ReLU']
[2, 5, 'Sigmoid', 32, 3, 'Tanh']
[]
[32, 7, 'Sigmoid', 2, 3, 'Sigmoid', 2, 7, 'Sigmoid', 2, 3, 'Sigmoid']
[16, 3, 'Sigmoid']
[64, 3, 'Sigmoid', 16, 3, 'Sigmoid', 4, 3, 'Sigmoid', 4, 3, 'Tanh', 4, 3, 'Sigmoid', 8, 5, 'Tanh', 2, 3, 'Sigmoid', 4, 3, 'Sigmoid']
[2, 3, 'Sigmoid', 4, 5, 'Sigmoid', 4, 3, 'Sigmoid', 2, 3, 'Sigmoid']
[32, 3, 'Sigmoid', 4, 5, 'Sigmoid']
[4, 3, 'Tanh', 4, 3, 'Sigmoid']
[]
540/1800
Arch []
acc tensor(0.7200)
loss tensor(1.0276, device='cuda:0', grad_fn=<NegBackward>)
baseline tensor(0.7441)

[64, 5, 'Sigmoid']
[]
[16, 3, 'Sigmoid', 2, 3, 'Sigmoid', 4, 3, 'Sigmoid']
[16, 5, 'Sigmoid', 4, 5, 'Sigmoid']
[]
[]
[]
[]
[16, 7, 'Sigmoid', 4, 3, 'Sigmoid', 8, 3, 'Sigmoid']
[16, 7, 'Sigmoid', 8, 5, 'ReLU']
[2, 3, 'Sigmoid', 2, 3, 'Sigmoid']
[]
[32, 3, 'Sigmoid', 2, 3, 'Tanh', 4, 7, 'Sigmoid', 8, 3, 'Sigmoid', 2, 5, 'Tanh', 2, 3, 'Sigmoid', 8, 7, 'Sigmoid', 2, 3, 'Sigmoid']
[]
[16, 3, 'Sigmoid']
[2, 5, 'ReLU', 64, 3, 'Sigmoid', 64, 7, 'Tanh', 16, 3, 'Sigmoid']
[]
[]
[64, 3, 'Sigmoid', 16, 3, 'Sigmoid', 4, 3, 'Sigmoid', 8, 7, 'ReLU', 2, 7, 'Sigmoid']
[16, 3, 'Sigmoid', 64, 3, 'Sigmoid']
[16, 3, 'Tanh', 2, 7, 'Sigmoid', 4, 5, 'Sigmoid', 16, 3, 'Sigmoid', 4, 3, 'Sigmoid', 32, 3, 'Sigmoid', 4, 3, 'Sigmoid', 2, 3, 'Sigmoid']
[]
[]
[2, 3, 'Sigmoid', 2, 3, 'Sigmoid', 4, 5, 'Sigmoid', 4, 3, 'Sigmoid', 4, 3, 'Sigmoid', 8, 7, 'Sigmoid', 16, 3, 'ReLU', 8, 3, 'Tanh']
[2, 3, 'Sigmoid', 8, 3, 'Sigmoid', 4, 7, 'Sigmoid', 4, 3, 'Tanh']
[8, 3, 'Sigmoid', 8, 3, 'Sigmoid']
[16, 3, 'Tanh', 4, 3, 'Sigmoid', 32, 3, 'Sigmoid', 64, 3, 'Sigmoid', 4, 3, 'Sigmoid']
[2, 7, 'Sigmoid', 4, 3, 'Sigmoid', 2, 3, 'Sigmoid', 4, 7, 'Sigmoid', 32, 3, 'Sigmoid', 8, 3, 'Sigmoid', 32, 3, 'Sigmoid', 2, 3, 'Sigmoid']
[4, 5, 'Sigmoid', 2, 5, 'Sigmoid']
[16, 3, 'Sigmoid']
[32, 3, 'Sigmoid', 2, 3, 'Tanh', 4, 3, 'Sigmoid', 4, 5, 'Sigmoid', 4, 5, 'Sigmoid', 4, 3, 'Sigmoid', 4, 3, 'Sigmoid']
[16, 3, 'Tanh']
[]
[2, 3, 'Sigmoid', 16, 3, 'Sigmoid', 32, 3, 'Sigmoid', 8, 3, 'Sigmoid', 2, 3, 'Sigmoid', 32, 7, 'Sigmoid', 2, 3, 'Sigmoid']
[8, 3, 'Sigmoid', 8, 3, 'ReLU']
[]
[4, 3, 'Sigmoid', 4, 3, 'Tanh', 4, 3, 'Sigmoid', 2, 3, 'ReLU']
[8, 3, 'Tanh', 2, 3, 'Sigmoid', 32, 3, 'Sigmoid', 16, 3, 'Sigmoid', 4, 3, 'Sigmoid', 4, 3, 'Sigmoid', 4, 3, 'Sigmoid']
[]
[32, 3, 'Sigmoid']
[2, 3, 'Sigmoid', 32, 3, 'Sigmoid']
[4, 7, 'Sigmoid', 2, 5, 'Sigmoid', 4, 7, 'Sigmoid', 32, 3, 'Tanh', 4, 3, 'Sigmoid', 8, 3, 'Sigmoid', 32, 3, 'ReLU', 4, 3, 'Sigmoid']
[16, 3, 'Tanh', 4, 3, 'Sigmoid', 8, 3, 'Sigmoid']
[]
[64, 3, 'Tanh', 32, 3, 'Sigmoid', 2, 3, 'Sigmoid']
[8, 3, 'Sigmoid']
[64, 3, 'Sigmoid', 8, 5, 'Sigmoid', 2, 7, 'Sigmoid', 16, 3, 'Tanh']
[2, 3, 'Sigmoid', 4, 3, 'Tanh']
[2, 5, 'Sigmoid', 16, 3, 'Tanh']
[2, 3, 'Sigmoid', 4, 3, 'Sigmoid', 16, 3, 'Sigmoid', 4, 7, 'Tanh', 8, 3, 'Tanh', 8, 3, 'Sigmoid']
[]
[64, 3, 'Sigmoid']
[2, 5, 'Sigmoid', 32, 3, 'Sigmoid', 32, 3, 'Sigmoid', 16, 3, 'Sigmoid', 16, 3, 'Sigmoid']
[]
[32, 3, 'Sigmoid', 2, 3, 'Sigmoid', 2, 3, 'Sigmoid', 32, 3, 'Sigmoid', 8, 5, 'Sigmoid', 8, 3, 'Sigmoid', 16, 7, 'Sigmoid', 2, 3, 'Sigmoid']
[2, 3, 'Sigmoid', 64, 3, 'Sigmoid', 64, 3, 'Sigmoid', 2, 3, 'Sigmoid', 2, 3, 'Sigmoid']
[2, 3, 'Sigmoid', 4, 3, 'Tanh', 4, 7, 'Sigmoid']
[32, 3, 'Tanh', 16, 3, 'Sigmoid', 64, 3, 'Sigmoid', 4, 3, 'Sigmoid']
[2, 3, 'Sigmoid']
[4, 3, 'Sigmoid', 2, 3, 'Sigmoid', 4, 3, 'Sigmoid', 16, 3, 'Sigmoid', 2, 7, 'Sigmoid', 32, 3, 'Sigmoid', 8, 3, 'Sigmoid', 2, 5, 'Sigmoid']
[32, 3, 'Sigmoid']
[16, 3, 'Sigmoid']
[16, 3, 'Sigmoid']
[16, 3, 'Sigmoid']
[2, 3, 'ReLU', 8, 3, 'Tanh']
[]
[4, 3, 'Sigmoid']
[2, 3, 'Sigmoid', 2, 3, 'Sigmoid', 64, 3, 'Sigmoid', 32, 3, 'Sigmoid', 16, 3, 'Sigmoid', 8, 3, 'Sigmoid']
[]
[2, 3, 'Sigmoid', 4, 3, 'Sigmoid']
[2, 3, 'Sigmoid', 4, 3, 'ReLU']
[2, 3, 'Tanh', 4, 3, 'Sigmoid', 4, 3, 'Sigmoid', 2, 3, 'Sigmoid', 8, 3, 'Sigmoid', 4, 3, 'Sigmoid', 16, 3, 'Sigmoid', 64, 3, 'Sigmoid']
[2, 3, 'Sigmoid', 4, 3, 'Sigmoid', 64, 3, 'ReLU', 4, 3, 'Sigmoid', 4, 3, 'Sigmoid', 64, 3, 'Sigmoid', 16, 3, 'Tanh', 16, 3, 'Tanh']
[16, 3, 'Sigmoid', 32, 3, 'Tanh', 8, 3, 'Sigmoid', 8, 3, 'ReLU', 4, 3, 'Sigmoid']
[]
[16, 3, 'Sigmoid', 4, 3, 'Sigmoid']
[32, 3, 'Sigmoid', 4, 3, 'Sigmoid', 64, 3, 'Sigmoid']
[2, 3, 'Sigmoid']
[8, 3, 'Tanh', 32, 3, 'Sigmoid', 32, 7, 'Tanh', 8, 3, 'Sigmoid', 64, 3, 'Sigmoid', 64, 3, 'Sigmoid', 2, 3, 'Sigmoid']
[2, 3, 'Sigmoid', 8, 7, 'Sigmoid', 64, 3, 'Sigmoid']
[2, 3, 'Sigmoid']
[2, 3, 'Sigmoid', 32, 3, 'Sigmoid', 64, 3, 'Tanh', 4, 3, 'Sigmoid']
[2, 3, 'Sigmoid']
[]
[16, 3, 'Sigmoid', 4, 3, 'Tanh']
[]
[2, 3, 'Tanh']
[4, 3, 'Sigmoid', 2, 3, 'Sigmoid']
[16, 3, 'Sigmoid']
[]
[2, 3, 'Sigmoid', 4, 3, 'Sigmoid', 4, 3, 'Sigmoid']
[16, 5, 'Sigmoid', 32, 7, 'Sigmoid', 4, 3, 'Sigmoid']
[8, 7, 'Tanh', 2, 3, 'Sigmoid', 8, 3, 'Sigmoid']
[]
[2, 3, 'Sigmoid', 64, 3, 'Sigmoid', 4, 3, 'Sigmoid', 2, 7, 'Sigmoid', 32, 3, 'Sigmoid', 16, 3, 'Sigmoid', 8, 3, 'Sigmoid']
[16, 3, 'Sigmoid']
[2, 3, 'Sigmoid']
[2, 3, 'Sigmoid', 8, 3, 'Sigmoid', 8, 3, 'Sigmoid']
[]
[32, 3, 'Tanh', 16, 3, 'Sigmoid', 2, 3, 'Sigmoid', 2, 3, 'Sigmoid']
[2, 3, 'Sigmoid']
[2, 3, 'ReLU']
[8, 3, 'Sigmoid', 8, 3, 'Sigmoid', 32, 3, 'Tanh']
[]
[4, 3, 'Sigmoid']
[64, 3, 'Sigmoid']
[]
[64, 3, 'Sigmoid', 2, 3, 'Sigmoid', 4, 3, 'Sigmoid', 64, 3, 'Sigmoid']
[8, 3, 'Sigmoid', 8, 3, 'Sigmoid']
[2, 3, 'Sigmoid', 16, 7, 'Tanh', 4, 3, 'Sigmoid', 16, 3, 'Sigmoid', 64, 3, 'Sigmoid', 16, 5, 'Sigmoid']
[32, 3, 'Sigmoid', 2, 3, 'Sigmoid', 4, 5, 'Sigmoid', 16, 3, 'Tanh']
[4, 3, 'Sigmoid']
[8, 3, 'Sigmoid', 4, 5, 'Sigmoid']
[2, 3, 'Sigmoid']
[64, 3, 'Tanh', 32, 3, 'Sigmoid', 32, 3, 'Sigmoid', 32, 3, 'ReLU', 8, 3, 'Sigmoid']
[16, 3, 'Sigmoid']
[8, 3, 'Sigmoid']
[16, 5, 'Tanh']
[2, 3, 'Sigmoid', 64, 7, 'Sigmoid']
[16, 3, 'Sigmoid', 4, 3, 'Sigmoid', 2, 3, 'Sigmoid', 4, 3, 'Sigmoid', 4, 3, 'Sigmoid', 2, 3, 'Sigmoid', 8, 7, 'Sigmoid', 64, 3, 'Sigmoid']
[2, 3, 'Sigmoid', 4, 3, 'Sigmoid', 32, 3, 'Sigmoid']
[8, 3, 'Tanh', 8, 7, 'Sigmoid', 16, 5, 'Sigmoid', 16, 3, 'Sigmoid']
[16, 3, 'Sigmoid', 8, 5, 'Sigmoid']
[4, 3, 'Sigmoid']
[16, 3, 'Sigmoid', 8, 3, 'Tanh']
[]
[32, 3, 'Sigmoid', 16, 3, 'Sigmoid', 32, 3, 'Sigmoid', 4, 3, 'Sigmoid', 32, 3, 'Sigmoid']
[32, 3, 'Sigmoid', 32, 3, 'Sigmoid', 4, 3, 'Sigmoid', 16, 3, 'Sigmoid', 8, 3, 'Sigmoid', 4, 3, 'Sigmoid', 16, 3, 'Sigmoid']
[2, 3, 'Sigmoid']
[2, 3, 'Sigmoid', 2, 3, 'Sigmoid']
[]
[32, 3, 'Sigmoid', 4, 3, 'Sigmoid', 8, 3, 'Sigmoid']
[4, 3, 'Sigmoid', 2, 3, 'Tanh', 16, 3, 'Sigmoid', 2, 3, 'Tanh', 2, 3, 'Tanh', 32, 3, 'Sigmoid', 32, 3, 'ReLU', 32, 3, 'Sigmoid']
[8, 3, 'Sigmoid', 32, 3, 'Tanh', 16, 3, 'Sigmoid', 8, 3, 'Sigmoid', 64, 3, 'Tanh', 4, 3, 'Sigmoid', 2, 3, 'Sigmoid']
[2, 3, 'Sigmoid', 2, 3, 'Sigmoid', 16, 3, 'Sigmoid', 8, 3, 'Sigmoid', 8, 3, 'Sigmoid', 4, 3, 'ReLU', 4, 3, 'Sigmoid', 32, 3, 'Sigmoid']
[2, 3, 'Tanh']
[2, 3, 'Sigmoid', 64, 3, 'Sigmoid']
[8, 3, 'Sigmoid', 2, 3, 'Sigmoid', 2, 3, 'Sigmoid']
[]
[16, 3, 'Tanh', 32, 3, 'Tanh', 16, 3, 'Sigmoid', 32, 3, 'Sigmoid']
[8, 3, 'Sigmoid', 4, 5, 'Sigmoid']
[32, 3, 'Sigmoid']
[16, 3, 'Tanh', 8, 3, 'Tanh', 8, 3, 'Sigmoid', 8, 3, 'Sigmoid']
[4, 5, 'Sigmoid', 8, 3, 'Sigmoid', 8, 3, 'Sigmoid']
[2, 3, 'Sigmoid', 4, 3, 'Sigmoid']
[32, 3, 'Sigmoid', 16, 3, 'Sigmoid']
[]
[2, 3, 'Sigmoid', 32, 5, 'Sigmoid']
[2, 3, 'Sigmoid', 32, 3, 'Sigmoid', 8, 5, 'Sigmoid']
[4, 5, 'Tanh', 32, 3, 'Sigmoid', 2, 3, 'Sigmoid', 8, 3, 'Sigmoid', 32, 3, 'Tanh', 8, 3, 'ReLU']
[4, 3, 'Sigmoid', 4, 3, 'Sigmoid']
[16, 3, 'Sigmoid', 4, 3, 'Sigmoid', 8, 3, 'Sigmoid', 4, 3, 'Sigmoid', 4, 3, 'Sigmoid']
[2, 3, 'Sigmoid', 32, 3, 'Sigmoid', 32, 7, 'Sigmoid']
[2, 3, 'Sigmoid', 8, 7, 'Tanh', 2, 3, 'Sigmoid', 2, 3, 'Sigmoid']
[]
[4, 3, 'Sigmoid']
[]
[2, 3, 'Sigmoid']
[]
[4, 3, 'Sigmoid']
[]
[8, 3, 'Sigmoid']
[32, 3, 'Sigmoid', 64, 3, 'Tanh', 2, 3, 'Sigmoid', 8, 3, 'Sigmoid', 4, 3, 'Sigmoid', 16, 3, 'Sigmoid', 4, 7, 'Sigmoid', 4, 3, 'Sigmoid']
[8, 3, 'Sigmoid', 8, 3, 'Sigmoid']
[8, 3, 'Sigmoid', 32, 7, 'Sigmoid', 16, 3, 'Sigmoid', 16, 3, 'Tanh', 8, 7, 'Sigmoid', 64, 3, 'Tanh', 4, 5, 'Sigmoid', 8, 3, 'Sigmoid']
[64, 3, 'Tanh']
[2, 3, 'Sigmoid']
[16, 3, 'Sigmoid', 4, 5, 'Sigmoid']
[2, 3, 'Sigmoid']
[2, 3, 'Tanh', 2, 3, 'Sigmoid', 64, 3, 'ReLU']
[2, 3, 'Sigmoid', 8, 3, 'Sigmoid']
[2, 3, 'Sigmoid']
[2, 3, 'Sigmoid', 4, 3, 'Sigmoid']
[8, 3, 'Sigmoid']
[16, 3, 'Tanh', 32, 3, 'Sigmoid', 4, 7, 'Sigmoid', 32, 3, 'Sigmoid']
[8, 7, 'Sigmoid', 32, 3, 'Sigmoid']
[8, 3, 'Sigmoid', 16, 3, 'Sigmoid', 2, 3, 'Sigmoid', 32, 3, 'Sigmoid', 64, 3, 'Sigmoid', 2, 3, 'Sigmoid']
[4, 3, 'Sigmoid']
[]
[2, 3, 'Tanh', 4, 3, 'Sigmoid', 8, 3, 'Sigmoid', 4, 3, 'Sigmoid', 32, 3, 'Sigmoid', 64, 7, 'Sigmoid', 32, 3, 'Sigmoid']
720/1800
Arch [2, 3, 'Tanh', 4, 3, 'Sigmoid', 8, 3, 'Sigmoid', 4, 3, 'Sigmoid', 32, 3, 'Sigmoid', 64, 7, 'Sigmoid', 32, 3, 'Sigmoid']
acc tensor(0.8667)
loss tensor(0.6373, device='cuda:0', grad_fn=<NegBackward>)
baseline tensor(0.7090)

[32, 3, 'Sigmoid', 4, 3, 'Sigmoid']
[]
[]
[2, 3, 'Sigmoid', 8, 3, 'Sigmoid', 8, 3, 'Tanh', 16, 3, 'Sigmoid']
[2, 7, 'Tanh', 32, 3, 'Tanh', 8, 3, 'Sigmoid', 64, 5, 'Sigmoid', 32, 3, 'Tanh', 64, 3, 'Sigmoid']
[]
[4, 3, 'Sigmoid', 8, 7, 'Sigmoid', 32, 3, 'Sigmoid']
[]
[]
[2, 3, 'Tanh']
[2, 7, 'Sigmoid']
[8, 3, 'Sigmoid']
[2, 3, 'Sigmoid', 2, 3, 'Sigmoid']
[64, 3, 'Sigmoid', 16, 7, 'Tanh', 4, 3, 'Tanh']
[]
[2, 3, 'Sigmoid', 8, 7, 'Sigmoid', 4, 3, 'ReLU', 16, 3, 'Sigmoid', 2, 3, 'Sigmoid', 32, 5, 'Sigmoid']
[4, 3, 'Sigmoid']
[2, 3, 'Tanh', 4, 3, 'Sigmoid']
[8, 3, 'Sigmoid']
[2, 3, 'Sigmoid', 4, 3, 'Sigmoid', 2, 3, 'Sigmoid', 64, 3, 'Sigmoid']
[16, 3, 'Sigmoid']
[16, 3, 'Sigmoid', 2, 3, 'Sigmoid', 8, 7, 'Sigmoid', 4, 3, 'Sigmoid']
[16, 5, 'Sigmoid', 2, 3, 'Sigmoid', 32, 3, 'Tanh', 2, 3, 'Sigmoid', 16, 5, 'Sigmoid', 4, 5, 'Sigmoid', 4, 7, 'Sigmoid']
[]
[4, 3, 'Sigmoid', 2, 3, 'Tanh', 4, 3, 'Tanh', 4, 7, 'Sigmoid', 8, 3, 'Sigmoid']
[2, 3, 'Sigmoid', 4, 7, 'Sigmoid', 16, 5, 'Sigmoid', 4, 3, 'Sigmoid', 4, 3, 'Tanh', 32, 3, 'Sigmoid', 4, 3, 'Sigmoid']
[8, 3, 'ReLU']
[2, 3, 'Sigmoid', 2, 3, 'Tanh']
[2, 3, 'Tanh', 8, 3, 'Tanh']
[]
[32, 3, 'Sigmoid']
[]
[4, 3, 'Sigmoid']
[2, 3, 'Sigmoid', 2, 3, 'Sigmoid', 8, 3, 'Sigmoid', 4, 3, 'Sigmoid']
[4, 3, 'Sigmoid', 8, 3, 'Sigmoid', 4, 3, 'Sigmoid', 16, 3, 'Sigmoid', 64, 3, 'Sigmoid', 32, 3, 'Sigmoid', 4, 7, 'Sigmoid', 8, 3, 'Sigmoid']
[2, 3, 'Sigmoid']
[16, 3, 'Sigmoid', 4, 3, 'Sigmoid']
[2, 3, 'Sigmoid']
[]
[2, 3, 'ReLU', 8, 3, 'Sigmoid', 2, 3, 'Sigmoid', 64, 3, 'Sigmoid']
[4, 3, 'Sigmoid', 4, 3, 'Sigmoid', 8, 5, 'Sigmoid', 8, 7, 'Sigmoid', 32, 3, 'Tanh']
[8, 3, 'Sigmoid', 4, 3, 'Sigmoid']
[]
[4, 3, 'Sigmoid', 2, 3, 'Tanh']
[]
[16, 3, 'Sigmoid', 8, 3, 'Sigmoid', 4, 3, 'Sigmoid', 4, 3, 'Sigmoid', 4, 7, 'Tanh']
[]
[2, 3, 'Sigmoid', 4, 5, 'Sigmoid', 8, 3, 'Sigmoid', 16, 3, 'Sigmoid']
[2, 3, 'Sigmoid', 8, 3, 'Sigmoid', 32, 3, 'Sigmoid']
[2, 3, 'Sigmoid']
[2, 3, 'Sigmoid']
[]
[16, 3, 'Sigmoid', 16, 3, 'Sigmoid']
[2, 3, 'Tanh', 64, 3, 'Sigmoid', 32, 5, 'Tanh']
[2, 3, 'Sigmoid', 16, 5, 'Sigmoid', 4, 3, 'Sigmoid', 4, 3, 'Sigmoid', 32, 5, 'Sigmoid', 8, 3, 'Sigmoid', 8, 3, 'Sigmoid']
[]
[16, 3, 'Sigmoid']
[16, 3, 'Sigmoid', 64, 3, 'ReLU', 8, 3, 'Sigmoid', 64, 3, 'Sigmoid', 64, 3, 'Sigmoid']
[4, 3, 'Sigmoid', 16, 3, 'Sigmoid']
[2, 3, 'Sigmoid']
[16, 3, 'Sigmoid', 16, 3, 'Sigmoid', 2, 3, 'Sigmoid', 32, 3, 'Sigmoid']
[2, 3, 'Sigmoid']
[]
[]
[16, 3, 'Sigmoid']
[2, 3, 'Tanh']
[32, 3, 'Sigmoid', 32, 5, 'Tanh']
[]
[8, 3, 'Sigmoid']
[4, 3, 'Sigmoid']
[32, 5, 'Tanh']
[8, 3, 'Sigmoid']
[2, 3, 'Sigmoid', 2, 3, 'Sigmoid']
[32, 3, 'Sigmoid', 8, 3, 'Tanh', 2, 3, 'Tanh']
[8, 3, 'Sigmoid', 8, 3, 'Sigmoid', 16, 3, 'Sigmoid']
[16, 3, 'Sigmoid']
[]
[8, 3, 'Sigmoid']
[2, 3, 'Sigmoid', 8, 3, 'Sigmoid', 8, 3, 'Sigmoid']
[4, 3, 'Sigmoid', 2, 3, 'Sigmoid', 16, 3, 'Sigmoid', 4, 3, 'Sigmoid']
[16, 3, 'Tanh', 4, 3, 'Sigmoid']
[8, 3, 'Sigmoid']
[64, 3, 'ReLU']
[2, 3, 'Tanh', 8, 3, 'Sigmoid', 2, 3, 'ReLU', 4, 3, 'Sigmoid']
[8, 3, 'Sigmoid', 32, 3, 'ReLU']
[]
[2, 3, 'Sigmoid']
[4, 5, 'Sigmoid', 16, 3, 'Sigmoid']
[]
[16, 3, 'Sigmoid']
[2, 3, 'Sigmoid', 4, 3, 'Sigmoid']
[16, 7, 'Sigmoid']
[4, 3, 'Sigmoid', 16, 3, 'Sigmoid', 32, 3, 'Sigmoid']
[]
[]
[]
[64, 3, 'Sigmoid']
[]
[4, 3, 'Sigmoid', 16, 3, 'Sigmoid']
[8, 3, 'Sigmoid', 2, 5, 'Sigmoid']
[32, 3, 'Sigmoid', 32, 3, 'Sigmoid']
[4, 3, 'Sigmoid', 8, 3, 'Tanh']
[4, 3, 'Sigmoid']
[16, 3, 'Sigmoid']
[16, 3, 'Sigmoid']
[16, 3, 'Sigmoid', 2, 3, 'Sigmoid']
[16, 3, 'Sigmoid', 32, 3, 'Sigmoid', 4, 3, 'Sigmoid', 8, 7, 'Sigmoid', 64, 7, 'Sigmoid']
[2, 3, 'Sigmoid']
[2, 3, 'Sigmoid']
[4, 3, 'Sigmoid', 2, 3, 'Sigmoid', 4, 3, 'Sigmoid', 4, 3, 'Sigmoid']
[2, 3, 'Sigmoid', 64, 3, 'Sigmoid', 8, 3, 'Sigmoid', 64, 3, 'Sigmoid', 4, 3, 'Sigmoid', 4, 3, 'Sigmoid', 32, 3, 'Sigmoid', 8, 3, 'Sigmoid']
[32, 3, 'Sigmoid', 8, 3, 'Sigmoid', 16, 3, 'Sigmoid', 4, 3, 'Sigmoid', 32, 3, 'Sigmoid']
[]
[2, 3, 'Sigmoid']
[4, 3, 'Sigmoid']
[2, 3, 'Sigmoid']
[2, 3, 'Sigmoid']
[32, 5, 'Sigmoid']
[]
[4, 3, 'Sigmoid', 32, 3, 'Sigmoid', 32, 3, 'Sigmoid', 32, 3, 'Sigmoid', 16, 7, 'Sigmoid', 2, 3, 'Sigmoid', 16, 3, 'Sigmoid', 16, 7, 'Sigmoid']
[4, 3, 'Sigmoid', 2, 3, 'Sigmoid', 32, 3, 'Sigmoid', 4, 3, 'Sigmoid', 32, 3, 'Tanh', 4, 3, 'Sigmoid', 32, 3, 'Sigmoid']
[16, 3, 'Sigmoid', 8, 3, 'Sigmoid']
[2, 3, 'Sigmoid']
[2, 3, 'Tanh', 4, 3, 'Sigmoid', 8, 3, 'Tanh', 8, 3, 'Sigmoid', 2, 3, 'Tanh', 4, 3, 'Sigmoid', 16, 3, 'Sigmoid', 4, 3, 'Sigmoid']
[2, 3, 'Sigmoid']
[4, 3, 'Sigmoid', 8, 3, 'Sigmoid']
[8, 3, 'Sigmoid', 2, 7, 'Sigmoid', 8, 3, 'Sigmoid', 16, 3, 'Tanh']
[8, 3, 'Sigmoid', 2, 3, 'Sigmoid']
[2, 3, 'Sigmoid', 4, 3, 'Sigmoid']
[2, 3, 'Sigmoid']
[32, 3, 'Sigmoid', 16, 3, 'Sigmoid', 4, 3, 'Sigmoid']
[2, 3, 'Tanh', 32, 3, 'Sigmoid', 64, 3, 'Sigmoid', 32, 3, 'Tanh', 8, 3, 'Sigmoid']
[2, 7, 'Sigmoid', 8, 3, 'Sigmoid', 64, 3, 'Sigmoid', 16, 3, 'Tanh', 16, 3, 'Sigmoid', 4, 5, 'Sigmoid', 4, 3, 'Sigmoid', 8, 3, 'ReLU']
[16, 7, 'Sigmoid', 4, 3, 'Sigmoid', 32, 3, 'Sigmoid']
[4, 3, 'Sigmoid', 4, 3, 'Sigmoid', 16, 3, 'Sigmoid', 64, 3, 'Sigmoid', 16, 3, 'Sigmoid']
[4, 3, 'Sigmoid', 16, 7, 'ReLU', 4, 3, 'Tanh', 8, 5, 'Sigmoid']
[2, 3, 'Tanh', 2, 3, 'Sigmoid', 4, 3, 'Sigmoid', 4, 3, 'Sigmoid', 16, 3, 'Sigmoid', 4, 3, 'Sigmoid', 8, 3, 'Sigmoid', 2, 3, 'Sigmoid']
[16, 3, 'Sigmoid', 8, 3, 'Tanh', 4, 3, 'Sigmoid', 8, 3, 'Sigmoid']
[]
[16, 7, 'Sigmoid']
[2, 3, 'Tanh', 32, 3, 'Sigmoid', 32, 3, 'Sigmoid', 4, 3, 'Sigmoid', 64, 7, 'Sigmoid', 2, 3, 'Sigmoid', 4, 3, 'Sigmoid']
[64, 3, 'Sigmoid', 64, 3, 'Sigmoid']
[4, 3, 'Tanh']
[]
[8, 3, 'Sigmoid', 8, 5, 'Sigmoid']
[4, 3, 'Sigmoid', 16, 3, 'Sigmoid']
[]
[8, 3, 'Sigmoid', 16, 3, 'Sigmoid', 2, 3, 'Sigmoid', 64, 3, 'Sigmoid', 4, 3, 'Sigmoid']
[2, 3, 'Sigmoid']
[2, 3, 'Sigmoid', 32, 3, 'Sigmoid', 8, 3, 'Sigmoid', 4, 3, 'Sigmoid', 32, 7, 'Sigmoid', 4, 7, 'Sigmoid', 16, 3, 'Sigmoid']
[]
[]
[4, 7, 'Sigmoid', 2, 7, 'Sigmoid', 2, 3, 'Sigmoid', 32, 3, 'Tanh']
[2, 3, 'Sigmoid']
[2, 7, 'Sigmoid']
[2, 3, 'ReLU', 16, 3, 'Sigmoid']
[16, 3, 'ReLU']
[2, 3, 'Tanh', 8, 3, 'Sigmoid']
[2, 3, 'Sigmoid', 16, 3, 'Sigmoid', 2, 3, 'Sigmoid', 2, 5, 'Sigmoid']
[2, 3, 'Sigmoid']
[8, 3, 'Sigmoid', 8, 3, 'Sigmoid']
[2, 3, 'Sigmoid']
[4, 7, 'Sigmoid', 4, 3, 'Sigmoid']
[2, 3, 'Sigmoid', 64, 3, 'Tanh', 4, 3, 'Sigmoid', 64, 3, 'Sigmoid']
[2, 3, 'Sigmoid']
[2, 3, 'Sigmoid', 2, 3, 'Sigmoid', 32, 3, 'ReLU']
[]
[16, 3, 'Sigmoid']
[16, 3, 'Sigmoid', 8, 3, 'Sigmoid', 8, 7, 'Sigmoid', 16, 3, 'Sigmoid', 8, 3, 'Sigmoid']
[2, 3, 'Sigmoid', 2, 3, 'Sigmoid', 2, 3, 'Sigmoid', 64, 3, 'Sigmoid', 2, 3, 'Sigmoid', 32, 5, 'Sigmoid', 4, 3, 'Sigmoid', 4, 7, 'Sigmoid']
[2, 3, 'Sigmoid', 8, 3, 'Sigmoid']
[4, 3, 'Sigmoid']
[2, 3, 'Sigmoid', 2, 5, 'Sigmoid', 4, 3, 'Sigmoid', 64, 3, 'Sigmoid', 8, 3, 'Sigmoid', 8, 3, 'Sigmoid', 32, 3, 'Tanh']
[2, 3, 'Sigmoid']
[2, 3, 'Sigmoid', 64, 3, 'Sigmoid']
[32, 3, 'Sigmoid', 8, 3, 'Sigmoid', 8, 3, 'Sigmoid', 2, 3, 'Sigmoid', 2, 3, 'Tanh', 16, 3, 'Sigmoid', 8, 3, 'Sigmoid']
[2, 3, 'Sigmoid', 8, 7, 'Tanh', 64, 3, 'Sigmoid']
[32, 3, 'Sigmoid', 2, 3, 'Sigmoid', 2, 3, 'Tanh']
[16, 3, 'Tanh']
[8, 3, 'Sigmoid', 4, 3, 'Sigmoid']
900/1800
Arch [8, 3, 'Sigmoid', 4, 3, 'Sigmoid']
acc tensor(0.8267)
loss tensor(0.4267, device='cuda:0', grad_fn=<NegBackward>)
baseline tensor(0.8183)

[16, 3, 'Sigmoid', 4, 3, 'Tanh', 4, 3, 'Sigmoid']
[8, 3, 'Sigmoid', 32, 3, 'Sigmoid']
[2, 3, 'Sigmoid']
[8, 7, 'Sigmoid', 2, 7, 'Sigmoid', 4, 3, 'Sigmoid', 2, 3, 'Sigmoid', 16, 3, 'Sigmoid']
[2, 3, 'Sigmoid', 8, 3, 'Sigmoid']
[4, 3, 'Sigmoid']
[32, 3, 'Sigmoid', 32, 3, 'Sigmoid', 8, 3, 'Sigmoid', 2, 3, 'Sigmoid', 8, 3, 'Sigmoid', 16, 3, 'Sigmoid', 8, 7, 'Sigmoid']
[2, 3, 'Sigmoid', 2, 3, 'Sigmoid', 16, 3, 'Sigmoid', 64, 3, 'Sigmoid', 8, 7, 'Sigmoid', 4, 3, 'Sigmoid', 16, 3, 'Tanh']
[16, 3, 'Sigmoid']
[2, 3, 'Sigmoid']
[]
[32, 3, 'Sigmoid', 32, 3, 'ReLU', 64, 3, 'Sigmoid', 64, 3, 'Sigmoid', 2, 7, 'Sigmoid', 4, 3, 'Sigmoid']
[2, 3, 'Sigmoid']
[16, 3, 'Sigmoid', 16, 3, 'Sigmoid']
[2, 5, 'Sigmoid', 8, 3, 'Sigmoid', 2, 7, 'Sigmoid']
[4, 3, 'Sigmoid', 16, 3, 'Sigmoid', 64, 3, 'Sigmoid', 8, 3, 'Sigmoid', 64, 3, 'Sigmoid', 4, 3, 'Sigmoid']
[]
[2, 3, 'Sigmoid', 64, 3, 'Sigmoid']
[]
[16, 3, 'Sigmoid']
[2, 3, 'Tanh', 16, 3, 'Sigmoid']
[2, 3, 'Sigmoid']
[32, 3, 'Sigmoid']
[16, 3, 'Sigmoid', 4, 3, 'Sigmoid', 2, 3, 'Sigmoid', 32, 3, 'Sigmoid', 64, 3, 'Sigmoid', 16, 7, 'Sigmoid', 16, 3, 'Sigmoid', 8, 3, 'Sigmoid']
[16, 3, 'Sigmoid', 4, 5, 'Sigmoid', 8, 3, 'Sigmoid', 4, 3, 'Sigmoid', 2, 3, 'Sigmoid', 4, 7, 'Sigmoid']
[2, 3, 'Sigmoid', 8, 5, 'Sigmoid']
[2, 3, 'Tanh', 8, 3, 'Sigmoid', 4, 5, 'Sigmoid']
[16, 3, 'Tanh']
[16, 3, 'Sigmoid', 8, 3, 'Sigmoid', 8, 3, 'Sigmoid', 16, 3, 'Tanh', 32, 3, 'Sigmoid', 8, 3, 'Sigmoid', 8, 5, 'Sigmoid', 4, 3, 'Sigmoid']
[8, 3, 'Sigmoid']
[2, 3, 'Sigmoid', 2, 3, 'Tanh', 2, 3, 'Sigmoid', 4, 3, 'Sigmoid', 32, 3, 'Sigmoid']
[]
[2, 3, 'Sigmoid', 2, 3, 'Sigmoid', 4, 3, 'Sigmoid', 8, 3, 'Sigmoid', 8, 3, 'Sigmoid']
[4, 3, 'Sigmoid', 4, 7, 'Sigmoid', 16, 7, 'Sigmoid', 8, 3, 'Sigmoid']
[32, 3, 'Sigmoid', 16, 3, 'Sigmoid']
[8, 3, 'Sigmoid']
[4, 3, 'Sigmoid', 8, 3, 'Sigmoid']
[16, 3, 'Sigmoid', 64, 3, 'Sigmoid', 2, 3, 'Sigmoid', 2, 3, 'Sigmoid']
[16, 3, 'Sigmoid', 8, 3, 'Sigmoid', 32, 3, 'Sigmoid', 4, 5, 'Sigmoid', 16, 3, 'Sigmoid']
[32, 3, 'Sigmoid']
[16, 7, 'Sigmoid', 4, 3, 'Sigmoid', 8, 5, 'Sigmoid', 2, 3, 'Sigmoid']
[2, 3, 'Sigmoid', 4, 7, 'Sigmoid', 2, 3, 'Sigmoid', 2, 5, 'Sigmoid', 64, 3, 'Sigmoid']
[2, 3, 'Sigmoid']
[4, 3, 'Tanh', 2, 7, 'ReLU']
[8, 3, 'Sigmoid', 4, 3, 'Sigmoid', 4, 7, 'Sigmoid']
[16, 3, 'Sigmoid']
[16, 3, 'Sigmoid', 32, 3, 'Sigmoid', 8, 3, 'Sigmoid', 32, 3, 'Sigmoid']
[]
[2, 3, 'Sigmoid', 8, 3, 'Sigmoid']
[2, 3, 'Sigmoid', 32, 3, 'Tanh', 2, 3, 'Sigmoid']
[16, 3, 'Sigmoid', 16, 3, 'Sigmoid', 4, 3, 'Sigmoid', 8, 3, 'Sigmoid', 4, 3, 'Sigmoid', 4, 3, 'Sigmoid', 2, 3, 'Sigmoid', 2, 7, 'Sigmoid']
[16, 3, 'Sigmoid']
[32, 3, 'Sigmoid', 16, 3, 'Tanh']
[32, 3, 'Sigmoid']
[16, 3, 'Sigmoid']
[4, 3, 'Sigmoid', 4, 3, 'Sigmoid', 8, 3, 'Sigmoid']
[16, 3, 'Sigmoid', 4, 3, 'Sigmoid', 2, 3, 'Sigmoid', 4, 3, 'Sigmoid', 2, 7, 'Sigmoid', 2, 3, 'Sigmoid', 4, 3, 'Sigmoid', 8, 3, 'Sigmoid']
[8, 3, 'Sigmoid', 4, 3, 'Tanh', 8, 3, 'Sigmoid', 2, 3, 'Sigmoid', 2, 3, 'Sigmoid', 64, 3, 'Sigmoid', 16, 3, 'Sigmoid', 4, 3, 'Sigmoid']
[16, 3, 'Sigmoid', 32, 3, 'Sigmoid', 32, 3, 'Sigmoid', 64, 3, 'Sigmoid']
[16, 3, 'Sigmoid']
[2, 3, 'Tanh', 2, 3, 'Sigmoid', 4, 7, 'Sigmoid']
[4, 3, 'Sigmoid', 16, 3, 'Sigmoid', 8, 3, 'Sigmoid', 32, 3, 'Sigmoid', 2, 5, 'Sigmoid', 4, 3, 'Sigmoid', 32, 3, 'Sigmoid']
[16, 3, 'Sigmoid', 64, 3, 'Sigmoid', 32, 3, 'Sigmoid', 64, 3, 'Sigmoid', 4, 3, 'Sigmoid', 16, 3, 'Sigmoid']
[2, 3, 'Sigmoid', 64, 7, 'ReLU', 16, 3, 'Tanh', 16, 3, 'Tanh', 8, 3, 'Sigmoid']
[2, 3, 'Sigmoid']
[2, 3, 'Sigmoid', 4, 3, 'Sigmoid', 2, 3, 'Tanh', 16, 3, 'Sigmoid']
[2, 3, 'Sigmoid', 16, 3, 'Sigmoid', 32, 3, 'Sigmoid', 32, 3, 'Tanh', 32, 7, 'Sigmoid', 4, 3, 'Sigmoid', 8, 3, 'Sigmoid', 16, 3, 'Sigmoid']
[16, 3, 'Sigmoid', 4, 3, 'Sigmoid', 2, 3, 'Sigmoid']
[32, 3, 'Sigmoid', 32, 3, 'Sigmoid', 8, 5, 'Sigmoid']
[2, 3, 'Sigmoid', 16, 3, 'Sigmoid', 16, 3, 'Sigmoid', 16, 3, 'Sigmoid', 8, 3, 'Sigmoid', 4, 7, 'Sigmoid', 16, 3, 'Tanh', 4, 3, 'Sigmoid']
[16, 3, 'Sigmoid', 8, 5, 'Sigmoid', 32, 3, 'Sigmoid', 32, 3, 'Sigmoid', 16, 3, 'Tanh']
[16, 3, 'Sigmoid']
[16, 3, 'Sigmoid', 4, 3, 'Sigmoid']
[2, 3, 'Tanh', 2, 3, 'Sigmoid', 4, 3, 'Sigmoid', 4, 3, 'Sigmoid', 16, 3, 'Sigmoid', 8, 5, 'Sigmoid', 4, 3, 'Sigmoid', 4, 7, 'Sigmoid']
[32, 3, 'Sigmoid', 8, 3, 'Sigmoid', 32, 3, 'Tanh', 2, 5, 'Sigmoid', 8, 3, 'Sigmoid']
[2, 3, 'Sigmoid']
[8, 3, 'Sigmoid']
[2, 3, 'Sigmoid', 4, 3, 'Sigmoid', 8, 7, 'Tanh', 32, 3, 'Tanh', 16, 3, 'Sigmoid', 64, 3, 'Sigmoid', 4, 3, 'Sigmoid']
[2, 3, 'Sigmoid', 8, 3, 'Sigmoid', 2, 3, 'Tanh', 16, 3, 'Sigmoid', 16, 3, 'Tanh', 4, 3, 'ReLU', 8, 3, 'Sigmoid', 8, 3, 'ReLU']
[]
[32, 3, 'Sigmoid', 16, 3, 'Sigmoid', 32, 3, 'Sigmoid', 32, 5, 'Sigmoid', 16, 3, 'Sigmoid', 4, 3, 'Sigmoid', 64, 3, 'Sigmoid', 8, 3, 'Sigmoid']
[32, 3, 'Sigmoid']
[2, 3, 'Sigmoid']
[2, 3, 'Sigmoid', 8, 3, 'Sigmoid', 8, 3, 'Tanh', 16, 3, 'Sigmoid', 2, 7, 'Sigmoid', 8, 3, 'Sigmoid', 16, 3, 'Sigmoid', 4, 3, 'Sigmoid']
[2, 3, 'Sigmoid']
[16, 3, 'Sigmoid']
[]
[32, 3, 'Sigmoid', 16, 3, 'Sigmoid', 64, 3, 'Sigmoid', 4, 3, 'Sigmoid', 32, 3, 'Sigmoid']
[2, 7, 'Sigmoid', 4, 7, 'Sigmoid', 16, 5, 'Sigmoid', 8, 3, 'ReLU']
[2, 3, 'Sigmoid', 2, 3, 'Sigmoid']
[2, 3, 'Sigmoid']
[32, 3, 'Sigmoid', 4, 3, 'Sigmoid', 8, 5, 'Sigmoid']
[16, 3, 'Tanh']
[4, 3, 'Sigmoid', 8, 3, 'Sigmoid', 16, 7, 'Sigmoid']
[32, 5, 'Sigmoid', 8, 3, 'Sigmoid']
[2, 5, 'Sigmoid']
[2, 3, 'Sigmoid', 8, 3, 'Tanh', 4, 3, 'Sigmoid', 8, 3, 'Sigmoid', 8, 5, 'Sigmoid', 2, 3, 'Sigmoid', 2, 3, 'Sigmoid']
[2, 3, 'Sigmoid']
[8, 3, 'Sigmoid', 32, 3, 'Sigmoid']
[64, 3, 'Sigmoid']
[32, 3, 'Sigmoid', 32, 3, 'Tanh', 8, 3, 'Sigmoid']
[2, 3, 'Sigmoid', 4, 3, 'Tanh', 4, 5, 'Sigmoid', 32, 3, 'Sigmoid', 32, 3, 'Sigmoid']
[2, 3, 'Sigmoid', 8, 7, 'Sigmoid', 16, 3, 'Sigmoid']
[2, 3, 'Sigmoid', 8, 3, 'Tanh']
[2, 3, 'Sigmoid', 64, 7, 'Tanh', 4, 3, 'Sigmoid', 16, 7, 'Sigmoid', 4, 3, 'Sigmoid', 32, 3, 'Sigmoid']
[32, 3, 'Sigmoid', 32, 3, 'Tanh']
[16, 3, 'Sigmoid', 4, 5, 'Sigmoid', 32, 3, 'Sigmoid', 4, 5, 'Sigmoid']
[]
[2, 3, 'Sigmoid']
[2, 3, 'Sigmoid']
[32, 3, 'Tanh', 4, 3, 'Tanh']
[16, 3, 'Sigmoid', 8, 3, 'Sigmoid', 4, 7, 'Sigmoid', 8, 3, 'Sigmoid']
[32, 3, 'Sigmoid']
[2, 3, 'Sigmoid']
[16, 3, 'Sigmoid', 4, 3, 'Sigmoid', 16, 3, 'Sigmoid']
[16, 3, 'Sigmoid']
[16, 3, 'Sigmoid', 4, 5, 'Sigmoid', 4, 3, 'Sigmoid']
[16, 3, 'Sigmoid', 32, 3, 'Sigmoid']
[32, 3, 'Sigmoid', 16, 5, 'Sigmoid', 16, 3, 'Sigmoid', 16, 3, 'Tanh', 4, 3, 'Sigmoid', 4, 3, 'Sigmoid', 16, 5, 'Sigmoid']
[2, 3, 'Sigmoid']
[32, 3, 'Sigmoid']
[2, 3, 'Sigmoid', 32, 3, 'Tanh', 64, 3, 'Sigmoid', 4, 3, 'Sigmoid']
[4, 3, 'Sigmoid', 8, 3, 'Sigmoid', 2, 3, 'Sigmoid']
[16, 7, 'Sigmoid', 16, 3, 'Sigmoid', 2, 3, 'Sigmoid', 16, 3, 'Sigmoid', 64, 3, 'Sigmoid', 16, 3, 'Sigmoid']
[16, 3, 'ReLU', 2, 3, 'Tanh', 16, 3, 'Sigmoid', 32, 3, 'Sigmoid', 8, 5, 'Tanh', 16, 3, 'Sigmoid', 2, 3, 'Sigmoid']
[16, 3, 'Tanh', 4, 5, 'Sigmoid', 4, 7, 'ReLU', 4, 3, 'Sigmoid']
[16, 3, 'Tanh', 2, 3, 'Sigmoid', 8, 3, 'Sigmoid', 32, 3, 'Sigmoid']
[8, 3, 'Sigmoid', 8, 3, 'Sigmoid', 32, 3, 'ReLU', 8, 3, 'Sigmoid', 4, 3, 'Sigmoid', 32, 3, 'Sigmoid', 2, 3, 'Sigmoid']
[2, 3, 'Sigmoid', 4, 3, 'Sigmoid']
[2, 3, 'Sigmoid', 8, 7, 'Sigmoid', 4, 3, 'Sigmoid']
[16, 3, 'Sigmoid']
[]
[2, 3, 'Tanh']
[2, 7, 'Sigmoid']
[16, 3, 'Sigmoid', 4, 3, 'Sigmoid', 16, 3, 'Sigmoid', 8, 3, 'Sigmoid']
[2, 3, 'Sigmoid', 8, 3, 'Sigmoid']
[16, 3, 'Sigmoid']
[4, 3, 'Sigmoid']
[16, 3, 'Sigmoid', 8, 3, 'Sigmoid']
[4, 3, 'Sigmoid']
[16, 3, 'Sigmoid', 4, 3, 'Sigmoid']
[2, 3, 'Sigmoid']
[2, 3, 'Sigmoid', 2, 3, 'Sigmoid', 64, 3, 'Sigmoid', 8, 3, 'Tanh']
[2, 3, 'Sigmoid', 4, 3, 'Sigmoid', 2, 7, 'Sigmoid']
[32, 3, 'Sigmoid', 8, 3, 'Sigmoid', 32, 3, 'Sigmoid', 8, 3, 'Sigmoid', 2, 3, 'Sigmoid', 32, 3, 'Sigmoid', 8, 3, 'Sigmoid', 4, 3, 'Sigmoid']
[16, 3, 'Sigmoid', 8, 5, 'Sigmoid']
[2, 3, 'Tanh', 4, 3, 'Sigmoid', 4, 3, 'Sigmoid', 32, 3, 'Sigmoid', 8, 3, 'Sigmoid']
[2, 3, 'Sigmoid', 8, 3, 'Sigmoid', 4, 3, 'Tanh', 8, 3, 'Tanh', 32, 3, 'Sigmoid', 4, 7, 'Sigmoid', 8, 7, 'Sigmoid', 16, 3, 'Sigmoid']
[64, 3, 'Sigmoid', 4, 3, 'Sigmoid', 16, 3, 'Sigmoid', 2, 3, 'Sigmoid', 64, 3, 'ReLU', 64, 3, 'ReLU']
[2, 3, 'Sigmoid', 2, 3, 'Sigmoid', 4, 3, 'Sigmoid']
[2, 3, 'Sigmoid', 8, 7, 'Sigmoid', 4, 3, 'Sigmoid']
[2, 3, 'Sigmoid', 4, 7, 'Sigmoid', 2, 5, 'Sigmoid', 2, 3, 'Tanh']
[2, 3, 'ReLU']
[16, 3, 'Sigmoid', 8, 3, 'Sigmoid', 8, 3, 'Sigmoid']
[2, 3, 'Sigmoid', 16, 3, 'Sigmoid']
[32, 3, 'Sigmoid', 8, 3, 'ReLU', 32, 3, 'Tanh', 8, 3, 'Sigmoid', 16, 3, 'Sigmoid', 16, 3, 'Sigmoid', 64, 3, 'Sigmoid']
[2, 3, 'Sigmoid', 8, 3, 'Sigmoid']
[32, 3, 'Sigmoid', 8, 3, 'Sigmoid', 2, 3, 'Sigmoid', 2, 7, 'Sigmoid', 32, 3, 'Sigmoid', 32, 7, 'Sigmoid', 4, 3, 'Sigmoid']
[32, 3, 'Sigmoid', 8, 3, 'Sigmoid']
[32, 7, 'Sigmoid', 8, 5, 'Sigmoid']
[2, 3, 'Sigmoid', 8, 3, 'Sigmoid', 64, 3, 'Tanh', 16, 5, 'Sigmoid']
[2, 3, 'Sigmoid', 8, 3, 'Sigmoid', 4, 3, 'Sigmoid', 8, 7, 'Sigmoid']
[16, 3, 'Sigmoid', 8, 7, 'Sigmoid', 2, 3, 'Sigmoid']
[]
[32, 3, 'Sigmoid', 8, 3, 'Sigmoid', 32, 5, 'Sigmoid', 4, 3, 'Sigmoid', 64, 3, 'Tanh', 64, 3, 'Sigmoid']
[8, 3, 'Sigmoid']
[32, 5, 'Sigmoid']
[16, 3, 'Sigmoid', 4, 3, 'Sigmoid', 2, 3, 'Sigmoid']
[2, 3, 'Sigmoid', 2, 3, 'Tanh', 2, 3, 'Sigmoid', 64, 3, 'Sigmoid', 64, 7, 'Sigmoid']
[16, 3, 'Sigmoid']
[32, 3, 'Sigmoid']
[2, 7, 'Tanh', 4, 3, 'Sigmoid', 16, 3, 'Sigmoid', 8, 5, 'Sigmoid', 16, 3, 'Tanh', 2, 3, 'Sigmoid']
[16, 7, 'Sigmoid', 16, 3, 'Tanh', 4, 3, 'Sigmoid']
[2, 3, 'Sigmoid', 2, 3, 'Sigmoid', 4, 3, 'Sigmoid', 4, 3, 'Sigmoid', 4, 3, 'Sigmoid', 4, 3, 'Sigmoid']
[32, 3, 'Sigmoid', 64, 5, 'Sigmoid', 8, 3, 'Tanh', 8, 3, 'Sigmoid', 2, 3, 'Sigmoid']
[32, 3, 'Sigmoid', 64, 3, 'Tanh', 2, 3, 'Sigmoid', 8, 3, 'Tanh']
[16, 3, 'Sigmoid', 4, 3, 'Sigmoid', 2, 3, 'Sigmoid', 16, 7, 'Sigmoid', 8, 3, 'ReLU']
[2, 3, 'Tanh']
[2, 3, 'Sigmoid', 2, 3, 'Sigmoid', 4, 5, 'Sigmoid']
[16, 3, 'ReLU', 2, 3, 'Sigmoid']
1080/1800
Arch [16, 3, 'ReLU', 2, 3, 'Sigmoid']
acc tensor(0.8267)
loss tensor(0.4035, device='cuda:0', grad_fn=<NegBackward>)
baseline tensor(0.7824)

[]
[4, 3, 'ReLU', 4, 3, 'Sigmoid', 4, 3, 'Sigmoid', 16, 3, 'ReLU', 32, 3, 'Sigmoid', 32, 3, 'Sigmoid', 16, 3, 'Sigmoid']
[2, 3, 'Sigmoid']
[16, 7, 'Sigmoid']
[16, 3, 'Tanh', 4, 3, 'Sigmoid', 4, 3, 'Sigmoid', 64, 3, 'Sigmoid', 8, 3, 'Sigmoid', 4, 7, 'Sigmoid', 4, 3, 'Tanh', 16, 3, 'Sigmoid']
[4, 3, 'Sigmoid']
[32, 3, 'Sigmoid', 16, 7, 'Sigmoid', 32, 3, 'Sigmoid', 8, 3, 'Tanh', 16, 3, 'Sigmoid']
[16, 3, 'Tanh']
[32, 3, 'Sigmoid', 32, 3, 'Sigmoid']
[16, 3, 'Sigmoid', 4, 7, 'Sigmoid']
[16, 3, 'Sigmoid', 64, 3, 'Sigmoid', 2, 3, 'Sigmoid', 4, 3, 'Sigmoid']
[16, 3, 'Sigmoid', 64, 3, 'Sigmoid', 32, 3, 'Sigmoid', 8, 5, 'Sigmoid', 4, 3, 'Sigmoid']
[2, 3, 'Sigmoid', 8, 3, 'Tanh', 2, 3, 'Sigmoid']
[2, 3, 'Sigmoid']
[16, 3, 'Sigmoid', 4, 7, 'Sigmoid', 32, 3, 'Sigmoid', 32, 5, 'Sigmoid', 8, 3, 'Sigmoid', 32, 3, 'Sigmoid', 2, 3, 'Sigmoid', 4, 3, 'Sigmoid']
[]
[2, 3, 'Sigmoid']
[2, 3, 'Sigmoid', 4, 3, 'Sigmoid', 8, 7, 'Sigmoid']
[2, 3, 'Sigmoid']
[2, 3, 'Tanh']
[2, 3, 'Sigmoid', 64, 3, 'Sigmoid', 4, 3, 'Sigmoid', 4, 3, 'Sigmoid', 4, 3, 'Sigmoid', 32, 3, 'Sigmoid']
[4, 3, 'Sigmoid', 2, 3, 'Tanh']
[2, 3, 'Sigmoid', 16, 3, 'Sigmoid', 4, 3, 'Tanh', 4, 3, 'Sigmoid', 64, 7, 'Sigmoid', 2, 3, 'Sigmoid', 16, 3, 'Sigmoid', 4, 3, 'Sigmoid']
[2, 3, 'Sigmoid', 2, 3, 'Sigmoid', 32, 3, 'Sigmoid', 16, 3, 'Sigmoid', 2, 3, 'Sigmoid', 32, 3, 'Sigmoid']
[32, 3, 'Sigmoid']
[]
[32, 3, 'Sigmoid', 2, 3, 'Sigmoid']
[32, 3, 'Sigmoid', 64, 3, 'Sigmoid', 32, 7, 'Sigmoid', 8, 3, 'Sigmoid']
[16, 3, 'Sigmoid', 32, 3, 'Sigmoid']
[2, 3, 'Sigmoid', 16, 3, 'Sigmoid', 2, 3, 'Sigmoid', 4, 3, 'Sigmoid', 16, 3, 'Sigmoid', 4, 3, 'Sigmoid']
[2, 3, 'Sigmoid', 32, 3, 'Sigmoid']
[2, 3, 'Sigmoid', 32, 3, 'Sigmoid']
[64, 3, 'Sigmoid', 8, 3, 'Sigmoid']
[2, 3, 'Sigmoid', 4, 7, 'Sigmoid', 4, 3, 'Sigmoid']
[32, 3, 'Sigmoid', 64, 3, 'Sigmoid', 4, 3, 'Sigmoid']
[]
[16, 7, 'Tanh', 32, 5, 'Sigmoid', 2, 3, 'Sigmoid', 16, 7, 'Sigmoid', 4, 3, 'Sigmoid']
[8, 3, 'Sigmoid', 4, 3, 'Sigmoid', 4, 7, 'Sigmoid', 32, 3, 'Sigmoid', 2, 3, 'Sigmoid', 4, 3, 'Sigmoid', 4, 3, 'Sigmoid', 64, 3, 'Sigmoid']
[2, 3, 'Tanh', 16, 3, 'Sigmoid', 32, 3, 'Sigmoid', 4, 3, 'Sigmoid', 8, 3, 'Sigmoid']
[2, 3, 'Sigmoid', 4, 3, 'Tanh']
[2, 3, 'Sigmoid', 8, 3, 'Sigmoid', 32, 7, 'Sigmoid', 32, 3, 'Sigmoid', 4, 3, 'Tanh']
[2, 3, 'Sigmoid']
[2, 3, 'Sigmoid', 8, 3, 'Sigmoid', 8, 3, 'Sigmoid', 16, 3, 'Tanh', 4, 3, 'Sigmoid', 2, 3, 'Sigmoid', 64, 3, 'Sigmoid', 8, 3, 'ReLU']
[2, 3, 'Sigmoid', 16, 7, 'Tanh', 16, 3, 'Sigmoid', 16, 3, 'Tanh']
[16, 3, 'Sigmoid', 2, 3, 'Sigmoid', 4, 3, 'Sigmoid', 8, 3, 'Sigmoid', 8, 3, 'Tanh', 8, 3, 'Sigmoid', 32, 3, 'Sigmoid', 4, 3, 'Tanh']
[32, 3, 'Sigmoid', 16, 3, 'Sigmoid', 32, 3, 'Tanh']
[16, 3, 'Sigmoid']
[2, 3, 'Sigmoid', 4, 3, 'Tanh']
[16, 3, 'Sigmoid', 16, 3, 'Sigmoid', 4, 3, 'Sigmoid']
[2, 3, 'Sigmoid', 16, 3, 'Sigmoid', 16, 3, 'Sigmoid', 8, 3, 'Sigmoid', 4, 7, 'Sigmoid', 2, 3, 'Tanh']
[8, 3, 'Sigmoid']
[32, 3, 'Sigmoid']
[2, 3, 'Sigmoid', 8, 3, 'ReLU', 32, 3, 'Sigmoid', 2, 3, 'Sigmoid', 32, 7, 'Sigmoid', 8, 5, 'Sigmoid']
[16, 3, 'Sigmoid', 4, 3, 'Sigmoid']
[2, 3, 'Sigmoid', 16, 3, 'Tanh', 4, 3, 'Sigmoid']
[8, 3, 'Sigmoid', 4, 3, 'Sigmoid', 16, 3, 'Tanh', 2, 3, 'Sigmoid', 4, 7, 'Sigmoid']
[2, 3, 'Sigmoid', 8, 3, 'Sigmoid', 16, 3, 'Sigmoid', 4, 3, 'Tanh', 4, 3, 'Sigmoid']
[2, 3, 'Sigmoid', 8, 3, 'Sigmoid']
[8, 3, 'Sigmoid']
[]
[2, 3, 'Sigmoid', 4, 3, 'Sigmoid']
[16, 3, 'Sigmoid', 2, 3, 'Sigmoid']
[16, 7, 'Tanh', 4, 3, 'Sigmoid', 2, 3, 'Sigmoid', 2, 3, 'Sigmoid', 64, 3, 'Sigmoid', 8, 3, 'Sigmoid', 2, 3, 'Sigmoid', 32, 3, 'Tanh']
[4, 3, 'Sigmoid']
[16, 7, 'Sigmoid', 4, 3, 'Sigmoid', 4, 3, 'Tanh', 64, 3, 'Sigmoid', 2, 3, 'Sigmoid', 2, 3, 'Sigmoid', 4, 7, 'Sigmoid', 16, 3, 'Sigmoid']
[2, 3, 'Sigmoid']
[2, 3, 'Sigmoid', 32, 3, 'Sigmoid', 2, 3, 'Sigmoid']
[2, 3, 'Sigmoid', 4, 3, 'Sigmoid']
[2, 3, 'Sigmoid', 64, 3, 'Sigmoid', 8, 3, 'Tanh']
[]
[2, 3, 'Sigmoid', 32, 3, 'Sigmoid']
[16, 3, 'Sigmoid', 8, 7, 'Sigmoid']
[8, 3, 'Sigmoid', 32, 3, 'Sigmoid', 32, 3, 'Tanh']
[2, 3, 'Sigmoid']
[32, 3, 'Sigmoid', 16, 7, 'Tanh', 32, 3, 'Sigmoid', 16, 3, 'Sigmoid', 2, 3, 'Sigmoid']
[16, 3, 'Sigmoid', 4, 3, 'Sigmoid']
[2, 3, 'Sigmoid', 64, 3, 'Sigmoid', 32, 3, 'Sigmoid', 2, 3, 'Sigmoid', 4, 3, 'Sigmoid', 4, 3, 'Tanh']
[2, 3, 'Tanh', 32, 3, 'Sigmoid', 64, 3, 'Sigmoid', 8, 3, 'Sigmoid', 4, 3, 'Sigmoid', 8, 3, 'Sigmoid', 16, 3, 'Sigmoid', 2, 3, 'Tanh']
[2, 3, 'Sigmoid', 16, 3, 'ReLU']
[2, 3, 'Sigmoid', 4, 3, 'Sigmoid', 8, 3, 'Sigmoid', 32, 7, 'Sigmoid']
[64, 7, 'Sigmoid']
[16, 3, 'Sigmoid', 2, 3, 'Sigmoid', 2, 3, 'Sigmoid', 64, 3, 'Sigmoid', 2, 3, 'Tanh', 16, 3, 'Sigmoid', 4, 3, 'Sigmoid', 4, 3, 'Sigmoid']
[]
[16, 3, 'Sigmoid', 32, 3, 'Sigmoid', 64, 3, 'Sigmoid']
[16, 3, 'Sigmoid', 4, 3, 'Tanh']
[2, 3, 'Sigmoid', 4, 7, 'Sigmoid', 16, 3, 'Sigmoid']
[4, 3, 'Sigmoid', 4, 3, 'Sigmoid', 16, 3, 'Sigmoid', 2, 7, 'Tanh']
[16, 3, 'Sigmoid', 4, 7, 'Sigmoid', 8, 3, 'ReLU', 32, 3, 'Sigmoid', 64, 3, 'Sigmoid', 4, 7, 'Sigmoid', 8, 3, 'Tanh', 4, 5, 'Sigmoid']
[16, 3, 'Sigmoid', 2, 7, 'Sigmoid', 8, 3, 'Tanh', 4, 7, 'Sigmoid', 4, 3, 'ReLU', 2, 3, 'Sigmoid', 16, 3, 'Sigmoid']
[2, 3, 'Sigmoid', 2, 3, 'Sigmoid', 4, 3, 'Sigmoid', 16, 3, 'Sigmoid', 2, 5, 'Sigmoid', 32, 3, 'Sigmoid']
[32, 3, 'Sigmoid']
[4, 3, 'Sigmoid', 2, 3, 'Sigmoid']
[2, 3, 'Tanh', 8, 3, 'Sigmoid', 8, 3, 'Sigmoid']
[4, 5, 'Sigmoid', 32, 3, 'Sigmoid']
[2, 3, 'Sigmoid', 8, 3, 'Sigmoid']
[4, 3, 'Sigmoid']
[]
[2, 3, 'Sigmoid', 4, 7, 'Sigmoid', 16, 3, 'Sigmoid', 2, 3, 'Sigmoid', 16, 3, 'Sigmoid']
[32, 3, 'Sigmoid', 8, 3, 'Sigmoid']
[2, 3, 'Sigmoid']
[]
[16, 3, 'Sigmoid', 4, 3, 'Sigmoid', 64, 5, 'Sigmoid']
[16, 3, 'Sigmoid', 8, 3, 'Sigmoid']
[16, 3, 'Sigmoid', 32, 3, 'Sigmoid', 8, 3, 'Sigmoid']
[16, 3, 'Sigmoid', 4, 3, 'Tanh', 8, 3, 'Sigmoid', 4, 3, 'Sigmoid', 8, 3, 'Sigmoid', 32, 3, 'Sigmoid', 32, 3, 'Sigmoid', 8, 3, 'Sigmoid']
[16, 3, 'Sigmoid']
[2, 3, 'ReLU', 32, 3, 'Sigmoid', 32, 7, 'Sigmoid', 16, 3, 'Sigmoid', 8, 3, 'Sigmoid', 32, 5, 'Sigmoid', 4, 3, 'Sigmoid']
[]
[32, 3, 'Sigmoid', 8, 3, 'Sigmoid', 16, 3, 'Sigmoid', 8, 3, 'Sigmoid', 8, 7, 'Sigmoid', 16, 3, 'Sigmoid', 4, 3, 'Tanh', 16, 3, 'Sigmoid']
[16, 3, 'Sigmoid']
[2, 3, 'Sigmoid']
[16, 3, 'Sigmoid']
[2, 3, 'Sigmoid', 8, 3, 'Sigmoid', 4, 3, 'Sigmoid', 4, 3, 'Sigmoid', 2, 5, 'Sigmoid']
[]
[2, 3, 'Sigmoid', 16, 3, 'Sigmoid', 2, 3, 'Sigmoid']
[2, 7, 'Sigmoid', 2, 3, 'Sigmoid', 2, 3, 'Sigmoid', 2, 7, 'Sigmoid']
[4, 3, 'Tanh', 16, 3, 'Sigmoid', 4, 3, 'Sigmoid', 4, 3, 'Sigmoid', 64, 3, 'Sigmoid', 8, 3, 'Sigmoid']
[4, 3, 'Sigmoid', 32, 3, 'Sigmoid', 8, 5, 'Sigmoid']
[64, 3, 'Sigmoid', 8, 3, 'Sigmoid', 4, 3, 'Sigmoid']
[2, 3, 'Sigmoid', 8, 3, 'Sigmoid']
[32, 3, 'Sigmoid', 16, 3, 'Tanh', 4, 3, 'Sigmoid', 8, 3, 'Sigmoid', 16, 7, 'ReLU']
[2, 3, 'Sigmoid', 8, 3, 'Sigmoid', 4, 3, 'Sigmoid', 8, 3, 'Sigmoid', 32, 3, 'Sigmoid']
[2, 7, 'Sigmoid']
[4, 3, 'Sigmoid']
[64, 7, 'Sigmoid', 2, 3, 'Sigmoid', 16, 5, 'Sigmoid', 16, 3, 'Sigmoid', 64, 3, 'Sigmoid', 8, 5, 'Sigmoid', 32, 3, 'Sigmoid']
[32, 3, 'Tanh', 4, 3, 'Sigmoid', 16, 3, 'Sigmoid', 16, 3, 'Sigmoid']
[2, 3, 'Sigmoid']
[16, 5, 'Sigmoid', 2, 7, 'Sigmoid']
[16, 3, 'Sigmoid']
[2, 3, 'Sigmoid', 2, 3, 'Sigmoid', 4, 3, 'Sigmoid', 4, 3, 'Sigmoid', 4, 3, 'Sigmoid']
[2, 3, 'Sigmoid', 8, 3, 'Tanh', 4, 3, 'Sigmoid', 2, 3, 'Sigmoid', 2, 3, 'Sigmoid', 4, 3, 'Sigmoid', 16, 3, 'Tanh']
[32, 3, 'Sigmoid']
[16, 3, 'Sigmoid', 4, 3, 'Sigmoid', 4, 3, 'Sigmoid', 16, 7, 'ReLU', 8, 3, 'Sigmoid', 2, 3, 'Sigmoid', 2, 3, 'Sigmoid', 64, 7, 'Sigmoid']
[2, 3, 'Sigmoid']
[]
[2, 3, 'Sigmoid', 2, 3, 'Sigmoid', 4, 5, 'Sigmoid', 2, 3, 'Sigmoid', 64, 3, 'Sigmoid']
[4, 3, 'Sigmoid', 32, 3, 'Sigmoid']
[32, 3, 'Sigmoid', 4, 7, 'Sigmoid']
[16, 3, 'Sigmoid', 4, 3, 'Sigmoid', 32, 3, 'Sigmoid', 64, 3, 'Tanh']
[2, 3, 'Sigmoid']
[2, 3, 'Sigmoid']
[2, 3, 'Sigmoid', 64, 3, 'ReLU', 4, 3, 'Sigmoid']
[2, 3, 'Tanh', 8, 3, 'Sigmoid', 8, 3, 'Sigmoid', 32, 7, 'Sigmoid', 16, 3, 'Sigmoid']
[2, 3, 'Sigmoid']
[2, 3, 'Sigmoid', 32, 3, 'Sigmoid']
[2, 3, 'Sigmoid', 32, 3, 'Sigmoid']
[16, 3, 'Sigmoid', 64, 3, 'Tanh', 8, 3, 'Sigmoid']
[8, 3, 'Sigmoid']
[16, 7, 'Sigmoid', 32, 3, 'Sigmoid', 8, 3, 'Sigmoid', 4, 7, 'Sigmoid']
[2, 3, 'Sigmoid', 8, 3, 'ReLU', 4, 3, 'Sigmoid', 4, 3, 'Tanh', 2, 3, 'Sigmoid', 2, 3, 'Sigmoid']
[8, 3, 'Sigmoid', 64, 3, 'Sigmoid', 8, 7, 'Tanh', 8, 3, 'Sigmoid', 32, 3, 'Sigmoid']
[2, 3, 'Sigmoid', 16, 3, 'Tanh']
[32, 3, 'Sigmoid']
[2, 3, 'Tanh']
[8, 5, 'Sigmoid']
[2, 3, 'Tanh']
[2, 3, 'Sigmoid', 8, 3, 'Sigmoid', 16, 7, 'Sigmoid']
[2, 3, 'Sigmoid', 8, 3, 'Sigmoid']
[2, 3, 'Sigmoid', 4, 3, 'ReLU', 32, 7, 'Tanh', 4, 3, 'Tanh']
[2, 3, 'Tanh']
[2, 3, 'Sigmoid', 16, 3, 'Sigmoid', 2, 3, 'Sigmoid']
[16, 3, 'Tanh', 32, 3, 'Sigmoid', 64, 3, 'Sigmoid', 4, 3, 'Sigmoid', 4, 3, 'Sigmoid']
[16, 3, 'Sigmoid']
[2, 3, 'Sigmoid']
[16, 3, 'Sigmoid']
[16, 3, 'Sigmoid', 2, 3, 'Sigmoid', 32, 3, 'Tanh', 4, 3, 'Sigmoid']
[32, 3, 'Sigmoid', 4, 3, 'Sigmoid', 8, 3, 'Tanh', 32, 3, 'Sigmoid', 32, 3, 'Tanh', 32, 3, 'Sigmoid', 32, 3, 'Sigmoid', 2, 3, 'Sigmoid']
[16, 3, 'Sigmoid', 64, 3, 'Sigmoid', 16, 3, 'Tanh', 32, 3, 'Sigmoid', 4, 7, 'Sigmoid', 2, 3, 'Sigmoid', 2, 3, 'Sigmoid', 2, 3, 'Sigmoid']
[4, 7, 'Sigmoid']
[8, 3, 'Sigmoid', 16, 3, 'Sigmoid']
[2, 3, 'Sigmoid', 16, 5, 'Sigmoid', 2, 3, 'Sigmoid']
[4, 3, 'Sigmoid', 16, 3, 'Sigmoid', 8, 3, 'Sigmoid', 4, 3, 'Sigmoid', 4, 5, 'Sigmoid', 32, 3, 'Sigmoid']
[2, 3, 'Sigmoid', 4, 3, 'Sigmoid']
[]
[2, 3, 'Sigmoid', 8, 3, 'Sigmoid', 4, 3, 'Sigmoid', 16, 7, 'Sigmoid']
[2, 3, 'Sigmoid']
[2, 3, 'Tanh', 2, 3, 'Sigmoid', 16, 3, 'Tanh', 4, 3, 'Sigmoid', 8, 3, 'Sigmoid', 2, 3, 'Sigmoid', 8, 3, 'Sigmoid', 16, 7, 'Sigmoid']
[2, 3, 'Tanh', 2, 3, 'Sigmoid', 64, 3, 'Sigmoid']
[16, 3, 'Sigmoid']
[32, 3, 'Sigmoid']
1260/1800
Arch [32, 3, 'Sigmoid']
acc tensor(0.8467)
loss tensor(0.3603, device='cuda:0', grad_fn=<NegBackward>)
baseline tensor(0.7698)

[2, 3, 'Sigmoid']
[]
[4, 3, 'Sigmoid', 8, 3, 'Sigmoid']
[2, 3, 'Sigmoid', 2, 3, 'Tanh', 64, 3, 'Sigmoid']
[2, 3, 'Sigmoid', 8, 3, 'Sigmoid', 32, 3, 'Sigmoid']
[2, 3, 'Sigmoid', 4, 3, 'Sigmoid', 64, 3, 'Sigmoid', 32, 3, 'Tanh', 4, 3, 'Sigmoid']
[16, 3, 'Sigmoid', 16, 3, 'Sigmoid', 4, 3, 'Sigmoid', 8, 3, 'Sigmoid']
[16, 3, 'Sigmoid']
[16, 3, 'Sigmoid', 32, 3, 'Sigmoid', 8, 3, 'Tanh', 32, 3, 'Sigmoid', 16, 3, 'Tanh', 4, 3, 'Tanh']
[16, 3, 'Sigmoid', 2, 3, 'Tanh', 8, 3, 'Sigmoid', 16, 3, 'Sigmoid', 8, 5, 'Sigmoid', 8, 3, 'Tanh', 4, 7, 'Tanh', 4, 3, 'Sigmoid']
[2, 3, 'Sigmoid', 64, 3, 'Sigmoid', 16, 3, 'Sigmoid']
[32, 3, 'Sigmoid', 16, 7, 'Sigmoid', 16, 3, 'Sigmoid']
[16, 3, 'Sigmoid', 4, 3, 'Sigmoid', 16, 3, 'Tanh', 16, 7, 'Sigmoid', 16, 5, 'Tanh', 8, 5, 'Sigmoid']
[32, 3, 'Sigmoid', 16, 3, 'Tanh', 16, 3, 'Sigmoid', 2, 7, 'Sigmoid', 32, 3, 'Sigmoid']
[]
[4, 3, 'Sigmoid', 32, 3, 'Sigmoid', 8, 3, 'Sigmoid']
[2, 7, 'ReLU', 2, 7, 'Sigmoid', 32, 3, 'Sigmoid', 32, 3, 'Sigmoid', 4, 3, 'Sigmoid', 2, 7, 'Sigmoid']
[8, 3, 'Tanh']
[64, 3, 'Sigmoid', 4, 3, 'Sigmoid', 8, 3, 'Sigmoid', 4, 3, 'Sigmoid', 4, 5, 'Sigmoid', 4, 3, 'Sigmoid', 64, 3, 'Sigmoid', 4, 3, 'Sigmoid']
[32, 3, 'Sigmoid', 8, 3, 'Sigmoid', 8, 3, 'Tanh', 4, 7, 'ReLU']
[8, 3, 'Tanh']
[32, 3, 'Sigmoid', 32, 7, 'Tanh', 2, 3, 'Sigmoid', 8, 3, 'Sigmoid']
[32, 3, 'Sigmoid', 4, 3, 'Sigmoid', 32, 3, 'Sigmoid', 4, 3, 'Sigmoid', 64, 3, 'Sigmoid']
[32, 3, 'Sigmoid']
[16, 3, 'Sigmoid']
[2, 3, 'Sigmoid', 4, 3, 'Tanh', 16, 3, 'Sigmoid']
[32, 3, 'Sigmoid']
[16, 5, 'Tanh', 32, 3, 'Tanh', 32, 3, 'Sigmoid', 4, 3, 'Sigmoid']
[32, 3, 'Tanh', 4, 3, 'Sigmoid', 32, 3, 'Sigmoid', 2, 3, 'Sigmoid', 2, 3, 'Sigmoid']
[2, 3, 'Sigmoid', 8, 3, 'Sigmoid']
[32, 3, 'Sigmoid', 4, 3, 'Sigmoid']
[8, 3, 'Sigmoid']
[8, 5, 'Sigmoid']
[8, 3, 'Sigmoid', 8, 5, 'Sigmoid', 2, 3, 'Sigmoid', 8, 3, 'Sigmoid']
[4, 3, 'Sigmoid', 8, 3, 'Sigmoid']
[2, 3, 'Sigmoid', 2, 3, 'Sigmoid', 2, 7, 'Sigmoid']
[16, 3, 'Sigmoid', 4, 5, 'Sigmoid', 8, 3, 'Sigmoid', 16, 3, 'Sigmoid', 2, 5, 'Sigmoid', 32, 3, 'Sigmoid', 32, 3, 'Sigmoid']
[4, 3, 'Sigmoid', 64, 3, 'Sigmoid']
[4, 3, 'Sigmoid', 8, 3, 'Sigmoid']
[2, 3, 'Sigmoid', 2, 7, 'Sigmoid', 16, 3, 'Sigmoid', 8, 3, 'Sigmoid', 4, 3, 'Sigmoid', 2, 3, 'Sigmoid']
[4, 3, 'Sigmoid']
[16, 3, 'Sigmoid', 4, 3, 'Sigmoid', 32, 3, 'Sigmoid']
[32, 3, 'Sigmoid', 32, 3, 'Sigmoid']
[2, 3, 'Sigmoid', 2, 3, 'Sigmoid', 32, 7, 'Tanh', 2, 3, 'Sigmoid']
[2, 3, 'Sigmoid']
[64, 3, 'Sigmoid', 32, 7, 'Sigmoid', 2, 3, 'Sigmoid', 32, 3, 'Sigmoid', 4, 3, 'Sigmoid']
[2, 3, 'Sigmoid', 8, 3, 'Sigmoid', 32, 3, 'Tanh', 4, 3, 'Sigmoid', 2, 3, 'ReLU', 4, 3, 'Sigmoid', 32, 3, 'Sigmoid', 4, 3, 'Sigmoid']
[32, 3, 'Sigmoid']
[2, 3, 'Tanh', 16, 3, 'Tanh', 64, 3, 'Sigmoid', 4, 3, 'Sigmoid', 16, 3, 'Sigmoid', 4, 3, 'Sigmoid', 2, 3, 'Sigmoid']
[2, 7, 'Sigmoid', 8, 7, 'Tanh', 4, 3, 'Sigmoid', 4, 3, 'Tanh', 16, 3, 'Sigmoid', 2, 3, 'Sigmoid', 4, 3, 'Sigmoid', 8, 7, 'Sigmoid']
[16, 3, 'Sigmoid', 4, 5, 'Sigmoid', 8, 3, 'Sigmoid', 8, 3, 'Sigmoid', 8, 3, 'Sigmoid', 4, 3, 'ReLU', 4, 3, 'Sigmoid', 4, 3, 'Sigmoid']
[4, 3, 'Sigmoid']
[]
[2, 5, 'Sigmoid']
[4, 3, 'Sigmoid', 16, 3, 'Sigmoid']
[32, 5, 'Sigmoid', 16, 3, 'Sigmoid', 8, 3, 'Sigmoid', 2, 3, 'Sigmoid', 2, 3, 'Sigmoid', 32, 3, 'Sigmoid']
[2, 3, 'Sigmoid']
[4, 3, 'Sigmoid', 8, 7, 'Sigmoid', 2, 3, 'Sigmoid']
[2, 5, 'Tanh', 2, 3, 'Tanh']
[16, 3, 'Sigmoid']
[16, 3, 'Sigmoid', 2, 3, 'Tanh', 4, 3, 'Sigmoid', 4, 3, 'Sigmoid']
[]
[2, 3, 'Sigmoid']
[32, 3, 'Sigmoid']
[4, 3, 'Sigmoid', 4, 3, 'Sigmoid', 16, 3, 'Tanh', 16, 5, 'Sigmoid', 2, 3, 'Sigmoid', 2, 3, 'Sigmoid', 16, 3, 'Sigmoid', 2, 3, 'Sigmoid']
[32, 3, 'Sigmoid']
[]
[8, 7, 'Sigmoid']
[8, 3, 'Sigmoid', 2, 3, 'Sigmoid', 4, 3, 'Sigmoid', 8, 3, 'Sigmoid', 4, 3, 'Sigmoid']
[16, 3, 'Sigmoid']
[2, 3, 'Sigmoid']
[2, 3, 'Sigmoid']
[16, 3, 'Sigmoid', 2, 3, 'Sigmoid', 4, 3, 'Sigmoid', 4, 3, 'Tanh', 64, 3, 'Sigmoid', 4, 3, 'Sigmoid', 32, 3, 'ReLU', 4, 3, 'Sigmoid']
[16, 3, 'Sigmoid', 4, 3, 'Sigmoid', 4, 3, 'Sigmoid', 4, 3, 'Sigmoid']
[4, 3, 'Sigmoid', 16, 3, 'Sigmoid', 64, 5, 'Sigmoid', 2, 3, 'Sigmoid', 2, 3, 'Sigmoid', 64, 3, 'Sigmoid', 32, 5, 'Sigmoid', 64, 3, 'Tanh']
[]
[16, 3, 'Tanh', 4, 3, 'Tanh']
[16, 3, 'Sigmoid']
[]
[32, 3, 'Sigmoid', 16, 3, 'Sigmoid']
[16, 3, 'Sigmoid', 32, 7, 'Sigmoid', 32, 3, 'Sigmoid', 4, 3, 'Sigmoid', 4, 3, 'Sigmoid', 16, 3, 'Sigmoid']
[32, 3, 'Sigmoid']
[2, 3, 'Sigmoid']
[2, 5, 'Sigmoid']
[32, 3, 'Sigmoid']
[32, 3, 'Sigmoid', 32, 3, 'Sigmoid', 32, 3, 'Sigmoid', 8, 3, 'Sigmoid', 4, 3, 'Sigmoid']
[2, 3, 'Sigmoid']
[2, 3, 'Sigmoid']
[]
[2, 3, 'Tanh', 32, 5, 'Sigmoid', 2, 3, 'Tanh', 4, 3, 'Sigmoid']
[2, 7, 'Tanh']
[]
[2, 3, 'Sigmoid', 2, 3, 'Sigmoid', 64, 3, 'Sigmoid', 16, 3, 'Sigmoid']
[64, 3, 'Sigmoid']
[2, 3, 'Sigmoid', 64, 3, 'Sigmoid', 32, 3, 'Sigmoid']
[2, 3, 'Sigmoid', 2, 3, 'Sigmoid']
[16, 3, 'Sigmoid', 2, 3, 'Sigmoid', 8, 3, 'Sigmoid', 32, 3, 'Sigmoid']
[16, 3, 'Sigmoid', 2, 3, 'Sigmoid', 32, 3, 'Sigmoid']
[32, 3, 'Sigmoid', 4, 3, 'Sigmoid']
[16, 3, 'Sigmoid']
[32, 3, 'Sigmoid', 64, 3, 'Tanh', 8, 7, 'Tanh', 2, 3, 'Sigmoid']
[2, 3, 'Sigmoid', 2, 3, 'Tanh', 8, 3, 'Sigmoid', 8, 3, 'Sigmoid', 4, 3, 'Sigmoid', 32, 3, 'Sigmoid', 16, 3, 'Tanh', 4, 7, 'Sigmoid']
[2, 3, 'Tanh']
[16, 3, 'Sigmoid', 16, 3, 'Sigmoid']
[2, 3, 'Sigmoid']
[8, 3, 'Sigmoid', 16, 7, 'Sigmoid']
[16, 5, 'Sigmoid']
[2, 3, 'Sigmoid', 2, 3, 'Sigmoid']
[2, 3, 'ReLU', 16, 5, 'Sigmoid', 16, 3, 'Sigmoid', 16, 3, 'Sigmoid', 32, 3, 'Sigmoid', 2, 3, 'Sigmoid', 16, 7, 'Sigmoid', 4, 3, 'Sigmoid']
[8, 3, 'Sigmoid', 32, 3, 'Sigmoid']
[2, 3, 'Tanh', 2, 5, 'Sigmoid', 32, 3, 'Sigmoid', 2, 5, 'Sigmoid', 8, 3, 'Sigmoid', 2, 3, 'Sigmoid']
[32, 3, 'Sigmoid', 4, 3, 'Sigmoid', 8, 3, 'Sigmoid', 32, 3, 'Sigmoid', 16, 3, 'Tanh']
[32, 3, 'Sigmoid', 4, 3, 'Sigmoid']
[16, 3, 'Sigmoid']
[16, 3, 'Sigmoid', 32, 3, 'Tanh', 4, 7, 'Sigmoid', 4, 3, 'Sigmoid']
[16, 3, 'Sigmoid', 16, 3, 'Sigmoid', 64, 3, 'Sigmoid']
[32, 3, 'Sigmoid']
[2, 3, 'Sigmoid', 8, 3, 'Sigmoid', 4, 3, 'Tanh', 8, 3, 'Sigmoid', 4, 3, 'Sigmoid', 32, 3, 'Sigmoid', 4, 7, 'Sigmoid', 16, 3, 'Sigmoid']
[2, 3, 'Sigmoid']
[32, 3, 'Sigmoid', 2, 3, 'Sigmoid']
[2, 3, 'Sigmoid', 8, 3, 'Sigmoid']
[2, 3, 'ReLU']
[2, 3, 'Sigmoid', 32, 3, 'Tanh', 4, 3, 'Sigmoid']
[8, 3, 'Sigmoid', 32, 3, 'Sigmoid']
[2, 7, 'Sigmoid', 2, 3, 'Sigmoid']
[2, 3, 'Sigmoid', 4, 3, 'Sigmoid']
[2, 3, 'Sigmoid']
[]
[32, 3, 'Sigmoid']
[]
[2, 3, 'Sigmoid']
[]
[16, 3, 'Sigmoid', 8, 3, 'Sigmoid', 4, 3, 'Sigmoid', 16, 3, 'Sigmoid', 2, 7, 'Sigmoid', 4, 3, 'Tanh']
[2, 3, 'Sigmoid', 8, 7, 'Sigmoid']
[16, 3, 'Sigmoid', 4, 7, 'Tanh']
[2, 3, 'Sigmoid', 2, 3, 'Sigmoid', 8, 3, 'Sigmoid', 2, 3, 'Sigmoid']
[16, 3, 'Sigmoid']
[16, 3, 'Sigmoid', 2, 5, 'Tanh', 64, 7, 'Sigmoid', 2, 3, 'Sigmoid', 64, 3, 'Sigmoid']
[2, 3, 'Sigmoid']
[2, 3, 'Sigmoid', 16, 3, 'Sigmoid', 8, 3, 'Sigmoid']
[2, 3, 'Sigmoid', 4, 3, 'Sigmoid', 2, 3, 'Sigmoid', 32, 3, 'Sigmoid']
[2, 3, 'Sigmoid']
[2, 3, 'Sigmoid', 64, 3, 'Tanh', 8, 3, 'Sigmoid', 16, 3, 'Sigmoid']
[2, 3, 'Sigmoid', 2, 3, 'Sigmoid', 64, 3, 'Sigmoid', 64, 3, 'Sigmoid', 32, 3, 'Tanh', 8, 3, 'Sigmoid', 32, 3, 'Sigmoid']
[2, 3, 'Sigmoid', 8, 3, 'Sigmoid', 64, 3, 'Sigmoid', 2, 3, 'ReLU', 2, 7, 'ReLU', 32, 3, 'Sigmoid', 8, 3, 'Sigmoid', 4, 3, 'Sigmoid']
[8, 3, 'Sigmoid', 2, 3, 'Sigmoid']
[16, 3, 'Sigmoid', 2, 3, 'Sigmoid', 2, 3, 'Tanh']
[4, 3, 'Sigmoid']
[32, 3, 'Sigmoid']
[4, 3, 'Sigmoid', 16, 3, 'Sigmoid', 4, 3, 'Sigmoid', 2, 3, 'Sigmoid', 8, 5, 'Tanh']
[16, 3, 'Sigmoid']
[2, 3, 'Tanh', 4, 3, 'Sigmoid', 16, 3, 'Sigmoid', 64, 3, 'Sigmoid', 64, 5, 'Tanh']
[2, 3, 'Sigmoid']
[64, 3, 'Sigmoid']
[2, 3, 'Sigmoid', 16, 3, 'Sigmoid']
[16, 3, 'Tanh']
[16, 3, 'Sigmoid', 32, 7, 'Sigmoid', 4, 3, 'Sigmoid']
[16, 3, 'ReLU', 4, 3, 'Sigmoid', 4, 3, 'Sigmoid', 4, 5, 'Sigmoid']
[32, 3, 'Sigmoid']
[2, 3, 'Sigmoid', 4, 3, 'Sigmoid']
[16, 3, 'Sigmoid', 2, 3, 'Sigmoid']
[8, 3, 'Sigmoid', 2, 3, 'Sigmoid', 4, 3, 'Sigmoid', 16, 7, 'Sigmoid', 4, 3, 'Sigmoid', 4, 7, 'Sigmoid']
[2, 3, 'ReLU', 8, 3, 'Sigmoid', 2, 3, 'Sigmoid', 32, 3, 'Sigmoid', 4, 3, 'Sigmoid']
[2, 3, 'Sigmoid', 4, 3, 'Sigmoid', 2, 3, 'Sigmoid', 4, 5, 'Sigmoid']
[16, 3, 'Tanh', 2, 7, 'Sigmoid', 16, 3, 'Sigmoid', 8, 3, 'Tanh']
[32, 3, 'Sigmoid']
[2, 3, 'Tanh']
[32, 3, 'Sigmoid', 4, 3, 'Sigmoid']
[4, 3, 'Sigmoid', 8, 3, 'Sigmoid']
[2, 3, 'Sigmoid']
[32, 3, 'Tanh', 64, 3, 'Sigmoid', 8, 3, 'Sigmoid', 2, 7, 'Sigmoid', 8, 3, 'Sigmoid', 2, 3, 'Sigmoid', 64, 3, 'Sigmoid']
[8, 3, 'Sigmoid', 16, 3, 'Tanh', 2, 3, 'Sigmoid']
[2, 3, 'Sigmoid']
[2, 3, 'Sigmoid', 2, 3, 'Tanh', 8, 3, 'Sigmoid', 2, 3, 'Sigmoid', 16, 3, 'Sigmoid', 64, 3, 'Sigmoid']
[16, 3, 'Sigmoid', 2, 3, 'Sigmoid']
[4, 3, 'Sigmoid', 4, 3, 'Sigmoid', 32, 3, 'Sigmoid', 4, 3, 'ReLU']
[8, 3, 'Sigmoid']
[8, 3, 'Sigmoid']
[2, 3, 'Sigmoid', 64, 3, 'Sigmoid', 16, 3, 'Sigmoid', 8, 3, 'Sigmoid']
[16, 3, 'Sigmoid', 4, 3, 'Sigmoid', 16, 3, 'Sigmoid']
1440/1800
Arch [16, 3, 'Sigmoid', 4, 3, 'Sigmoid', 16, 3, 'Sigmoid']
acc tensor(0.7867)
loss tensor(0.2217, device='cuda:0', grad_fn=<NegBackward>)
baseline tensor(0.8011)

[2, 3, 'Sigmoid', 2, 7, 'Sigmoid', 16, 3, 'Sigmoid', 8, 3, 'Tanh', 4, 3, 'Sigmoid']
[32, 3, 'Sigmoid', 4, 3, 'Sigmoid']
[2, 3, 'Sigmoid', 4, 3, 'Sigmoid']
[2, 3, 'Sigmoid', 32, 3, 'Sigmoid', 2, 7, 'Sigmoid']
[2, 3, 'Tanh']
[2, 3, 'Sigmoid']
[2, 7, 'Sigmoid', 32, 3, 'Sigmoid', 2, 7, 'ReLU']
[2, 3, 'Sigmoid', 8, 3, 'Sigmoid', 4, 3, 'Sigmoid']
[2, 3, 'Sigmoid']
[32, 3, 'Sigmoid']
[2, 3, 'Tanh', 4, 7, 'Sigmoid', 2, 7, 'Sigmoid']
[32, 3, 'Sigmoid']
[32, 3, 'Sigmoid', 4, 3, 'Sigmoid', 8, 3, 'Sigmoid', 4, 7, 'Sigmoid']
[2, 3, 'Sigmoid', 8, 5, 'Tanh']
[32, 5, 'Sigmoid', 64, 7, 'Sigmoid', 8, 3, 'Sigmoid']
[4, 3, 'Sigmoid']
[8, 3, 'Tanh', 8, 3, 'Sigmoid', 4, 7, 'Sigmoid']
[64, 3, 'Sigmoid']
[16, 3, 'Sigmoid', 32, 3, 'Tanh', 2, 3, 'Sigmoid', 4, 3, 'Sigmoid']
[2, 3, 'Sigmoid']
[16, 3, 'Sigmoid', 2, 3, 'Sigmoid', 8, 3, 'Sigmoid']
[2, 3, 'ReLU', 8, 7, 'Sigmoid', 8, 3, 'Sigmoid', 8, 3, 'Sigmoid']
[2, 3, 'Sigmoid']
[2, 3, 'Sigmoid', 2, 3, 'Sigmoid']
[2, 3, 'Sigmoid']
[2, 3, 'Sigmoid']
[16, 3, 'Sigmoid']
[2, 3, 'Sigmoid', 2, 3, 'Sigmoid', 64, 3, 'Sigmoid']
[16, 3, 'Sigmoid']
[4, 7, 'Sigmoid']
[2, 3, 'Sigmoid', 8, 3, 'Sigmoid', 8, 3, 'Sigmoid']
[2, 7, 'Sigmoid', 4, 3, 'Sigmoid', 16, 3, 'Tanh', 8, 3, 'Tanh', 16, 3, 'Sigmoid']
[2, 3, 'Sigmoid', 4, 3, 'Sigmoid', 64, 3, 'Sigmoid', 8, 3, 'Sigmoid', 8, 3, 'Sigmoid', 4, 3, 'Sigmoid']
[2, 3, 'Tanh', 32, 3, 'Sigmoid', 2, 3, 'Tanh']
[2, 3, 'Sigmoid', 8, 3, 'Sigmoid']
[16, 7, 'Tanh']
[8, 3, 'Sigmoid']
[2, 3, 'Sigmoid']
[16, 3, 'Sigmoid']
[2, 3, 'Sigmoid', 2, 3, 'Sigmoid', 8, 7, 'Sigmoid', 32, 5, 'Sigmoid', 16, 3, 'Sigmoid', 2, 3, 'Sigmoid', 16, 3, 'Sigmoid', 8, 3, 'Tanh']
[16, 3, 'Sigmoid', 2, 3, 'Sigmoid']
[2, 3, 'Sigmoid']
[4, 3, 'Tanh']
[32, 3, 'Sigmoid']
[2, 3, 'Sigmoid', 2, 3, 'Sigmoid', 4, 3, 'Sigmoid', 8, 7, 'Sigmoid', 2, 3, 'Sigmoid']
[2, 3, 'Sigmoid', 4, 3, 'Tanh', 16, 5, 'Tanh', 2, 3, 'Tanh', 16, 3, 'Sigmoid', 4, 3, 'Sigmoid', 32, 3, 'Tanh', 8, 3, 'Sigmoid']
[32, 3, 'Tanh', 64, 3, 'Sigmoid']
[16, 3, 'Sigmoid', 16, 3, 'Sigmoid']
[]
[16, 3, 'Sigmoid', 32, 7, 'Sigmoid', 16, 3, 'Sigmoid']
[16, 3, 'Sigmoid', 4, 5, 'Sigmoid', 8, 3, 'ReLU']
[2, 3, 'Sigmoid']
[2, 3, 'Sigmoid', 2, 5, 'Sigmoid']
[4, 3, 'Sigmoid', 64, 3, 'Sigmoid']
[32, 3, 'Sigmoid', 8, 3, 'Sigmoid']
[2, 3, 'Sigmoid', 8, 3, 'Sigmoid', 2, 3, 'Sigmoid', 4, 7, 'Sigmoid', 4, 3, 'Sigmoid']
[2, 3, 'Sigmoid']
[32, 3, 'Sigmoid', 2, 3, 'Sigmoid', 32, 7, 'Sigmoid', 64, 3, 'Sigmoid']
[]
[32, 3, 'Sigmoid', 8, 3, 'Sigmoid', 2, 3, 'Tanh', 32, 3, 'Sigmoid', 16, 3, 'Sigmoid', 64, 3, 'Sigmoid', 2, 3, 'Sigmoid', 16, 3, 'Sigmoid']
[2, 3, 'Sigmoid']
[16, 3, 'Sigmoid', 2, 5, 'Sigmoid', 8, 7, 'Sigmoid', 64, 3, 'Sigmoid']
[2, 3, 'Sigmoid', 2, 5, 'Sigmoid', 8, 7, 'Sigmoid', 16, 3, 'Tanh', 16, 3, 'Sigmoid', 2, 3, 'Sigmoid', 8, 3, 'Sigmoid']
[64, 3, 'ReLU', 8, 3, 'Sigmoid', 8, 3, 'Tanh', 16, 3, 'Sigmoid', 32, 3, 'Sigmoid']
[2, 3, 'Sigmoid', 2, 7, 'Sigmoid', 32, 3, 'Sigmoid', 2, 3, 'Sigmoid', 2, 7, 'Sigmoid', 32, 3, 'Sigmoid', 2, 3, 'Tanh']
[2, 3, 'Sigmoid', 16, 5, 'Sigmoid', 4, 3, 'Sigmoid', 16, 3, 'Sigmoid']
[2, 3, 'Sigmoid', 2, 3, 'Sigmoid']
[4, 3, 'Sigmoid', 4, 3, 'Sigmoid']
[4, 3, 'Sigmoid', 2, 3, 'Sigmoid', 8, 3, 'Sigmoid', 16, 3, 'Sigmoid']
[2, 3, 'Sigmoid']
[8, 3, 'Sigmoid', 8, 3, 'Sigmoid', 4, 3, 'Sigmoid', 8, 3, 'Sigmoid', 16, 3, 'Sigmoid', 4, 3, 'Sigmoid', 8, 3, 'Tanh']
[32, 3, 'Sigmoid', 4, 3, 'Sigmoid', 2, 3, 'Sigmoid', 16, 3, 'Sigmoid', 32, 3, 'Sigmoid', 64, 3, 'Sigmoid', 4, 3, 'Sigmoid', 2, 3, 'Tanh']
[32, 7, 'Tanh']
[2, 3, 'Sigmoid', 4, 3, 'Sigmoid', 16, 3, 'Tanh']
[2, 3, 'Sigmoid', 2, 3, 'Sigmoid']
[32, 3, 'Sigmoid', 2, 3, 'Sigmoid']
[16, 3, 'Sigmoid', 64, 3, 'Sigmoid']
[32, 3, 'Sigmoid']
[2, 3, 'Sigmoid']
[16, 3, 'Sigmoid', 2, 3, 'Sigmoid']
[16, 7, 'Sigmoid', 16, 5, 'Sigmoid', 8, 3, 'Tanh', 2, 7, 'Sigmoid', 32, 3, 'Sigmoid', 16, 5, 'Sigmoid']
[]
[16, 3, 'Sigmoid']
[2, 3, 'Tanh', 2, 3, 'Sigmoid', 4, 5, 'Sigmoid', 8, 3, 'Sigmoid', 2, 7, 'Sigmoid', 64, 3, 'Sigmoid']
[16, 3, 'Sigmoid', 32, 5, 'Sigmoid', 4, 3, 'Sigmoid']
[16, 3, 'Sigmoid', 32, 3, 'Sigmoid']
[2, 3, 'Sigmoid', 2, 7, 'Sigmoid', 2, 3, 'Sigmoid', 8, 7, 'Tanh']
[2, 3, 'Sigmoid']
[]
[32, 3, 'Sigmoid', 4, 3, 'Sigmoid', 32, 3, 'Sigmoid', 64, 3, 'Sigmoid', 16, 3, 'Sigmoid']
[2, 3, 'Tanh']
[32, 3, 'ReLU', 2, 3, 'ReLU']
[16, 3, 'Sigmoid', 8, 3, 'ReLU', 32, 3, 'Sigmoid', 8, 3, 'Sigmoid']
[32, 5, 'Sigmoid', 8, 3, 'Sigmoid']
[2, 3, 'Sigmoid']
[2, 3, 'Sigmoid', 8, 3, 'Sigmoid', 8, 3, 'Sigmoid']
[4, 3, 'Tanh']
[]
[4, 3, 'Sigmoid']
[4, 3, 'Sigmoid']
[8, 3, 'Sigmoid']
[8, 7, 'Sigmoid', 8, 3, 'Sigmoid', 4, 3, 'Sigmoid', 8, 3, 'Sigmoid', 4, 3, 'Sigmoid']
[16, 3, 'Sigmoid']
[2, 3, 'Sigmoid', 8, 3, 'Sigmoid']
[2, 3, 'Sigmoid']
[32, 3, 'Sigmoid', 64, 3, 'Sigmoid', 16, 3, 'Tanh']
[16, 3, 'Sigmoid', 8, 7, 'Sigmoid', 16, 3, 'Tanh', 4, 3, 'Sigmoid', 8, 3, 'Sigmoid', 2, 3, 'Sigmoid', 4, 3, 'Sigmoid', 8, 3, 'Sigmoid']
[2, 3, 'Sigmoid', 64, 3, 'Sigmoid']
[2, 3, 'Sigmoid']
[16, 3, 'Sigmoid', 32, 3, 'Tanh', 8, 3, 'Sigmoid']
[4, 3, 'Sigmoid', 4, 3, 'Sigmoid']
[2, 3, 'Sigmoid', 8, 3, 'Sigmoid']
[2, 3, 'Sigmoid', 8, 3, 'ReLU']
[8, 3, 'Sigmoid', 4, 5, 'Sigmoid', 2, 3, 'Sigmoid']
[16, 3, 'Sigmoid', 8, 3, 'Sigmoid', 4, 3, 'Sigmoid']
[2, 3, 'Sigmoid']
[2, 3, 'Sigmoid', 2, 3, 'Sigmoid', 8, 3, 'Sigmoid', 8, 3, 'Sigmoid', 64, 3, 'Sigmoid']
[2, 3, 'Sigmoid']
[2, 3, 'Sigmoid']
[4, 3, 'Sigmoid', 4, 3, 'Sigmoid', 4, 3, 'Sigmoid']
[32, 3, 'Sigmoid', 8, 3, 'Sigmoid', 4, 3, 'Sigmoid', 64, 7, 'Sigmoid', 64, 7, 'Sigmoid', 16, 3, 'Tanh', 64, 3, 'Sigmoid', 8, 3, 'Tanh']
[2, 3, 'Tanh', 16, 3, 'Sigmoid']
[2, 3, 'Sigmoid']
[2, 3, 'Sigmoid', 16, 3, 'Sigmoid', 64, 3, 'Tanh']
[8, 3, 'Tanh']
[8, 3, 'Sigmoid', 4, 3, 'Tanh']
[16, 3, 'Sigmoid']
[2, 3, 'Sigmoid', 8, 3, 'Sigmoid']
[16, 3, 'Sigmoid', 16, 5, 'Tanh', 2, 5, 'Sigmoid']
[32, 3, 'Sigmoid', 64, 3, 'Tanh']
[8, 5, 'Sigmoid', 2, 3, 'Sigmoid', 16, 3, 'Sigmoid']
[2, 3, 'Tanh', 32, 3, 'Sigmoid', 8, 3, 'Sigmoid']
[16, 3, 'Sigmoid', 4, 5, 'Sigmoid']
[16, 5, 'Sigmoid', 64, 3, 'Sigmoid', 8, 7, 'Sigmoid', 2, 3, 'Sigmoid']
[32, 3, 'Sigmoid', 16, 3, 'Sigmoid', 8, 3, 'Sigmoid']
[64, 3, 'Sigmoid', 8, 3, 'Sigmoid']
[16, 3, 'Sigmoid']
[32, 3, 'Sigmoid']
[16, 3, 'Sigmoid']
[32, 3, 'Sigmoid', 32, 3, 'Sigmoid']
[4, 3, 'Tanh', 32, 3, 'Tanh']
[32, 5, 'Sigmoid', 8, 3, 'Tanh', 32, 3, 'Sigmoid', 16, 3, 'Sigmoid', 64, 3, 'Sigmoid', 16, 3, 'Sigmoid', 2, 3, 'Sigmoid']
[16, 3, 'ReLU', 32, 3, 'Sigmoid', 2, 3, 'Sigmoid']
[2, 3, 'Sigmoid', 4, 3, 'Sigmoid', 2, 3, 'Sigmoid']
[32, 3, 'Sigmoid', 4, 3, 'Sigmoid', 16, 3, 'Sigmoid']
[2, 3, 'Sigmoid', 32, 3, 'Sigmoid']
[32, 3, 'Sigmoid', 4, 3, 'Sigmoid', 32, 3, 'Sigmoid', 2, 3, 'Sigmoid', 32, 3, 'Sigmoid', 2, 3, 'Sigmoid']
[16, 3, 'Sigmoid', 4, 3, 'Sigmoid', 32, 3, 'Sigmoid', 64, 3, 'Sigmoid']
[2, 3, 'Sigmoid']
[16, 3, 'Sigmoid', 2, 3, 'Sigmoid', 4, 3, 'Sigmoid', 32, 3, 'Tanh', 4, 3, 'Sigmoid', 4, 3, 'Sigmoid']
[2, 3, 'Sigmoid', 4, 3, 'Sigmoid', 4, 5, 'Sigmoid', 32, 7, 'Sigmoid', 32, 3, 'Sigmoid', 64, 3, 'Sigmoid', 64, 3, 'Sigmoid']
[8, 3, 'Sigmoid', 2, 7, 'Sigmoid', 16, 3, 'Sigmoid', 16, 3, 'Sigmoid', 2, 3, 'Tanh', 32, 3, 'Sigmoid', 8, 5, 'Sigmoid']
[16, 3, 'Sigmoid', 64, 3, 'Sigmoid']
[32, 3, 'Sigmoid', 4, 3, 'Tanh']
[16, 3, 'Tanh', 2, 3, 'Sigmoid', 16, 3, 'Sigmoid', 2, 3, 'Tanh', 16, 3, 'Sigmoid', 2, 3, 'Sigmoid']
[2, 3, 'Sigmoid', 2, 3, 'Sigmoid']
[2, 3, 'Sigmoid']
[32, 3, 'Sigmoid', 64, 3, 'Sigmoid', 2, 3, 'Sigmoid', 64, 3, 'Tanh', 16, 3, 'Sigmoid', 2, 7, 'Sigmoid', 16, 7, 'Sigmoid']
[2, 3, 'Sigmoid']
[4, 3, 'Sigmoid']
[2, 3, 'Tanh']
[16, 3, 'Sigmoid']
[64, 3, 'Sigmoid', 2, 3, 'Sigmoid', 32, 3, 'Tanh']
[2, 3, 'Sigmoid']
[2, 3, 'Sigmoid', 4, 3, 'Tanh']
[2, 3, 'Sigmoid', 16, 3, 'Sigmoid', 4, 3, 'Sigmoid', 8, 3, 'Sigmoid', 4, 3, 'Sigmoid', 2, 3, 'Sigmoid', 16, 7, 'Sigmoid']
[16, 3, 'Tanh']
[16, 3, 'Sigmoid', 16, 3, 'Sigmoid', 32, 7, 'Sigmoid', 8, 5, 'ReLU']
[2, 3, 'Tanh']
[2, 3, 'Sigmoid', 2, 7, 'Sigmoid']
[2, 3, 'Sigmoid', 2, 3, 'Sigmoid', 2, 3, 'Tanh', 32, 3, 'Sigmoid']
[2, 3, 'Sigmoid']
[2, 3, 'Sigmoid', 2, 3, 'Sigmoid', 64, 3, 'Sigmoid', 2, 3, 'Sigmoid']
[32, 3, 'Sigmoid']
[16, 3, 'Sigmoid', 2, 3, 'Sigmoid', 64, 3, 'Sigmoid', 2, 3, 'Tanh', 32, 3, 'Sigmoid', 16, 3, 'Sigmoid', 4, 3, 'Sigmoid', 8, 3, 'Tanh']
[4, 3, 'Sigmoid', 2, 3, 'Sigmoid', 8, 3, 'Sigmoid', 16, 3, 'Sigmoid', 2, 3, 'Sigmoid', 32, 3, 'Tanh']
[2, 3, 'Sigmoid', 2, 3, 'Sigmoid']
[2, 7, 'Sigmoid', 8, 3, 'Sigmoid', 2, 3, 'Sigmoid']
[2, 3, 'Sigmoid', 32, 3, 'Sigmoid']
[2, 3, 'Sigmoid', 8, 3, 'Sigmoid', 2, 3, 'Sigmoid', 4, 3, 'Sigmoid', 2, 3, 'Sigmoid', 8, 3, 'Sigmoid', 32, 5, 'Sigmoid', 8, 5, 'Sigmoid']
1620/1800
User defined signal 2

------------------------------------------------------------
Sender: LSF System <lsfadmin@n-62-20-4>
Subject: Job 4992368: <myJob> in cluster <dcc> Exited

Job <myJob> was submitted from host <gbarlogin2> by user <s174007> in cluster <dcc> at Sat Dec 28 15:21:45 2019
Job was executed on host(s) <n-62-20-4>, in queue <gpuv100>, as user <s174007> in cluster <dcc> at Sat Dec 28 15:21:47 2019
</zhome/b0/b/127184> was used as the home directory.
</zhome/b0/b/127184/Documents/Projects/AutoML/scripts> was used as the working directory.
Started at Sat Dec 28 15:21:47 2019
Terminated at Sun Dec 29 14:21:45 2019
Results reported at Sun Dec 29 14:21:45 2019

Your job looked like:

------------------------------------------------------------
# LSBATCH: User input
#!/bin/sh
#BSUB -q gpuv100
#BSUB -gpu "num=1"
#BSUB -J myJob
#BSUB -n 1
#BSUB -W 23:00
#BSUB -R "rusage[mem=20GB]"
#BSUB -o ../logs/conv%J.out

module load python3/3.6.2
module load cuda/8.0
module load cudnn/v7.0-prod-cuda8

echo "Running script..."
python3 train.py 1800 CONV 0.01 emoving

------------------------------------------------------------

TERM_RUNLIMIT: job killed after reaching LSF run time limit.
Exited with exit code 140.

Resource usage summary:

    CPU time :                                   82595.00 sec.
    Max Memory :                                 1912 MB
    Average Memory :                             1909.20 MB
    Total Requested Memory :                     20480.00 MB
    Delta Memory :                               18568.00 MB
    Max Swap :                                   -
    Max Processes :                              4
    Max Threads :                                10
    Run time :                                   82805 sec.
    Turnaround time :                            82800 sec.

The output (if any) is above this job summary.

