Loaded module: python3/3.6.2
Loaded module: cuda/8.0
Loaded module: cudnn/v7.0-prod-cuda8
Running script...
##converting Controller to cuda-enabled
Traceback (most recent call last):
  File "train.py", line 21, in <module>
    accuracy_hist, loss_hist, probs_layer_1, depth, sample_networks = trainer(parameters["rollouts"],parameters["dataset"], parameters["lr"], parameters["controltype"])
  File "/zhome/b0/b/127184/Documents/Projects/AutoML/scripts/trainer.py", line 53, in trainer
    train_m.conv_data(data_set_name="MNIST", batch_size_train=64, batch_size_val=32)
  File "/zhome/b0/b/127184/Documents/Projects/AutoML/scripts/Environment.py", line 257, in conv_data
    self.train_loader = get_variable(torch.utils.data.DataLoader(train_set, batch_size=batch_size_train, shuffle=False))
  File "/zhome/b0/b/127184/Documents/Projects/AutoML/scripts/helpers.py", line 6, in get_variable
    return Variable(x, **kwargs).cuda()
TypeError: Variable data has to be a tensor, but got DataLoader

------------------------------------------------------------
Sender: LSF System <lsfadmin@n-62-20-7>
Subject: Job 4989904: <myJob> in cluster <dcc> Exited

Job <myJob> was submitted from host <gbarlogin2> by user <s174007> in cluster <dcc> at Fri Dec 27 10:15:37 2019
Job was executed on host(s) <n-62-20-7>, in queue <gpuv100>, as user <s174007> in cluster <dcc> at Fri Dec 27 10:15:39 2019
</zhome/b0/b/127184> was used as the home directory.
</zhome/b0/b/127184/Documents/Projects/AutoML/scripts> was used as the working directory.
Started at Fri Dec 27 10:15:39 2019
Terminated at Fri Dec 27 10:15:48 2019
Results reported at Fri Dec 27 10:15:48 2019

Your job looked like:

------------------------------------------------------------
# LSBATCH: User input
#!/bin/sh
#BSUB -q gpuv100
#BSUB -gpu "num=1"
#BSUB -J myJob
#BSUB -n 1
#BSUB -W 20:00
#BSUB -R "rusage[mem=20GB]"
#BSUB -o ../logs/conv%J.out

module load python3/3.6.2
module load cuda/8.0
module load cudnn/v7.0-prod-cuda8

echo "Running script..."
python3 train.py 10000 CONV 0.01 emoving

------------------------------------------------------------

Exited with exit code 1.

Resource usage summary:

    CPU time :                                   4.56 sec.
    Max Memory :                                 66 MB
    Average Memory :                             66.00 MB
    Total Requested Memory :                     20480.00 MB
    Delta Memory :                               20414.00 MB
    Max Swap :                                   -
    Max Processes :                              4
    Max Threads :                                6
    Run time :                                   9 sec.
    Turnaround time :                            11 sec.

The output (if any) is above this job summary.

