Loaded module: python3/3.6.2
Loaded module: cuda/8.0
Loaded module: cudnn/v7.0-prod-cuda8
Running script...
##converting Controller to cuda-enabled
[4, 7, 'ReLU', 32, 7, 'Tanh', 16, 5, 'ReLU', 16, 7, 'Tanh', 16, 5, 'ReLU', 16, 5, 'Tanh']
[16, 3, 'Tanh', 8, 5, 'ReLU']
[64, 5, 'Sigmoid']
[8, 5, 'Sigmoid', 64, 5, 'Sigmoid', 16, 3, 'Sigmoid', 4, 3, 'Sigmoid']
[16, 3, 'Sigmoid']
[8, 5, 'ReLU']
[]
[]
[32, 5, 'Tanh', 4, 3, 'Tanh', 2, 3, 'ReLU', 32, 3, 'ReLU', 64, 3, 'Sigmoid', 8, 5, 'ReLU', 64, 5, 'Tanh', 4, 3, 'Sigmoid']
[8, 5, 'ReLU', 16, 3, 'Tanh', 16, 3, 'Tanh', 4, 3, 'Tanh', 8, 3, 'Sigmoid', 2, 5, 'Sigmoid', 4, 3, 'Tanh', 4, 3, 'Sigmoid']
[4, 3, 'ReLU', 4, 5, 'ReLU', 32, 3, 'Sigmoid', 32, 5, 'Sigmoid', 4, 5, 'Sigmoid', 32, 5, 'Tanh', 2, 3, 'Tanh', 2, 5, 'Sigmoid']
[16, 7, 'Sigmoid', 64, 5, 'Sigmoid', 4, 5, 'Tanh', 64, 3, 'ReLU']
[4, 5, 'Sigmoid', 16, 3, 'ReLU', 8, 3, 'Tanh', 32, 7, 'Sigmoid', 32, 5, 'Sigmoid']
[]
[64, 3, 'Tanh']
[8, 3, 'Tanh', 64, 7, 'ReLU', 4, 3, 'Sigmoid', 4, 3, 'Sigmoid', 32, 3, 'Sigmoid', 4, 5, 'Sigmoid', 32, 7, 'Sigmoid', 64, 5, 'Sigmoid']
[4, 7, 'Sigmoid', 8, 7, 'Sigmoid', 64, 7, 'Sigmoid', 2, 5, 'Sigmoid', 64, 7, 'Sigmoid', 64, 3, 'Tanh']
[]
[16, 3, 'Sigmoid', 16, 5, 'Sigmoid', 2, 3, 'Sigmoid', 16, 5, 'Sigmoid', 32, 7, 'Tanh', 16, 5, 'Sigmoid']
[8, 3, 'ReLU', 32, 3, 'Sigmoid', 2, 3, 'Sigmoid', 16, 7, 'Sigmoid', 16, 5, 'Sigmoid', 4, 3, 'Tanh', 16, 3, 'Sigmoid', 4, 7, 'Sigmoid']
[16, 5, 'Tanh']
[4, 3, 'Tanh', 2, 3, 'Sigmoid', 32, 3, 'Tanh', 16, 3, 'Sigmoid']
[8, 3, 'Tanh', 32, 3, 'Sigmoid', 4, 5, 'Sigmoid', 4, 3, 'Tanh', 4, 3, 'Sigmoid', 4, 3, 'Tanh', 2, 3, 'ReLU', 8, 3, 'Sigmoid']
[64, 3, 'Sigmoid', 4, 3, 'Sigmoid']
[64, 7, 'Tanh', 16, 3, 'Sigmoid', 8, 7, 'Sigmoid', 2, 3, 'Sigmoid', 32, 3, 'Sigmoid', 4, 3, 'Sigmoid', 64, 7, 'Tanh', 2, 3, 'Sigmoid']
[2, 5, 'Tanh']
[4, 3, 'Sigmoid', 32, 3, 'Sigmoid', 32, 3, 'Tanh', 4, 3, 'Sigmoid', 64, 3, 'Sigmoid', 32, 3, 'Sigmoid', 32, 3, 'Sigmoid', 32, 3, 'Sigmoid']
[64, 5, 'Sigmoid', 64, 3, 'ReLU', 8, 3, 'Tanh', 2, 3, 'Sigmoid', 2, 7, 'Sigmoid', 4, 3, 'ReLU', 16, 3, 'Tanh', 4, 3, 'Sigmoid']
[16, 3, 'Sigmoid', 32, 7, 'Tanh', 32, 3, 'Sigmoid', 4, 3, 'Sigmoid', 4, 7, 'Sigmoid', 4, 3, 'Sigmoid', 16, 3, 'Sigmoid', 4, 7, 'Sigmoid']
[16, 7, 'Sigmoid', 32, 3, 'Sigmoid', 64, 3, 'Sigmoid', 8, 3, 'Sigmoid', 4, 3, 'Tanh', 2, 3, 'Sigmoid']
[32, 3, 'ReLU', 32, 3, 'Tanh', 16, 3, 'Tanh', 16, 3, 'Sigmoid', 2, 7, 'Sigmoid', 2, 3, 'Tanh', 2, 7, 'Sigmoid', 4, 3, 'Sigmoid']
[]
[4, 3, 'Tanh']
[4, 5, 'Tanh', 4, 3, 'Sigmoid', 4, 3, 'Sigmoid', 4, 7, 'Sigmoid', 32, 3, 'Sigmoid', 2, 3, 'Tanh', 8, 3, 'Sigmoid', 4, 7, 'Sigmoid']
[4, 5, 'Sigmoid', 4, 3, 'Tanh', 4, 3, 'Tanh', 64, 3, 'Tanh', 8, 3, 'Sigmoid', 4, 3, 'Sigmoid', 32, 3, 'Sigmoid', 32, 3, 'Tanh']
[2, 7, 'Tanh']
[2, 7, 'Sigmoid', 16, 3, 'Sigmoid', 8, 3, 'Sigmoid', 32, 3, 'Sigmoid']
[32, 5, 'Sigmoid', 32, 3, 'Sigmoid']
[32, 5, 'Sigmoid', 32, 3, 'Sigmoid', 16, 7, 'Sigmoid', 4, 3, 'Tanh', 4, 7, 'Sigmoid']
[8, 5, 'Sigmoid', 64, 3, 'ReLU', 32, 7, 'Sigmoid', 64, 3, 'Sigmoid']
[64, 3, 'Sigmoid', 2, 3, 'Sigmoid', 32, 3, 'Sigmoid', 32, 3, 'Sigmoid', 32, 5, 'Tanh', 4, 3, 'Sigmoid', 4, 3, 'Sigmoid', 32, 3, 'ReLU']
[64, 3, 'Tanh']
[64, 3, 'Sigmoid', 2, 3, 'Tanh', 4, 3, 'Tanh', 32, 7, 'Sigmoid', 64, 7, 'Sigmoid', 4, 3, 'ReLU']
[16, 3, 'Sigmoid']
[]
[2, 7, 'Sigmoid', 32, 3, 'Sigmoid', 4, 3, 'Sigmoid', 32, 3, 'Sigmoid', 2, 3, 'Sigmoid']
[8, 3, 'ReLU', 8, 5, 'Sigmoid']
[16, 5, 'Sigmoid', 32, 3, 'Sigmoid', 32, 3, 'Sigmoid', 4, 3, 'Sigmoid', 8, 3, 'Tanh', 16, 3, 'Sigmoid']
[2, 3, 'Sigmoid', 4, 3, 'Sigmoid', 2, 3, 'Sigmoid', 2, 3, 'Sigmoid', 8, 3, 'Sigmoid', 4, 7, 'Sigmoid', 8, 7, 'Sigmoid', 32, 7, 'Sigmoid']
[64, 7, 'Sigmoid', 4, 3, 'Sigmoid', 32, 7, 'Sigmoid', 32, 3, 'Sigmoid']
[16, 3, 'Tanh', 4, 7, 'Sigmoid', 64, 7, 'Sigmoid']
[64, 5, 'Sigmoid', 2, 3, 'Sigmoid', 4, 3, 'Sigmoid', 32, 3, 'Sigmoid', 32, 3, 'Sigmoid', 2, 3, 'Sigmoid', 16, 7, 'Sigmoid']
[]
[4, 3, 'Sigmoid', 4, 3, 'Tanh', 32, 3, 'Sigmoid', 2, 7, 'Sigmoid', 32, 3, 'Sigmoid', 4, 3, 'Sigmoid', 4, 3, 'Sigmoid']
[64, 5, 'Sigmoid', 8, 5, 'Sigmoid', 8, 3, 'Tanh', 8, 3, 'Sigmoid', 32, 7, 'ReLU', 4, 3, 'Sigmoid', 2, 3, 'Sigmoid', 2, 3, 'Sigmoid']
[2, 3, 'Sigmoid', 16, 3, 'Tanh', 4, 7, 'Sigmoid', 32, 7, 'Sigmoid', 4, 3, 'Sigmoid', 8, 3, 'Sigmoid']
[32, 3, 'Sigmoid', 64, 3, 'Sigmoid', 2, 3, 'Sigmoid', 2, 3, 'Sigmoid', 8, 3, 'Sigmoid', 4, 3, 'Tanh', 32, 3, 'Sigmoid', 32, 3, 'Tanh']
[8, 7, 'Sigmoid', 32, 7, 'Sigmoid', 32, 7, 'Sigmoid', 2, 7, 'Sigmoid', 64, 3, 'Tanh', 4, 3, 'Sigmoid', 2, 3, 'Sigmoid', 8, 3, 'Sigmoid']
[2, 5, 'Sigmoid']
[8, 5, 'Sigmoid', 32, 3, 'Sigmoid', 32, 3, 'Sigmoid', 2, 3, 'Sigmoid']
[]
[64, 5, 'Sigmoid', 2, 7, 'Sigmoid', 64, 7, 'Sigmoid', 32, 3, 'Sigmoid', 32, 3, 'Sigmoid', 4, 3, 'Sigmoid', 8, 7, 'Sigmoid', 16, 3, 'Sigmoid']
[64, 7, 'Sigmoid']
[64, 3, 'ReLU', 2, 3, 'Sigmoid', 32, 3, 'Sigmoid']
[64, 5, 'Sigmoid', 4, 3, 'Sigmoid', 2, 3, 'Sigmoid', 2, 3, 'Sigmoid', 32, 3, 'Sigmoid']
[2, 5, 'Tanh', 8, 3, 'Sigmoid', 32, 7, 'Sigmoid', 32, 7, 'Sigmoid']
[2, 5, 'Sigmoid', 2, 7, 'Sigmoid']
[64, 3, 'Sigmoid', 16, 3, 'Sigmoid']
[]
[]
[8, 3, 'Sigmoid', 2, 3, 'Sigmoid', 4, 3, 'Sigmoid', 8, 3, 'Sigmoid']
[32, 7, 'Tanh', 16, 7, 'Sigmoid']
[]
[8, 3, 'Sigmoid', 4, 3, 'Sigmoid', 2, 3, 'Sigmoid', 2, 3, 'Tanh']
[64, 5, 'Sigmoid']
[64, 3, 'Sigmoid', 8, 3, 'Tanh', 4, 7, 'Sigmoid', 64, 3, 'Sigmoid', 16, 3, 'Tanh', 32, 3, 'Tanh']
[2, 7, 'Sigmoid', 4, 3, 'Sigmoid', 32, 3, 'Sigmoid']
[64, 7, 'Sigmoid']
[2, 3, 'Tanh', 16, 5, 'Sigmoid']
[16, 3, 'Sigmoid', 4, 3, 'Sigmoid', 2, 3, 'Sigmoid']
[]
[64, 7, 'Sigmoid', 32, 3, 'Sigmoid', 8, 3, 'Sigmoid', 2, 3, 'Sigmoid', 16, 3, 'Sigmoid', 16, 7, 'Sigmoid', 32, 3, 'Sigmoid', 32, 3, 'Tanh']
[2, 7, 'Sigmoid', 4, 7, 'Tanh', 2, 3, 'Sigmoid', 16, 7, 'Sigmoid', 2, 7, 'Sigmoid', 16, 3, 'Sigmoid', 16, 3, 'Sigmoid', 2, 3, 'Sigmoid']
[]
[16, 5, 'Sigmoid', 16, 3, 'Sigmoid', 2, 3, 'ReLU', 32, 3, 'Sigmoid', 32, 3, 'Sigmoid']
[2, 5, 'Sigmoid', 4, 3, 'Sigmoid', 4, 7, 'Tanh', 2, 3, 'Sigmoid']
[2, 7, 'Sigmoid', 32, 3, 'Sigmoid', 4, 3, 'Sigmoid', 4, 3, 'Sigmoid', 2, 3, 'Sigmoid']
[2, 3, 'Sigmoid', 64, 3, 'Sigmoid', 8, 3, 'Sigmoid', 32, 3, 'Sigmoid', 32, 3, 'Sigmoid', 2, 7, 'Sigmoid', 2, 7, 'Sigmoid']
[4, 3, 'Sigmoid', 2, 3, 'Sigmoid', 64, 3, 'Sigmoid', 2, 3, 'Sigmoid', 32, 3, 'ReLU']
[64, 5, 'Sigmoid']
[8, 3, 'Sigmoid', 8, 5, 'Sigmoid', 2, 3, 'Sigmoid', 32, 3, 'Sigmoid', 4, 3, 'Sigmoid', 32, 3, 'Sigmoid', 32, 3, 'Sigmoid', 32, 3, 'Sigmoid']
[]
[64, 7, 'Sigmoid', 4, 3, 'Sigmoid', 32, 3, 'Sigmoid', 64, 3, 'Sigmoid']
[2, 3, 'Sigmoid', 4, 3, 'ReLU', 32, 3, 'Sigmoid', 2, 3, 'Sigmoid', 32, 3, 'Sigmoid', 64, 7, 'Sigmoid', 4, 3, 'Tanh', 4, 3, 'Sigmoid']
[]
[2, 3, 'Sigmoid', 32, 7, 'Sigmoid', 32, 3, 'Sigmoid', 4, 3, 'Tanh', 4, 3, 'Sigmoid', 32, 7, 'Sigmoid', 8, 3, 'Tanh', 4, 3, 'Tanh']
[4, 3, 'Sigmoid', 4, 3, 'Sigmoid', 4, 3, 'Sigmoid', 4, 3, 'Sigmoid', 32, 7, 'Sigmoid', 4, 3, 'Sigmoid', 32, 3, 'Tanh', 4, 3, 'Sigmoid']
[8, 7, 'Sigmoid', 32, 7, 'Sigmoid', 32, 3, 'Sigmoid', 4, 3, 'Sigmoid', 16, 3, 'Sigmoid', 32, 3, 'Sigmoid', 4, 3, 'Sigmoid']
[]
[]
[16, 7, 'Sigmoid', 4, 3, 'Sigmoid', 4, 3, 'Sigmoid', 16, 3, 'Sigmoid', 4, 3, 'Sigmoid', 32, 7, 'Tanh', 4, 3, 'Tanh', 32, 3, 'Sigmoid']
[16, 3, 'Sigmoid', 4, 3, 'Tanh']
[32, 7, 'Sigmoid', 32, 3, 'Tanh', 2, 3, 'Sigmoid', 8, 3, 'Tanh', 16, 7, 'Sigmoid', 16, 3, 'Sigmoid', 16, 5, 'Sigmoid', 2, 3, 'Sigmoid']
[2, 3, 'Tanh', 4, 3, 'Sigmoid', 32, 3, 'Sigmoid', 8, 3, 'ReLU', 2, 3, 'Sigmoid', 4, 3, 'ReLU', 4, 7, 'Sigmoid', 4, 3, 'Sigmoid']
[2, 5, 'Sigmoid', 4, 3, 'Sigmoid', 8, 3, 'Sigmoid']
[8, 3, 'Sigmoid', 4, 3, 'Sigmoid', 4, 3, 'Sigmoid', 32, 3, 'Sigmoid', 16, 3, 'Sigmoid', 4, 3, 'Sigmoid', 8, 3, 'Tanh', 2, 3, 'Sigmoid']
[16, 3, 'Sigmoid', 32, 7, 'Sigmoid', 4, 3, 'Sigmoid', 16, 3, 'Sigmoid', 8, 3, 'Sigmoid', 32, 7, 'Sigmoid', 32, 3, 'Sigmoid', 4, 3, 'Sigmoid']
[16, 3, 'Sigmoid', 8, 3, 'Tanh', 32, 3, 'Tanh', 64, 3, 'Tanh', 32, 3, 'Sigmoid']
[2, 3, 'Sigmoid', 32, 3, 'Sigmoid', 16, 7, 'Tanh', 8, 3, 'Sigmoid', 2, 3, 'Tanh', 32, 3, 'Sigmoid']
[32, 7, 'Sigmoid', 4, 3, 'Sigmoid', 16, 3, 'Sigmoid', 32, 3, 'Tanh', 4, 3, 'Sigmoid', 2, 3, 'Sigmoid', 16, 3, 'Sigmoid', 4, 3, 'Tanh']
[16, 3, 'Sigmoid', 64, 3, 'Sigmoid', 2, 3, 'Sigmoid', 8, 3, 'Tanh', 2, 5, 'Sigmoid', 64, 3, 'Sigmoid', 64, 3, 'Sigmoid', 2, 3, 'Sigmoid']
[64, 3, 'ReLU', 8, 3, 'Sigmoid', 32, 3, 'ReLU', 4, 3, 'Sigmoid', 8, 3, 'Sigmoid', 16, 3, 'Sigmoid', 4, 3, 'Sigmoid']
[16, 5, 'Sigmoid', 64, 3, 'ReLU', 64, 3, 'Sigmoid']
[64, 3, 'Sigmoid', 2, 5, 'Sigmoid', 32, 3, 'ReLU', 32, 3, 'Sigmoid', 2, 7, 'Tanh', 4, 3, 'Sigmoid', 8, 3, 'Sigmoid', 8, 3, 'Sigmoid']
[32, 7, 'Sigmoid', 16, 3, 'Sigmoid', 4, 7, 'Sigmoid', 8, 3, 'Sigmoid', 32, 3, 'Sigmoid', 4, 3, 'Sigmoid', 32, 7, 'Sigmoid', 2, 3, 'Sigmoid']
[32, 3, 'Sigmoid', 16, 3, 'Sigmoid', 16, 3, 'Sigmoid', 4, 3, 'Sigmoid', 16, 3, 'Sigmoid', 8, 3, 'Sigmoid', 4, 3, 'Tanh', 32, 3, 'Sigmoid']
[4, 5, 'Sigmoid', 64, 3, 'Sigmoid', 4, 3, 'ReLU', 4, 3, 'Sigmoid', 32, 3, 'Sigmoid', 32, 3, 'Sigmoid', 2, 3, 'Sigmoid', 8, 3, 'Sigmoid']
[64, 5, 'Sigmoid', 32, 3, 'Tanh', 4, 5, 'Sigmoid', 32, 3, 'Sigmoid', 4, 3, 'Tanh']
[]
[]
[]
[8, 7, 'Tanh', 2, 7, 'Sigmoid', 16, 3, 'Sigmoid', 2, 3, 'Sigmoid', 4, 3, 'Sigmoid', 2, 5, 'Sigmoid', 4, 7, 'Tanh', 2, 3, 'Sigmoid']
[64, 3, 'Sigmoid', 32, 5, 'Sigmoid', 16, 3, 'Sigmoid', 4, 3, 'Sigmoid', 4, 3, 'Sigmoid', 32, 3, 'Tanh', 4, 3, 'Sigmoid', 32, 3, 'Sigmoid']
[32, 7, 'Sigmoid', 2, 3, 'Sigmoid']
[8, 5, 'Sigmoid', 2, 3, 'ReLU', 4, 3, 'Sigmoid', 4, 3, 'Sigmoid', 64, 3, 'Tanh', 32, 3, 'Sigmoid', 32, 3, 'Tanh', 2, 3, 'Sigmoid']
[]
[16, 3, 'Sigmoid']
[32, 3, 'Sigmoid', 4, 3, 'Sigmoid']
[64, 3, 'Tanh', 4, 3, 'ReLU', 8, 3, 'Sigmoid', 32, 3, 'Sigmoid', 4, 3, 'Sigmoid', 2, 3, 'Sigmoid']
[4, 5, 'Sigmoid', 16, 3, 'Sigmoid', 4, 7, 'Sigmoid', 4, 3, 'Sigmoid', 32, 5, 'ReLU', 4, 3, 'Sigmoid', 32, 3, 'Sigmoid']
[32, 3, 'Sigmoid', 4, 5, 'Sigmoid', 4, 3, 'Tanh', 2, 5, 'ReLU', 8, 3, 'Sigmoid', 32, 3, 'ReLU', 2, 3, 'Sigmoid', 2, 7, 'Sigmoid']
[]
[2, 7, 'Sigmoid', 8, 3, 'Sigmoid', 4, 3, 'Sigmoid', 8, 3, 'Sigmoid', 4, 3, 'Tanh', 8, 3, 'Sigmoid', 4, 3, 'Sigmoid', 4, 3, 'Sigmoid']
[8, 7, 'Sigmoid', 2, 5, 'Sigmoid']
[]
[16, 3, 'Sigmoid', 4, 3, 'Tanh', 64, 7, 'Sigmoid', 8, 3, 'Tanh', 8, 5, 'Sigmoid', 8, 3, 'Sigmoid', 8, 3, 'ReLU', 2, 7, 'Tanh']
[2, 7, 'Sigmoid']
[32, 3, 'Sigmoid', 2, 3, 'Sigmoid']
[4, 3, 'Tanh']
[2, 3, 'Sigmoid', 4, 3, 'Sigmoid', 4, 3, 'Sigmoid', 2, 3, 'Tanh']
[]
[16, 3, 'Tanh']
[4, 5, 'ReLU', 32, 3, 'Sigmoid']
[32, 3, 'Sigmoid']
[]
[]
[4, 3, 'Sigmoid', 32, 3, 'Sigmoid', 16, 3, 'Sigmoid', 64, 3, 'Sigmoid', 16, 3, 'ReLU', 32, 3, 'Sigmoid', 4, 3, 'Tanh']
[8, 3, 'Sigmoid', 4, 3, 'ReLU']
[32, 3, 'Sigmoid']
[32, 3, 'Sigmoid', 4, 3, 'Sigmoid', 2, 3, 'Sigmoid', 2, 3, 'Sigmoid', 2, 3, 'Sigmoid']
[16, 3, 'Sigmoid']
[2, 7, 'Sigmoid']
[]
[8, 5, 'Sigmoid']
[]
[32, 3, 'Sigmoid', 2, 7, 'Sigmoid', 32, 3, 'Tanh', 16, 3, 'Sigmoid']
[]
[]
[2, 7, 'Sigmoid', 32, 3, 'Sigmoid', 8, 7, 'Sigmoid']
[16, 3, 'Tanh', 8, 7, 'ReLU', 8, 3, 'Sigmoid', 8, 3, 'Sigmoid', 4, 3, 'Sigmoid']
[]
[2, 3, 'Sigmoid', 2, 3, 'Sigmoid', 2, 3, 'Tanh', 4, 3, 'Sigmoid', 2, 3, 'ReLU', 4, 3, 'Sigmoid', 2, 7, 'Tanh', 8, 3, 'Tanh']
[64, 3, 'Sigmoid', 4, 3, 'Sigmoid', 8, 3, 'Tanh', 8, 3, 'Sigmoid', 32, 7, 'Tanh', 32, 3, 'Tanh', 32, 3, 'Sigmoid', 2, 3, 'Sigmoid']
[32, 3, 'Tanh', 16, 3, 'Sigmoid', 16, 3, 'Tanh']
[8, 5, 'Sigmoid', 8, 7, 'Sigmoid', 4, 3, 'Tanh', 4, 3, 'Sigmoid', 2, 3, 'Sigmoid']
[32, 3, 'Sigmoid', 4, 3, 'Tanh', 32, 7, 'Sigmoid', 2, 3, 'Sigmoid', 2, 3, 'Sigmoid', 8, 5, 'Sigmoid', 2, 3, 'Sigmoid', 32, 3, 'Sigmoid']
[4, 7, 'Tanh']
[]
[32, 5, 'Sigmoid', 2, 3, 'Sigmoid', 16, 3, 'Sigmoid']
[]
[2, 3, 'Sigmoid', 16, 3, 'Sigmoid', 2, 3, 'Sigmoid', 32, 7, 'Sigmoid', 4, 3, 'Sigmoid', 4, 3, 'Sigmoid', 32, 5, 'Sigmoid', 8, 3, 'Sigmoid']
[16, 3, 'Tanh']
[16, 5, 'Sigmoid', 16, 7, 'Sigmoid', 16, 3, 'Tanh', 32, 7, 'Sigmoid', 8, 3, 'Sigmoid', 16, 7, 'Sigmoid', 2, 5, 'Sigmoid', 2, 7, 'Sigmoid']
[8, 5, 'Sigmoid', 8, 7, 'Sigmoid']
[]
[2, 3, 'Sigmoid']
[2, 7, 'Sigmoid', 32, 3, 'ReLU']
[]
[8, 3, 'Sigmoid', 4, 3, 'Sigmoid', 64, 3, 'Sigmoid', 8, 3, 'Tanh', 2, 3, 'Sigmoid', 4, 3, 'Tanh', 2, 3, 'ReLU', 4, 3, 'Sigmoid']
[]
[]
[32, 3, 'Sigmoid', 4, 3, 'Tanh', 4, 3, 'Sigmoid', 8, 3, 'Sigmoid']
[8, 3, 'Sigmoid', 32, 5, 'Tanh', 2, 7, 'ReLU', 4, 3, 'Tanh', 8, 3, 'Sigmoid', 8, 3, 'Sigmoid', 8, 7, 'Sigmoid', 16, 3, 'Sigmoid']
[2, 3, 'Sigmoid', 32, 3, 'Sigmoid']
[32, 3, 'Sigmoid']
[]
[4, 3, 'ReLU']
[32, 3, 'Sigmoid', 16, 3, 'Sigmoid', 8, 5, 'Sigmoid', 2, 3, 'Sigmoid', 4, 7, 'Sigmoid', 2, 3, 'Tanh']
[]
[8, 7, 'Sigmoid']
[32, 3, 'Sigmoid', 2, 3, 'Tanh', 4, 3, 'Sigmoid']
[32, 3, 'Sigmoid']
[]
[16, 5, 'Tanh', 8, 3, 'Tanh', 2, 7, 'ReLU', 4, 3, 'Tanh', 2, 5, 'Sigmoid', 4, 3, 'Sigmoid', 8, 3, 'Sigmoid', 4, 3, 'Sigmoid']
[8, 5, 'Sigmoid', 32, 3, 'Tanh', 16, 5, 'Sigmoid']
[32, 5, 'Sigmoid']
[2, 7, 'Sigmoid']
[8, 3, 'Sigmoid']
[]
[]
[2, 7, 'Tanh', 8, 3, 'Sigmoid', 2, 3, 'ReLU']
[]
[64, 3, 'Sigmoid', 8, 3, 'Sigmoid', 32, 3, 'ReLU']
[4, 3, 'Sigmoid', 8, 3, 'ReLU', 16, 3, 'Sigmoid', 32, 3, 'Sigmoid']
[2, 3, 'Sigmoid', 32, 7, 'Sigmoid']
[]
[2, 3, 'ReLU', 2, 3, 'ReLU', 2, 3, 'ReLU', 8, 3, 'Sigmoid']
[16, 5, 'ReLU', 2, 3, 'Sigmoid', 16, 3, 'Sigmoid']
[]
[8, 5, 'Tanh', 4, 3, 'Sigmoid', 64, 3, 'Sigmoid', 32, 3, 'Sigmoid', 4, 3, 'Sigmoid', 2, 5, 'Sigmoid']
[2, 3, 'Sigmoid', 4, 3, 'Tanh', 8, 5, 'Sigmoid', 64, 3, 'Sigmoid']
[8, 7, 'Sigmoid', 8, 7, 'Tanh', 2, 3, 'ReLU', 16, 3, 'Sigmoid', 2, 3, 'ReLU', 32, 3, 'Sigmoid', 8, 3, 'Sigmoid']
[]
[2, 3, 'Sigmoid', 4, 5, 'Sigmoid', 16, 3, 'Sigmoid', 2, 3, 'ReLU', 2, 3, 'Sigmoid']
[2, 3, 'Sigmoid', 4, 3, 'Tanh', 32, 3, 'Sigmoid']
[16, 3, 'Tanh', 2, 3, 'Sigmoid']
[2, 3, 'Sigmoid', 8, 3, 'Sigmoid', 16, 3, 'Sigmoid', 4, 3, 'Tanh', 4, 3, 'Sigmoid', 4, 3, 'Sigmoid']
[]
[32, 3, 'Sigmoid', 8, 7, 'Sigmoid', 8, 3, 'Sigmoid', 2, 5, 'Sigmoid', 2, 7, 'Sigmoid', 16, 3, 'Sigmoid', 4, 3, 'Sigmoid']
[64, 7, 'Sigmoid', 16, 7, 'Sigmoid', 4, 3, 'ReLU', 16, 3, 'Sigmoid', 4, 3, 'Sigmoid']
[]
[32, 3, 'Tanh', 2, 3, 'Tanh']
[]
[2, 3, 'Sigmoid', 16, 3, 'Sigmoid', 8, 7, 'Tanh', 2, 3, 'Sigmoid']
[8, 7, 'Sigmoid']
[4, 3, 'Sigmoid', 8, 3, 'ReLU', 4, 7, 'Sigmoid', 4, 3, 'Sigmoid', 16, 3, 'Sigmoid', 4, 7, 'Sigmoid', 4, 7, 'Sigmoid']
[32, 5, 'Sigmoid', 8, 7, 'Tanh', 4, 3, 'Sigmoid', 4, 7, 'Sigmoid']
[2, 3, 'Sigmoid', 2, 7, 'Sigmoid', 2, 7, 'Sigmoid', 2, 3, 'Sigmoid']
[32, 5, 'Tanh', 8, 7, 'Tanh', 8, 3, 'Sigmoid']
[]
[4, 3, 'Tanh', 4, 3, 'Sigmoid']
[32, 5, 'Sigmoid', 16, 3, 'Sigmoid', 32, 3, 'Tanh', 2, 3, 'Sigmoid', 64, 3, 'Sigmoid', 8, 5, 'Sigmoid', 4, 3, 'Sigmoid']
[16, 5, 'Tanh', 2, 3, 'ReLU', 16, 7, 'Tanh', 32, 3, 'Sigmoid']
[64, 3, 'Sigmoid', 32, 3, 'Sigmoid', 64, 3, 'Sigmoid', 8, 3, 'Sigmoid', 2, 3, 'Tanh', 64, 3, 'Sigmoid', 4, 3, 'Tanh']
[32, 3, 'Tanh', 2, 3, 'Sigmoid', 2, 5, 'Tanh', 4, 5, 'Sigmoid', 2, 3, 'Sigmoid', 8, 3, 'Sigmoid', 32, 7, 'Tanh', 16, 3, 'ReLU']
[8, 5, 'Sigmoid', 32, 3, 'Sigmoid', 4, 3, 'Tanh', 4, 3, 'Tanh', 32, 3, 'Sigmoid', 8, 3, 'Tanh']
[8, 5, 'Sigmoid', 4, 7, 'Sigmoid', 32, 3, 'Sigmoid', 4, 3, 'Sigmoid', 4, 3, 'Sigmoid', 8, 3, 'ReLU', 16, 3, 'ReLU']
[2, 7, 'Sigmoid', 32, 3, 'Sigmoid', 32, 7, 'Sigmoid', 4, 3, 'Sigmoid']
[]
[2, 3, 'Sigmoid', 2, 3, 'Sigmoid', 16, 3, 'Sigmoid', 4, 3, 'Sigmoid', 2, 5, 'Sigmoid', 2, 3, 'Sigmoid', 8, 5, 'Tanh', 2, 3, 'Sigmoid']
[]
[2, 3, 'Tanh']
[32, 3, 'Sigmoid']
[8, 7, 'Sigmoid']
[4, 5, 'Sigmoid', 4, 3, 'Sigmoid']
[2, 3, 'Sigmoid']
[64, 3, 'Tanh']
[4, 3, 'Sigmoid', 32, 3, 'Sigmoid', 64, 3, 'ReLU', 8, 3, 'Sigmoid', 16, 3, 'Sigmoid', 16, 3, 'Sigmoid']
[2, 3, 'Sigmoid', 16, 3, 'Sigmoid', 2, 3, 'Sigmoid', 4, 5, 'Tanh', 4, 3, 'Sigmoid']
[2, 3, 'Sigmoid', 2, 3, 'Sigmoid', 4, 3, 'Sigmoid', 2, 3, 'Sigmoid']
[]
[2, 3, 'Sigmoid', 2, 7, 'Sigmoid', 32, 3, 'Sigmoid']
[8, 3, 'Sigmoid', 32, 3, 'Sigmoid', 4, 3, 'ReLU', 16, 3, 'Sigmoid', 2, 3, 'Sigmoid', 16, 3, 'Sigmoid', 64, 3, 'Sigmoid', 16, 3, 'Sigmoid']
[2, 7, 'Sigmoid']
[64, 3, 'Tanh', 16, 3, 'Sigmoid']
[4, 3, 'Sigmoid']
[64, 7, 'Sigmoid']
[32, 7, 'Tanh', 32, 7, 'Sigmoid', 4, 7, 'Tanh', 4, 5, 'Tanh', 4, 3, 'Tanh', 64, 3, 'Sigmoid', 64, 3, 'Sigmoid', 2, 3, 'Sigmoid']
[64, 7, 'Tanh', 2, 3, 'Sigmoid', 2, 3, 'Tanh', 4, 7, 'Sigmoid', 16, 3, 'Tanh']
[]
[32, 3, 'Sigmoid', 8, 3, 'Sigmoid', 32, 3, 'Sigmoid', 4, 5, 'ReLU']
[32, 3, 'Sigmoid', 2, 3, 'Sigmoid']
[32, 3, 'Sigmoid', 8, 3, 'Sigmoid', 4, 3, 'Tanh', 8, 5, 'Sigmoid', 4, 3, 'Sigmoid', 64, 5, 'Sigmoid', 4, 3, 'Sigmoid']
[32, 3, 'Sigmoid']
[2, 3, 'ReLU', 4, 3, 'Sigmoid', 64, 3, 'Tanh']
[]
[2, 3, 'Sigmoid', 64, 3, 'Sigmoid', 16, 3, 'Sigmoid']
[2, 3, 'Sigmoid', 8, 7, 'Sigmoid', 2, 3, 'Sigmoid']
[2, 5, 'Sigmoid', 2, 3, 'Sigmoid', 2, 3, 'Sigmoid']
[8, 3, 'Sigmoid', 8, 7, 'Tanh', 2, 7, 'Sigmoid']
[32, 7, 'Sigmoid', 2, 3, 'Sigmoid']
[32, 3, 'Sigmoid', 4, 3, 'Sigmoid', 2, 3, 'Sigmoid']
[8, 3, 'Sigmoid', 2, 3, 'Sigmoid', 64, 3, 'Sigmoid', 4, 5, 'Tanh', 4, 3, 'Sigmoid', 16, 3, 'Tanh', 16, 3, 'ReLU']
[2, 3, 'Sigmoid']
[8, 3, 'Tanh', 4, 3, 'Sigmoid', 4, 7, 'Sigmoid']
[8, 3, 'Tanh', 64, 3, 'Sigmoid', 2, 3, 'Sigmoid', 8, 3, 'Tanh', 4, 5, 'Tanh', 8, 7, 'Tanh', 2, 3, 'Tanh', 16, 3, 'Sigmoid']
[]
[2, 3, 'Sigmoid']
[32, 3, 'Sigmoid', 64, 3, 'Tanh', 2, 3, 'Tanh', 4, 3, 'Sigmoid', 4, 3, 'Sigmoid', 8, 3, 'ReLU', 8, 3, 'Sigmoid', 32, 3, 'ReLU']
[8, 3, 'Sigmoid', 8, 7, 'Sigmoid']
[4, 3, 'Sigmoid', 8, 3, 'Sigmoid', 16, 3, 'Sigmoid', 2, 3, 'Sigmoid', 2, 3, 'Sigmoid', 16, 3, 'Sigmoid', 16, 3, 'Sigmoid', 4, 3, 'Sigmoid']
[32, 7, 'Sigmoid', 16, 3, 'Sigmoid', 4, 7, 'Sigmoid', 4, 3, 'Sigmoid', 4, 3, 'Sigmoid', 4, 3, 'Sigmoid']
[4, 3, 'Sigmoid']
[4, 5, 'Sigmoid']
[16, 7, 'Sigmoid', 8, 3, 'Sigmoid', 2, 7, 'Tanh', 4, 3, 'Tanh', 4, 7, 'Tanh', 4, 3, 'Sigmoid', 4, 3, 'Sigmoid']
[2, 3, 'Tanh', 16, 3, 'Sigmoid', 2, 5, 'Sigmoid', 2, 3, 'Sigmoid', 32, 3, 'Sigmoid']
[16, 3, 'Sigmoid', 2, 3, 'Sigmoid', 4, 7, 'Sigmoid', 16, 3, 'Sigmoid', 4, 3, 'Sigmoid', 8, 3, 'Sigmoid', 2, 3, 'Sigmoid', 16, 3, 'Sigmoid']
[]
[]
[]
[32, 3, 'Sigmoid', 64, 3, 'Sigmoid', 2, 3, 'Sigmoid', 64, 3, 'Sigmoid']
[2, 7, 'Tanh', 4, 3, 'Sigmoid', 4, 3, 'Sigmoid', 4, 7, 'Sigmoid', 4, 3, 'Sigmoid', 32, 3, 'Sigmoid', 16, 3, 'Sigmoid', 4, 5, 'Sigmoid']
[8, 3, 'Sigmoid', 2, 3, 'Sigmoid', 64, 3, 'Sigmoid', 2, 3, 'Sigmoid']
[8, 5, 'Sigmoid']
[8, 5, 'Sigmoid']
[]
[32, 3, 'Tanh']
[]
[]
[4, 7, 'Sigmoid', 64, 3, 'Sigmoid', 16, 5, 'Sigmoid']
[]
[32, 3, 'ReLU', 8, 3, 'Sigmoid', 2, 3, 'Sigmoid', 16, 3, 'Sigmoid', 8, 7, 'Sigmoid']
[32, 3, 'Sigmoid', 16, 3, 'Sigmoid', 2, 7, 'Tanh']
[]
[16, 5, 'Sigmoid', 4, 3, 'Sigmoid', 4, 3, 'Sigmoid', 16, 3, 'Sigmoid', 4, 5, 'Sigmoid', 32, 7, 'Sigmoid', 4, 3, 'ReLU', 64, 3, 'Sigmoid']
[16, 7, 'Sigmoid', 8, 3, 'Sigmoid', 8, 3, 'Sigmoid', 4, 3, 'Sigmoid', 4, 3, 'Tanh', 8, 3, 'Sigmoid', 32, 3, 'Sigmoid']
[2, 3, 'Sigmoid']
[4, 3, 'Sigmoid', 32, 3, 'Sigmoid', 32, 3, 'Sigmoid', 32, 3, 'Sigmoid', 64, 7, 'Sigmoid', 32, 3, 'Sigmoid', 4, 7, 'Sigmoid', 2, 7, 'Sigmoid']
[32, 7, 'Sigmoid', 4, 3, 'Sigmoid']
[32, 3, 'ReLU', 4, 5, 'Sigmoid', 4, 3, 'Sigmoid']
[16, 7, 'Sigmoid', 2, 3, 'Sigmoid']
[]
[]
[8, 3, 'Sigmoid', 2, 7, 'Sigmoid', 32, 3, 'Sigmoid', 4, 3, 'Sigmoid', 8, 3, 'ReLU', 16, 3, 'Sigmoid', 4, 3, 'Sigmoid']
[16, 7, 'Sigmoid', 16, 3, 'Tanh']
[16, 3, 'Sigmoid']
[2, 3, 'Sigmoid']
[]
[32, 7, 'Sigmoid']
[2, 5, 'Sigmoid', 4, 3, 'Tanh', 4, 7, 'Sigmoid', 32, 7, 'Sigmoid', 2, 3, 'Sigmoid']
[]
[32, 3, 'Sigmoid', 2, 7, 'Sigmoid', 4, 3, 'Sigmoid', 2, 3, 'Tanh']
[]
[2, 3, 'Sigmoid', 4, 3, 'Sigmoid', 2, 3, 'Sigmoid']
[]
[4, 7, 'Sigmoid', 4, 3, 'Tanh', 64, 3, 'Sigmoid', 8, 3, 'Tanh']
[2, 3, 'Sigmoid', 32, 7, 'Sigmoid', 4, 3, 'Sigmoid', 2, 3, 'Tanh', 16, 3, 'Sigmoid', 8, 7, 'Sigmoid', 16, 5, 'Sigmoid', 4, 3, 'Sigmoid']
[2, 5, 'Sigmoid']
[4, 3, 'Sigmoid', 4, 3, 'Sigmoid', 4, 3, 'Sigmoid', 32, 5, 'Sigmoid', 4, 5, 'Sigmoid']
[]
[8, 3, 'Sigmoid', 8, 7, 'Sigmoid', 2, 5, 'Sigmoid', 8, 3, 'Sigmoid', 4, 7, 'Sigmoid', 4, 3, 'Sigmoid', 4, 3, 'Sigmoid', 8, 5, 'Sigmoid']
[]
[64, 7, 'Sigmoid']
[4, 3, 'Sigmoid']
[2, 3, 'Sigmoid', 4, 5, 'ReLU', 16, 3, 'ReLU']
[32, 5, 'Tanh']
[32, 7, 'Sigmoid', 4, 3, 'Sigmoid', 16, 3, 'Sigmoid', 32, 7, 'Sigmoid', 4, 3, 'Sigmoid', 16, 3, 'Sigmoid']
[16, 3, 'Sigmoid', 8, 3, 'Sigmoid', 4, 3, 'ReLU', 4, 3, 'Sigmoid']
[2, 3, 'Sigmoid', 2, 7, 'Tanh']
[32, 3, 'Sigmoid', 4, 3, 'Sigmoid', 4, 3, 'Sigmoid', 8, 3, 'Sigmoid', 4, 3, 'Sigmoid']
[2, 3, 'Tanh', 2, 3, 'Sigmoid', 64, 3, 'ReLU', 32, 5, 'Sigmoid', 4, 3, 'Sigmoid', 32, 3, 'Sigmoid', 2, 7, 'Sigmoid', 16, 3, 'Sigmoid']
[4, 3, 'Sigmoid', 2, 7, 'Sigmoid', 32, 3, 'Sigmoid', 8, 7, 'Sigmoid']
[4, 3, 'Sigmoid', 8, 3, 'Sigmoid']
[64, 3, 'Sigmoid', 8, 3, 'Sigmoid', 64, 3, 'Sigmoid', 8, 3, 'Sigmoid', 8, 5, 'ReLU', 4, 3, 'Sigmoid', 16, 7, 'Sigmoid', 2, 3, 'Sigmoid']
[4, 7, 'ReLU', 4, 7, 'Sigmoid']
[4, 7, 'Sigmoid', 8, 3, 'Sigmoid']
[4, 3, 'Tanh', 32, 3, 'Sigmoid', 2, 3, 'Sigmoid']
[]
[]
[2, 3, 'Sigmoid']
[32, 7, 'Sigmoid', 16, 3, 'Sigmoid', 8, 3, 'Sigmoid']
[2, 7, 'Sigmoid', 2, 3, 'Sigmoid', 32, 3, 'Sigmoid', 4, 3, 'Tanh', 4, 3, 'Sigmoid']
[8, 3, 'Sigmoid', 32, 3, 'Sigmoid', 8, 7, 'Sigmoid', 4, 5, 'Sigmoid', 4, 3, 'Sigmoid', 4, 5, 'Sigmoid', 2, 7, 'Sigmoid', 16, 3, 'ReLU']
[32, 3, 'Sigmoid']
[8, 3, 'Sigmoid']
[8, 3, 'Tanh', 2, 3, 'Sigmoid']
[]
[4, 5, 'Sigmoid', 16, 7, 'Sigmoid', 2, 3, 'Sigmoid', 32, 3, 'Tanh']
[8, 5, 'Sigmoid']
[8, 5, 'Sigmoid']
[2, 3, 'Sigmoid', 32, 3, 'Sigmoid', 4, 7, 'Sigmoid', 2, 3, 'Sigmoid']
[16, 7, 'Sigmoid', 16, 7, 'Sigmoid', 16, 5, 'Sigmoid', 16, 3, 'Sigmoid', 16, 3, 'Sigmoid', 32, 3, 'Sigmoid', 8, 3, 'Sigmoid']
[32, 3, 'Sigmoid']
[]
[32, 3, 'ReLU', 4, 7, 'Sigmoid', 32, 3, 'Sigmoid', 4, 7, 'Sigmoid', 8, 3, 'Sigmoid']
[2, 5, 'Sigmoid', 2, 3, 'Sigmoid']
[]
[64, 3, 'Sigmoid']
[]
[4, 3, 'ReLU', 8, 3, 'Sigmoid', 4, 3, 'ReLU', 16, 3, 'Sigmoid', 4, 5, 'Sigmoid', 32, 3, 'Tanh', 2, 3, 'Sigmoid']
[]
[8, 3, 'Sigmoid', 32, 3, 'ReLU', 64, 3, 'Sigmoid', 4, 7, 'Sigmoid', 4, 3, 'Sigmoid']
[16, 3, 'Sigmoid', 8, 3, 'Sigmoid', 64, 7, 'Sigmoid']
[]
[4, 3, 'ReLU', 8, 3, 'Sigmoid']
[2, 3, 'Sigmoid', 4, 3, 'Sigmoid', 32, 3, 'Sigmoid', 2, 7, 'Sigmoid', 4, 3, 'Sigmoid', 2, 5, 'ReLU', 4, 7, 'Sigmoid', 8, 7, 'Sigmoid']
[4, 3, 'Sigmoid', 64, 3, 'Sigmoid']
[32, 3, 'Sigmoid', 8, 3, 'Sigmoid', 4, 3, 'Tanh', 32, 7, 'Sigmoid', 4, 3, 'Sigmoid', 32, 3, 'Sigmoid', 8, 7, 'Tanh', 16, 5, 'Tanh']
[16, 3, 'Sigmoid', 2, 3, 'ReLU', 16, 3, 'Tanh', 4, 7, 'Sigmoid', 8, 3, 'Sigmoid']
[16, 3, 'Sigmoid', 64, 7, 'Tanh', 4, 5, 'Sigmoid', 16, 7, 'Sigmoid', 32, 7, 'Sigmoid', 2, 5, 'ReLU']
[32, 3, 'Sigmoid']
[2, 3, 'Tanh', 2, 5, 'Sigmoid', 4, 3, 'Tanh', 16, 5, 'Sigmoid', 8, 3, 'Sigmoid']
[16, 5, 'Sigmoid', 2, 3, 'Sigmoid']
[16, 7, 'Sigmoid', 8, 3, 'Sigmoid', 2, 3, 'Tanh', 4, 3, 'Sigmoid']
[]
[8, 3, 'Sigmoid', 2, 3, 'Sigmoid']
[8, 7, 'Sigmoid', 4, 3, 'Sigmoid']
[2, 3, 'Sigmoid', 4, 3, 'Sigmoid', 4, 3, 'Sigmoid', 4, 3, 'Sigmoid']
[]
[32, 3, 'Tanh', 4, 7, 'Sigmoid', 32, 5, 'Sigmoid', 2, 3, 'Sigmoid']
[2, 3, 'Sigmoid', 4, 3, 'Sigmoid', 2, 7, 'Sigmoid']
[16, 7, 'Tanh']
[16, 5, 'Sigmoid', 2, 7, 'ReLU']
[8, 3, 'Sigmoid', 8, 3, 'Sigmoid']
[8, 5, 'Tanh', 8, 7, 'Sigmoid', 2, 7, 'Sigmoid', 32, 3, 'Sigmoid', 16, 5, 'Sigmoid', 16, 3, 'Sigmoid', 16, 3, 'Sigmoid', 4, 7, 'Sigmoid']
[32, 3, 'Tanh', 2, 5, 'Tanh', 2, 3, 'Sigmoid']
[16, 3, 'Sigmoid', 32, 5, 'Sigmoid']
[4, 3, 'Sigmoid', 8, 3, 'Sigmoid', 4, 3, 'Sigmoid']
[32, 3, 'Sigmoid', 4, 5, 'Sigmoid', 64, 3, 'Sigmoid', 4, 3, 'Sigmoid', 2, 7, 'Sigmoid', 2, 5, 'Sigmoid', 32, 3, 'Sigmoid', 2, 3, 'Tanh']
[]
[]
[64, 5, 'Sigmoid', 4, 3, 'Sigmoid', 4, 7, 'Sigmoid', 4, 3, 'Sigmoid', 32, 7, 'Sigmoid', 8, 5, 'Sigmoid', 4, 7, 'Sigmoid', 8, 7, 'Sigmoid']
[2, 3, 'Sigmoid', 4, 7, 'Sigmoid']
[32, 7, 'ReLU', 8, 3, 'Sigmoid', 32, 3, 'Sigmoid', 2, 3, 'Sigmoid', 2, 5, 'Sigmoid', 8, 3, 'Sigmoid', 2, 7, 'Sigmoid', 8, 3, 'Sigmoid']
[64, 3, 'Sigmoid', 2, 3, 'Sigmoid', 4, 3, 'Sigmoid', 64, 3, 'Sigmoid', 2, 3, 'Sigmoid', 2, 7, 'Sigmoid', 8, 3, 'ReLU', 8, 3, 'Sigmoid']
[]
[32, 3, 'Sigmoid', 4, 3, 'Sigmoid', 2, 3, 'Sigmoid']
[4, 3, 'Sigmoid', 8, 3, 'Sigmoid', 8, 5, 'Sigmoid', 32, 3, 'Sigmoid']
[2, 3, 'Sigmoid']
[2, 3, 'Sigmoid', 8, 3, 'Sigmoid', 2, 3, 'Sigmoid', 8, 3, 'Sigmoid']
[32, 3, 'Tanh', 64, 3, 'Sigmoid', 2, 3, 'Sigmoid', 2, 3, 'Sigmoid', 2, 5, 'Tanh', 4, 3, 'Sigmoid', 2, 3, 'Sigmoid', 16, 3, 'Sigmoid']
[4, 3, 'Sigmoid', 4, 3, 'Sigmoid', 16, 3, 'Sigmoid']
[4, 3, 'Sigmoid', 2, 3, 'Sigmoid']
[16, 3, 'Sigmoid', 16, 3, 'Sigmoid', 2, 3, 'Sigmoid', 4, 3, 'Sigmoid']
[16, 3, 'Sigmoid', 4, 3, 'Tanh', 4, 3, 'Sigmoid', 4, 3, 'Sigmoid', 4, 3, 'Sigmoid', 2, 3, 'Tanh', 4, 3, 'Sigmoid']
[]
[8, 3, 'Sigmoid', 4, 3, 'Sigmoid', 4, 3, 'Sigmoid', 2, 3, 'Sigmoid']
[16, 7, 'Sigmoid', 2, 3, 'Sigmoid', 32, 3, 'Sigmoid', 8, 5, 'Sigmoid', 2, 3, 'ReLU', 2, 3, 'Sigmoid', 32, 3, 'ReLU', 64, 3, 'Sigmoid']
[2, 3, 'Sigmoid', 64, 3, 'Sigmoid', 32, 5, 'Sigmoid', 16, 3, 'Sigmoid', 8, 3, 'Sigmoid', 16, 3, 'Tanh']
[2, 3, 'Sigmoid', 32, 3, 'Tanh', 16, 3, 'Sigmoid', 32, 7, 'Sigmoid', 4, 3, 'Sigmoid']
[2, 3, 'Sigmoid', 4, 3, 'Sigmoid', 2, 3, 'Sigmoid', 8, 3, 'Sigmoid', 64, 3, 'Sigmoid', 2, 3, 'Sigmoid', 2, 3, 'Sigmoid', 2, 3, 'Tanh']
[2, 3, 'Sigmoid', 8, 3, 'Sigmoid', 4, 5, 'Sigmoid', 16, 3, 'Sigmoid', 4, 7, 'Sigmoid', 4, 3, 'Sigmoid']
[32, 3, 'Sigmoid', 64, 3, 'Sigmoid', 4, 3, 'Sigmoid', 4, 3, 'Sigmoid']
[32, 5, 'Sigmoid']
[]
[32, 3, 'Sigmoid', 4, 3, 'Sigmoid', 4, 3, 'Sigmoid']
[32, 3, 'Tanh', 32, 7, 'Sigmoid', 8, 7, 'Sigmoid', 8, 3, 'Sigmoid', 8, 7, 'ReLU', 32, 3, 'ReLU', 2, 3, 'Sigmoid']
[32, 3, 'Sigmoid', 32, 3, 'Sigmoid', 2, 3, 'Sigmoid', 2, 3, 'Sigmoid']
[4, 5, 'Tanh', 4, 5, 'Sigmoid']
[]
[4, 7, 'Sigmoid']
[4, 3, 'Sigmoid']
[16, 3, 'Sigmoid', 2, 5, 'Sigmoid', 32, 3, 'ReLU', 8, 3, 'Sigmoid', 16, 3, 'ReLU', 64, 3, 'Sigmoid', 4, 3, 'Sigmoid', 32, 3, 'Sigmoid']
[64, 3, 'Sigmoid']
[2, 3, 'Sigmoid', 2, 3, 'Sigmoid', 64, 3, 'Sigmoid', 8, 3, 'Sigmoid', 16, 3, 'Sigmoid', 4, 3, 'Sigmoid', 32, 3, 'ReLU', 2, 3, 'Sigmoid']
[32, 3, 'Sigmoid', 4, 3, 'Tanh', 2, 3, 'Sigmoid', 4, 5, 'Sigmoid', 4, 3, 'Sigmoid', 32, 3, 'Sigmoid', 2, 3, 'Sigmoid', 2, 3, 'ReLU']
[]
[8, 5, 'Sigmoid']
[32, 7, 'Tanh', 2, 3, 'Sigmoid', 2, 3, 'Sigmoid', 2, 3, 'Sigmoid', 2, 3, 'Sigmoid', 16, 3, 'Sigmoid', 2, 3, 'Sigmoid', 4, 3, 'Sigmoid']
[4, 3, 'Sigmoid', 32, 3, 'Sigmoid', 4, 3, 'Sigmoid', 8, 3, 'Sigmoid', 2, 5, 'Sigmoid']
[2, 3, 'Tanh', 4, 3, 'Sigmoid', 2, 3, 'Tanh']
[64, 3, 'Sigmoid', 64, 7, 'Sigmoid']
[]
[4, 3, 'Sigmoid', 4, 3, 'Sigmoid', 32, 3, 'Sigmoid', 32, 3, 'Sigmoid', 2, 3, 'Tanh', 32, 3, 'Sigmoid', 32, 3, 'ReLU', 2, 3, 'Sigmoid']
[]
[2, 3, 'Sigmoid', 4, 3, 'Sigmoid', 2, 5, 'Sigmoid', 32, 3, 'Sigmoid', 32, 3, 'Sigmoid']
[32, 3, 'Sigmoid']
[16, 5, 'Sigmoid', 4, 3, 'Sigmoid']
[2, 3, 'Sigmoid', 4, 7, 'Sigmoid', 2, 5, 'Tanh', 2, 3, 'Sigmoid', 32, 3, 'Sigmoid', 64, 3, 'Sigmoid']
[32, 3, 'Sigmoid']
[32, 3, 'Sigmoid', 2, 3, 'Tanh']
[]
[4, 7, 'Sigmoid']
[]
[]
[2, 3, 'Sigmoid', 4, 3, 'Sigmoid']
[4, 3, 'Sigmoid']
[2, 3, 'Sigmoid', 2, 3, 'Sigmoid', 16, 5, 'Sigmoid', 16, 3, 'Tanh', 4, 7, 'Sigmoid', 32, 3, 'Sigmoid', 2, 3, 'Sigmoid', 2, 3, 'Sigmoid']
[]
[]
[4, 3, 'ReLU', 2, 3, 'Sigmoid', 4, 7, 'Sigmoid', 4, 7, 'Sigmoid', 2, 3, 'Sigmoid', 4, 5, 'Sigmoid', 2, 5, 'Sigmoid']
[2, 3, 'Sigmoid', 2, 3, 'Sigmoid', 2, 3, 'Sigmoid', 64, 3, 'Sigmoid', 8, 3, 'Sigmoid', 2, 3, 'ReLU']
[2, 3, 'Sigmoid', 2, 3, 'Sigmoid', 8, 7, 'Sigmoid', 8, 3, 'Sigmoid']
[]
[32, 5, 'Sigmoid', 2, 3, 'Sigmoid', 2, 3, 'Sigmoid']
[8, 5, 'Sigmoid']
[16, 3, 'Tanh', 32, 3, 'Sigmoid', 8, 3, 'Sigmoid', 2, 3, 'Sigmoid', 4, 3, 'ReLU']
[8, 3, 'Sigmoid']
[2, 3, 'Sigmoid', 4, 3, 'Sigmoid', 8, 3, 'Sigmoid', 32, 3, 'Sigmoid', 32, 3, 'Sigmoid', 8, 3, 'Sigmoid']
[32, 3, 'Sigmoid']
[]
[4, 5, 'Sigmoid', 8, 3, 'Sigmoid', 16, 3, 'Sigmoid', 32, 5, 'ReLU', 4, 7, 'Sigmoid', 8, 3, 'Sigmoid', 2, 3, 'ReLU', 32, 3, 'Sigmoid']
[]
[]
[16, 7, 'Sigmoid', 2, 3, 'Tanh']
[32, 3, 'Sigmoid', 8, 7, 'Sigmoid', 2, 7, 'Tanh', 8, 7, 'Sigmoid', 32, 7, 'Sigmoid']
[]
[]
[]
[4, 3, 'Sigmoid', 32, 3, 'Sigmoid', 16, 3, 'Tanh', 2, 3, 'Sigmoid', 2, 5, 'Tanh']
[]
[]
[]
[32, 3, 'Sigmoid']
[2, 3, 'Sigmoid']
[2, 5, 'Sigmoid', 8, 3, 'Sigmoid']
[4, 3, 'Sigmoid']
[16, 5, 'Tanh', 4, 7, 'Sigmoid', 2, 7, 'Tanh']
[64, 7, 'Sigmoid', 16, 3, 'Sigmoid', 4, 3, 'ReLU']
[8, 3, 'Sigmoid', 2, 5, 'Sigmoid', 2, 3, 'Sigmoid', 4, 3, 'Sigmoid', 4, 3, 'Sigmoid', 16, 5, 'ReLU', 8, 3, 'Sigmoid', 2, 5, 'Sigmoid']
[32, 3, 'Sigmoid', 2, 3, 'Sigmoid', 4, 3, 'Sigmoid', 8, 5, 'Sigmoid', 4, 3, 'Sigmoid', 64, 3, 'Tanh', 4, 3, 'Sigmoid', 8, 3, 'Sigmoid']
[]
[32, 5, 'Sigmoid']
[4, 3, 'Sigmoid', 4, 3, 'Sigmoid', 32, 3, 'Sigmoid', 32, 3, 'Sigmoid', 32, 3, 'Sigmoid', 4, 7, 'ReLU', 4, 3, 'Sigmoid', 8, 3, 'Sigmoid']
[16, 3, 'Sigmoid', 2, 7, 'ReLU', 4, 3, 'Sigmoid', 4, 3, 'Sigmoid', 2, 7, 'Sigmoid']
[32, 3, 'Sigmoid']
[2, 5, 'ReLU', 4, 3, 'Sigmoid', 2, 3, 'Sigmoid', 4, 3, 'Sigmoid', 64, 3, 'Sigmoid', 4, 5, 'Sigmoid', 4, 3, 'Sigmoid', 16, 5, 'Sigmoid']
[8, 3, 'Tanh', 8, 3, 'Sigmoid']
[8, 3, 'Sigmoid', 8, 3, 'Sigmoid', 4, 3, 'Sigmoid']
[8, 3, 'Sigmoid', 16, 5, 'Sigmoid', 32, 3, 'Sigmoid', 32, 5, 'Tanh', 8, 7, 'Tanh', 4, 7, 'Sigmoid', 8, 3, 'Sigmoid', 4, 3, 'Sigmoid']
[16, 3, 'Tanh', 2, 7, 'Tanh', 2, 3, 'Sigmoid', 16, 3, 'Sigmoid', 4, 3, 'Sigmoid', 4, 3, 'Sigmoid', 16, 3, 'Tanh', 8, 3, 'Sigmoid']
[8, 7, 'Sigmoid', 4, 3, 'Tanh', 8, 3, 'Sigmoid', 2, 3, 'Sigmoid']
[16, 3, 'Sigmoid', 64, 5, 'Sigmoid']
[4, 3, 'Tanh', 4, 3, 'Sigmoid', 32, 3, 'Sigmoid', 8, 3, 'Tanh', 2, 3, 'Sigmoid', 4, 5, 'Sigmoid', 32, 3, 'Sigmoid']
[]
[32, 3, 'Sigmoid', 2, 5, 'Sigmoid', 16, 3, 'Tanh', 2, 3, 'Sigmoid', 32, 3, 'Sigmoid', 4, 3, 'Sigmoid', 8, 7, 'Sigmoid', 2, 3, 'Sigmoid']
[]
[2, 3, 'Sigmoid', 4, 3, 'Tanh', 2, 3, 'Sigmoid']
[2, 3, 'Sigmoid', 32, 3, 'Sigmoid', 8, 7, 'Sigmoid', 16, 3, 'Sigmoid', 16, 3, 'Sigmoid', 8, 5, 'Sigmoid', 2, 3, 'Sigmoid', 64, 3, 'Sigmoid']
[2, 3, 'Sigmoid']
[4, 3, 'Sigmoid', 4, 7, 'Sigmoid', 32, 7, 'Sigmoid', 2, 3, 'Sigmoid', 8, 3, 'Sigmoid', 4, 3, 'Sigmoid', 8, 3, 'Sigmoid']
[4, 3, 'ReLU']
[2, 5, 'Sigmoid', 2, 5, 'Sigmoid', 2, 3, 'Sigmoid', 4, 7, 'Tanh', 64, 3, 'Sigmoid']
[8, 3, 'Sigmoid', 4, 3, 'Sigmoid']
[32, 3, 'Sigmoid', 2, 3, 'ReLU', 4, 5, 'Sigmoid']
[]
[8, 3, 'Tanh']
[]
[]
[32, 3, 'Sigmoid']
[4, 3, 'Sigmoid', 2, 3, 'Sigmoid', 4, 3, 'Sigmoid', 32, 3, 'Sigmoid', 8, 5, 'Sigmoid', 2, 3, 'Sigmoid']
[8, 3, 'Sigmoid', 2, 3, 'Sigmoid']
[16, 3, 'Sigmoid', 16, 3, 'Sigmoid', 16, 3, 'Sigmoid', 64, 3, 'Sigmoid', 4, 5, 'Sigmoid', 32, 3, 'Sigmoid', 8, 7, 'ReLU']
[32, 3, 'Sigmoid', 2, 3, 'Sigmoid', 16, 3, 'Sigmoid', 32, 3, 'Sigmoid']
[4, 5, 'Tanh', 2, 3, 'Sigmoid']
[2, 3, 'Tanh', 16, 5, 'Sigmoid', 8, 3, 'Tanh', 32, 5, 'ReLU']
[4, 5, 'Sigmoid', 32, 3, 'Tanh']
[]
[32, 5, 'Sigmoid', 2, 3, 'Sigmoid', 2, 7, 'Sigmoid', 2, 3, 'Sigmoid']
[16, 3, 'Sigmoid']
[64, 3, 'Tanh', 32, 3, 'Sigmoid', 4, 3, 'Sigmoid', 4, 3, 'Tanh', 4, 3, 'Sigmoid', 8, 3, 'ReLU', 2, 3, 'Sigmoid', 4, 3, 'Tanh']
[2, 3, 'Sigmoid', 4, 3, 'Sigmoid', 4, 3, 'Sigmoid', 2, 3, 'Sigmoid']
[32, 3, 'Sigmoid', 4, 5, 'Sigmoid']
[4, 3, 'Tanh', 4, 3, 'Sigmoid']
[]
[64, 5, 'Sigmoid']
[]
[32, 3, 'Sigmoid', 2, 3, 'Sigmoid', 4, 3, 'Sigmoid']
[32, 5, 'Sigmoid', 4, 3, 'Sigmoid']
[]
[]
[]
[2, 3, 'Sigmoid', 4, 3, 'Sigmoid']
[16, 3, 'Sigmoid', 2, 3, 'Sigmoid', 2, 3, 'Sigmoid']
[]
[2, 3, 'Sigmoid', 2, 3, 'Sigmoid']
[2, 7, 'Sigmoid', 32, 3, 'Tanh']
[4, 5, 'Sigmoid', 4, 3, 'Sigmoid', 2, 5, 'ReLU', 2, 3, 'Sigmoid', 8, 7, 'Tanh', 2, 3, 'Sigmoid']
[16, 3, 'Sigmoid']
[4, 5, 'ReLU', 64, 3, 'Sigmoid', 64, 5, 'ReLU', 16, 3, 'Sigmoid']
[]
[2, 7, 'Sigmoid', 32, 5, 'Sigmoid', 2, 3, 'Tanh']
[8, 7, 'ReLU', 2, 7, 'Sigmoid', 2, 3, 'Tanh', 2, 7, 'Sigmoid', 4, 3, 'Sigmoid']
[]
[2, 7, 'Tanh', 2, 5, 'Sigmoid', 16, 3, 'Sigmoid', 4, 3, 'Sigmoid', 32, 3, 'Sigmoid', 2, 3, 'Sigmoid', 2, 3, 'Sigmoid']
[2, 3, 'Sigmoid', 2, 3, 'Sigmoid', 4, 3, 'Sigmoid', 8, 3, 'Tanh', 16, 3, 'Sigmoid', 16, 3, 'Sigmoid', 2, 5, 'Sigmoid']
[16, 3, 'Tanh', 2, 3, 'Tanh', 8, 3, 'Sigmoid', 4, 7, 'Sigmoid', 4, 3, 'ReLU']
[8, 3, 'Sigmoid', 8, 3, 'Sigmoid']
[32, 3, 'ReLU', 4, 3, 'Sigmoid', 32, 3, 'Sigmoid', 64, 3, 'Sigmoid', 4, 3, 'Sigmoid']
[2, 7, 'Sigmoid', 4, 3, 'Sigmoid', 2, 3, 'Sigmoid', 4, 5, 'Sigmoid', 32, 3, 'Sigmoid', 8, 3, 'Sigmoid', 32, 3, 'Sigmoid', 2, 3, 'Sigmoid']
[8, 5, 'Sigmoid', 2, 5, 'Sigmoid']
[16, 3, 'Sigmoid']
[32, 3, 'Sigmoid', 2, 3, 'Tanh', 4, 3, 'Sigmoid', 4, 5, 'Sigmoid', 4, 5, 'Sigmoid', 2, 3, 'Sigmoid', 4, 3, 'Sigmoid']
[16, 3, 'ReLU']
[]
[4, 3, 'Sigmoid', 32, 3, 'Sigmoid', 32, 3, 'Sigmoid', 8, 3, 'Sigmoid', 2, 3, 'Sigmoid', 32, 7, 'Sigmoid', 2, 3, 'Sigmoid']
[16, 5, 'Sigmoid', 8, 3, 'ReLU']
[2, 3, 'Tanh', 2, 3, 'Sigmoid']
[8, 3, 'Sigmoid', 2, 3, 'ReLU']
[16, 3, 'ReLU', 2, 3, 'Sigmoid', 32, 3, 'Sigmoid', 32, 3, 'Sigmoid', 2, 3, 'Sigmoid', 4, 3, 'Sigmoid', 4, 3, 'Sigmoid']
[]
[32, 3, 'Tanh', 2, 3, 'Sigmoid', 2, 5, 'Sigmoid', 32, 3, 'Sigmoid', 64, 7, 'Sigmoid', 32, 3, 'Sigmoid', 64, 3, 'Sigmoid', 8, 3, 'Sigmoid']
[4, 3, 'Sigmoid', 4, 3, 'Sigmoid']
[]
[8, 3, 'Sigmoid', 8, 3, 'Tanh', 4, 3, 'Sigmoid', 4, 3, 'Sigmoid']
[]
[64, 3, 'Tanh', 32, 3, 'Sigmoid', 2, 3, 'Sigmoid']
[16, 3, 'Sigmoid']
[64, 3, 'Sigmoid', 8, 3, 'Sigmoid', 2, 7, 'Sigmoid', 16, 3, 'Tanh']
[4, 3, 'Sigmoid', 4, 3, 'Tanh']
[4, 5, 'Sigmoid', 16, 3, 'Tanh', 2, 3, 'Sigmoid', 16, 3, 'Sigmoid', 4, 3, 'Tanh', 32, 3, 'Sigmoid']
[8, 3, 'Tanh', 8, 3, 'Sigmoid']
[]
[64, 3, 'Sigmoid']
[2, 5, 'Sigmoid', 32, 3, 'Tanh', 32, 3, 'Sigmoid', 16, 3, 'Sigmoid', 8, 3, 'Sigmoid']
[]
[32, 3, 'Tanh', 2, 3, 'Sigmoid', 2, 3, 'Sigmoid', 32, 3, 'Sigmoid', 4, 3, 'Sigmoid', 8, 3, 'Sigmoid', 8, 7, 'Sigmoid', 2, 3, 'Sigmoid']
[4, 3, 'Sigmoid', 64, 3, 'Sigmoid', 64, 3, 'Sigmoid', 2, 3, 'Sigmoid', 2, 3, 'Sigmoid']
[2, 3, 'Sigmoid', 4, 3, 'Tanh', 4, 7, 'Sigmoid']
[32, 3, 'ReLU', 16, 3, 'Sigmoid', 64, 3, 'Sigmoid', 4, 3, 'Sigmoid']
[4, 3, 'Sigmoid', 2, 3, 'Sigmoid', 32, 3, 'Tanh', 4, 3, 'Tanh', 2, 3, 'Sigmoid', 4, 3, 'Sigmoid', 2, 5, 'Sigmoid', 8, 3, 'Sigmoid']
[4, 3, 'Sigmoid', 4, 7, 'ReLU', 4, 3, 'Sigmoid']
[8, 3, 'Sigmoid', 4, 3, 'Sigmoid', 8, 3, 'Sigmoid', 2, 3, 'Sigmoid']
[16, 3, 'ReLU']
[]
[4, 3, 'Sigmoid']
[2, 3, 'Sigmoid', 2, 3, 'Sigmoid', 32, 3, 'Sigmoid', 32, 3, 'Sigmoid', 16, 3, 'Sigmoid', 4, 3, 'Sigmoid']
[]
[4, 3, 'Sigmoid', 4, 3, 'Sigmoid']
[4, 3, 'Sigmoid', 4, 3, 'ReLU']
[4, 3, 'ReLU', 4, 3, 'Sigmoid', 4, 3, 'Sigmoid', 2, 3, 'Sigmoid', 4, 3, 'Sigmoid', 4, 3, 'Sigmoid', 8, 3, 'Sigmoid', 64, 3, 'Sigmoid']
[4, 3, 'Tanh', 4, 3, 'Sigmoid', 64, 3, 'ReLU', 4, 3, 'Sigmoid', 4, 3, 'Sigmoid', 32, 3, 'Sigmoid', 16, 3, 'Tanh', 16, 3, 'ReLU']
[16, 3, 'Sigmoid', 32, 3, 'Tanh', 8, 3, 'Sigmoid', 4, 3, 'ReLU', 4, 3, 'Sigmoid']
[]
[16, 3, 'Sigmoid', 2, 3, 'Sigmoid']
[32, 3, 'Sigmoid', 4, 3, 'Sigmoid', 32, 3, 'Sigmoid', 2, 3, 'Sigmoid', 8, 3, 'Sigmoid', 2, 3, 'Sigmoid', 2, 7, 'Sigmoid', 64, 3, 'Sigmoid']
[]
[32, 7, 'Sigmoid', 8, 7, 'Sigmoid', 4, 3, 'Sigmoid', 16, 3, 'Sigmoid', 2, 3, 'Sigmoid', 64, 3, 'Sigmoid', 4, 3, 'Tanh', 2, 3, 'Sigmoid']
[]
[4, 3, 'Sigmoid', 32, 3, 'Sigmoid', 64, 5, 'Tanh', 2, 3, 'Tanh']
[4, 3, 'Sigmoid']
[]
[32, 3, 'Sigmoid', 2, 3, 'ReLU']
[2, 3, 'Sigmoid']
[]
[8, 3, 'Sigmoid', 2, 5, 'Sigmoid']
[16, 3, 'Sigmoid']
[2, 3, 'Sigmoid', 2, 3, 'Sigmoid']
[4, 3, 'Sigmoid', 2, 3, 'Sigmoid', 32, 5, 'Sigmoid', 2, 3, 'Sigmoid', 4, 3, 'Sigmoid', 64, 3, 'Sigmoid', 8, 5, 'Sigmoid']
[32, 3, 'Tanh', 2, 3, 'Sigmoid', 32, 3, 'Sigmoid', 4, 3, 'Sigmoid', 2, 7, 'Sigmoid', 32, 3, 'Sigmoid', 8, 3, 'Sigmoid', 8, 3, 'Sigmoid']
[2, 3, 'Sigmoid', 4, 3, 'Sigmoid']
[32, 3, 'Sigmoid']
[4, 3, 'Sigmoid', 8, 3, 'Tanh', 32, 3, 'Tanh', 32, 3, 'Tanh', 16, 3, 'Sigmoid', 2, 3, 'Tanh', 2, 3, 'Sigmoid']
[4, 3, 'Sigmoid']
[4, 3, 'ReLU', 2, 3, 'Tanh']
[8, 3, 'Sigmoid', 32, 3, 'Tanh']
[]
[8, 3, 'Sigmoid', 2, 7, 'Sigmoid', 8, 3, 'Tanh', 64, 5, 'Sigmoid', 2, 3, 'Sigmoid', 2, 3, 'Sigmoid', 64, 3, 'Sigmoid', 2, 3, 'Tanh']
[64, 3, 'Sigmoid', 2, 3, 'Sigmoid', 4, 3, 'Sigmoid', 32, 3, 'Sigmoid', 8, 3, 'Sigmoid', 8, 3, 'Sigmoid']
[8, 3, 'Sigmoid', 4, 3, 'Sigmoid', 2, 7, 'Sigmoid', 4, 5, 'Sigmoid', 32, 3, 'Sigmoid', 4, 3, 'Tanh', 4, 5, 'Sigmoid']
[8, 3, 'Sigmoid', 4, 5, 'Sigmoid']
[2, 3, 'Sigmoid', 2, 7, 'Sigmoid']
[32, 3, 'Sigmoid', 32, 3, 'Sigmoid', 32, 3, 'ReLU', 4, 3, 'Sigmoid']
[16, 3, 'Sigmoid']
[16, 3, 'Sigmoid']
[16, 7, 'Tanh']
[4, 3, 'Sigmoid', 32, 7, 'Sigmoid']
[16, 3, 'Sigmoid', 4, 3, 'Sigmoid', 2, 3, 'Sigmoid', 4, 3, 'Sigmoid', 4, 5, 'Sigmoid', 2, 3, 'Sigmoid', 8, 7, 'Sigmoid', 32, 3, 'Sigmoid']
[4, 3, 'Sigmoid', 4, 3, 'Sigmoid', 32, 3, 'Sigmoid']
[8, 3, 'ReLU', 4, 7, 'Sigmoid', 16, 7, 'Sigmoid', 16, 3, 'Sigmoid']
[32, 3, 'Sigmoid', 8, 5, 'Sigmoid']
[8, 3, 'Sigmoid']
[16, 3, 'Sigmoid', 8, 5, 'Tanh']
[2, 5, 'Sigmoid', 32, 3, 'Sigmoid', 32, 7, 'Sigmoid']
[4, 3, 'Sigmoid', 32, 3, 'Sigmoid']
[32, 3, 'Sigmoid', 32, 3, 'Sigmoid', 4, 3, 'Sigmoid', 16, 3, 'Sigmoid', 8, 3, 'Sigmoid', 4, 3, 'Sigmoid', 8, 3, 'Sigmoid']
[4, 3, 'Sigmoid']
[2, 3, 'Sigmoid', 2, 3, 'Sigmoid']
[]
[32, 3, 'Sigmoid', 4, 3, 'Tanh', 8, 3, 'Sigmoid']
[8, 3, 'Sigmoid', 2, 5, 'Tanh', 16, 3, 'Sigmoid', 2, 3, 'Tanh', 2, 5, 'ReLU', 32, 3, 'Sigmoid', 32, 3, 'ReLU', 32, 3, 'Sigmoid']
[8, 3, 'Sigmoid', 32, 3, 'ReLU', 16, 3, 'Sigmoid', 8, 3, 'Sigmoid', 64, 3, 'Tanh', 4, 3, 'Sigmoid', 2, 3, 'Sigmoid']
[2, 3, 'Sigmoid', 2, 3, 'Tanh', 16, 3, 'Sigmoid', 4, 3, 'Tanh', 4, 3, 'Sigmoid', 4, 3, 'ReLU', 4, 3, 'Sigmoid', 32, 3, 'Sigmoid']
[2, 3, 'Tanh']
[2, 3, 'Sigmoid', 32, 3, 'Sigmoid']
[8, 3, 'Sigmoid', 2, 3, 'Sigmoid', 2, 3, 'Sigmoid']
[]
[32, 5, 'Tanh', 32, 5, 'Tanh', 16, 3, 'Sigmoid', 32, 3, 'Sigmoid']
[16, 3, 'Sigmoid', 4, 5, 'Sigmoid']
[32, 3, 'Sigmoid']
[32, 5, 'Tanh', 4, 3, 'Tanh', 4, 3, 'Sigmoid', 8, 3, 'Sigmoid']
[8, 5, 'Sigmoid', 4, 3, 'Sigmoid', 8, 3, 'Sigmoid', 2, 3, 'ReLU', 2, 3, 'Sigmoid', 4, 3, 'Sigmoid', 16, 3, 'Sigmoid']
[16, 3, 'ReLU']
[2, 3, 'Sigmoid', 32, 5, 'ReLU', 2, 3, 'Sigmoid', 32, 3, 'Sigmoid', 8, 5, 'Tanh', 2, 3, 'Sigmoid']
[32, 3, 'Tanh', 2, 3, 'Sigmoid', 8, 3, 'Sigmoid', 32, 3, 'Tanh', 8, 3, 'ReLU']
[8, 3, 'Sigmoid', 4, 3, 'Sigmoid']
[32, 3, 'Sigmoid', 4, 3, 'Sigmoid', 8, 3, 'Sigmoid', 4, 3, 'Sigmoid', 4, 3, 'Sigmoid']
[2, 3, 'Sigmoid', 32, 3, 'Sigmoid', 32, 7, 'Sigmoid']
[2, 3, 'Sigmoid', 8, 7, 'Tanh', 2, 3, 'Sigmoid', 2, 3, 'Sigmoid']
[]
[8, 3, 'Tanh']
[2, 3, 'Sigmoid', 16, 3, 'Tanh', 4, 3, 'Sigmoid', 2, 3, 'Sigmoid']
[32, 3, 'Sigmoid', 16, 3, 'Sigmoid', 16, 3, 'Sigmoid', 8, 7, 'Sigmoid']
[32, 3, 'Tanh', 2, 3, 'Sigmoid', 32, 3, 'Sigmoid', 8, 3, 'Sigmoid', 16, 3, 'ReLU', 32, 3, 'Sigmoid', 8, 3, 'Sigmoid', 8, 3, 'Sigmoid']
[64, 3, 'Sigmoid', 8, 3, 'Sigmoid', 4, 3, 'Sigmoid', 64, 3, 'Sigmoid']
[]
[4, 5, 'Sigmoid', 8, 3, 'Sigmoid', 64, 3, 'Tanh']
[2, 3, 'Sigmoid']
[16, 3, 'Sigmoid', 4, 5, 'Sigmoid']
[2, 3, 'Sigmoid']
[4, 3, 'Tanh', 2, 3, 'Sigmoid', 64, 3, 'ReLU']
[4, 3, 'Sigmoid', 8, 3, 'Sigmoid']
[2, 3, 'Sigmoid']
[2, 3, 'Sigmoid', 2, 3, 'Sigmoid']
[8, 3, 'Sigmoid', 2, 3, 'Sigmoid']
[32, 3, 'Sigmoid', 4, 7, 'Sigmoid', 32, 3, 'Sigmoid']
[8, 7, 'Sigmoid', 32, 3, 'Sigmoid']
[16, 3, 'Sigmoid', 8, 3, 'Sigmoid', 2, 3, 'Sigmoid', 32, 3, 'Sigmoid', 32, 3, 'Sigmoid', 2, 3, 'Sigmoid']
[8, 3, 'Sigmoid']
[2, 3, 'Sigmoid']
[8, 3, 'Sigmoid', 4, 3, 'Sigmoid', 4, 3, 'Tanh', 32, 3, 'Sigmoid', 64, 7, 'Sigmoid', 32, 3, 'Sigmoid']
[32, 3, 'Sigmoid', 2, 3, 'Sigmoid']
[]
[]
[2, 3, 'Sigmoid', 4, 3, 'Sigmoid', 4, 3, 'ReLU', 16, 3, 'Sigmoid']
[4, 7, 'ReLU', 32, 5, 'Tanh', 4, 3, 'Sigmoid', 32, 5, 'Sigmoid', 32, 3, 'Tanh', 64, 3, 'Sigmoid', 2, 3, 'Sigmoid', 16, 3, 'Sigmoid']
[64, 3, 'Sigmoid', 2, 7, 'Sigmoid']
[]
[4, 3, 'Tanh']
[4, 7, 'Sigmoid']
[16, 3, 'Sigmoid']
[4, 3, 'Sigmoid', 2, 3, 'Tanh']
[64, 3, 'Sigmoid', 8, 7, 'ReLU', 4, 3, 'ReLU']
[]
[4, 3, 'Sigmoid', 4, 7, 'Sigmoid', 2, 5, 'ReLU', 16, 3, 'Sigmoid', 2, 3, 'Sigmoid', 32, 5, 'Sigmoid']
[8, 3, 'Sigmoid']
[2, 3, 'ReLU', 4, 3, 'Sigmoid']
[8, 3, 'Tanh']
[4, 3, 'Sigmoid', 2, 3, 'Sigmoid', 2, 3, 'Sigmoid', 32, 3, 'Sigmoid']
[32, 3, 'Sigmoid']
[16, 3, 'Tanh', 2, 3, 'Sigmoid', 4, 7, 'Sigmoid', 4, 3, 'Sigmoid']
[16, 7, 'Sigmoid', 2, 3, 'Sigmoid', 32, 3, 'ReLU', 2, 3, 'Sigmoid', 16, 5, 'Sigmoid', 4, 5, 'Sigmoid', 4, 7, 'Sigmoid']
[2, 3, 'ReLU', 32, 3, 'Sigmoid']
[8, 3, 'Tanh', 4, 7, 'Sigmoid', 4, 3, 'Sigmoid']
[4, 3, 'Sigmoid', 4, 7, 'Sigmoid', 16, 5, 'Sigmoid', 4, 3, 'Sigmoid', 4, 3, 'Tanh', 32, 3, 'Sigmoid', 2, 3, 'Sigmoid', 2, 3, 'Sigmoid']
[]
[2, 3, 'Sigmoid']
[4, 3, 'Tanh']
[4, 3, 'Tanh', 8, 3, 'ReLU']
[2, 5, 'Sigmoid', 8, 3, 'ReLU', 4, 3, 'Sigmoid']
[2, 3, 'Sigmoid', 2, 3, 'Sigmoid', 8, 3, 'Sigmoid', 4, 3, 'Sigmoid', 2, 3, 'Sigmoid']
[8, 3, 'Sigmoid', 4, 3, 'Sigmoid', 16, 3, 'Sigmoid', 64, 3, 'Sigmoid', 16, 3, 'Sigmoid', 4, 7, 'Sigmoid', 4, 3, 'Sigmoid']
[16, 3, 'ReLU', 32, 3, 'Sigmoid', 4, 3, 'Sigmoid']
[2, 3, 'Tanh', 2, 3, 'Sigmoid']
[]
[8, 3, 'Sigmoid', 2, 3, 'Sigmoid', 32, 3, 'Sigmoid']
[4, 3, 'Sigmoid', 4, 3, 'Sigmoid', 8, 5, 'Sigmoid', 8, 7, 'Tanh', 32, 3, 'ReLU']
[16, 3, 'Sigmoid', 2, 3, 'Tanh']
[]
[4, 3, 'Sigmoid', 2, 3, 'ReLU']
[2, 3, 'Sigmoid', 4, 3, 'Tanh', 4, 3, 'Tanh', 32, 3, 'Tanh', 4, 3, 'Sigmoid']
[2, 3, 'Sigmoid', 8, 3, 'Sigmoid', 16, 3, 'Sigmoid', 16, 3, 'Sigmoid', 2, 3, 'Sigmoid', 2, 3, 'Sigmoid', 8, 3, 'Sigmoid', 32, 3, 'Sigmoid']
[]
[2, 3, 'Tanh']
[2, 3, 'Sigmoid']
[]
[32, 3, 'Sigmoid', 16, 3, 'Tanh']
[4, 3, 'Tanh', 64, 3, 'Sigmoid', 32, 5, 'Tanh']
[2, 5, 'Sigmoid', 8, 5, 'Sigmoid', 4, 3, 'Sigmoid', 4, 3, 'Sigmoid', 16, 5, 'Sigmoid', 8, 3, 'Sigmoid', 8, 3, 'Sigmoid', 2, 3, 'Sigmoid']
[]
[8, 3, 'Sigmoid', 4, 3, 'Sigmoid', 2, 3, 'Sigmoid', 4, 3, 'Sigmoid', 4, 3, 'Sigmoid']
[2, 3, 'Sigmoid']
[2, 3, 'ReLU']
[]
[2, 3, 'Sigmoid']
[16, 3, 'Sigmoid', 8, 3, 'Sigmoid', 2, 3, 'Sigmoid', 16, 3, 'Sigmoid']
[2, 3, 'Sigmoid']
[]
[2, 3, 'Sigmoid', 4, 3, 'Sigmoid']
[2, 3, 'Sigmoid']
[4, 5, 'Sigmoid']
[2, 3, 'Sigmoid', 4, 3, 'Tanh', 4, 3, 'Sigmoid']
[32, 7, 'Tanh']
[8, 3, 'Sigmoid']
[2, 3, 'Sigmoid', 2, 3, 'Sigmoid']
[32, 3, 'Sigmoid', 4, 3, 'Tanh', 2, 3, 'Tanh']
[8, 3, 'Sigmoid', 4, 3, 'Sigmoid', 16, 3, 'Sigmoid']
[32, 3, 'Sigmoid']
[]
[8, 3, 'Sigmoid']
[4, 3, 'Sigmoid', 4, 3, 'Sigmoid', 8, 3, 'Sigmoid']
[4, 3, 'Sigmoid', 2, 3, 'Sigmoid', 16, 3, 'Sigmoid', 4, 3, 'Sigmoid']
[16, 3, 'ReLU', 4, 3, 'Sigmoid']
[8, 3, 'Sigmoid']
[64, 3, 'ReLU']
[2, 3, 'Tanh', 8, 3, 'Sigmoid', 2, 3, 'ReLU', 4, 3, 'Sigmoid']
[8, 3, 'Sigmoid', 32, 3, 'ReLU']
[]
[2, 3, 'Sigmoid']
[4, 5, 'Sigmoid', 8, 3, 'Sigmoid']
[2, 3, 'Sigmoid', 32, 3, 'Tanh', 4, 7, 'Sigmoid', 2, 3, 'Tanh', 16, 7, 'Sigmoid']
[4, 3, 'Sigmoid', 8, 3, 'Sigmoid', 32, 3, 'Sigmoid']
[]
[]
[]
[64, 3, 'Sigmoid']
[]
[8, 3, 'Sigmoid', 8, 3, 'Tanh']
[8, 3, 'Sigmoid', 2, 5, 'Sigmoid']
[32, 3, 'Sigmoid', 32, 3, 'Sigmoid']
[4, 3, 'Sigmoid', 4, 3, 'Tanh', 2, 3, 'Sigmoid', 4, 3, 'Sigmoid', 4, 3, 'Tanh', 8, 3, 'Sigmoid']
[16, 3, 'Sigmoid', 2, 3, 'Sigmoid']
[32, 3, 'Tanh', 32, 3, 'Sigmoid', 4, 3, 'Sigmoid', 4, 7, 'Sigmoid', 32, 7, 'Sigmoid', 2, 3, 'Sigmoid', 4, 3, 'Sigmoid', 32, 3, 'ReLU']
[4, 3, 'Sigmoid', 2, 3, 'Sigmoid', 2, 3, 'Sigmoid', 4, 3, 'Sigmoid']
[2, 3, 'Sigmoid', 32, 3, 'Sigmoid', 4, 3, 'Sigmoid', 64, 3, 'Sigmoid', 4, 3, 'Sigmoid', 2, 3, 'Sigmoid', 32, 3, 'Sigmoid', 4, 3, 'Sigmoid']
[32, 3, 'Sigmoid', 8, 3, 'Sigmoid', 8, 3, 'Sigmoid', 4, 3, 'Sigmoid', 32, 3, 'Sigmoid']
[2, 3, 'Sigmoid', 8, 3, 'Sigmoid', 8, 3, 'ReLU', 2, 3, 'Sigmoid']
[2, 5, 'Sigmoid']
[32, 5, 'Sigmoid']
[]
[8, 3, 'Sigmoid', 32, 3, 'Sigmoid', 32, 3, 'Sigmoid', 32, 3, 'Sigmoid', 16, 7, 'Sigmoid', 2, 3, 'Sigmoid', 16, 3, 'Sigmoid', 16, 7, 'Sigmoid']
[8, 3, 'Sigmoid', 2, 3, 'Sigmoid', 32, 3, 'Sigmoid', 4, 3, 'Sigmoid', 32, 3, 'ReLU', 4, 3, 'Sigmoid', 32, 3, 'Sigmoid', 2, 3, 'ReLU']
[2, 3, 'Sigmoid', 32, 3, 'Sigmoid', 16, 3, 'Tanh']
[8, 3, 'Sigmoid']
[8, 3, 'Sigmoid']
[16, 3, 'Sigmoid', 2, 3, 'Tanh', 2, 3, 'Sigmoid', 16, 3, 'Sigmoid', 4, 3, 'Tanh', 2, 3, 'Sigmoid']
[8, 3, 'Sigmoid', 4, 3, 'Sigmoid', 2, 3, 'ReLU', 2, 3, 'Sigmoid', 4, 3, 'Tanh', 32, 3, 'ReLU']
[]
[8, 3, 'Sigmoid', 2, 3, 'Sigmoid']
[2, 3, 'Sigmoid', 4, 3, 'Sigmoid']
[2, 3, 'Sigmoid']
[32, 3, 'Sigmoid', 8, 3, 'Sigmoid', 4, 3, 'Tanh']
[2, 3, 'Tanh', 32, 3, 'Tanh', 64, 3, 'Sigmoid', 32, 3, 'Tanh', 4, 3, 'Tanh']
[2, 7, 'Sigmoid', 4, 3, 'Sigmoid', 64, 3, 'Tanh', 16, 3, 'Tanh', 8, 3, 'Sigmoid', 4, 5, 'Sigmoid', 4, 3, 'Sigmoid', 4, 3, 'ReLU']
[16, 7, 'Sigmoid', 4, 3, 'Sigmoid', 16, 3, 'Sigmoid', 2, 3, 'Sigmoid', 4, 3, 'Sigmoid', 8, 3, 'Sigmoid', 8, 7, 'Sigmoid', 2, 3, 'ReLU']
[2, 3, 'Sigmoid', 2, 3, 'Sigmoid', 64, 3, 'Sigmoid', 4, 3, 'Sigmoid', 32, 3, 'ReLU', 2, 3, 'ReLU', 2, 3, 'Tanh', 4, 3, 'Sigmoid']
[8, 3, 'Sigmoid', 16, 3, 'Sigmoid', 4, 3, 'Sigmoid', 8, 3, 'Sigmoid', 2, 3, 'Sigmoid', 16, 3, 'Sigmoid', 8, 3, 'ReLU', 2, 3, 'Sigmoid']
[8, 3, 'Sigmoid']
[]
[16, 7, 'Sigmoid']
[4, 3, 'Tanh', 16, 3, 'Sigmoid', 32, 3, 'Tanh', 2, 3, 'Sigmoid', 64, 7, 'Sigmoid', 2, 3, 'Sigmoid', 4, 3, 'Sigmoid', 2, 7, 'Sigmoid']
[2, 7, 'Sigmoid', 32, 3, 'Sigmoid', 32, 3, 'Tanh']
[8, 3, 'Sigmoid', 8, 5, 'Sigmoid']
[8, 3, 'Tanh', 8, 3, 'Tanh']
[]
[8, 3, 'Sigmoid', 16, 3, 'Sigmoid', 2, 3, 'Sigmoid', 64, 3, 'Sigmoid', 2, 3, 'Sigmoid']
[2, 3, 'Sigmoid']
[2, 3, 'Sigmoid', 32, 3, 'Sigmoid', 4, 3, 'Sigmoid', 4, 3, 'Tanh', 32, 7, 'Sigmoid', 4, 5, 'Sigmoid', 16, 3, 'Sigmoid', 2, 3, 'Tanh']
[8, 5, 'Sigmoid', 2, 7, 'Sigmoid', 2, 3, 'Sigmoid', 32, 3, 'ReLU']
[2, 3, 'Sigmoid']
[2, 7, 'Sigmoid']
[2, 3, 'ReLU', 16, 3, 'Sigmoid']
[16, 3, 'ReLU']
[2, 3, 'ReLU', 8, 3, 'Sigmoid']
[2, 3, 'Sigmoid', 16, 3, 'Tanh', 2, 3, 'Sigmoid', 2, 3, 'Tanh']
[2, 3, 'Tanh']
[8, 3, 'Sigmoid', 8, 3, 'Sigmoid']
[2, 3, 'Sigmoid']
[4, 5, 'Tanh', 4, 3, 'Sigmoid']
[2, 3, 'Sigmoid', 64, 3, 'ReLU', 4, 3, 'Sigmoid', 64, 3, 'Sigmoid']
[2, 3, 'Sigmoid']
[4, 3, 'Sigmoid', 2, 3, 'Sigmoid', 32, 3, 'ReLU']
[]
[16, 3, 'Tanh']
[8, 3, 'Sigmoid', 8, 3, 'Sigmoid', 8, 5, 'Sigmoid', 16, 3, 'Sigmoid', 16, 3, 'Sigmoid']
[4, 3, 'Tanh', 2, 3, 'Sigmoid', 2, 3, 'Sigmoid', 64, 3, 'Sigmoid', 2, 3, 'Sigmoid', 32, 5, 'Sigmoid', 4, 3, 'Sigmoid', 4, 7, 'Sigmoid']
[4, 3, 'Sigmoid', 8, 3, 'Sigmoid']
[8, 3, 'Sigmoid']
[2, 3, 'Sigmoid']
[32, 3, 'Sigmoid', 8, 3, 'Sigmoid', 2, 3, 'Sigmoid', 8, 3, 'Sigmoid', 4, 5, 'Sigmoid', 16, 3, 'Tanh']
[2, 3, 'Tanh', 2, 3, 'Tanh', 64, 3, 'Tanh']
[32, 3, 'Sigmoid', 8, 3, 'Sigmoid', 8, 3, 'Sigmoid', 2, 3, 'Sigmoid', 2, 3, 'Tanh', 16, 3, 'Sigmoid', 8, 3, 'Sigmoid']
[2, 3, 'Sigmoid', 8, 7, 'Tanh', 64, 3, 'Sigmoid']
[32, 3, 'Tanh', 2, 3, 'Sigmoid', 2, 3, 'Tanh']
[16, 3, 'Tanh']
[8, 3, 'Sigmoid', 2, 3, 'Sigmoid']
[8, 3, 'Sigmoid', 2, 3, 'ReLU', 2, 3, 'Sigmoid']
[8, 3, 'Sigmoid', 32, 3, 'Sigmoid']
[]
[16, 3, 'Tanh', 8, 7, 'Sigmoid', 2, 5, 'Sigmoid', 4, 3, 'Sigmoid', 2, 3, 'Sigmoid', 16, 3, 'Sigmoid']
[2, 3, 'Sigmoid', 4, 3, 'Sigmoid']
[8, 3, 'Sigmoid']
[32, 3, 'Sigmoid', 32, 3, 'Sigmoid', 8, 3, 'Sigmoid', 2, 3, 'Sigmoid', 8, 3, 'Tanh', 16, 3, 'Sigmoid', 8, 7, 'Sigmoid']
[2, 3, 'Sigmoid']
[8, 3, 'Sigmoid', 32, 3, 'Sigmoid', 16, 3, 'Sigmoid', 64, 3, 'Sigmoid', 2, 3, 'Sigmoid', 2, 3, 'Tanh', 32, 5, 'Sigmoid']
[2, 3, 'Sigmoid']
[]
[64, 3, 'Sigmoid', 32, 3, 'ReLU', 64, 3, 'Tanh', 64, 3, 'Sigmoid']
[64, 3, 'Sigmoid', 16, 3, 'Sigmoid']
[]
[2, 3, 'Sigmoid', 16, 3, 'Sigmoid']
[2, 3, 'Sigmoid', 64, 3, 'Sigmoid', 16, 3, 'Sigmoid', 64, 3, 'Tanh', 4, 3, 'Sigmoid', 32, 3, 'Tanh', 64, 3, 'Sigmoid', 8, 3, 'Sigmoid']
[64, 3, 'Sigmoid', 4, 3, 'Sigmoid']
[]
[2, 3, 'Sigmoid', 64, 3, 'Tanh']
[]
[8, 3, 'Tanh']
[]
[8, 3, 'Sigmoid', 2, 3, 'Tanh']
[32, 3, 'ReLU', 32, 3, 'Tanh']
[16, 3, 'Sigmoid', 2, 3, 'Sigmoid', 2, 3, 'Tanh', 32, 3, 'Sigmoid', 64, 3, 'Sigmoid', 16, 5, 'Sigmoid', 32, 3, 'Sigmoid', 8, 3, 'Sigmoid']
[16, 3, 'Tanh', 2, 3, 'Sigmoid', 4, 3, 'Sigmoid', 2, 3, 'Sigmoid', 2, 3, 'Sigmoid', 2, 7, 'Sigmoid']
[2, 3, 'Sigmoid', 8, 3, 'Sigmoid']
[4, 3, 'Tanh', 4, 3, 'Sigmoid', 4, 3, 'Sigmoid']
[16, 3, 'Tanh']
[16, 3, 'Sigmoid', 8, 3, 'Sigmoid', 8, 3, 'Tanh', 16, 3, 'Tanh', 32, 3, 'Sigmoid', 8, 3, 'Sigmoid', 8, 5, 'Sigmoid', 4, 3, 'Sigmoid']
[8, 3, 'Sigmoid']
[2, 3, 'Sigmoid', 2, 3, 'Tanh', 2, 3, 'Sigmoid', 2, 3, 'Sigmoid', 64, 3, 'Sigmoid']
[]
[2, 3, 'Sigmoid', 2, 3, 'Sigmoid', 4, 3, 'Sigmoid', 8, 3, 'Sigmoid', 8, 3, 'Sigmoid']
[4, 3, 'Sigmoid', 2, 7, 'Sigmoid', 16, 5, 'Tanh', 8, 3, 'Sigmoid']
[64, 3, 'Sigmoid', 16, 3, 'Sigmoid']
[8, 5, 'Sigmoid']
[4, 3, 'Sigmoid', 4, 3, 'Sigmoid']
[8, 3, 'Tanh', 64, 3, 'Tanh', 2, 3, 'Sigmoid', 2, 3, 'Sigmoid']
[16, 3, 'Tanh', 8, 3, 'Sigmoid', 32, 3, 'Sigmoid', 4, 3, 'Sigmoid', 16, 3, 'Sigmoid']
[32, 3, 'Tanh']
[16, 7, 'Tanh', 4, 3, 'Sigmoid', 4, 5, 'Sigmoid', 2, 3, 'Sigmoid']
[4, 3, 'Tanh', 2, 5, 'Sigmoid', 2, 3, 'Tanh', 2, 3, 'Sigmoid', 64, 3, 'Sigmoid']
[2, 3, 'Sigmoid']
[8, 3, 'Tanh', 2, 7, 'ReLU']
[8, 3, 'Tanh', 4, 3, 'Sigmoid', 4, 7, 'Tanh']
[16, 3, 'Sigmoid']
[16, 3, 'Tanh', 32, 3, 'Sigmoid', 4, 3, 'Tanh', 32, 3, 'Tanh']
[]
[4, 3, 'Sigmoid', 8, 3, 'Sigmoid']
[]
[2, 3, 'Sigmoid', 8, 3, 'Sigmoid', 2, 3, 'Tanh', 16, 3, 'Sigmoid', 16, 3, 'Sigmoid', 2, 3, 'Sigmoid', 8, 3, 'Sigmoid', 4, 3, 'Tanh']
[4, 3, 'Sigmoid', 2, 3, 'Sigmoid', 2, 7, 'Sigmoid', 16, 3, 'Sigmoid']
[32, 3, 'Sigmoid', 16, 3, 'Tanh']
[32, 3, 'Sigmoid']
[16, 3, 'Sigmoid']
[8, 3, 'Sigmoid', 2, 3, 'Sigmoid', 8, 3, 'Sigmoid']
[16, 3, 'Sigmoid', 2, 3, 'Sigmoid', 2, 3, 'Sigmoid', 2, 3, 'Sigmoid', 2, 7, 'Sigmoid']
[2, 3, 'Sigmoid', 4, 3, 'Sigmoid', 8, 3, 'Sigmoid']
[8, 3, 'Sigmoid']
[8, 3, 'Sigmoid', 2, 3, 'Sigmoid', 2, 3, 'Sigmoid', 64, 3, 'Sigmoid', 16, 3, 'Tanh', 4, 3, 'Sigmoid', 16, 3, 'Sigmoid', 32, 3, 'Sigmoid']
[32, 3, 'Sigmoid', 64, 3, 'Sigmoid']
[8, 3, 'Tanh']
[2, 3, 'ReLU', 2, 3, 'Sigmoid', 2, 7, 'Sigmoid']
[8, 3, 'Sigmoid', 16, 3, 'Sigmoid', 8, 3, 'Sigmoid', 32, 3, 'Sigmoid', 2, 3, 'Sigmoid', 2, 3, 'Sigmoid', 32, 3, 'Sigmoid']
[16, 3, 'Sigmoid', 64, 3, 'Sigmoid', 32, 3, 'Sigmoid', 64, 3, 'Sigmoid', 2, 3, 'Sigmoid', 16, 3, 'Sigmoid']
[2, 3, 'Sigmoid', 64, 5, 'ReLU', 16, 3, 'Tanh', 16, 3, 'ReLU', 8, 3, 'Sigmoid']
[2, 3, 'Sigmoid']
[2, 3, 'Sigmoid', 4, 3, 'Sigmoid']
[8, 3, 'Sigmoid']
[2, 3, 'Sigmoid', 32, 3, 'Sigmoid']
[32, 5, 'Sigmoid', 2, 5, 'Tanh']
[32, 3, 'Sigmoid', 2, 3, 'Sigmoid', 8, 3, 'Sigmoid', 16, 3, 'Sigmoid', 8, 3, 'Sigmoid', 4, 3, 'Sigmoid']
[16, 3, 'Sigmoid', 32, 3, 'Tanh', 32, 3, 'Sigmoid', 8, 3, 'Sigmoid']
[2, 3, 'Sigmoid', 16, 3, 'Sigmoid', 16, 3, 'Sigmoid', 16, 3, 'Sigmoid', 4, 3, 'Sigmoid', 4, 5, 'Sigmoid', 16, 3, 'Tanh', 2, 3, 'Sigmoid']
[16, 3, 'Sigmoid', 8, 3, 'Sigmoid', 32, 3, 'Sigmoid', 32, 3, 'Tanh', 32, 3, 'Tanh']
[16, 3, 'Sigmoid']
[16, 3, 'Sigmoid', 4, 3, 'Sigmoid']
[4, 3, 'Tanh', 2, 3, 'Sigmoid', 4, 3, 'Sigmoid', 2, 3, 'Sigmoid', 32, 3, 'Sigmoid', 16, 3, 'Sigmoid', 2, 3, 'Sigmoid', 2, 7, 'Sigmoid']
[32, 3, 'Sigmoid', 4, 3, 'Sigmoid', 64, 3, 'Tanh']
[32, 3, 'Sigmoid', 8, 3, 'Sigmoid']
[16, 3, 'Tanh', 4, 3, 'Sigmoid']
[4, 3, 'Sigmoid', 2, 3, 'Tanh', 8, 5, 'ReLU', 32, 3, 'Tanh', 16, 3, 'Sigmoid', 64, 3, 'Sigmoid', 4, 3, 'Sigmoid']
[2, 3, 'Sigmoid', 8, 3, 'Sigmoid', 2, 3, 'Tanh', 16, 3, 'Sigmoid', 16, 3, 'Tanh', 4, 3, 'ReLU', 16, 3, 'Sigmoid', 8, 3, 'ReLU']
[]
[32, 3, 'Sigmoid', 16, 3, 'Sigmoid', 32, 3, 'Sigmoid', 32, 5, 'Tanh', 16, 3, 'Sigmoid', 4, 3, 'Sigmoid', 64, 3, 'Sigmoid', 8, 3, 'Sigmoid']
[64, 3, 'Sigmoid']
[2, 3, 'Sigmoid']
[2, 3, 'Sigmoid', 4, 3, 'Sigmoid', 8, 3, 'Tanh', 16, 3, 'Sigmoid', 2, 7, 'Sigmoid', 8, 3, 'Sigmoid', 32, 3, 'Sigmoid', 4, 3, 'Sigmoid']
[2, 3, 'Sigmoid']
[16, 3, 'Tanh']
[]
[32, 3, 'Tanh', 16, 3, 'Sigmoid', 64, 3, 'Sigmoid', 4, 3, 'Sigmoid', 32, 3, 'Sigmoid']
[2, 7, 'Sigmoid', 4, 5, 'Sigmoid', 16, 3, 'Sigmoid', 4, 3, 'ReLU']
[2, 3, 'Sigmoid']
[]
[16, 3, 'Sigmoid', 4, 5, 'Tanh', 32, 3, 'Sigmoid', 4, 3, 'Sigmoid', 8, 5, 'Tanh']
[32, 3, 'Tanh']
[8, 3, 'Sigmoid', 4, 3, 'Sigmoid', 32, 7, 'Sigmoid']
[32, 5, 'Sigmoid', 8, 3, 'Sigmoid']
[2, 5, 'Sigmoid']
[2, 3, 'Sigmoid', 8, 3, 'ReLU', 4, 3, 'Sigmoid', 8, 3, 'Sigmoid', 8, 3, 'Sigmoid']
[8, 3, 'Sigmoid', 16, 3, 'ReLU']
[8, 3, 'ReLU', 4, 3, 'Sigmoid', 32, 3, 'Sigmoid']
[64, 3, 'Sigmoid']
[32, 3, 'Sigmoid', 32, 3, 'Tanh', 16, 3, 'Sigmoid']
[2, 3, 'Sigmoid', 2, 3, 'Tanh', 4, 5, 'Sigmoid', 32, 3, 'Sigmoid', 32, 3, 'Sigmoid']
[2, 3, 'Sigmoid', 8, 5, 'Sigmoid', 32, 3, 'Sigmoid']
[2, 3, 'Sigmoid', 8, 3, 'Tanh']
[2, 3, 'Sigmoid', 64, 7, 'Tanh', 4, 3, 'Sigmoid', 16, 7, 'Sigmoid', 4, 3, 'Sigmoid', 32, 3, 'Sigmoid']
[32, 3, 'Sigmoid', 32, 3, 'Tanh']
[8, 3, 'Sigmoid', 2, 5, 'Sigmoid', 32, 3, 'Tanh', 4, 3, 'Sigmoid']
[]
[]
[2, 7, 'ReLU']
[2, 3, 'Tanh', 32, 3, 'Tanh', 2, 3, 'Tanh']
[16, 3, 'Sigmoid', 16, 3, 'Sigmoid', 4, 5, 'Sigmoid', 8, 3, 'Sigmoid']
[32, 3, 'Sigmoid']
[]
[2, 7, 'Tanh', 8, 3, 'Tanh', 4, 3, 'Sigmoid', 16, 3, 'Sigmoid']
[8, 3, 'Sigmoid']
[16, 3, 'Sigmoid', 4, 5, 'Sigmoid', 4, 3, 'Sigmoid']
[16, 3, 'Sigmoid', 32, 3, 'Sigmoid']
[32, 3, 'Tanh', 16, 3, 'Sigmoid', 16, 3, 'Sigmoid', 16, 3, 'Tanh', 4, 3, 'Sigmoid', 4, 3, 'Sigmoid', 16, 3, 'Sigmoid']
[2, 3, 'Sigmoid']
[32, 3, 'Sigmoid']
[2, 3, 'Sigmoid', 32, 3, 'Tanh', 64, 3, 'Sigmoid', 2, 3, 'Tanh']
[4, 3, 'Sigmoid', 8, 3, 'Sigmoid']
[4, 3, 'Tanh', 32, 7, 'Sigmoid', 16, 3, 'Tanh', 2, 3, 'Sigmoid', 32, 3, 'Sigmoid', 64, 3, 'Sigmoid', 16, 3, 'Sigmoid']
[16, 3, 'ReLU', 2, 3, 'ReLU', 16, 3, 'Sigmoid', 32, 3, 'Sigmoid', 16, 5, 'Tanh', 16, 3, 'Sigmoid', 2, 3, 'Sigmoid']
[8, 3, 'ReLU', 4, 5, 'Sigmoid', 4, 7, 'ReLU', 4, 3, 'Sigmoid']
[16, 3, 'ReLU', 2, 3, 'Sigmoid', 8, 3, 'Sigmoid', 32, 3, 'Sigmoid']
[8, 3, 'Sigmoid', 16, 3, 'Sigmoid', 32, 3, 'ReLU', 8, 3, 'Sigmoid', 2, 3, 'Sigmoid', 32, 3, 'Sigmoid', 2, 3, 'Tanh']
[2, 3, 'Sigmoid', 4, 3, 'Sigmoid']
[]
[2, 3, 'Sigmoid', 32, 3, 'Sigmoid', 4, 3, 'Sigmoid', 16, 3, 'Sigmoid']
[]
[2, 3, 'Tanh']
[2, 7, 'Sigmoid']
[16, 3, 'Sigmoid', 2, 3, 'Sigmoid', 16, 3, 'Sigmoid', 8, 3, 'Sigmoid']
[2, 3, 'Sigmoid', 8, 3, 'Tanh']
[8, 3, 'Sigmoid']
[4, 3, 'Sigmoid']
[16, 3, 'Sigmoid', 4, 3, 'Sigmoid']
[4, 3, 'Sigmoid']
[16, 3, 'Sigmoid', 4, 3, 'Sigmoid']
[2, 3, 'Sigmoid']
[2, 3, 'Sigmoid', 2, 3, 'Sigmoid', 64, 3, 'Sigmoid', 8, 3, 'ReLU']
[2, 3, 'Sigmoid', 4, 3, 'Sigmoid', 2, 7, 'Sigmoid']
[32, 3, 'Sigmoid', 8, 3, 'Sigmoid', 32, 3, 'Sigmoid', 16, 3, 'Sigmoid', 2, 3, 'Sigmoid', 32, 3, 'Sigmoid', 8, 3, 'Sigmoid', 4, 3, 'Sigmoid']
[8, 3, 'Sigmoid', 8, 3, 'Sigmoid']
[2, 3, 'Tanh', 4, 3, 'Sigmoid', 2, 3, 'Sigmoid', 32, 3, 'Sigmoid', 16, 3, 'Sigmoid']
[]
[2, 5, 'Sigmoid', 16, 3, 'Sigmoid']
1000/10000
User defined signal 2

------------------------------------------------------------
Sender: LSF System <lsfadmin@n-62-20-6>
Subject: Job 4989937: <myJob> in cluster <dcc> Exited

Job <myJob> was submitted from host <gbarlogin2> by user <s174007> in cluster <dcc> at Fri Dec 27 10:35:39 2019
Job was executed on host(s) <n-62-20-6>, in queue <gpuv100>, as user <s174007> in cluster <dcc> at Fri Dec 27 10:35:41 2019
</zhome/b0/b/127184> was used as the home directory.
</zhome/b0/b/127184/Documents/Projects/AutoML/scripts> was used as the working directory.
Started at Fri Dec 27 10:35:41 2019
Terminated at Sat Dec 28 06:36:01 2019
Results reported at Sat Dec 28 06:36:01 2019

Your job looked like:

------------------------------------------------------------
# LSBATCH: User input
#!/bin/sh
#BSUB -q gpuv100
#BSUB -gpu "num=1"
#BSUB -J myJob
#BSUB -n 1
#BSUB -W 20:00
#BSUB -R "rusage[mem=20GB]"
#BSUB -o ../logs/conv%J.out

module load python3/3.6.2
module load cuda/8.0
module load cudnn/v7.0-prod-cuda8

echo "Running script..."
python3 train.py 10000 CONV 0.01 emoving

------------------------------------------------------------

TERM_RUNLIMIT: job killed after reaching LSF run time limit.
Exited with exit code 140.

Resource usage summary:

    CPU time :                                   71837.00 sec.
    Max Memory :                                 1919 MB
    Average Memory :                             1915.49 MB
    Total Requested Memory :                     20480.00 MB
    Delta Memory :                               18561.00 MB
    Max Swap :                                   -
    Max Processes :                              4
    Max Threads :                                10
    Run time :                                   72028 sec.
    Turnaround time :                            72022 sec.

The output (if any) is above this job summary.

