Loaded module: python3/3.6.2
Loaded module: cuda/8.0
Loaded module: cudnn/v7.0-prod-cuda8
Running script...
##converting Controller to cuda-enabled
Traceback (most recent call last):
  File "train.py", line 21, in <module>
    accuracy_hist, loss_hist, probs_layer_1, depth, sample_networks = trainer(parameters["rollouts"],parameters["dataset"], parameters["lr"], parameters["controltype"])
  File "/zhome/b0/b/127184/Documents/Projects/AutoML/scripts/trainer.py", line 86, in trainer
    accuracy = train_m.train_conv(net=net, plot=plot)
  File "/zhome/b0/b/127184/Documents/Projects/AutoML/scripts/Environment.py", line 415, in train_conv
    val_preds = net(image_val)
  File "/zhome/b0/b/127184/.local/lib/python3.6/site-packages/torch/nn/modules/module.py", line 541, in __call__
    result = self.forward(*input, **kwargs)
  File "/zhome/b0/b/127184/.local/lib/python3.6/site-packages/torch/nn/modules/container.py", line 92, in forward
    input = module(input)
  File "/zhome/b0/b/127184/.local/lib/python3.6/site-packages/torch/nn/modules/module.py", line 541, in __call__
    result = self.forward(*input, **kwargs)
  File "/zhome/b0/b/127184/.local/lib/python3.6/site-packages/torch/nn/modules/activation.py", line 271, in forward
    return torch.sigmoid(input)
RuntimeError: CUDA out of memory. Tried to allocate 1.65 GiB (GPU 0; 15.78 GiB total capacity; 3.36 GiB already allocated; 1.29 GiB free; 2.58 GiB cached)

------------------------------------------------------------
Sender: LSF System <lsfadmin@n-62-20-4>
Subject: Job 4988894: <myJob> in cluster <dcc> Exited

Job <myJob> was submitted from host <gbarlogin2> by user <s174007> in cluster <dcc> at Thu Dec 26 23:35:11 2019
Job was executed on host(s) <n-62-20-4>, in queue <gpuv100>, as user <s174007> in cluster <dcc> at Thu Dec 26 23:35:12 2019
</zhome/b0/b/127184> was used as the home directory.
</zhome/b0/b/127184/Documents/Projects/AutoML/scripts> was used as the working directory.
Started at Thu Dec 26 23:35:12 2019
Terminated at Fri Dec 27 05:18:04 2019
Results reported at Fri Dec 27 05:18:04 2019

Your job looked like:

------------------------------------------------------------
# LSBATCH: User input
#!/bin/sh
#BSUB -q gpuv100
#BSUB -gpu "num=1"
#BSUB -J myJob
#BSUB -n 1
#BSUB -W 20:00
#BSUB -R "rusage[mem=20GB]"
#BSUB -o ../logs/conv%J.out

module load python3/3.6.2
module load cuda/8.0
module load cudnn/v7.0-prod-cuda8

echo "Running script..."
python3 train.py 10000 CONV 0.01 emoving

------------------------------------------------------------

Exited with exit code 1.

Resource usage summary:

    CPU time :                                   20510.43 sec.
    Max Memory :                                 1926 MB
    Average Memory :                             1921.74 MB
    Total Requested Memory :                     20480.00 MB
    Delta Memory :                               18554.00 MB
    Max Swap :                                   -
    Max Processes :                              4
    Max Threads :                                10
    Run time :                                   20586 sec.
    Turnaround time :                            20573 sec.

The output (if any) is above this job summary.

