Loaded module: python3/3.6.2
Loaded module: cuda/8.0
Loaded module: cudnn/v7.0-prod-cuda8
Running script...
##converting Controller to cuda-enabled
1000/10000
Arch []
acc tensor(0.8643)
loss tensor(0.1575, device='cuda:0', grad_fn=<NegBackward>)

2000/10000
Arch []
acc tensor(0.8643)
loss tensor(0.1464, device='cuda:0', grad_fn=<NegBackward>)

3000/10000
Arch []
acc tensor(0.8643)
loss tensor(0.1434, device='cuda:0', grad_fn=<NegBackward>)

4000/10000
Arch []
acc tensor(0.8643)
loss tensor(0.1426, device='cuda:0', grad_fn=<NegBackward>)

5000/10000
Arch []
acc tensor(0.8643)
loss tensor(0.1412, device='cuda:0', grad_fn=<NegBackward>)

6000/10000
Arch []
acc tensor(0.8643)
loss tensor(0.1410, device='cuda:0', grad_fn=<NegBackward>)

7000/10000
Arch []
acc tensor(0.8643)
loss tensor(0.1407, device='cuda:0', grad_fn=<NegBackward>)

8000/10000
Arch []
acc tensor(0.8643)
loss tensor(0.1405, device='cuda:0', grad_fn=<NegBackward>)

9000/10000
Arch []
acc tensor(0.8342)
loss tensor(0.1352, device='cuda:0', grad_fn=<NegBackward>)

10000/10000
Arch []
acc tensor(0.8643)
loss tensor(0.1404, device='cuda:0', grad_fn=<NegBackward>)

##converting Controller to cuda-enabled
1000/10000
Arch []
acc tensor(0.8317)
loss tensor(0.1477, device='cuda:0', grad_fn=<NegBackward>)

2000/10000
Arch [2, 'Sigmoid']
acc tensor(0.3467)
loss tensor(0.4318, device='cuda:0', grad_fn=<NegBackward>)

3000/10000
Arch []
acc tensor(0.8357)
loss tensor(0.1376, device='cuda:0', grad_fn=<NegBackward>)

4000/10000
Arch [2, 'Tanh']
acc tensor(0.3808)
loss tensor(0.6062, device='cuda:0', grad_fn=<NegBackward>)

5000/10000
Arch []
acc tensor(0.8317)
loss tensor(0.1356, device='cuda:0', grad_fn=<NegBackward>)

6000/10000
Arch []
acc tensor(0.8297)
loss tensor(0.1351, device='cuda:0', grad_fn=<NegBackward>)

7000/10000
Arch []
acc tensor(0.8357)
loss tensor(0.1360, device='cuda:0', grad_fn=<NegBackward>)

8000/10000
Arch []
acc tensor(0.8337)
loss tensor(0.1356, device='cuda:0', grad_fn=<NegBackward>)

9000/10000
Arch []
acc tensor(0.8317)
loss tensor(0.1352, device='cuda:0', grad_fn=<NegBackward>)

10000/10000
Arch []
acc tensor(0.8337)
loss tensor(0.1355, device='cuda:0', grad_fn=<NegBackward>)


------------------------------------------------------------
Sender: LSF System <lsfadmin@n-62-20-11>
Subject: Job 4818646: <myJob> in cluster <dcc> Done

Job <myJob> was submitted from host <n-62-27-19> by user <s174007> in cluster <dcc> at Sun Dec  1 23:12:18 2019
Job was executed on host(s) <n-62-20-11>, in queue <gpuv100>, as user <s174007> in cluster <dcc> at Sun Dec  1 23:12:19 2019
</zhome/b0/b/127184> was used as the home directory.
</zhome/b0/b/127184/Documents/Projects/AutoML/scripts> was used as the working directory.
Started at Sun Dec  1 23:12:19 2019
Terminated at Mon Dec  2 00:39:34 2019
Results reported at Mon Dec  2 00:39:34 2019

Your job looked like:

------------------------------------------------------------
# LSBATCH: User input
#!/bin/sh
#BSUB -q gpuv100
#BSUB -gpu "num=1"
#BSUB -J myJob
#BSUB -n 1
#BSUB -W 10:00
#BSUB -R "rusage[mem=6GB]"
#BSUB -o ../logs/gru%J.out

module load python3/3.6.2
module load cuda/8.0
module load cudnn/v7.0-prod-cuda8

echo "Running script..."
python3 train.py 10000 MOONS 0.01 egct
python3 train.py 10000 MNIST 0.01 egct

------------------------------------------------------------

Successfully completed.

Resource usage summary:

    CPU time :                                   5219.50 sec.
    Max Memory :                                 1881 MB
    Average Memory :                             1867.57 MB
    Total Requested Memory :                     6144.00 MB
    Delta Memory :                               4263.00 MB
    Max Swap :                                   -
    Max Processes :                              4
    Max Threads :                                10
    Run time :                                   5264 sec.
    Turnaround time :                            5236 sec.

The output (if any) is above this job summary.

