Loaded module: python3/3.6.2
Loaded module: cuda/8.0
Loaded module: cudnn/v7.0-prod-cuda8
Running script...
##converting Controller to cuda-enabled
1000/10000
Arch [64, 'Tanh', 16, 'Tanh', 64, 'Tanh', 64, 'Tanh', 4, 'Tanh']
acc tensor(0.9698)
loss tensor(-0.0196, device='cuda:0', grad_fn=<NegBackward>)
baseline 0.9868236120644989

2000/10000
Arch [16, 'Tanh', 64, 'Tanh', 64, 'Tanh', 16, 'Tanh', 4, 'Tanh', 8, 'Sigmoid', 8, 'Tanh', 16, 'Tanh', 32, 'Tanh', 4, 'Tanh', 16, 'Tanh', 32, 'Tanh']
acc tensor(0.9598)
loss tensor(-0.0292, device='cuda:0', grad_fn=<NegBackward>)
baseline 0.9868236120644989

3000/10000
Arch [16, 'Tanh', 8, 'Tanh', 8, 'Tanh', 2, 'Tanh', 8, 'Tanh', 16, 'Tanh', 8, 'Tanh', 8, 'Sigmoid', 32, 'ReLU', 32, 'Tanh', 8, 'ReLU', 64, 'Sigmoid']
acc tensor(0.9749)
loss tensor(-0.0153, device='cuda:0', grad_fn=<NegBackward>)
baseline 0.9868236120644989

4000/10000
Arch [64, 'Tanh', 16, 'Tanh', 32, 'Tanh', 8, 'Tanh', 16, 'Tanh', 8, 'Tanh', 64, 'ReLU', 8, 'Tanh', 64, 'Tanh', 4, 'Tanh', 8, 'Tanh', 16, 'Tanh']
acc tensor(0.7638)
loss tensor(-0.2123, device='cuda:0', grad_fn=<NegBackward>)
baseline 0.9868236120644989

5000/10000
Arch [16, 'Tanh', 8, 'ReLU', 8, 'Tanh', 8, 'Tanh', 8, 'Tanh', 32, 'Tanh', 4, 'Tanh', 8, 'Tanh', 64, 'Tanh', 8, 'Tanh', 8, 'Tanh', 64, 'Tanh']
acc tensor(0.9749)
loss tensor(-0.0105, device='cuda:0', grad_fn=<NegBackward>)
baseline 0.9868236120644989

6000/10000
Arch [32, 'Tanh', 16, 'Tanh', 16, 'Tanh', 2, 'Tanh', 32, 'Tanh', 32, 'Tanh', 16, 'Tanh']
acc tensor(0.9749)
loss tensor(-0.0135, device='cuda:0', grad_fn=<NegBackward>)
baseline 0.9868236120644989

7000/10000
Arch [16, 'Tanh', 16, 'Tanh', 16, 'Tanh', 8, 'Tanh', 16, 'Tanh', 32, 'Tanh', 8, 'Tanh', 8, 'Tanh', 16, 'Tanh']
acc tensor(0.9749)
loss tensor(-0.0101, device='cuda:0', grad_fn=<NegBackward>)
baseline 0.9868236120644989

8000/10000
Arch [8, 'ReLU', 64, 'ReLU', 16, 'Tanh', 8, 'Sigmoid', 16, 'Tanh', 16, 'ReLU', 64, 'Tanh', 32, 'Tanh', 8, 'Tanh', 16, 'Tanh', 8, 'Tanh', 4, 'ReLU']
acc tensor(0.4523)
loss tensor(-0.7024, device='cuda:0', grad_fn=<NegBackward>)
baseline 0.9868236120644989

9000/10000
Arch []
acc tensor(0.8291)
loss tensor(-0.7844, device='cuda:0', grad_fn=<NegBackward>)
baseline 0.9868236120644989

10000/10000
Arch [16, 'ReLU', 64, 'Tanh', 8, 'Tanh', 32, 'Tanh', 16, 'Tanh', 8, 'Tanh', 8, 'Tanh', 4, 'Sigmoid', 16, 'Tanh', 8, 'Tanh', 16, 'Tanh', 16, 'Tanh']
acc tensor(0.9799)
loss tensor(-0.0068, device='cuda:0', grad_fn=<NegBackward>)
baseline 0.9868236120644989


------------------------------------------------------------
Sender: LSF System <lsfadmin@n-62-20-5>
Subject: Job 4971358: <myJob> in cluster <dcc> Done

Job <myJob> was submitted from host <gbarlogin2> by user <s174007> in cluster <dcc> at Fri Dec 20 14:01:53 2019
Job was executed on host(s) <n-62-20-5>, in queue <gpuv100>, as user <s174007> in cluster <dcc> at Fri Dec 20 14:01:53 2019
</zhome/b0/b/127184> was used as the home directory.
</zhome/b0/b/127184/Documents/Projects/AutoML/scripts> was used as the working directory.
Started at Fri Dec 20 14:01:53 2019
Terminated at Fri Dec 20 18:10:41 2019
Results reported at Fri Dec 20 18:10:41 2019

Your job looked like:

------------------------------------------------------------
# LSBATCH: User input
#!/bin/sh
#BSUB -q gpuv100
#BSUB -gpu "num=1"
#BSUB -J myJob
#BSUB -n 1
#BSUB -W 10:00
#BSUB -R "rusage[mem=6GB]"
#BSUB -o ../logs/gruco%J.out

module load python3/3.6.2
module load cuda/8.0
module load cudnn/v7.0-prod-cuda8

echo "Running script..."
python3 train.py 10000 MOONS 0.01 dynamic

------------------------------------------------------------

Successfully completed.

Resource usage summary:

    CPU time :                                   14883.79 sec.
    Max Memory :                                 1859 MB
    Average Memory :                             1847.76 MB
    Total Requested Memory :                     6144.00 MB
    Delta Memory :                               4285.00 MB
    Max Swap :                                   -
    Max Processes :                              4
    Max Threads :                                10
    Run time :                                   14956 sec.
    Turnaround time :                            14928 sec.

The output (if any) is above this job summary.

