Loaded module: python3/3.6.2
Loaded module: cuda/8.0
Loaded module: cudnn/v7.0-prod-cuda8
Running script...
##converting Controller to cuda-enabled
1000/10000
Arch [16, 'ReLU']
acc tensor(0.9447)
loss tensor(0.0267, device='cuda:0', grad_fn=<NegBackward>)
baseline tensor(0.9058)

2000/10000
Arch [32, 'ReLU', 64, 'Tanh', 32, 'Tanh']
acc tensor(0.9397)
loss tensor(0.0053, device='cuda:0', grad_fn=<NegBackward>)
baseline tensor(0.9331)

3000/10000
Arch [32, 'ReLU', 32, 'ReLU', 2, 'Tanh']
acc tensor(0.9397)
loss tensor(0.0161, device='cuda:0', grad_fn=<NegBackward>)
baseline tensor(0.9259)

4000/10000
Arch [32, 'ReLU']
acc tensor(0.9497)
loss tensor(0.0078, device='cuda:0', grad_fn=<NegBackward>)
baseline tensor(0.9353)

5000/10000
Arch [32, 'Tanh', 16, 'Tanh', 64, 'Tanh']
acc tensor(0.9397)
loss tensor(0.0052, device='cuda:0', grad_fn=<NegBackward>)
baseline tensor(0.9361)

6000/10000
Arch [32, 'ReLU', 16, 'Tanh']
acc tensor(0.9397)
loss tensor(0.0072, device='cuda:0', grad_fn=<NegBackward>)
baseline tensor(0.9306)

7000/10000
Arch [32, 'ReLU']
acc tensor(0.9497)
loss tensor(0.0089, device='cuda:0', grad_fn=<NegBackward>)
baseline tensor(0.9328)

8000/10000
Arch [16, 'ReLU', 16, 'ReLU']
acc tensor(0.9347)
loss tensor(0.0048, device='cuda:0', grad_fn=<NegBackward>)
baseline tensor(0.9316)

9000/10000
Arch [32, 'ReLU', 32, 'Tanh']
acc tensor(0.9397)
loss tensor(0.0038, device='cuda:0', grad_fn=<NegBackward>)
baseline tensor(0.9334)

10000/10000
Arch [16, 'ReLU', 64, 'ReLU', 64, 'Sigmoid']
acc tensor(0.9397)
loss tensor(0.0032, device='cuda:0', grad_fn=<NegBackward>)
baseline tensor(0.9376)


------------------------------------------------------------
Sender: LSF System <lsfadmin@n-62-20-6>
Subject: Job 4978418: <myJob> in cluster <dcc> Done

Job <myJob> was submitted from host <gbarlogin2> by user <s174007> in cluster <dcc> at Sun Dec 22 23:26:42 2019
Job was executed on host(s) <n-62-20-6>, in queue <gpuv100>, as user <s174007> in cluster <dcc> at Sun Dec 22 23:26:43 2019
</zhome/b0/b/127184> was used as the home directory.
</zhome/b0/b/127184/Documents/Projects/AutoML/scripts> was used as the working directory.
Started at Sun Dec 22 23:26:43 2019
Terminated at Mon Dec 23 00:37:21 2019
Results reported at Mon Dec 23 00:37:21 2019

Your job looked like:

------------------------------------------------------------
# LSBATCH: User input
#!/bin/sh
#BSUB -q gpuv100
#BSUB -gpu "num=1"
#BSUB -J myJob
#BSUB -n 1
#BSUB -W 10:00
#BSUB -R "rusage[mem=6GB]"
#BSUB -o ../logs/gruco%J.out

module load python3/3.6.2
module load cuda/8.0
module load cudnn/v7.0-prod-cuda8

echo "Running script..."
python3 train.py 10000 MOONS 0.01 moving

------------------------------------------------------------

Successfully completed.

Resource usage summary:

    CPU time :                                   4219.19 sec.
    Max Memory :                                 1859 MB
    Average Memory :                             1837.47 MB
    Total Requested Memory :                     6144.00 MB
    Delta Memory :                               4285.00 MB
    Max Swap :                                   -
    Max Processes :                              4
    Max Threads :                                10
    Run time :                                   4239 sec.
    Turnaround time :                            4239 sec.

The output (if any) is above this job summary.

