Loaded module: python3/3.6.2
Loaded module: cuda/8.0
Loaded module: cudnn/v7.0-prod-cuda8
Running script...
##converting Controller to cuda-enabled
1000/10000
Arch [16, 'ReLU']
acc tensor(0.9799)
loss tensor(-0.5077, device='cuda:0', grad_fn=<NegBackward>)
baseline tensor(0.9799)

2000/10000
Arch [8, 'ReLU', 32, 'Sigmoid', 16, 'ReLU', 64, 'ReLU', 16, 'Sigmoid']
acc tensor(0.9648)
loss tensor(-0.1761, device='cuda:0', grad_fn=<NegBackward>)
baseline tensor(0.9617)

3000/10000
Arch [16, 'ReLU']
acc tensor(0.9799)
loss tensor(-0.0641, device='cuda:0', grad_fn=<NegBackward>)
baseline tensor(0.9797)

4000/10000
Arch [32, 'ReLU']
acc tensor(0.9749)
loss tensor(-0.0239, device='cuda:0', grad_fn=<NegBackward>)
baseline tensor(0.9749)

5000/10000
Arch [16, 'Sigmoid', 64, 'Tanh']
acc tensor(0.8844)
loss tensor(-0.0089, device='cuda:0', grad_fn=<NegBackward>)
baseline tensor(0.8845)

6000/10000
Arch [32, 'ReLU', 8, 'Tanh', 16, 'ReLU']
acc tensor(0.9698)
loss tensor(-0.0033, device='cuda:0', grad_fn=<NegBackward>)
baseline tensor(0.9698)

7000/10000
Arch [32, 'ReLU', 64, 'Tanh']
acc tensor(0.9698)
loss tensor(-0.0012, device='cuda:0', grad_fn=<NegBackward>)
baseline tensor(0.9698)

8000/10000
Arch [32, 'ReLU', 8, 'ReLU', 32, 'ReLU']
acc tensor(0.9598)
loss tensor(-0.0004, device='cuda:0', grad_fn=<NegBackward>)
baseline tensor(0.9598)

9000/10000
Arch [2, 'ReLU', 8, 'Tanh']
acc tensor(0.8844)
loss tensor(-0.0002, device='cuda:0', grad_fn=<NegBackward>)
baseline tensor(0.8844)

10000/10000
Arch [4, 'ReLU', 8, 'Tanh', 32, 'ReLU']
acc tensor(0.9698)
loss tensor(-5.9428e-05, device='cuda:0', grad_fn=<NegBackward>)
baseline tensor(0.9698)


------------------------------------------------------------
Sender: LSF System <lsfadmin@n-62-20-5>
Subject: Job 4969712: <myJob> in cluster <dcc> Done

Job <myJob> was submitted from host <gbarlogin2> by user <s174007> in cluster <dcc> at Fri Dec 20 11:19:20 2019
Job was executed on host(s) <n-62-20-5>, in queue <gpuv100>, as user <s174007> in cluster <dcc> at Fri Dec 20 12:00:26 2019
</zhome/b0/b/127184> was used as the home directory.
</zhome/b0/b/127184/Documents/Projects/AutoML/scripts> was used as the working directory.
Started at Fri Dec 20 12:00:26 2019
Terminated at Fri Dec 20 13:27:28 2019
Results reported at Fri Dec 20 13:27:28 2019

Your job looked like:

------------------------------------------------------------
# LSBATCH: User input
#!/bin/sh
#BSUB -q gpuv100
#BSUB -gpu "num=1"
#BSUB -J myJob
#BSUB -n 1
#BSUB -W 10:00
#BSUB -R "rusage[mem=6GB]"
#BSUB -o ../logs/gruco%J.out

module load python3/3.6.2
module load cuda/8.0
module load cudnn/v7.0-prod-cuda8

echo "Running script..."
python3 train.py 10000 MOONS 0.01 emoving

------------------------------------------------------------

Successfully completed.

Resource usage summary:

    CPU time :                                   5209.41 sec.
    Max Memory :                                 1857 MB
    Average Memory :                             1841.44 MB
    Total Requested Memory :                     6144.00 MB
    Delta Memory :                               4287.00 MB
    Max Swap :                                   -
    Max Processes :                              4
    Max Threads :                                10
    Run time :                                   5224 sec.
    Turnaround time :                            7688 sec.

The output (if any) is above this job summary.

