Loaded module: python3/3.6.2
Loaded module: cuda/8.0
Loaded module: cudnn/v7.0-prod-cuda8
Running script...
##converting Controller to cuda-enabled
1000/10000
Arch [64, 'Tanh']
acc tensor(0.9648)
loss tensor(0.0471, device='cuda:0', grad_fn=<NegBackward>)
baseline 0.85

2000/10000
Arch [64, 'Tanh']
acc tensor(0.9648)
loss tensor(0.0256, device='cuda:0', grad_fn=<NegBackward>)
baseline 0.85

3000/10000
Arch [64, 'ReLU']
acc tensor(0.9648)
loss tensor(0.0834, device='cuda:0', grad_fn=<NegBackward>)
baseline 0.85

4000/10000
Arch [64, 'Tanh']
acc tensor(0.9648)
loss tensor(0.0229, device='cuda:0', grad_fn=<NegBackward>)
baseline 0.85

5000/10000
Arch [64, 'Tanh']
acc tensor(0.9648)
loss tensor(0.0248, device='cuda:0', grad_fn=<NegBackward>)
baseline 0.85

6000/10000
Arch [64, 'Sigmoid']
acc tensor(0.8392)
loss tensor(-0.0142, device='cuda:0', grad_fn=<NegBackward>)
baseline 0.85

7000/10000
Arch [64, 'Tanh']
acc tensor(0.9648)
loss tensor(0.0200, device='cuda:0', grad_fn=<NegBackward>)
baseline 0.85

8000/10000
Arch [64, 'Tanh']
acc tensor(0.9648)
loss tensor(0.0202, device='cuda:0', grad_fn=<NegBackward>)
baseline 0.85

9000/10000
Arch [64, 'Tanh']
acc tensor(0.9648)
loss tensor(0.0204, device='cuda:0', grad_fn=<NegBackward>)
baseline 0.85

10000/10000
Arch [64, 'ReLU']
acc tensor(0.9598)
loss tensor(0.0959, device='cuda:0', grad_fn=<NegBackward>)
baseline 0.85


------------------------------------------------------------
Sender: LSF System <lsfadmin@n-62-20-4>
Subject: Job 4969703: <myJob> in cluster <dcc> Done

Job <myJob> was submitted from host <gbarlogin2> by user <s174007> in cluster <dcc> at Fri Dec 20 11:18:09 2019
Job was executed on host(s) <n-62-20-4>, in queue <gpuv100>, as user <s174007> in cluster <dcc> at Fri Dec 20 11:18:10 2019
</zhome/b0/b/127184> was used as the home directory.
</zhome/b0/b/127184/Documents/Projects/AutoML/scripts> was used as the working directory.
Started at Fri Dec 20 11:18:10 2019
Terminated at Fri Dec 20 12:05:25 2019
Results reported at Fri Dec 20 12:05:25 2019

Your job looked like:

------------------------------------------------------------
# LSBATCH: User input
#!/bin/sh
#BSUB -q gpuv100
#BSUB -gpu "num=1"
#BSUB -J myJob
#BSUB -n 1
#BSUB -W 10:00
#BSUB -R "rusage[mem=6GB]"
#BSUB -o ../logs/gruco%J.out

module load python3/3.6.2
module load cuda/8.0
module load cudnn/v7.0-prod-cuda8

echo "Running script..."
python3 train.py 10000 MOONS 0.01 const

------------------------------------------------------------

Successfully completed.

Resource usage summary:

    CPU time :                                   2818.79 sec.
    Max Memory :                                 1861 MB
    Average Memory :                             1835.45 MB
    Total Requested Memory :                     6144.00 MB
    Delta Memory :                               4283.00 MB
    Max Swap :                                   -
    Max Processes :                              4
    Max Threads :                                10
    Run time :                                   2848 sec.
    Turnaround time :                            2836 sec.

The output (if any) is above this job summary.

