Loaded module: python3/3.6.2
Loaded module: cuda/8.0
Loaded module: cudnn/v7.0-prod-cuda8
Running script...
##converting Controller to cuda-enabled
Traceback (most recent call last):
  File "train.py", line 21, in <module>
    accuracy_hist, loss_hist, probs_layer_1 = trainer(parameters["rollouts"],parameters["dataset"], parameters["lr"], parameters["controltype"])
  File "/zhome/b0/b/127184/Documents/Projects/AutoML/scripts/trainer.py", line 60, in trainer
    arch,probs = cont.sample()
  File "/zhome/b0/b/127184/Documents/Projects/AutoML/scripts/controller.py", line 267, in sample
    self.probs_layer_1.append(probs.data.numpy())
TypeError: can't convert CUDA tensor to numpy. Use Tensor.cpu() to copy the tensor to host memory first.
##converting Controller to cuda-enabled
Traceback (most recent call last):
  File "train.py", line 21, in <module>
    accuracy_hist, loss_hist, probs_layer_1 = trainer(parameters["rollouts"],parameters["dataset"], parameters["lr"], parameters["controltype"])
  File "/zhome/b0/b/127184/Documents/Projects/AutoML/scripts/trainer.py", line 60, in trainer
    arch,probs = cont.sample()
  File "/zhome/b0/b/127184/Documents/Projects/AutoML/scripts/controller.py", line 267, in sample
    self.probs_layer_1.append(probs.data.numpy())
TypeError: can't convert CUDA tensor to numpy. Use Tensor.cpu() to copy the tensor to host memory first.

------------------------------------------------------------
Sender: LSF System <lsfadmin@n-62-20-11>
Subject: Job 4814170: <myJob> in cluster <dcc> Exited

Job <myJob> was submitted from host <gbarlogin2> by user <s174007> in cluster <dcc> at Sun Dec  1 16:14:35 2019
Job was executed on host(s) <n-62-20-11>, in queue <gpuv100>, as user <s174007> in cluster <dcc> at Sun Dec  1 16:14:37 2019
</zhome/b0/b/127184> was used as the home directory.
</zhome/b0/b/127184/Documents/Projects/AutoML/scripts> was used as the working directory.
Started at Sun Dec  1 16:14:37 2019
Terminated at Sun Dec  1 16:14:50 2019
Results reported at Sun Dec  1 16:14:50 2019

Your job looked like:

------------------------------------------------------------
# LSBATCH: User input
#!/bin/sh
#BSUB -q gpuv100
#BSUB -gpu "num=1"
#BSUB -J myJob
#BSUB -n 1
#BSUB -W 10:00
#BSUB -R "rusage[mem=6GB]"
#BSUB -o ../logs/gruco%J.out

module load python3/3.6.2
module load cuda/8.0
module load cudnn/v7.0-prod-cuda8

echo "Running script..."
python3 train.py 10000 MOONS 0.01 gcct
python3 train.py 10000 MNIST 0.01 gcct

------------------------------------------------------------

Exited with exit code 1.

Resource usage summary:

    CPU time :                                   10.55 sec.
    Max Memory :                                 352 MB
    Average Memory :                             352.00 MB
    Total Requested Memory :                     6144.00 MB
    Delta Memory :                               5792.00 MB
    Max Swap :                                   -
    Max Processes :                              4
    Max Threads :                                8
    Run time :                                   21 sec.
    Turnaround time :                            15 sec.

The output (if any) is above this job summary.

