Loaded module: python3/3.6.2
Loaded module: cuda/8.0
Loaded module: cudnn/v7.0-prod-cuda8
Running script...
##converting Controller to cuda-enabled
1000/10000
Arch [32, 'Tanh', 32, 'Tanh', 8, 'Tanh', 4, 'Tanh', 16, 'Tanh']
acc tensor(0.9598)
loss tensor(0.0915, device='cuda:0', grad_fn=<NegBackward>)
baseline tensor(0.8867)

2000/10000
Arch [64, 'Tanh', 32, 'Tanh', 8, 'Tanh', 64, 'Tanh', 64, 'Tanh', 32, 'ReLU', 8, 'ReLU', 8, 'Tanh', 8, 'Tanh', 8, 'Tanh', 64, 'Tanh', 64, 'Tanh']
acc tensor(0.9548)
loss tensor(0.0420, device='cuda:0', grad_fn=<NegBackward>)
baseline tensor(0.9123)

3000/10000
Arch [8, 'Tanh', 64, 'ReLU']
acc tensor(0.9598)
loss tensor(0.0421, device='cuda:0', grad_fn=<NegBackward>)
baseline tensor(0.9245)

4000/10000
Arch [64, 'Tanh', 64, 'Tanh', 8, 'Tanh']
acc tensor(0.9598)
loss tensor(0.0257, device='cuda:0', grad_fn=<NegBackward>)
baseline tensor(0.9245)

5000/10000
Arch [32, 'Tanh', 64, 'Tanh']
acc tensor(0.9648)
loss tensor(0.0245, device='cuda:0', grad_fn=<NegBackward>)
baseline tensor(0.9245)

6000/10000
Arch [32, 'Tanh', 64, 'Tanh']
acc tensor(0.9648)
loss tensor(0.0273, device='cuda:0', grad_fn=<NegBackward>)
baseline tensor(0.9245)

7000/10000
Arch [64, 'Tanh', 32, 'Tanh']
acc tensor(0.9698)
loss tensor(0.0396, device='cuda:0', grad_fn=<NegBackward>)
baseline tensor(0.9245)

8000/10000
Arch [16, 'Tanh', 64, 'ReLU']
acc tensor(0.9698)
loss tensor(0.0401, device='cuda:0', grad_fn=<NegBackward>)
baseline tensor(0.9245)

9000/10000
Arch [32, 'Tanh', 64, 'Tanh']
acc tensor(0.9648)
loss tensor(0.0230, device='cuda:0', grad_fn=<NegBackward>)
baseline tensor(0.9245)

10000/10000
Arch [64, 'ReLU', 64, 'Tanh']
acc tensor(0.9648)
loss tensor(0.0449, device='cuda:0', grad_fn=<NegBackward>)
baseline tensor(0.9245)


------------------------------------------------------------
Sender: LSF System <lsfadmin@n-62-20-5>
Subject: Job 4971360: <myJob> in cluster <dcc> Done

Job <myJob> was submitted from host <gbarlogin2> by user <s174007> in cluster <dcc> at Fri Dec 20 14:02:23 2019
Job was executed on host(s) <n-62-20-5>, in queue <gpuv100>, as user <s174007> in cluster <dcc> at Fri Dec 20 14:02:24 2019
</zhome/b0/b/127184> was used as the home directory.
</zhome/b0/b/127184/Documents/Projects/AutoML/scripts> was used as the working directory.
Started at Fri Dec 20 14:02:24 2019
Terminated at Fri Dec 20 16:21:46 2019
Results reported at Fri Dec 20 16:21:46 2019

Your job looked like:

------------------------------------------------------------
# LSBATCH: User input
#!/bin/sh
#BSUB -q gpuv100
#BSUB -gpu "num=1"
#BSUB -J myJob
#BSUB -n 1
#BSUB -W 10:00
#BSUB -R "rusage[mem=6GB]"
#BSUB -o ../logs/gruco%J.out

module load python3/3.6.2
module load cuda/8.0
module load cudnn/v7.0-prod-cuda8

echo "Running script..."
python3 train.py 10000 MOONS 0.01 moving

------------------------------------------------------------

Successfully completed.

Resource usage summary:

    CPU time :                                   8340.27 sec.
    Max Memory :                                 1859 MB
    Average Memory :                             1847.26 MB
    Total Requested Memory :                     6144.00 MB
    Delta Memory :                               4285.00 MB
    Max Swap :                                   -
    Max Processes :                              4
    Max Threads :                                10
    Run time :                                   8389 sec.
    Turnaround time :                            8363 sec.

The output (if any) is above this job summary.

