Loaded module: python3/3.6.2
Loaded module: cuda/8.0
Loaded module: cudnn/v7.0-prod-cuda8
Running script...
##converting Controller to cuda-enabled
1000/10000
Arch [64, 'Tanh', 16, 'Tanh']
acc tensor(0.9698)
loss tensor(0.0820, device='cuda:0', grad_fn=<NegBackward>)
baseline tensor(0.9069)

2000/10000
Arch [32, 'Tanh']
acc tensor(0.9698)
loss tensor(0.0226, device='cuda:0', grad_fn=<NegBackward>)
baseline tensor(0.9536)

3000/10000
Arch [16, 'ReLU', 16, 'Tanh', 32, 'Tanh']
acc tensor(0.9698)
loss tensor(0.0311, device='cuda:0', grad_fn=<NegBackward>)
baseline tensor(0.9387)

4000/10000
Arch [16, 'ReLU', 8, 'Tanh']
acc tensor(0.9698)
loss tensor(0.0221, device='cuda:0', grad_fn=<NegBackward>)
baseline tensor(0.9443)

5000/10000
Arch [32, 'Tanh']
acc tensor(0.9698)
loss tensor(0.0088, device='cuda:0', grad_fn=<NegBackward>)
baseline tensor(0.9608)

6000/10000
Arch [16, 'Tanh', 8, 'Tanh', 16, 'Tanh', 16, 'Tanh', 4, 'ReLU', 64, 'Tanh']
acc tensor(0.9698)
loss tensor(0.0101, device='cuda:0', grad_fn=<NegBackward>)
baseline tensor(0.9611)

7000/10000
Arch [16, 'ReLU', 16, 'Tanh', 8, 'Tanh', 8, 'Tanh', 4, 'Tanh']
acc tensor(0.9698)
loss tensor(0.0148, device='cuda:0', grad_fn=<NegBackward>)
baseline tensor(0.9548)

8000/10000
Arch [32, 'Tanh', 32, 'Tanh', 64, 'Tanh', 8, 'Tanh', 64, 'Tanh', 8, 'Sigmoid']
acc tensor(0.9598)
loss tensor(-0.0031, device='cuda:0', grad_fn=<NegBackward>)
baseline tensor(0.9623)

9000/10000
Arch [32, 'Tanh', 8, 'Tanh', 4, 'Tanh']
acc tensor(0.9648)
loss tensor(0.0040, device='cuda:0', grad_fn=<NegBackward>)
baseline tensor(0.9601)

10000/10000
Arch [16, 'ReLU', 8, 'Tanh', 8, 'Tanh']
acc tensor(0.9749)
loss tensor(0.0193, device='cuda:0', grad_fn=<NegBackward>)
baseline tensor(0.9564)


------------------------------------------------------------
Sender: LSF System <lsfadmin@n-62-20-3>
Subject: Job 4977959: <myJob> in cluster <dcc> Done

Job <myJob> was submitted from host <gbarlogin2> by user <s174007> in cluster <dcc> at Sat Dec 21 23:52:26 2019
Job was executed on host(s) <n-62-20-3>, in queue <gpuv100>, as user <s174007> in cluster <dcc> at Sat Dec 21 23:52:27 2019
</zhome/b0/b/127184> was used as the home directory.
</zhome/b0/b/127184/Documents/Projects/AutoML/scripts> was used as the working directory.
Started at Sat Dec 21 23:52:27 2019
Terminated at Sun Dec 22 02:30:32 2019
Results reported at Sun Dec 22 02:30:32 2019

Your job looked like:

------------------------------------------------------------
# LSBATCH: User input
#!/bin/sh
#BSUB -q gpuv100
#BSUB -gpu "num=1"
#BSUB -J myJob
#BSUB -n 1
#BSUB -W 10:00
#BSUB -R "rusage[mem=6GB]"
#BSUB -o ../logs/gruco%J.out

module load python3/3.6.2
module load cuda/8.0
module load cudnn/v7.0-prod-cuda8

echo "Running script..."
python3 train.py 10000 MOONS 0.01 moving

------------------------------------------------------------

Successfully completed.

Resource usage summary:

    CPU time :                                   9450.40 sec.
    Max Memory :                                 1859 MB
    Average Memory :                             1846.14 MB
    Total Requested Memory :                     6144.00 MB
    Delta Memory :                               4285.00 MB
    Max Swap :                                   -
    Max Processes :                              4
    Max Threads :                                10
    Run time :                                   9510 sec.
    Turnaround time :                            9486 sec.

The output (if any) is above this job summary.

