Loaded module: python3/3.6.2
Loaded module: cuda/8.0
Loaded module: cudnn/v7.0-prod-cuda8
Running script...
##converting Controller to cuda-enabled
1000/10000
Arch [4, 'ReLU']
acc tensor(0.8643)
loss tensor(0.7772, device='cuda:0', grad_fn=<NegBackward>)

2000/10000
Arch [8, 'Tanh']
acc tensor(0.8693)
loss tensor(0.7988, device='cuda:0', grad_fn=<NegBackward>)

3000/10000
Arch [8, 'Tanh', 64, 'Tanh']
acc tensor(0.9598)
loss tensor(1.4635, device='cuda:0', grad_fn=<NegBackward>)

4000/10000
Arch [64, 'Tanh']
acc tensor(0.9598)
loss tensor(0.4131, device='cuda:0', grad_fn=<NegBackward>)

5000/10000
Arch [4, 'Tanh']
acc tensor(0.8643)
loss tensor(0.8725, device='cuda:0', grad_fn=<NegBackward>)

6000/10000
Arch [16, 'Tanh']
acc tensor(0.8643)
loss tensor(0.7182, device='cuda:0', grad_fn=<NegBackward>)

7000/10000
Arch [16, 'Tanh']
acc tensor(0.9497)
loss tensor(0.7460, device='cuda:0', grad_fn=<NegBackward>)

8000/10000
Arch [4, 'Tanh']
acc tensor(0.8643)
loss tensor(0.9040, device='cuda:0', grad_fn=<NegBackward>)

9000/10000
Arch [64, 'Tanh']
acc tensor(0.9598)
loss tensor(0.3830, device='cuda:0', grad_fn=<NegBackward>)

10000/10000
Arch [64, 'Sigmoid']
acc tensor(0.8693)
loss tensor(1.0701, device='cuda:0', grad_fn=<NegBackward>)

##converting Controller to cuda-enabled
1000/10000
Arch [4, 'Sigmoid', 2, 'Sigmoid']
acc tensor(0.4188)
loss tensor(0.7870, device='cuda:0', grad_fn=<NegBackward>)

2000/10000
Arch [64, 'Sigmoid']
acc tensor(0.8257)
loss tensor(0.5717, device='cuda:0', grad_fn=<NegBackward>)

3000/10000
Arch [64, 'Tanh']
acc tensor(0.8317)
loss tensor(0.5269, device='cuda:0', grad_fn=<NegBackward>)

4000/10000
Arch [64, 'Sigmoid']
acc tensor(0.8377)
loss tensor(0.3795, device='cuda:0', grad_fn=<NegBackward>)

5000/10000
Arch [8, 'Sigmoid']
acc tensor(0.7455)
loss tensor(0.7798, device='cuda:0', grad_fn=<NegBackward>)

6000/10000
Arch [16, 'Sigmoid']
acc tensor(0.7796)
loss tensor(0.6982, device='cuda:0', grad_fn=<NegBackward>)

7000/10000
Arch [64, 'Sigmoid']
acc tensor(0.8477)
loss tensor(0.3637, device='cuda:0', grad_fn=<NegBackward>)

8000/10000
Arch [64, 'Tanh']
acc tensor(0.8437)
loss tensor(0.4628, device='cuda:0', grad_fn=<NegBackward>)

9000/10000
Arch [64, 'Sigmoid']
acc tensor(0.8417)
loss tensor(0.3578, device='cuda:0', grad_fn=<NegBackward>)

10000/10000
Arch [2, 'Sigmoid']
acc tensor(0.3727)
loss tensor(0.5585, device='cuda:0', grad_fn=<NegBackward>)


------------------------------------------------------------
Sender: LSF System <lsfadmin@n-62-20-5>
Subject: Job 4818666: <myJob> in cluster <dcc> Done

Job <myJob> was submitted from host <n-62-27-19> by user <s174007> in cluster <dcc> at Sun Dec  1 23:16:24 2019
Job was executed on host(s) <n-62-20-5>, in queue <gpuv100>, as user <s174007> in cluster <dcc> at Mon Dec  2 03:57:34 2019
</zhome/b0/b/127184> was used as the home directory.
</zhome/b0/b/127184/Documents/Projects/AutoML/scripts> was used as the working directory.
Started at Mon Dec  2 03:57:34 2019
Terminated at Mon Dec  2 05:48:39 2019
Results reported at Mon Dec  2 05:48:39 2019

Your job looked like:

------------------------------------------------------------
# LSBATCH: User input
#!/bin/sh
#BSUB -q gpuv100
#BSUB -gpu "num=1"
#BSUB -J myJob
#BSUB -n 1
#BSUB -W 10:00
#BSUB -R "rusage[mem=6GB]"
#BSUB -o ../logs/gruco%J.out

module load python3/3.6.2
module load cuda/8.0
module load cudnn/v7.0-prod-cuda8

echo "Running script..."
python3 train.py 10000 MOONS 0.01 notct
python3 train.py 10000 MNIST 0.01 notct

------------------------------------------------------------

Successfully completed.

Resource usage summary:

    CPU time :                                   6644.32 sec.
    Max Memory :                                 1908 MB
    Average Memory :                             1877.46 MB
    Total Requested Memory :                     6144.00 MB
    Delta Memory :                               4236.00 MB
    Max Swap :                                   -
    Max Processes :                              4
    Max Threads :                                10
    Run time :                                   6666 sec.
    Turnaround time :                            23535 sec.

The output (if any) is above this job summary.

