Loaded module: python3/3.6.2
Loaded module: cuda/8.0
Loaded module: cudnn/v7.0-prod-cuda8
Running script...
##converting Controller to cuda-enabled
Traceback (most recent call last):
  File "train.py", line 21, in <module>
    accuracy_hist, loss_hist, probs_layer_1, depth, sample_networks = trainer(parameters["rollouts"],parameters["dataset"], parameters["lr"], parameters["controltype"])
  File "/zhome/b0/b/127184/Documents/Projects/AutoML/scripts/trainer.py", line 92, in trainer
    accuracy, particle_loss = train_m.particle_train(net, plot)
TypeError: 'numpy.float64' object is not iterable

------------------------------------------------------------
Sender: LSF System <lsfadmin@n-62-20-5>
Subject: Job 4988897: <myJob> in cluster <dcc> Exited

Job <myJob> was submitted from host <gbarlogin2> by user <s174007> in cluster <dcc> at Thu Dec 26 23:35:25 2019
Job was executed on host(s) <n-62-20-5>, in queue <gpuv100>, as user <s174007> in cluster <dcc> at Thu Dec 26 23:35:25 2019
</zhome/b0/b/127184> was used as the home directory.
</zhome/b0/b/127184/Documents/Projects/AutoML/scripts> was used as the working directory.
Started at Thu Dec 26 23:35:25 2019
Terminated at Thu Dec 26 23:35:58 2019
Results reported at Thu Dec 26 23:35:58 2019

Your job looked like:

------------------------------------------------------------
# LSBATCH: User input
#!/bin/sh
#BSUB -q gpuv100
#BSUB -gpu "num=1"
#BSUB -J myJob
#BSUB -n 1
#BSUB -W 10:00
#BSUB -R "rusage[mem=6GB]"
#BSUB -o ../logs/gruco%J.out

module load python3/3.6.2
module load cuda/8.0
module load cudnn/v7.0-prod-cuda8

echo "Running script..."
python3 train.py 10000 PARTICLE 0.01 emoving

------------------------------------------------------------

Exited with exit code 1.

Resource usage summary:

    CPU time :                                   8.28 sec.
    Max Memory :                                 607 MB
    Average Memory :                             607.00 MB
    Total Requested Memory :                     6144.00 MB
    Delta Memory :                               5537.00 MB
    Max Swap :                                   -
    Max Processes :                              4
    Max Threads :                                8
    Run time :                                   60 sec.
    Turnaround time :                            33 sec.

The output (if any) is above this job summary.

