Loaded module: python3/3.6.2
Loaded module: cuda/8.0
Loaded module: cudnn/v7.0-prod-cuda8
Running script...
##converting Controller to cuda-enabled
1000/10000
Arch [8, 'ReLU', 8, 'Tanh', 16, 'Tanh', 64, 'Tanh', 32, 'Tanh', 8, 'Tanh', 32, 'Tanh', 16, 'Tanh', 16, 'Tanh', 32, 'ReLU', 64, 'Tanh', 16, 'Tanh']
acc tensor(0.9548)
loss tensor(-0.0140, device='cuda:0', grad_fn=<NegBackward>)
baseline 0.9673792883682961

2000/10000
Arch [32, 'ReLU', 32, 'Tanh', 8, 'ReLU', 8, 'Tanh', 16, 'Sigmoid', 8, 'ReLU', 16, 'Tanh', 32, 'ReLU', 32, 'Tanh', 4, 'Tanh', 8, 'ReLU', 4, 'Tanh']
acc tensor(0.9447)
loss tensor(-0.0312, device='cuda:0', grad_fn=<NegBackward>)
baseline 0.9673792883682961

3000/10000
Arch [32, 'Tanh', 64, 'Sigmoid', 16, 'Tanh', 8, 'Tanh', 2, 'Tanh', 32, 'ReLU', 4, 'Tanh', 64, 'Tanh', 16, 'Tanh', 16, 'Tanh', 8, 'Tanh', 4, 'Tanh']
acc tensor(0.8342)
loss tensor(-0.1637, device='cuda:0', grad_fn=<NegBackward>)
baseline 0.9673792883682961

4000/10000
Arch [32, 'Tanh', 4, 'Tanh', 16, 'Tanh', 32, 'ReLU', 32, 'Tanh', 4, 'Tanh', 32, 'Tanh', 64, 'Tanh', 64, 'Tanh', 4, 'Tanh', 64, 'Tanh', 4, 'Tanh']
acc tensor(0.7487)
loss tensor(-0.2567, device='cuda:0', grad_fn=<NegBackward>)
baseline 0.9673792883682961

5000/10000
Arch [64, 'Tanh', 16, 'Tanh', 16, 'Tanh', 2, 'Tanh', 16, 'Sigmoid', 32, 'ReLU', 8, 'Tanh', 16, 'Tanh', 16, 'Tanh', 16, 'Tanh', 64, 'Tanh', 16, 'Tanh']
acc tensor(0.9548)
loss tensor(-0.0130, device='cuda:0', grad_fn=<NegBackward>)
baseline 0.9673792883682961

6000/10000
Arch [4, 'Tanh', 16, 'Tanh', 8, 'Tanh', 16, 'ReLU', 16, 'Tanh', 64, 'Tanh', 32, 'Tanh', 16, 'Tanh', 8, 'ReLU', 16, 'Tanh', 8, 'Tanh', 32, 'Tanh']
acc tensor(0.9447)
loss tensor(-0.0225, device='cuda:0', grad_fn=<NegBackward>)
baseline 0.9673792883682961

7000/10000
Arch [16, 'Tanh', 16, 'Tanh', 8, 'Tanh', 64, 'Tanh', 64, 'Tanh', 16, 'Tanh', 16, 'Tanh', 64, 'Tanh', 4, 'Tanh', 64, 'ReLU', 32, 'Sigmoid', 16, 'ReLU']
acc tensor(0.8442)
loss tensor(-0.1452, device='cuda:0', grad_fn=<NegBackward>)
baseline 0.9673792883682961

8000/10000
Arch [16, 'ReLU', 8, 'Tanh', 32, 'Tanh', 16, 'Tanh', 16, 'Tanh', 16, 'Sigmoid', 4, 'Tanh', 2, 'Tanh', 16, 'Tanh', 8, 'Tanh', 8, 'Tanh', 4, 'Sigmoid']
acc tensor(0.4874)
loss tensor(-0.5977, device='cuda:0', grad_fn=<NegBackward>)
baseline 0.9673792883682961

9000/10000
Arch [16, 'ReLU', 16, 'Tanh', 16, 'Tanh', 8, 'Tanh', 16, 'Tanh', 8, 'Tanh', 64, 'Tanh', 64, 'Tanh', 4, 'Sigmoid', 8, 'Tanh', 16, 'Tanh', 16, 'Tanh']
acc tensor(0.9447)
loss tensor(-0.0230, device='cuda:0', grad_fn=<NegBackward>)
baseline 0.9673792883682961

10000/10000
Arch [16, 'Tanh', 16, 'Tanh', 16, 'Tanh', 16, 'ReLU', 4, 'Tanh', 16, 'Tanh', 64, 'ReLU', 32, 'Tanh', 2, 'Tanh', 16, 'ReLU', 16, 'Tanh', 16, 'Tanh']
acc tensor(0.9497)
loss tensor(-0.0180, device='cuda:0', grad_fn=<NegBackward>)
baseline 0.9673792883682961


------------------------------------------------------------
Sender: LSF System <lsfadmin@n-62-20-2>
Subject: Job 4971362: <myJob> in cluster <dcc> Done

Job <myJob> was submitted from host <gbarlogin2> by user <s174007> in cluster <dcc> at Fri Dec 20 14:02:38 2019
Job was executed on host(s) <n-62-20-2>, in queue <gpuv100>, as user <s174007> in cluster <dcc> at Fri Dec 20 14:02:39 2019
</zhome/b0/b/127184> was used as the home directory.
</zhome/b0/b/127184/Documents/Projects/AutoML/scripts> was used as the working directory.
Started at Fri Dec 20 14:02:39 2019
Terminated at Fri Dec 20 20:01:07 2019
Results reported at Fri Dec 20 20:01:07 2019

Your job looked like:

------------------------------------------------------------
# LSBATCH: User input
#!/bin/sh
#BSUB -q gpuv100
#BSUB -gpu "num=1"
#BSUB -J myJob
#BSUB -n 1
#BSUB -W 10:00
#BSUB -R "rusage[mem=6GB]"
#BSUB -o ../logs/gruco%J.out

module load python3/3.6.2
module load cuda/8.0
module load cudnn/v7.0-prod-cuda8

echo "Running script..."
python3 train.py 10000 MOONS 0.01 dynamic

------------------------------------------------------------

Successfully completed.

Resource usage summary:

    CPU time :                                   21446.32 sec.
    Max Memory :                                 1864 MB
    Average Memory :                             1854.15 MB
    Total Requested Memory :                     6144.00 MB
    Delta Memory :                               4280.00 MB
    Max Swap :                                   -
    Max Processes :                              4
    Max Threads :                                10
    Run time :                                   21528 sec.
    Turnaround time :                            21509 sec.

The output (if any) is above this job summary.

