Loaded module: python3/3.6.2
Loaded module: cuda/8.0
Loaded module: cudnn/v7.0-prod-cuda8
Running script...
##converting Controller to cuda-enabled
1000/10000
Arch [8, 64, 4]
acc tensor(0.8442)
loss tensor(1.0051, device='cuda:0', grad_fn=<NegBackward>)

2000/10000
Arch ['Tanh', 8, 'Tanh']
acc tensor(0.8442)
loss tensor(1.5070, device='cuda:0', grad_fn=<NegBackward>)

3000/10000
Arch [4, 'Tanh', 16]
acc tensor(0.9648)
loss tensor(1.9256, device='cuda:0', grad_fn=<NegBackward>)

4000/10000
Arch ['Tanh']
acc tensor(0.8191)
loss tensor(-0.5951, device='cuda:0', grad_fn=<NegBackward>)

5000/10000
Arch [64, 16, 'Tanh', 4]
acc tensor(0.9648)
loss tensor(1.5976, device='cuda:0', grad_fn=<NegBackward>)

6000/10000
Arch [64, 'Tanh']
acc tensor(0.9648)
loss tensor(-0.0765, device='cuda:0', grad_fn=<NegBackward>)

7000/10000
Arch ['Tanh', 64, 64, 'Sigmoid']
acc tensor(0.8442)
loss tensor(1.3993, device='cuda:0', grad_fn=<NegBackward>)

8000/10000
Arch ['ReLU', 'Tanh', 2, 8]
acc tensor(0.8241)
loss tensor(1.3366, device='cuda:0', grad_fn=<NegBackward>)

9000/10000
Arch [32, 'ReLU', 'Tanh']
acc tensor(0.9648)
loss tensor(1.2169, device='cuda:0', grad_fn=<NegBackward>)

10000/10000
Arch ['ReLU', 4]
acc tensor(0.8291)
loss tensor(-0.3965, device='cuda:0', grad_fn=<NegBackward>)

##converting Controller to cuda-enabled
1000/10000
Arch [8, 'Tanh', 'Tanh']
acc tensor(0.7675)
loss tensor(0.5769, device='cuda:0', grad_fn=<NegBackward>)

2000/10000
Arch [16, 'Tanh', 'Tanh']
acc tensor(0.8056)
loss tensor(0.5079, device='cuda:0', grad_fn=<NegBackward>)

3000/10000
Arch ['Tanh', 'Tanh', 'Tanh']
acc tensor(0.8377)
loss tensor(0.2916, device='cuda:0', grad_fn=<NegBackward>)

4000/10000
Arch [32, 'Tanh', 'Tanh']
acc tensor(0.8257)
loss tensor(0.5193, device='cuda:0', grad_fn=<NegBackward>)

5000/10000
Arch ['Tanh', 'Tanh', 'Tanh', 16]
acc tensor(0.8236)
loss tensor(0.6596, device='cuda:0', grad_fn=<NegBackward>)

6000/10000
Arch [32, 'Tanh', 'Tanh', 'Sigmoid']
acc tensor(0.8096)
loss tensor(0.6959, device='cuda:0', grad_fn=<NegBackward>)

7000/10000
Arch ['Tanh', 8, 'Tanh']
acc tensor(0.7896)
loss tensor(0.8926, device='cuda:0', grad_fn=<NegBackward>)

8000/10000
Arch ['ReLU', 'Tanh', 'Tanh']
acc tensor(0.8317)
loss tensor(0.4106, device='cuda:0', grad_fn=<NegBackward>)

9000/10000
Arch ['Tanh', 'Tanh', 'Tanh']
acc tensor(0.8397)
loss tensor(0.2701, device='cuda:0', grad_fn=<NegBackward>)

10000/10000
Arch ['ReLU', 'Tanh', 'Tanh']
acc tensor(0.8337)
loss tensor(0.4053, device='cuda:0', grad_fn=<NegBackward>)


------------------------------------------------------------
Sender: LSF System <lsfadmin@n-62-20-11>
Subject: Job 4814807: <myJob> in cluster <dcc> Done

Job <myJob> was submitted from host <gbarlogin2> by user <s174007> in cluster <dcc> at Sun Dec  1 16:17:29 2019
Job was executed on host(s) <n-62-20-11>, in queue <gpuv100>, as user <s174007> in cluster <dcc> at Sun Dec  1 16:17:30 2019
</zhome/b0/b/127184> was used as the home directory.
</zhome/b0/b/127184/Documents/Projects/AutoML/scripts> was used as the working directory.
Started at Sun Dec  1 16:17:30 2019
Terminated at Sun Dec  1 19:33:54 2019
Results reported at Sun Dec  1 19:33:54 2019

Your job looked like:

------------------------------------------------------------
# LSBATCH: User input
#!/bin/sh
#BSUB -q gpuv100
#BSUB -gpu "num=1"
#BSUB -J myJob
#BSUB -n 1
#BSUB -W 10:00
#BSUB -R "rusage[mem=6GB]"
#BSUB -o ../logs/gruco%J.out

module load python3/3.6.2
module load cuda/8.0
module load cudnn/v7.0-prod-cuda8

echo "Running script..."
python3 train.py 10000 MOONS 0.01 gcct
python3 train.py 10000 MNIST 0.01 gcct

------------------------------------------------------------

Successfully completed.

Resource usage summary:

    CPU time :                                   11751.91 sec.
    Max Memory :                                 1892 MB
    Average Memory :                             1876.82 MB
    Total Requested Memory :                     6144.00 MB
    Delta Memory :                               4252.00 MB
    Max Swap :                                   -
    Max Processes :                              4
    Max Threads :                                10
    Run time :                                   11797 sec.
    Turnaround time :                            11785 sec.

The output (if any) is above this job summary.

