Loaded module: python3/3.6.2
Loaded module: cuda/8.0
Loaded module: cudnn/v7.0-prod-cuda8
Running script...
##converting Controller to cuda-enabled
1000/10000
Arch [2, 'ReLU', 32, 'Tanh', 16, 'Tanh', 8, 'Tanh', 32, 'Tanh', 32, 'Tanh', 2, 'ReLU']
acc tensor(0.4874)
loss tensor(-1.0941, device='cuda:0', grad_fn=<NegBackward>)
baseline tensor(0.9222)

2000/10000
Arch [64, 'ReLU', 64, 'Tanh']
acc tensor(0.9648)
loss tensor(-0.1618, device='cuda:0', grad_fn=<NegBackward>)
baseline tensor(0.9548)

3000/10000
Arch [32, 'ReLU', 16, 'Tanh', 4, 'Tanh', 8, 'Tanh', 32, 'Tanh']
acc tensor(0.9648)
loss tensor(-0.0428, device='cuda:0', grad_fn=<NegBackward>)
baseline tensor(0.9489)

4000/10000
Arch [16, 'ReLU', 4, 'Tanh', 64, 'Tanh']
acc tensor(0.9698)
loss tensor(-0.0005, device='cuda:0', grad_fn=<NegBackward>)
baseline tensor(0.9489)

5000/10000
Arch [8, 'Tanh', 16, 'Tanh', 32, 'Tanh', 8, 'Sigmoid', 64, 'Tanh', 16, 'Sigmoid']
acc tensor(0.9648)
loss tensor(0.0177, device='cuda:0', grad_fn=<NegBackward>)
baseline tensor(0.9489)

6000/10000
Arch [16, 'ReLU', 32, 'Sigmoid']
acc tensor(0.9648)
loss tensor(0.0187, device='cuda:0', grad_fn=<NegBackward>)
baseline tensor(0.9489)

7000/10000
Arch [32, 'ReLU', 4, 'Sigmoid', 64, 'Tanh', 64, 'Tanh', 32, 'Sigmoid']
acc tensor(0.9648)
loss tensor(0.0202, device='cuda:0', grad_fn=<NegBackward>)
baseline tensor(0.9489)

8000/10000
Arch [16, 'ReLU', 16, 'Tanh', 4, 'Tanh', 16, 'Tanh', 32, 'Tanh', 16, 'Tanh', 32, 'Tanh', 32, 'Sigmoid']
acc tensor(0.9648)
loss tensor(0.0193, device='cuda:0', grad_fn=<NegBackward>)
baseline tensor(0.9489)

9000/10000
Arch [16, 'ReLU', 64, 'Tanh', 4, 'Tanh']
acc tensor(0.9648)
loss tensor(0.0163, device='cuda:0', grad_fn=<NegBackward>)
baseline tensor(0.9489)

10000/10000
Arch [64, 'ReLU', 32, 'Tanh', 32, 'Tanh']
acc tensor(0.9648)
loss tensor(0.0178, device='cuda:0', grad_fn=<NegBackward>)
baseline tensor(0.9489)


------------------------------------------------------------
Sender: LSF System <lsfadmin@n-62-20-4>
Subject: Job 4971361: <myJob> in cluster <dcc> Done

Job <myJob> was submitted from host <gbarlogin2> by user <s174007> in cluster <dcc> at Fri Dec 20 14:02:31 2019
Job was executed on host(s) <n-62-20-4>, in queue <gpuv100>, as user <s174007> in cluster <dcc> at Fri Dec 20 14:02:33 2019
</zhome/b0/b/127184> was used as the home directory.
</zhome/b0/b/127184/Documents/Projects/AutoML/scripts> was used as the working directory.
Started at Fri Dec 20 14:02:33 2019
Terminated at Fri Dec 20 15:22:19 2019
Results reported at Fri Dec 20 15:22:19 2019

Your job looked like:

------------------------------------------------------------
# LSBATCH: User input
#!/bin/sh
#BSUB -q gpuv100
#BSUB -gpu "num=1"
#BSUB -J myJob
#BSUB -n 1
#BSUB -W 10:00
#BSUB -R "rusage[mem=6GB]"
#BSUB -o ../logs/gruco%J.out

module load python3/3.6.2
module load cuda/8.0
module load cudnn/v7.0-prod-cuda8

echo "Running script..."
python3 train.py 10000 MOONS 0.01 emoving

------------------------------------------------------------

Successfully completed.

Resource usage summary:

    CPU time :                                   4772.97 sec.
    Max Memory :                                 1900 MB
    Average Memory :                             1888.48 MB
    Total Requested Memory :                     6144.00 MB
    Delta Memory :                               4244.00 MB
    Max Swap :                                   -
    Max Processes :                              4
    Max Threads :                                10
    Run time :                                   4807 sec.
    Turnaround time :                            4788 sec.

The output (if any) is above this job summary.

