Loaded module: python3/3.6.2
Loaded module: cuda/8.0
Loaded module: cudnn/v7.0-prod-cuda8
Running script...
##converting Controller to cuda-enabled
1000/10000
Arch []
acc tensor(0.8945)
loss tensor(0.1701, device='cuda:0', grad_fn=<NegBackward>)

2000/10000
Arch []
acc tensor(0.8945)
loss tensor(0.1587, device='cuda:0', grad_fn=<NegBackward>)

3000/10000
Arch []
acc tensor(0.8593)
loss tensor(0.1493, device='cuda:0', grad_fn=<NegBackward>)

4000/10000
Arch []
acc tensor(0.8894)
loss tensor(0.1539, device='cuda:0', grad_fn=<NegBackward>)

5000/10000
Arch [2, 'Sigmoid', 32, 'Sigmoid']
acc tensor(0.9045)
loss tensor(1.5396, device='cuda:0', grad_fn=<NegBackward>)

6000/10000
Arch []
acc tensor(0.8794)
loss tensor(0.1506, device='cuda:0', grad_fn=<NegBackward>)

7000/10000
Arch [2, 'Tanh', 4, 'Sigmoid']
acc tensor(0.9045)
loss tensor(1.5873, device='cuda:0', grad_fn=<NegBackward>)

8000/10000
Arch []
acc tensor(0.8945)
loss tensor(0.1527, device='cuda:0', grad_fn=<NegBackward>)

9000/10000
Arch []
acc tensor(0.8894)
loss tensor(0.1517, device='cuda:0', grad_fn=<NegBackward>)

10000/10000
Arch []
acc tensor(0.8945)
loss tensor(0.1527, device='cuda:0', grad_fn=<NegBackward>)

##converting Controller to cuda-enabled
1000/10000
Arch []
acc tensor(0.8317)
loss tensor(0.1553, device='cuda:0', grad_fn=<NegBackward>)

2000/10000
Arch [2, 'Sigmoid']
acc tensor(0.3467)
loss tensor(0.4393, device='cuda:0', grad_fn=<NegBackward>)

3000/10000
Arch []
acc tensor(0.8357)
loss tensor(0.1448, device='cuda:0', grad_fn=<NegBackward>)

4000/10000
Arch [2, 'Tanh']
acc tensor(0.3808)
loss tensor(0.6137, device='cuda:0', grad_fn=<NegBackward>)

5000/10000
Arch []
acc tensor(0.8317)
loss tensor(0.1428, device='cuda:0', grad_fn=<NegBackward>)

6000/10000
Arch []
acc tensor(0.8297)
loss tensor(0.1422, device='cuda:0', grad_fn=<NegBackward>)

7000/10000
Arch []
acc tensor(0.8357)
loss tensor(0.1431, device='cuda:0', grad_fn=<NegBackward>)

8000/10000
Arch []
acc tensor(0.8337)
loss tensor(0.1427, device='cuda:0', grad_fn=<NegBackward>)

9000/10000
Arch []
acc tensor(0.8317)
loss tensor(0.1423, device='cuda:0', grad_fn=<NegBackward>)

10000/10000
Arch []
acc tensor(0.8337)
loss tensor(0.1426, device='cuda:0', grad_fn=<NegBackward>)


------------------------------------------------------------
Sender: LSF System <lsfadmin@n-62-20-11>
Subject: Job 4818650: <myJob> in cluster <dcc> Done

Job <myJob> was submitted from host <n-62-27-19> by user <s174007> in cluster <dcc> at Sun Dec  1 23:12:27 2019
Job was executed on host(s) <n-62-20-11>, in queue <gpuv100>, as user <s174007> in cluster <dcc> at Sun Dec  1 23:12:30 2019
</zhome/b0/b/127184> was used as the home directory.
</zhome/b0/b/127184/Documents/Projects/AutoML/scripts> was used as the working directory.
Started at Sun Dec  1 23:12:30 2019
Terminated at Mon Dec  2 00:33:02 2019
Results reported at Mon Dec  2 00:33:02 2019

Your job looked like:

------------------------------------------------------------
# LSBATCH: User input
#!/bin/sh
#BSUB -q gpuv100
#BSUB -gpu "num=1"
#BSUB -J myJob
#BSUB -n 1
#BSUB -W 10:00
#BSUB -R "rusage[mem=6GB]"
#BSUB -o ../logs/gruco%J.out

module load python3/3.6.2
module load cuda/8.0
module load cudnn/v7.0-prod-cuda8

echo "Running script..."
python3 train.py 10000 MOONS 0.01 antitgct
python3 train.py 10000 MNIST 0.01 antitgct

------------------------------------------------------------

Successfully completed.

Resource usage summary:

    CPU time :                                   4819.07 sec.
    Max Memory :                                 1880 MB
    Average Memory :                             1857.74 MB
    Total Requested Memory :                     6144.00 MB
    Delta Memory :                               4264.00 MB
    Max Swap :                                   -
    Max Processes :                              4
    Max Threads :                                10
    Run time :                                   4833 sec.
    Turnaround time :                            4835 sec.

The output (if any) is above this job summary.

