Loaded module: python3/3.6.2
Loaded module: cuda/8.0
Loaded module: cudnn/v7.0-prod-cuda8
Running script...
##converting Controller to cuda-enabled
1000/10000
Arch [2, 'ReLU']
acc tensor(0.5126)
loss tensor(0.5657, device='cuda:0', grad_fn=<NegBackward>)

2000/10000
Arch [8, 'ReLU']
acc tensor(0.8744)
loss tensor(0.6707, device='cuda:0', grad_fn=<NegBackward>)

3000/10000
Arch [16, 'ReLU', 64, 'Tanh']
acc tensor(0.9497)
loss tensor(0.9654, device='cuda:0', grad_fn=<NegBackward>)

4000/10000
Arch [16, 'ReLU', 8, 'ReLU']
acc tensor(0.9497)
loss tensor(1.7070, device='cuda:0', grad_fn=<NegBackward>)

5000/10000
Arch [16, 'ReLU']
acc tensor(0.9497)
loss tensor(0.4412, device='cuda:0', grad_fn=<NegBackward>)

6000/10000
Arch [16, 'ReLU']
acc tensor(0.9497)
loss tensor(0.5334, device='cuda:0', grad_fn=<NegBackward>)

7000/10000
Arch [16, 'ReLU']
acc tensor(0.8844)
loss tensor(0.4919, device='cuda:0', grad_fn=<NegBackward>)

8000/10000
Arch [16, 'ReLU']
acc tensor(0.9497)
loss tensor(0.4692, device='cuda:0', grad_fn=<NegBackward>)

9000/10000
Arch [64, 'ReLU']
acc tensor(0.9497)
loss tensor(0.6562, device='cuda:0', grad_fn=<NegBackward>)

10000/10000
Arch [16, 'ReLU', 64, 'Sigmoid']
acc tensor(0.9497)
loss tensor(1.1621, device='cuda:0', grad_fn=<NegBackward>)

##converting Controller to cuda-enabled
1000/10000
Arch [64, 'Sigmoid']
acc tensor(0.8277)
loss tensor(0.9749, device='cuda:0', grad_fn=<NegBackward>)

2000/10000
Arch [32, 'ReLU']
acc tensor(0.8417)
loss tensor(0.6802, device='cuda:0', grad_fn=<NegBackward>)

3000/10000
Arch [16, 'ReLU']
acc tensor(0.8297)
loss tensor(0.4659, device='cuda:0', grad_fn=<NegBackward>)

4000/10000
Arch [32, 'ReLU']
acc tensor(0.8417)
loss tensor(0.7067, device='cuda:0', grad_fn=<NegBackward>)

5000/10000
Arch [16, 'ReLU']
acc tensor(0.8357)
loss tensor(0.5030, device='cuda:0', grad_fn=<NegBackward>)

6000/10000
Arch [16, 'Sigmoid']
acc tensor(0.8036)
loss tensor(0.4306, device='cuda:0', grad_fn=<NegBackward>)

7000/10000
Arch [16, 'Sigmoid']
acc tensor(0.7916)
loss tensor(0.3178, device='cuda:0', grad_fn=<NegBackward>)

8000/10000
Arch [4, 'Sigmoid']
acc tensor(0.6232)
loss tensor(0.7665, device='cuda:0', grad_fn=<NegBackward>)

9000/10000
Arch [16, 'Sigmoid']
acc tensor(0.8056)
loss tensor(0.2265, device='cuda:0', grad_fn=<NegBackward>)

10000/10000
Arch [16, 'Sigmoid']
acc tensor(0.8297)
loss tensor(0.2090, device='cuda:0', grad_fn=<NegBackward>)


------------------------------------------------------------
Sender: LSF System <lsfadmin@n-62-20-11>
Subject: Job 4818651: <myJob> in cluster <dcc> Done

Job <myJob> was submitted from host <n-62-27-19> by user <s174007> in cluster <dcc> at Sun Dec  1 23:12:29 2019
Job was executed on host(s) <n-62-20-11>, in queue <gpuv100>, as user <s174007> in cluster <dcc> at Mon Dec  2 00:33:04 2019
</zhome/b0/b/127184> was used as the home directory.
</zhome/b0/b/127184/Documents/Projects/AutoML/scripts> was used as the working directory.
Started at Mon Dec  2 00:33:04 2019
Terminated at Mon Dec  2 02:53:04 2019
Results reported at Mon Dec  2 02:53:04 2019

Your job looked like:

------------------------------------------------------------
# LSBATCH: User input
#!/bin/sh
#BSUB -q gpuv100
#BSUB -gpu "num=1"
#BSUB -J myJob
#BSUB -n 1
#BSUB -W 10:00
#BSUB -R "rusage[mem=6GB]"
#BSUB -o ../logs/gruco%J.out

module load python3/3.6.2
module load cuda/8.0
module load cudnn/v7.0-prod-cuda8

echo "Running script..."
python3 train.py 10000 MOONS 0.01 notgct
python3 train.py 10000 MNIST 0.01 notgct

------------------------------------------------------------

Successfully completed.

Resource usage summary:

    CPU time :                                   8377.10 sec.
    Max Memory :                                 1885 MB
    Average Memory :                             1867.19 MB
    Total Requested Memory :                     6144.00 MB
    Delta Memory :                               4259.00 MB
    Max Swap :                                   -
    Max Processes :                              4
    Max Threads :                                10
    Run time :                                   8402 sec.
    Turnaround time :                            13235 sec.

The output (if any) is above this job summary.

