Loaded module: python3/3.6.2
Loaded module: cuda/8.0
Loaded module: cudnn/v7.0-prod-cuda8
Running script...
##converting Controller to cuda-enabled
1000/10000
Arch [16, 'Sigmoid']
acc tensor(0.8643)
loss tensor(0.7390, device='cuda:0', grad_fn=<NegBackward>)

2000/10000
Arch [32, 'ReLU']
acc tensor(0.9698)
loss tensor(0.6872, device='cuda:0', grad_fn=<NegBackward>)

3000/10000
Arch [8, 'ReLU']
acc tensor(0.9849)
loss tensor(0.8775, device='cuda:0', grad_fn=<NegBackward>)

4000/10000
Arch [32, 'ReLU']
acc tensor(0.9849)
loss tensor(0.5016, device='cuda:0', grad_fn=<NegBackward>)

5000/10000
Arch [16, 'ReLU']
acc tensor(0.9749)
loss tensor(0.5779, device='cuda:0', grad_fn=<NegBackward>)

6000/10000
Arch [16, 'Tanh']
acc tensor(0.8744)
loss tensor(0.9902, device='cuda:0', grad_fn=<NegBackward>)

7000/10000
Arch [64, 'ReLU']
acc tensor(0.9698)
loss tensor(0.6828, device='cuda:0', grad_fn=<NegBackward>)

8000/10000
Arch [16, 'ReLU', 16, 'Tanh']
acc tensor(0.9598)
loss tensor(1.1574, device='cuda:0', grad_fn=<NegBackward>)

9000/10000
Arch [32, 'ReLU']
acc tensor(0.9648)
loss tensor(0.4634, device='cuda:0', grad_fn=<NegBackward>)

10000/10000
Arch [32, 'ReLU']
acc tensor(0.9698)
loss tensor(0.4737, device='cuda:0', grad_fn=<NegBackward>)

##converting Controller to cuda-enabled
1000/10000
Arch [64, 'Sigmoid']
acc tensor(0.8277)
loss tensor(0.9749, device='cuda:0', grad_fn=<NegBackward>)

2000/10000
Arch [32, 'ReLU']
acc tensor(0.8417)
loss tensor(0.6802, device='cuda:0', grad_fn=<NegBackward>)

3000/10000
Arch [16, 'ReLU']
acc tensor(0.8297)
loss tensor(0.4659, device='cuda:0', grad_fn=<NegBackward>)

4000/10000
Arch [32, 'ReLU']
acc tensor(0.8417)
loss tensor(0.7067, device='cuda:0', grad_fn=<NegBackward>)

5000/10000
Arch [16, 'ReLU']
acc tensor(0.8357)
loss tensor(0.5030, device='cuda:0', grad_fn=<NegBackward>)

6000/10000
Arch [16, 'Sigmoid']
acc tensor(0.8036)
loss tensor(0.4306, device='cuda:0', grad_fn=<NegBackward>)

7000/10000
Arch [16, 'Sigmoid']
acc tensor(0.7916)
loss tensor(0.3178, device='cuda:0', grad_fn=<NegBackward>)

8000/10000
Arch [4, 'Sigmoid']
acc tensor(0.6232)
loss tensor(0.7665, device='cuda:0', grad_fn=<NegBackward>)

9000/10000
Arch [16, 'Sigmoid']
acc tensor(0.8056)
loss tensor(0.2265, device='cuda:0', grad_fn=<NegBackward>)

10000/10000
Arch [16, 'Sigmoid']
acc tensor(0.8297)
loss tensor(0.2090, device='cuda:0', grad_fn=<NegBackward>)


------------------------------------------------------------
Sender: LSF System <lsfadmin@n-62-20-11>
Subject: Job 4821615: <myJob> in cluster <dcc> Done

Job <myJob> was submitted from host <gbarlogin2> by user <s174007> in cluster <dcc> at Mon Dec  2 10:56:06 2019
Job was executed on host(s) <n-62-20-11>, in queue <gpuv100>, as user <s174007> in cluster <dcc> at Mon Dec  2 10:56:11 2019
</zhome/b0/b/127184> was used as the home directory.
</zhome/b0/b/127184/Documents/Projects/AutoML/scripts> was used as the working directory.
Started at Mon Dec  2 10:56:11 2019
Terminated at Mon Dec  2 13:31:36 2019
Results reported at Mon Dec  2 13:31:36 2019

Your job looked like:

------------------------------------------------------------
# LSBATCH: User input
#!/bin/sh
#BSUB -q gpuv100
#BSUB -gpu "num=1"
#BSUB -J myJob
#BSUB -n 1
#BSUB -W 10:00
#BSUB -R "rusage[mem=6GB]"
#BSUB -o ../logs/gruco%J.out

module load python3/3.6.2
module load cuda/8.0
module load cudnn/v7.0-prod-cuda8

echo "Running script..."
python3 train.py 10000 MOONS 0.01 notgct
python3 train.py 10000 MNIST 0.01 notgct

------------------------------------------------------------

Successfully completed.

Resource usage summary:

    CPU time :                                   9299.66 sec.
    Max Memory :                                 1881 MB
    Average Memory :                             1862.86 MB
    Total Requested Memory :                     6144.00 MB
    Delta Memory :                               4263.00 MB
    Max Swap :                                   -
    Max Processes :                              4
    Max Threads :                                10
    Run time :                                   9327 sec.
    Turnaround time :                            9330 sec.

The output (if any) is above this job summary.

