Loaded module: python3/3.6.2
Loaded module: cuda/8.0
Loaded module: cudnn/v7.0-prod-cuda8
Running script...
##converting Controller to cuda-enabled
1000/10000
Arch [16, 'Sigmoid', 16, 'Tanh', 16, 'Tanh']
acc tensor(0.8844)
loss tensor(-0.5303, device='cuda:0', grad_fn=<NegBackward>)
baseline tensor(0.9512)

2000/10000
Arch [2, 'Tanh', 16, 'Tanh', 8, 'Tanh', 8, 'Tanh', 8, 'Tanh', 32, 'Tanh']
acc tensor(0.8794)
loss tensor(-0.2430, device='cuda:0', grad_fn=<NegBackward>)
baseline tensor(0.9616)

3000/10000
Arch [4, 'ReLU', 16, 'Tanh', 8, 'Tanh']
acc tensor(0.9698)
loss tensor(-0.0472, device='cuda:0', grad_fn=<NegBackward>)
baseline tensor(0.9605)

4000/10000
Arch [32, 'Tanh', 32, 'Tanh']
acc tensor(0.9749)
loss tensor(0.0055, device='cuda:0', grad_fn=<NegBackward>)
baseline tensor(0.9455)

5000/10000
Arch [2, 'ReLU', 8, 'Tanh']
acc tensor(0.8693)
loss tensor(-0.1287, device='cuda:0', grad_fn=<NegBackward>)
baseline tensor(0.9618)

6000/10000
Arch [8, 'Tanh', 64, 'Tanh', 8, 'Tanh']
acc tensor(0.9799)
loss tensor(0.0159, device='cuda:0', grad_fn=<NegBackward>)
baseline tensor(0.9612)

7000/10000
Arch [32, 'ReLU', 16, 'Tanh']
acc tensor(0.9698)
loss tensor(0.0010, device='cuda:0', grad_fn=<NegBackward>)
baseline tensor(0.9680)

8000/10000
Arch [16, 'Tanh', 8, 'Tanh', 64, 'Tanh', 8, 'Sigmoid', 64, 'Tanh', 16, 'Tanh', 32, 'Tanh', 8, 'Tanh']
acc tensor(0.9698)
loss tensor(0.0010, device='cuda:0', grad_fn=<NegBackward>)
baseline tensor(0.9687)

9000/10000
Arch [16, 'Tanh', 64, 'Tanh', 16, 'Tanh', 16, 'Tanh', 16, 'Tanh']
acc tensor(0.9749)
loss tensor(0.0095, device='cuda:0', grad_fn=<NegBackward>)
baseline tensor(0.9653)

10000/10000
Arch [32, 'Tanh', 16, 'Tanh']
acc tensor(0.9749)
loss tensor(0.0138, device='cuda:0', grad_fn=<NegBackward>)
baseline tensor(0.9581)


------------------------------------------------------------
Sender: LSF System <lsfadmin@n-62-20-3>
Subject: Job 4977962: <myJob> in cluster <dcc> Done

Job <myJob> was submitted from host <gbarlogin2> by user <s174007> in cluster <dcc> at Sat Dec 21 23:53:04 2019
Job was executed on host(s) <n-62-20-3>, in queue <gpuv100>, as user <s174007> in cluster <dcc> at Sat Dec 21 23:53:04 2019
</zhome/b0/b/127184> was used as the home directory.
</zhome/b0/b/127184/Documents/Projects/AutoML/scripts> was used as the working directory.
Started at Sat Dec 21 23:53:04 2019
Terminated at Sun Dec 22 01:32:06 2019
Results reported at Sun Dec 22 01:32:06 2019

Your job looked like:

------------------------------------------------------------
# LSBATCH: User input
#!/bin/sh
#BSUB -q gpuv100
#BSUB -gpu "num=1"
#BSUB -J myJob
#BSUB -n 1
#BSUB -W 10:00
#BSUB -R "rusage[mem=6GB]"
#BSUB -o ../logs/gruco%J.out

module load python3/3.6.2
module load cuda/8.0
module load cudnn/v7.0-prod-cuda8

echo "Running script..."
python3 train.py 10000 MOONS 0.01 emoving

------------------------------------------------------------

Successfully completed.

Resource usage summary:

    CPU time :                                   5925.49 sec.
    Max Memory :                                 1859 MB
    Average Memory :                             1844.90 MB
    Total Requested Memory :                     6144.00 MB
    Delta Memory :                               4285.00 MB
    Max Swap :                                   -
    Max Processes :                              4
    Max Threads :                                10
    Run time :                                   5963 sec.
    Turnaround time :                            5942 sec.

The output (if any) is above this job summary.

