Loaded module: python3/3.6.2
Loaded module: cuda/8.0
Loaded module: cudnn/v7.0-prod-cuda8
Running script...
##converting Controller to cuda-enabled
1000/10000
Arch [16, 'Tanh', 8, 'Tanh', 2, 'ReLU', 8, 'Sigmoid', 8, 'ReLU', 8, 'Tanh', 2, 'Tanh', 4, 'Tanh']
acc tensor(0.9548)
loss tensor(-0.4372, device='cuda:0', grad_fn=<NegBackward>)
baseline tensor(0.9549)

2000/10000
Arch [64, 'Tanh', 64, 'Sigmoid', 8, 'Tanh', 4, 'Tanh', 2, 'Tanh']
acc tensor(0.9548)
loss tensor(-0.1640, device='cuda:0', grad_fn=<NegBackward>)
baseline tensor(0.9548)

3000/10000
Arch [64, 'Sigmoid', 64, 'Tanh', 16, 'Tanh']
acc tensor(0.9548)
loss tensor(-0.0615, device='cuda:0', grad_fn=<NegBackward>)
baseline tensor(0.9545)

4000/10000
Arch [32, 'Tanh', 8, 'ReLU', 64, 'Tanh', 8, 'Tanh', 8, 'Tanh']
acc tensor(0.9598)
loss tensor(-0.0216, device='cuda:0', grad_fn=<NegBackward>)
baseline tensor(0.9598)

5000/10000
Arch [32, 'Tanh', 4, 'Tanh']
acc tensor(0.9598)
loss tensor(-0.0087, device='cuda:0', grad_fn=<NegBackward>)
baseline tensor(0.9598)

6000/10000
Arch [32, 'Tanh', 8, 'Tanh', 8, 'Tanh', 8, 'Tanh', 2, 'Tanh', 64, 'Tanh', 64, 'Sigmoid']
acc tensor(0.9598)
loss tensor(-0.0028, device='cuda:0', grad_fn=<NegBackward>)
baseline tensor(0.9598)

7000/10000
Arch [32, 'ReLU', 8, 'ReLU', 32, 'Tanh', 32, 'Tanh']
acc tensor(0.9598)
loss tensor(-0.0011, device='cuda:0', grad_fn=<NegBackward>)
baseline tensor(0.9598)

8000/10000
Arch [4, 'Tanh', 64, 'Tanh']
acc tensor(0.9598)
loss tensor(-0.0004, device='cuda:0', grad_fn=<NegBackward>)
baseline tensor(0.9598)

9000/10000
Arch [32, 'Tanh', 8, 'Tanh', 8, 'Tanh', 32, 'Tanh', 16, 'Tanh', 8, 'Tanh', 4, 'Tanh', 2, 'Tanh', 4, 'Tanh']
acc tensor(0.9548)
loss tensor(-0.0001, device='cuda:0', grad_fn=<NegBackward>)
baseline tensor(0.9548)

10000/10000
Arch [64, 'Tanh', 8, 'Tanh', 32, 'Tanh']
acc tensor(0.9548)
loss tensor(-5.5406e-05, device='cuda:0', grad_fn=<NegBackward>)
baseline tensor(0.9548)


------------------------------------------------------------
Sender: LSF System <lsfadmin@n-62-20-5>
Subject: Job 4969710: <myJob> in cluster <dcc> Done

Job <myJob> was submitted from host <gbarlogin2> by user <s174007> in cluster <dcc> at Fri Dec 20 11:19:09 2019
Job was executed on host(s) <n-62-20-5>, in queue <gpuv100>, as user <s174007> in cluster <dcc> at Fri Dec 20 11:56:45 2019
</zhome/b0/b/127184> was used as the home directory.
</zhome/b0/b/127184/Documents/Projects/AutoML/scripts> was used as the working directory.
Started at Fri Dec 20 11:56:45 2019
Terminated at Fri Dec 20 13:52:05 2019
Results reported at Fri Dec 20 13:52:05 2019

Your job looked like:

------------------------------------------------------------
# LSBATCH: User input
#!/bin/sh
#BSUB -q gpuv100
#BSUB -gpu "num=1"
#BSUB -J myJob
#BSUB -n 1
#BSUB -W 10:00
#BSUB -R "rusage[mem=6GB]"
#BSUB -o ../logs/gruco%J.out

module load python3/3.6.2
module load cuda/8.0
module load cudnn/v7.0-prod-cuda8

echo "Running script..."
python3 train.py 10000 MOONS 0.01 emoving

------------------------------------------------------------

Successfully completed.

Resource usage summary:

    CPU time :                                   6902.13 sec.
    Max Memory :                                 1862 MB
    Average Memory :                             1849.02 MB
    Total Requested Memory :                     6144.00 MB
    Delta Memory :                               4282.00 MB
    Max Swap :                                   -
    Max Processes :                              4
    Max Threads :                                10
    Run time :                                   6920 sec.
    Turnaround time :                            9176 sec.

The output (if any) is above this job summary.

