Loaded module: python3/3.6.2
Loaded module: cuda/8.0
Loaded module: cudnn/v7.0-prod-cuda8
Running script...
##converting Controller to cuda-enabled
1000/10000
Arch [8, 'Sigmoid', 16, 'ReLU']
acc tensor(0.9497)
loss tensor(0.0696, device='cuda:0', grad_fn=<NegBackward>)
baseline tensor(0.9222)

2000/10000
Arch [64, 'Tanh', 32, 'Tanh']
acc tensor(0.9598)
loss tensor(0.0092, device='cuda:0', grad_fn=<NegBackward>)
baseline tensor(0.9503)

3000/10000
Arch [32, 'Tanh', 4, 'Tanh', 64, 'Sigmoid', 64, 'Tanh']
acc tensor(0.9548)
loss tensor(0.1484, device='cuda:0', grad_fn=<NegBackward>)
baseline tensor(0.8510)

4000/10000
Arch [16, 'Sigmoid', 64, 'Tanh']
acc tensor(0.8794)
loss tensor(-0.1159, device='cuda:0', grad_fn=<NegBackward>)
baseline tensor(0.9521)

5000/10000
Arch [8, 'Tanh', 64, 'ReLU']
acc tensor(0.9548)
loss tensor(0.0042, device='cuda:0', grad_fn=<NegBackward>)
baseline tensor(0.9522)

6000/10000
Arch [16, 'Tanh', 64, 'Tanh', 8, 'Tanh']
acc tensor(0.9648)
loss tensor(0.0125, device='cuda:0', grad_fn=<NegBackward>)
baseline tensor(0.9498)

7000/10000
Arch [16, 'Tanh', 16, 'Tanh', 8, 'Tanh', 2, 'Tanh', 64, 'Tanh']
acc tensor(0.9648)
loss tensor(0.0214, device='cuda:0', grad_fn=<NegBackward>)
baseline tensor(0.9443)

8000/10000
Arch [4, 'Tanh', 64, 'Tanh', 32, 'Sigmoid', 2, 'Tanh']
acc tensor(0.8593)
loss tensor(-0.1222, device='cuda:0', grad_fn=<NegBackward>)
baseline tensor(0.9532)

9000/10000
Arch [16, 'Tanh', 64, 'Tanh', 8, 'Tanh', 4, 'Tanh']
acc tensor(0.9648)
loss tensor(0.0128, device='cuda:0', grad_fn=<NegBackward>)
baseline tensor(0.9513)

10000/10000
Arch [4, 'Tanh', 64, 'Sigmoid', 8, 'Tanh']
acc tensor(0.8744)
loss tensor(-0.1062, device='cuda:0', grad_fn=<NegBackward>)
baseline tensor(0.9510)


------------------------------------------------------------
Sender: LSF System <lsfadmin@n-62-20-4>
Subject: Job 4978417: <myJob> in cluster <dcc> Done

Job <myJob> was submitted from host <gbarlogin2> by user <s174007> in cluster <dcc> at Sun Dec 22 23:26:28 2019
Job was executed on host(s) <n-62-20-4>, in queue <gpuv100>, as user <s174007> in cluster <dcc> at Sun Dec 22 23:26:29 2019
</zhome/b0/b/127184> was used as the home directory.
</zhome/b0/b/127184/Documents/Projects/AutoML/scripts> was used as the working directory.
Started at Sun Dec 22 23:26:29 2019
Terminated at Mon Dec 23 01:33:15 2019
Results reported at Mon Dec 23 01:33:15 2019

Your job looked like:

------------------------------------------------------------
# LSBATCH: User input
#!/bin/sh
#BSUB -q gpuv100
#BSUB -gpu "num=1"
#BSUB -J myJob
#BSUB -n 1
#BSUB -W 10:00
#BSUB -R "rusage[mem=6GB]"
#BSUB -o ../logs/gruco%J.out

module load python3/3.6.2
module load cuda/8.0
module load cudnn/v7.0-prod-cuda8

echo "Running script..."
python3 train.py 10000 MOONS 0.01 moving

------------------------------------------------------------

Successfully completed.

Resource usage summary:

    CPU time :                                   7577.00 sec.
    Max Memory :                                 1858 MB
    Average Memory :                             1842.22 MB
    Total Requested Memory :                     6144.00 MB
    Delta Memory :                               4286.00 MB
    Max Swap :                                   -
    Max Processes :                              4
    Max Threads :                                10
    Run time :                                   7623 sec.
    Turnaround time :                            7607 sec.

The output (if any) is above this job summary.

