Loaded module: python3/3.6.2
Loaded module: cuda/8.0
Loaded module: cudnn/v7.0-prod-cuda8
Running script...
##converting Controller to cuda-enabled
1000/10000
Arch [2, 'Tanh', 16, 'Tanh', 32, 'Tanh', 4, 'Tanh', 16, 'Tanh', 4, 'Tanh', 8, 'Tanh', 16, 'Tanh', 64, 'ReLU', 64, 'Tanh', 4, 'Tanh', 64, 'Tanh']
acc tensor(0.9548)
loss tensor(-0.4450, device='cuda:0', grad_fn=<NegBackward>)
baseline 0.9868236120644989

2000/10000
Arch [4, 'Tanh', 64, 'Tanh', 4, 'Tanh', 64, 'Tanh', 2, 'Tanh']
acc tensor(0.9548)
loss tensor(-0.1721, device='cuda:0', grad_fn=<NegBackward>)
baseline 0.9868236120644989

3000/10000
Arch [8, 'ReLU', 2, 'ReLU', 64, 'Tanh', 4, 'Tanh', 16, 'ReLU', 16, 'Tanh', 8, 'Tanh', 8, 'Tanh', 8, 'Tanh']
acc tensor(0.9648)
loss tensor(-0.0856, device='cuda:0', grad_fn=<NegBackward>)
baseline 0.9868236120644989

4000/10000
Arch [16, 'Tanh', 16, 'ReLU', 8, 'Tanh', 64, 'Sigmoid', 8, 'Tanh', 8, 'ReLU', 4, 'Tanh', 32, 'Tanh', 4, 'Tanh', 8, 'Tanh', 8, 'Tanh', 8, 'ReLU']
acc tensor(0.4975)
loss tensor(-0.5782, device='cuda:0', grad_fn=<NegBackward>)
baseline 0.9868236120644989

5000/10000
Arch [2, 'Tanh', 8, 'Tanh', 2, 'Tanh', 8, 'Tanh', 8, 'ReLU', 16, 'Tanh', 8, 'Tanh', 8, 'Tanh', 16, 'Tanh', 8, 'ReLU', 8, 'ReLU', 8, 'ReLU']
acc tensor(0.4975)
loss tensor(-0.5373, device='cuda:0', grad_fn=<NegBackward>)
baseline 0.9868236120644989

6000/10000
Arch [16, 'Tanh', 16, 'Tanh', 32, 'Tanh', 32, 'ReLU', 8, 'Tanh', 4, 'ReLU', 8, 'Tanh', 4, 'Tanh', 8, 'Tanh', 4, 'Tanh', 8, 'Sigmoid', 64, 'ReLU']
acc tensor(0.9548)
loss tensor(-0.0436, device='cuda:0', grad_fn=<NegBackward>)
baseline 0.9868236120644989

7000/10000
Arch [2, 'Tanh', 32, 'Tanh']
acc tensor(0.8945)
loss tensor(-0.1641, device='cuda:0', grad_fn=<NegBackward>)
baseline 0.9868236120644989

8000/10000
Arch [32, 'Tanh', 16, 'Tanh', 8, 'Tanh', 8, 'Tanh', 64, 'Tanh', 8, 'Tanh', 16, 'Tanh', 16, 'Sigmoid']
acc tensor(0.9548)
loss tensor(-0.0348, device='cuda:0', grad_fn=<NegBackward>)
baseline 0.9868236120644989

9000/10000
Arch [32, 'Tanh', 16, 'Tanh', 8, 'ReLU', 8, 'Tanh', 8, 'Tanh', 4, 'Tanh', 4, 'Tanh', 8, 'Tanh', 64, 'Tanh', 8, 'ReLU', 8, 'Tanh', 8, 'ReLU']
acc tensor(0.4975)
loss tensor(-0.4469, device='cuda:0', grad_fn=<NegBackward>)
baseline 0.9868236120644989

10000/10000
Arch [4, 'Tanh', 32, 'Tanh', 64, 'Tanh', 8, 'Sigmoid', 8, 'Tanh', 32, 'ReLU', 64, 'ReLU', 16, 'Tanh', 8, 'ReLU']
acc tensor(0.9598)
loss tensor(-0.0405, device='cuda:0', grad_fn=<NegBackward>)
baseline 0.9868236120644989


------------------------------------------------------------
Sender: LSF System <lsfadmin@n-62-20-6>
Subject: Job 4971363: <myJob> in cluster <dcc> Done

Job <myJob> was submitted from host <gbarlogin2> by user <s174007> in cluster <dcc> at Fri Dec 20 14:02:48 2019
Job was executed on host(s) <n-62-20-6>, in queue <gpuv100>, as user <s174007> in cluster <dcc> at Fri Dec 20 15:14:16 2019
</zhome/b0/b/127184> was used as the home directory.
</zhome/b0/b/127184/Documents/Projects/AutoML/scripts> was used as the working directory.
Started at Fri Dec 20 15:14:16 2019
Terminated at Fri Dec 20 19:17:09 2019
Results reported at Fri Dec 20 19:17:09 2019

Your job looked like:

------------------------------------------------------------
# LSBATCH: User input
#!/bin/sh
#BSUB -q gpuv100
#BSUB -gpu "num=1"
#BSUB -J myJob
#BSUB -n 1
#BSUB -W 10:00
#BSUB -R "rusage[mem=6GB]"
#BSUB -o ../logs/gruco%J.out

module load python3/3.6.2
module load cuda/8.0
module load cudnn/v7.0-prod-cuda8

echo "Running script..."
python3 train.py 10000 MOONS 0.01 edynamic

------------------------------------------------------------

Successfully completed.

Resource usage summary:

    CPU time :                                   14529.05 sec.
    Max Memory :                                 1859 MB
    Average Memory :                             1848.03 MB
    Total Requested Memory :                     6144.00 MB
    Delta Memory :                               4285.00 MB
    Max Swap :                                   -
    Max Processes :                              4
    Max Threads :                                10
    Run time :                                   14574 sec.
    Turnaround time :                            18861 sec.

The output (if any) is above this job summary.

