Loaded module: python3/3.6.2
Loaded module: cuda/8.0
Loaded module: cudnn/v7.0-prod-cuda8
Running script...
##converting Controller to cuda-enabled
1000/10000
Arch [16, 'ReLU']
acc tensor(0.9548)
loss tensor(0.5569, device='cuda:0', grad_fn=<NegBackward>)

2000/10000
Arch [16, 'ReLU']
acc tensor(0.9548)
loss tensor(0.5875, device='cuda:0', grad_fn=<NegBackward>)

3000/10000
Arch [32, 'ReLU']
acc tensor(0.9548)
loss tensor(0.4193, device='cuda:0', grad_fn=<NegBackward>)

4000/10000
Arch [32, 'ReLU']
acc tensor(0.9548)
loss tensor(0.3214, device='cuda:0', grad_fn=<NegBackward>)

5000/10000
Arch [64, 'ReLU']
acc tensor(0.9548)
loss tensor(0.5741, device='cuda:0', grad_fn=<NegBackward>)

6000/10000
Arch [4, 'ReLU', 16, 'Sigmoid']
acc tensor(0.8643)
loss tensor(1.3253, device='cuda:0', grad_fn=<NegBackward>)

7000/10000
Arch [32, 'ReLU']
acc tensor(0.9598)
loss tensor(0.4891, device='cuda:0', grad_fn=<NegBackward>)

8000/10000
Arch [64, 'ReLU']
acc tensor(0.9548)
loss tensor(0.4107, device='cuda:0', grad_fn=<NegBackward>)

9000/10000
Arch [64, 'ReLU']
acc tensor(0.9598)
loss tensor(0.4823, device='cuda:0', grad_fn=<NegBackward>)

10000/10000
Arch [64, 'ReLU']
acc tensor(0.9598)
loss tensor(0.5080, device='cuda:0', grad_fn=<NegBackward>)

##converting Controller to cuda-enabled
1000/10000
Arch [64, 'Sigmoid']
acc tensor(0.8277)
loss tensor(0.9749, device='cuda:0', grad_fn=<NegBackward>)

2000/10000
Arch [32, 'ReLU']
acc tensor(0.8417)
loss tensor(0.6802, device='cuda:0', grad_fn=<NegBackward>)

3000/10000
Arch [16, 'ReLU']
acc tensor(0.8297)
loss tensor(0.4659, device='cuda:0', grad_fn=<NegBackward>)

4000/10000
Arch [32, 'ReLU']
acc tensor(0.8417)
loss tensor(0.7067, device='cuda:0', grad_fn=<NegBackward>)

5000/10000
