Loaded module: python3/3.6.2
Loaded module: cuda/8.0
Loaded module: cudnn/v7.0-prod-cuda8
Running script...
##converting Controller to cuda-enabled
1000/10000
Arch []
acc tensor(0.8794)
loss tensor(0.2630, device='cuda:0', grad_fn=<NegBackward>)

2000/10000
Arch []
acc tensor(0.8844)
loss tensor(0.2487, device='cuda:0', grad_fn=<NegBackward>)

3000/10000
Arch [8, 'ReLU']
acc tensor(0.8794)
loss tensor(1.2281, device='cuda:0', grad_fn=<NegBackward>)

4000/10000
Arch []
acc tensor(0.8794)
loss tensor(0.2414, device='cuda:0', grad_fn=<NegBackward>)

5000/10000
Arch []
acc tensor(0.8844)
loss tensor(0.2419, device='cuda:0', grad_fn=<NegBackward>)

6000/10000
Arch []
acc tensor(0.8844)
loss tensor(0.2415, device='cuda:0', grad_fn=<NegBackward>)

7000/10000
Arch []
acc tensor(0.8945)
loss tensor(0.2440, device='cuda:0', grad_fn=<NegBackward>)

8000/10000
Arch []
acc tensor(0.8844)
loss tensor(0.2411, device='cuda:0', grad_fn=<NegBackward>)

9000/10000
Arch []
acc tensor(0.8794)
loss tensor(0.2397, device='cuda:0', grad_fn=<NegBackward>)

10000/10000
Arch [16, 'Tanh', 32, 'Tanh']
acc tensor(0.9849)
loss tensor(1.6743, device='cuda:0', grad_fn=<NegBackward>)

##converting Controller to cuda-enabled
1000/10000
Arch []
acc tensor(0.8357)
loss tensor(0.2442, device='cuda:0', grad_fn=<NegBackward>)

2000/10000
Arch []
acc tensor(0.8397)
loss tensor(0.2342, device='cuda:0', grad_fn=<NegBackward>)

3000/10000
Arch []
acc tensor(0.8377)
loss tensor(0.2307, device='cuda:0', grad_fn=<NegBackward>)

4000/10000
Arch []
acc tensor(0.8277)
loss tensor(0.2267, device='cuda:0', grad_fn=<NegBackward>)

5000/10000
Arch []
acc tensor(0.8317)
loss tensor(0.2272, device='cuda:0', grad_fn=<NegBackward>)

6000/10000
Arch [2, 'Tanh', 2, 'ReLU']
acc tensor(0.3006)
loss tensor(0.5777, device='cuda:0', grad_fn=<NegBackward>)

7000/10000
Arch []
acc tensor(0.8337)
loss tensor(0.2273, device='cuda:0', grad_fn=<NegBackward>)

8000/10000
Arch []
acc tensor(0.8377)
loss tensor(0.2283, device='cuda:0', grad_fn=<NegBackward>)

9000/10000
Arch []
acc tensor(0.8357)
loss tensor(0.2277, device='cuda:0', grad_fn=<NegBackward>)

10000/10000
Arch []
acc tensor(0.8317)
loss tensor(0.2266, device='cuda:0', grad_fn=<NegBackward>)


------------------------------------------------------------
Sender: LSF System <lsfadmin@n-62-20-11>
Subject: Job 4821631: <myJob> in cluster <dcc> Done

Job <myJob> was submitted from host <gbarlogin2> by user <s174007> in cluster <dcc> at Mon Dec  2 11:02:41 2019
Job was executed on host(s) <n-62-20-11>, in queue <gpuv100>, as user <s174007> in cluster <dcc> at Mon Dec  2 12:28:54 2019
</zhome/b0/b/127184> was used as the home directory.
</zhome/b0/b/127184/Documents/Projects/AutoML/scripts> was used as the working directory.
Started at Mon Dec  2 12:28:54 2019
Terminated at Mon Dec  2 14:09:38 2019
Results reported at Mon Dec  2 14:09:38 2019

Your job looked like:

------------------------------------------------------------
# LSBATCH: User input
#!/bin/sh
#BSUB -q gpuv100
#BSUB -gpu "num=1"
#BSUB -J myJob
#BSUB -n 1
#BSUB -W 10:00
#BSUB -R "rusage[mem=6GB]"
#BSUB -o ../logs/gruco%J.out

module load python3/3.6.2
module load cuda/8.0
module load cudnn/v7.0-prod-cuda8

echo "Running script..."
python3 train.py 10000 MOONS 0.01 antitct
python3 train.py 10000 MNIST 0.01 antitct

------------------------------------------------------------

Successfully completed.

Resource usage summary:

    CPU time :                                   6025.84 sec.
    Max Memory :                                 1881 MB
    Average Memory :                             1858.75 MB
    Total Requested Memory :                     6144.00 MB
    Delta Memory :                               4263.00 MB
    Max Swap :                                   -
    Max Processes :                              4
    Max Threads :                                10
    Run time :                                   6045 sec.
    Turnaround time :                            11217 sec.

The output (if any) is above this job summary.

