Loaded module: python3/3.6.2
Loaded module: cuda/8.0
Loaded module: cudnn/v7.0-prod-cuda8
Running script...
##converting Controller to cuda-enabled
1000/10000
Arch [8, 'ReLU', 16, 'ReLU']
acc tensor(0.9698)
loss tensor(-0.4170, device='cuda:0', grad_fn=<NegBackward>)
baseline tensor(0.9197)

2000/10000
Arch [32, 'ReLU']
acc tensor(0.9749)
loss tensor(-0.1333, device='cuda:0', grad_fn=<NegBackward>)
baseline tensor(0.9426)

3000/10000
Arch [32, 'ReLU', 32, 'Tanh', 32, 'Tanh']
acc tensor(0.9648)
loss tensor(-0.0448, device='cuda:0', grad_fn=<NegBackward>)
baseline tensor(0.9487)

4000/10000
Arch [32, 'ReLU', 32, 'Tanh', 8, 'Tanh', 4, 'Tanh']
acc tensor(0.9648)
loss tensor(-0.0138, device='cuda:0', grad_fn=<NegBackward>)
baseline tensor(0.9578)

5000/10000
Arch [4, 'ReLU']
acc tensor(0.8794)
loss tensor(-0.1243, device='cuda:0', grad_fn=<NegBackward>)
baseline tensor(0.9529)

6000/10000
Arch [16, 'ReLU']
acc tensor(0.9799)
loss tensor(0.0258, device='cuda:0', grad_fn=<NegBackward>)
baseline tensor(0.9529)

7000/10000
Arch [32, 'ReLU', 32, 'Sigmoid', 8, 'Tanh']
acc tensor(0.9598)
loss tensor(-0.0009, device='cuda:0', grad_fn=<NegBackward>)
baseline tensor(0.9597)

8000/10000
Arch [64, 'ReLU', 64, 'Tanh', 16, 'Sigmoid', 32, 'Sigmoid', 4, 'Sigmoid']
acc tensor(0.9648)
loss tensor(0.0089, device='cuda:0', grad_fn=<NegBackward>)
baseline tensor(0.9590)

9000/10000
Arch [16, 'ReLU', 16, 'Tanh', 32, 'Sigmoid']
acc tensor(0.9648)
loss tensor(0.0022, device='cuda:0', grad_fn=<NegBackward>)
baseline tensor(0.9630)

10000/10000
Arch [32, 'ReLU', 32, 'Tanh']
acc tensor(0.9598)
loss tensor(0.0036, device='cuda:0', grad_fn=<NegBackward>)
baseline tensor(0.9520)


------------------------------------------------------------
Sender: LSF System <lsfadmin@n-62-20-3>
Subject: Job 4977960: <myJob> in cluster <dcc> Done

Job <myJob> was submitted from host <gbarlogin2> by user <s174007> in cluster <dcc> at Sat Dec 21 23:52:37 2019
Job was executed on host(s) <n-62-20-3>, in queue <gpuv100>, as user <s174007> in cluster <dcc> at Sat Dec 21 23:52:39 2019
</zhome/b0/b/127184> was used as the home directory.
</zhome/b0/b/127184/Documents/Projects/AutoML/scripts> was used as the working directory.
Started at Sat Dec 21 23:52:39 2019
Terminated at Sun Dec 22 01:14:09 2019
Results reported at Sun Dec 22 01:14:09 2019

Your job looked like:

------------------------------------------------------------
# LSBATCH: User input
#!/bin/sh
#BSUB -q gpuv100
#BSUB -gpu "num=1"
#BSUB -J myJob
#BSUB -n 1
#BSUB -W 10:00
#BSUB -R "rusage[mem=6GB]"
#BSUB -o ../logs/gruco%J.out

module load python3/3.6.2
module load cuda/8.0
module load cudnn/v7.0-prod-cuda8

echo "Running script..."
python3 train.py 10000 MOONS 0.01 emoving

------------------------------------------------------------

Successfully completed.

Resource usage summary:

    CPU time :                                   4876.29 sec.
    Max Memory :                                 1861 MB
    Average Memory :                             1840.06 MB
    Total Requested Memory :                     6144.00 MB
    Delta Memory :                               4283.00 MB
    Max Swap :                                   -
    Max Processes :                              4
    Max Threads :                                10
    Run time :                                   4898 sec.
    Turnaround time :                            4892 sec.

The output (if any) is above this job summary.

