Loaded module: python3/3.6.2
Loaded module: cuda/8.0
Loaded module: cudnn/v7.0-prod-cuda8
Running script...
##converting Controller to cuda-enabled
1000/10000
Arch []
acc tensor(0.8492)
loss tensor(0.2044, device='cuda:0', grad_fn=<NegBackward>)

2000/10000
Arch [32, 'ReLU']
acc tensor(0.9648)
loss tensor(1.2071, device='cuda:0', grad_fn=<NegBackward>)

3000/10000
Arch []
acc tensor(0.8744)
loss tensor(0.1935, device='cuda:0', grad_fn=<NegBackward>)

4000/10000
Arch []
acc tensor(0.8291)
loss tensor(0.1794, device='cuda:0', grad_fn=<NegBackward>)

5000/10000
Arch []
acc tensor(0.8291)
loss tensor(0.1786, device='cuda:0', grad_fn=<NegBackward>)

6000/10000
Arch []
acc tensor(0.8291)
loss tensor(0.1783, device='cuda:0', grad_fn=<NegBackward>)

7000/10000
Arch [32, 'ReLU']
acc tensor(0.9648)
loss tensor(1.2139, device='cuda:0', grad_fn=<NegBackward>)

8000/10000
Arch []
acc tensor(0.8744)
loss tensor(0.1903, device='cuda:0', grad_fn=<NegBackward>)

9000/10000
Arch [4, 'Tanh']
acc tensor(0.8794)
loss tensor(1.1649, device='cuda:0', grad_fn=<NegBackward>)

10000/10000
Arch []
acc tensor(0.8492)
loss tensor(0.1833, device='cuda:0', grad_fn=<NegBackward>)

##converting Controller to cuda-enabled
1000/10000
Arch []
acc tensor(0.8357)
loss tensor(0.1939, device='cuda:0', grad_fn=<NegBackward>)

2000/10000
Arch []
acc tensor(0.8397)
loss tensor(0.1853, device='cuda:0', grad_fn=<NegBackward>)

3000/10000
Arch []
acc tensor(0.8377)
loss tensor(0.1823, device='cuda:0', grad_fn=<NegBackward>)

4000/10000
Arch []
acc tensor(0.8277)
loss tensor(0.1785, device='cuda:0', grad_fn=<NegBackward>)

5000/10000
Arch []
acc tensor(0.8317)
loss tensor(0.1791, device='cuda:0', grad_fn=<NegBackward>)

6000/10000
Arch [2, 'Tanh', 2, 'ReLU']
acc tensor(0.3006)
loss tensor(0.5338, device='cuda:0', grad_fn=<NegBackward>)

7000/10000
Arch []
acc tensor(0.8337)
loss tensor(0.1792, device='cuda:0', grad_fn=<NegBackward>)

8000/10000
Arch []
acc tensor(0.8377)
loss tensor(0.1802, device='cuda:0', grad_fn=<NegBackward>)

9000/10000
Arch []
acc tensor(0.8357)
loss tensor(0.1797, device='cuda:0', grad_fn=<NegBackward>)

10000/10000
Arch []
acc tensor(0.8317)
loss tensor(0.1785, device='cuda:0', grad_fn=<NegBackward>)


------------------------------------------------------------
Sender: LSF System <lsfadmin@n-62-20-11>
Subject: Job 4821609: <myJob> in cluster <dcc> Done

Job <myJob> was submitted from host <gbarlogin2> by user <s174007> in cluster <dcc> at Mon Dec  2 10:55:51 2019
Job was executed on host(s) <n-62-20-11>, in queue <gpuv100>, as user <s174007> in cluster <dcc> at Mon Dec  2 10:55:51 2019
</zhome/b0/b/127184> was used as the home directory.
</zhome/b0/b/127184/Documents/Projects/AutoML/scripts> was used as the working directory.
Started at Mon Dec  2 10:55:51 2019
Terminated at Mon Dec  2 12:28:53 2019
Results reported at Mon Dec  2 12:28:53 2019

Your job looked like:

------------------------------------------------------------
# LSBATCH: User input
#!/bin/sh
#BSUB -q gpuv100
#BSUB -gpu "num=1"
#BSUB -J myJob
#BSUB -n 1
#BSUB -W 10:00
#BSUB -R "rusage[mem=6GB]"
#BSUB -o ../logs/gruco%J.out

module load python3/3.6.2
module load cuda/8.0
module load cudnn/v7.0-prod-cuda8

echo "Running script..."
python3 train.py 10000 MOONS 0.01 ect
python3 train.py 10000 MNIST 0.01 ect

------------------------------------------------------------

Successfully completed.

Resource usage summary:

    CPU time :                                   5564.35 sec.
    Max Memory :                                 1879 MB
    Average Memory :                             1856.82 MB
    Total Requested Memory :                     6144.00 MB
    Delta Memory :                               4265.00 MB
    Max Swap :                                   -
    Max Processes :                              4
    Max Threads :                                10
    Run time :                                   5604 sec.
    Turnaround time :                            5582 sec.

The output (if any) is above this job summary.

