Loaded module: python3/3.6.2
Loaded module: cuda/8.0
Loaded module: cudnn/v7.0-prod-cuda8
Running script...
##converting Controller to cuda-enabled
1000/10000
Arch [16, 'ReLU', 4, 'Tanh', 64, 'Tanh']
acc tensor(0.9749)
loss tensor(1.6156, device='cuda:0', grad_fn=<NegBackward>)

2000/10000
Arch [16, 'ReLU']
acc tensor(0.8945)
loss tensor(0.6613, device='cuda:0', grad_fn=<NegBackward>)

3000/10000
Arch [32, 'Tanh']
acc tensor(0.8744)
loss tensor(1.4340, device='cuda:0', grad_fn=<NegBackward>)

4000/10000
Arch [2, 'ReLU']
acc tensor(0.8693)
loss tensor(0.8273, device='cuda:0', grad_fn=<NegBackward>)

5000/10000
Arch [64, 'ReLU']
acc tensor(0.9648)
loss tensor(0.4853, device='cuda:0', grad_fn=<NegBackward>)

6000/10000
Arch [16, 'ReLU', 4, 'ReLU']
acc tensor(0.9749)
loss tensor(1.6705, device='cuda:0', grad_fn=<NegBackward>)

7000/10000
Arch [32, 'ReLU']
acc tensor(0.9698)
loss tensor(0.8684, device='cuda:0', grad_fn=<NegBackward>)

8000/10000
Arch [16, 'ReLU', 2, 'ReLU']
acc tensor(0.9648)
loss tensor(1.5985, device='cuda:0', grad_fn=<NegBackward>)

9000/10000
Arch [64, 'ReLU']
acc tensor(0.9648)
loss tensor(0.4873, device='cuda:0', grad_fn=<NegBackward>)

10000/10000
Arch [8, 'ReLU']
acc tensor(0.9548)
loss tensor(0.7257, device='cuda:0', grad_fn=<NegBackward>)

##converting Controller to cuda-enabled
1000/10000
Arch [32, 'Sigmoid']
acc tensor(0.8156)
loss tensor(0.9547, device='cuda:0', grad_fn=<NegBackward>)

2000/10000
Arch [32, 'Sigmoid']
acc tensor(0.8257)
loss tensor(1.4045, device='cuda:0', grad_fn=<NegBackward>)

3000/10000
Arch [32, 'Tanh']
acc tensor(0.8357)
loss tensor(0.9042, device='cuda:0', grad_fn=<NegBackward>)

4000/10000
Arch [64, 'Tanh', 64, 'ReLU']
acc tensor(0.8216)
loss tensor(1.2604, device='cuda:0', grad_fn=<NegBackward>)

5000/10000
Arch [64, 'Tanh', 4, 'ReLU', 4, 'Tanh', 16, 'Tanh', 4, 'Tanh', 4, 'Tanh', 64, 'Sigmoid', 64, 'Tanh', 4, 'Sigmoid', 2, 'Sigmoid']
acc tensor(0.1042)
loss tensor(0.1389, device='cuda:0', grad_fn=<NegBackward>)

6000/10000
Arch [64, 'Tanh', 16, 'Sigmoid', 4, 'Tanh', 8, 'Sigmoid', 4, 'Tanh', 16, 'Sigmoid']
acc tensor(0.6012)
loss tensor(0.7278, device='cuda:0', grad_fn=<NegBackward>)

7000/10000
