Loaded module: python3/3.6.2
Loaded module: cuda/8.0
Loaded module: cudnn/v7.0-prod-cuda8
Running script...
##converting Controller to cuda-enabled
1000/10000
Arch [8, 'Tanh', 64, 'Tanh']
acc tensor(0.9246)
loss tensor(-0.0003, device='cuda:0', grad_fn=<NegBackward>)
baseline tensor(0.9249)

2000/10000
Arch [8, 'Tanh', 64, 'Tanh', 16, 'Tanh']
acc tensor(0.9146)
loss tensor(-0.0001, device='cuda:0', grad_fn=<NegBackward>)
baseline tensor(0.9147)

3000/10000
Arch [64, 'Tanh', 64, 'Tanh']
acc tensor(0.9196)
loss tensor(-8.3654e-06, device='cuda:0', grad_fn=<NegBackward>)
baseline tensor(0.9196)

4000/10000
Arch [4, 'Tanh', 32, 'Tanh', 32, 'Tanh', 64, 'Tanh', 8, 'Tanh', 2, 'Tanh', 16, 'Tanh', 16, 'Tanh']
acc tensor(0.9146)
loss tensor(7.1289e-05, device='cuda:0', grad_fn=<NegBackward>)
baseline tensor(0.9145)

5000/10000
Arch [64, 'Tanh', 64, 'Tanh', 8, 'Tanh', 64, 'Tanh', 32, 'Tanh', 64, 'Tanh', 8, 'Tanh', 4, 'Tanh', 64, 'Tanh']
acc tensor(0.9196)
loss tensor(1.5097e-06, device='cuda:0', grad_fn=<NegBackward>)
baseline tensor(0.9196)

6000/10000
Arch [2, 'Tanh', 64, 'Tanh', 8, 'Tanh', 8, 'Tanh', 2, 'Tanh', 4, 'Tanh', 64, 'Tanh']
acc tensor(0.9246)
loss tensor(-0., device='cuda:0', grad_fn=<NegBackward>)
baseline tensor(0.9246)

7000/10000
Arch [32, 'Tanh', 2, 'Tanh']
acc tensor(0.9246)
loss tensor(6.0385e-06, device='cuda:0', grad_fn=<NegBackward>)
baseline tensor(0.9246)

8000/10000
Arch [32, 'Tanh', 64, 'Sigmoid']
acc tensor(0.9296)
loss tensor(-1.9841e-07, device='cuda:0', grad_fn=<NegBackward>)
baseline tensor(0.9296)

9000/10000
Arch [32, 'Tanh', 64, 'Tanh']
acc tensor(0.9246)
loss tensor(5.2927e-08, device='cuda:0', grad_fn=<NegBackward>)
baseline tensor(0.9246)

10000/10000
Arch [64, 'Tanh', 64, 'Tanh', 64, 'Tanh']
acc tensor(0.9146)
loss tensor(-0., device='cuda:0', grad_fn=<NegBackward>)
baseline tensor(0.9146)


------------------------------------------------------------
Sender: LSF System <lsfadmin@n-62-20-3>
Subject: Job 4969707: <myJob> in cluster <dcc> Done

Job <myJob> was submitted from host <gbarlogin2> by user <s174007> in cluster <dcc> at Fri Dec 20 11:18:49 2019
Job was executed on host(s) <n-62-20-3>, in queue <gpuv100>, as user <s174007> in cluster <dcc> at Fri Dec 20 11:18:49 2019
</zhome/b0/b/127184> was used as the home directory.
</zhome/b0/b/127184/Documents/Projects/AutoML/scripts> was used as the working directory.
Started at Fri Dec 20 11:18:49 2019
Terminated at Fri Dec 20 13:21:01 2019
Results reported at Fri Dec 20 13:21:01 2019

Your job looked like:

------------------------------------------------------------
# LSBATCH: User input
#!/bin/sh
#BSUB -q gpuv100
#BSUB -gpu "num=1"
#BSUB -J myJob
#BSUB -n 1
#BSUB -W 10:00
#BSUB -R "rusage[mem=6GB]"
#BSUB -o ../logs/gruco%J.out

module load python3/3.6.2
module load cuda/8.0
module load cudnn/v7.0-prod-cuda8

echo "Running script..."
python3 train.py 10000 MOONS 0.01 moving

------------------------------------------------------------

Successfully completed.

Resource usage summary:

    CPU time :                                   7306.33 sec.
    Max Memory :                                 1862 MB
    Average Memory :                             1851.73 MB
    Total Requested Memory :                     6144.00 MB
    Delta Memory :                               4282.00 MB
    Max Swap :                                   -
    Max Processes :                              4
    Max Threads :                                10
    Run time :                                   7354 sec.
    Turnaround time :                            7332 sec.

The output (if any) is above this job summary.

