Loaded module: python3/3.6.2
Loaded module: cuda/8.0
Loaded module: cudnn/v7.0-prod-cuda8
Running script...
##converting Controller to cuda-enabled
[4, 7, 'ReLU', 32, 7, 'Tanh', 16, 5, 'ReLU', 16, 7, 'Tanh', 16, 5, 'ReLU', 16, 5, 'Tanh']
Traceback (most recent call last):
  File "train.py", line 21, in <module>
    accuracy_hist, loss_hist, probs_layer_1, depth, sample_networks = trainer(parameters["rollouts"],parameters["dataset"], parameters["lr"], parameters["controltype"])
  File "/zhome/b0/b/127184/Documents/Projects/AutoML/scripts/trainer.py", line 106, in trainer
    accuracy, particle_loss = train_m.particle_train(net, plot)
  File "/zhome/b0/b/127184/Documents/Projects/AutoML/scripts/particletracking.py", line 351, in particle_train
    preds = net(self.X_train[slce])
  File "/zhome/b0/b/127184/.local/lib/python3.6/site-packages/torch/nn/modules/module.py", line 541, in __call__
    result = self.forward(*input, **kwargs)
  File "/zhome/b0/b/127184/.local/lib/python3.6/site-packages/torch/nn/modules/container.py", line 92, in forward
    input = module(input)
  File "/zhome/b0/b/127184/.local/lib/python3.6/site-packages/torch/nn/modules/module.py", line 541, in __call__
    result = self.forward(*input, **kwargs)
  File "/zhome/b0/b/127184/.local/lib/python3.6/site-packages/torch/nn/modules/linear.py", line 87, in forward
    return F.linear(input, self.weight, self.bias)
  File "/zhome/b0/b/127184/.local/lib/python3.6/site-packages/torch/nn/functional.py", line 1370, in linear
    ret = torch.addmm(bias, input, weight.t())
RuntimeError: size mismatch, m1: [999 x 90000], m2: [32400 x 3] at /pytorch/aten/src/THC/generic/THCTensorMathBlas.cu:290

------------------------------------------------------------
Sender: LSF System <lsfadmin@n-62-20-7>
Subject: Job 4989903: <myJob> in cluster <dcc> Exited

Job <myJob> was submitted from host <gbarlogin2> by user <s174007> in cluster <dcc> at Fri Dec 27 10:15:29 2019
Job was executed on host(s) <n-62-20-7>, in queue <gpuv100>, as user <s174007> in cluster <dcc> at Fri Dec 27 10:15:30 2019
</zhome/b0/b/127184> was used as the home directory.
</zhome/b0/b/127184/Documents/Projects/AutoML/scripts> was used as the working directory.
Started at Fri Dec 27 10:15:30 2019
Terminated at Fri Dec 27 10:15:58 2019
Results reported at Fri Dec 27 10:15:58 2019

Your job looked like:

------------------------------------------------------------
# LSBATCH: User input
#!/bin/sh
#BSUB -q gpuv100
#BSUB -gpu "num=1"
#BSUB -J myJob
#BSUB -n 1
#BSUB -W 10:00
#BSUB -R "rusage[mem=6GB]"
#BSUB -o ../logs/part%J.out

module load python3/3.6.2
module load cuda/8.0
module load cudnn/v7.0-prod-cuda8

echo "Running script..."
python3 train.py 10000 PARTICLECONV 0.01 emoving

------------------------------------------------------------

Exited with exit code 1.

Resource usage summary:

    CPU time :                                   7.68 sec.
    Max Memory :                                 1849 MB
    Average Memory :                             1248.33 MB
    Total Requested Memory :                     6144.00 MB
    Delta Memory :                               4295.00 MB
    Max Swap :                                   -
    Max Processes :                              4
    Max Threads :                                8
    Run time :                                   54 sec.
    Turnaround time :                            29 sec.

The output (if any) is above this job summary.

