Loaded module: python3/3.6.2
Loaded module: cuda/8.0
Loaded module: cudnn/v7.0-prod-cuda8
Running script...
##converting Controller to cuda-enabled
1000/10000
Arch [4, 'ReLU']
acc tensor(0.8844)
loss tensor(1.0852, device='cuda:0', grad_fn=<NegBackward>)

2000/10000
Arch []
acc tensor(0.8040)
loss tensor(0.2168, device='cuda:0', grad_fn=<NegBackward>)

3000/10000
Arch []
acc tensor(0.8492)
loss tensor(0.2255, device='cuda:0', grad_fn=<NegBackward>)

4000/10000
Arch [4, 'ReLU']
acc tensor(0.8794)
loss tensor(1.0969, device='cuda:0', grad_fn=<NegBackward>)

5000/10000
Arch []
acc tensor(0.8693)
loss tensor(0.2282, device='cuda:0', grad_fn=<NegBackward>)

6000/10000
Arch []
acc tensor(0.8744)
loss tensor(0.2292, device='cuda:0', grad_fn=<NegBackward>)

7000/10000
Arch [8, 'ReLU']
acc tensor(0.8794)
loss tensor(1.2366, device='cuda:0', grad_fn=<NegBackward>)

8000/10000
Arch []
acc tensor(0.8744)
loss tensor(0.2288, device='cuda:0', grad_fn=<NegBackward>)

9000/10000
Arch []
acc tensor(0.8693)
loss tensor(0.2273, device='cuda:0', grad_fn=<NegBackward>)

10000/10000
Arch []
acc tensor(0.7940)
loss tensor(0.2068, device='cuda:0', grad_fn=<NegBackward>)

##converting Controller to cuda-enabled
1000/10000
Arch []
acc tensor(0.8357)
loss tensor(0.2341, device='cuda:0', grad_fn=<NegBackward>)

2000/10000
Arch []
acc tensor(0.8397)
loss tensor(0.2244, device='cuda:0', grad_fn=<NegBackward>)

3000/10000
Arch []
acc tensor(0.8377)
loss tensor(0.2210, device='cuda:0', grad_fn=<NegBackward>)

4000/10000
Arch []
acc tensor(0.8277)
loss tensor(0.2171, device='cuda:0', grad_fn=<NegBackward>)

5000/10000
Arch []
acc tensor(0.8317)
loss tensor(0.2176, device='cuda:0', grad_fn=<NegBackward>)

6000/10000
Arch [2, 'Tanh', 2, 'ReLU']
acc tensor(0.3006)
loss tensor(0.5689, device='cuda:0', grad_fn=<NegBackward>)

7000/10000
Arch []
acc tensor(0.8337)
loss tensor(0.2177, device='cuda:0', grad_fn=<NegBackward>)

8000/10000
Arch []
acc tensor(0.8377)
loss tensor(0.2187, device='cuda:0', grad_fn=<NegBackward>)

9000/10000
Arch []
acc tensor(0.8357)
loss tensor(0.2181, device='cuda:0', grad_fn=<NegBackward>)

10000/10000
Arch []
acc tensor(0.8317)
loss tensor(0.2170, device='cuda:0', grad_fn=<NegBackward>)


------------------------------------------------------------
Sender: LSF System <lsfadmin@n-62-20-12>
Subject: Job 4818659: <myJob> in cluster <dcc> Done

Job <myJob> was submitted from host <n-62-27-19> by user <s174007> in cluster <dcc> at Sun Dec  1 23:16:09 2019
Job was executed on host(s) <n-62-20-12>, in queue <gpuv100>, as user <s174007> in cluster <dcc> at Mon Dec  2 01:56:37 2019
</zhome/b0/b/127184> was used as the home directory.
</zhome/b0/b/127184/Documents/Projects/AutoML/scripts> was used as the working directory.
Started at Mon Dec  2 01:56:37 2019
Terminated at Mon Dec  2 03:22:44 2019
Results reported at Mon Dec  2 03:22:44 2019

Your job looked like:

------------------------------------------------------------
# LSBATCH: User input
#!/bin/sh
#BSUB -q gpuv100
#BSUB -gpu "num=1"
#BSUB -J myJob
#BSUB -n 1
#BSUB -W 10:00
#BSUB -R "rusage[mem=6GB]"
#BSUB -o ../logs/van%J.out

module load python3/3.6.2
module load cuda/8.0
module load cudnn/v7.0-prod-cuda8

echo "Running script..."
python3 train.py 10000 MOONS 0.01 ect
python3 train.py 10000 MNIST 0.01 ect

------------------------------------------------------------

Successfully completed.

Resource usage summary:

    CPU time :                                   5151.96 sec.
    Max Memory :                                 1882 MB
    Average Memory :                             1861.86 MB
    Total Requested Memory :                     6144.00 MB
    Delta Memory :                               4262.00 MB
    Max Swap :                                   -
    Max Processes :                              4
    Max Threads :                                10
    Run time :                                   5174 sec.
    Turnaround time :                            14795 sec.

The output (if any) is above this job summary.

