Loaded module: python3/3.6.2
Loaded module: cuda/8.0
Loaded module: cudnn/v7.0-prod-cuda8
Running script...
##converting Controller to cuda-enabled
1000/10000
Arch []
acc tensor(0.8291)
loss tensor(0.2497, device='cuda:0', grad_fn=<NegBackward>)

2000/10000
Arch [2, 'ReLU']
acc tensor(0.4975)
loss tensor(0.7992, device='cuda:0', grad_fn=<NegBackward>)

3000/10000
Arch [4, 'Tanh']
acc tensor(0.8392)
loss tensor(1.1552, device='cuda:0', grad_fn=<NegBackward>)

4000/10000
Arch []
acc tensor(0.8191)
loss tensor(0.2250, device='cuda:0', grad_fn=<NegBackward>)

5000/10000
Arch []
acc tensor(0.7889)
loss tensor(0.2159, device='cuda:0', grad_fn=<NegBackward>)

6000/10000
Arch []
acc tensor(0.8291)
loss tensor(0.2265, device='cuda:0', grad_fn=<NegBackward>)

7000/10000
Arch []
acc tensor(0.7889)
loss tensor(0.2153, device='cuda:0', grad_fn=<NegBackward>)

8000/10000
Arch []
acc tensor(0.8241)
loss tensor(0.2247, device='cuda:0', grad_fn=<NegBackward>)

9000/10000
Arch [64, 'ReLU']
acc tensor(0.9598)
loss tensor(1.4718, device='cuda:0', grad_fn=<NegBackward>)

10000/10000
Arch []
acc tensor(0.7889)
loss tensor(0.2150, device='cuda:0', grad_fn=<NegBackward>)

##converting Controller to cuda-enabled
1000/10000
Arch []
acc tensor(0.8357)
loss tensor(0.2442, device='cuda:0', grad_fn=<NegBackward>)

2000/10000
Arch []
acc tensor(0.8397)
loss tensor(0.2342, device='cuda:0', grad_fn=<NegBackward>)

3000/10000
Arch []
acc tensor(0.8377)
loss tensor(0.2307, device='cuda:0', grad_fn=<NegBackward>)

4000/10000
Arch []
acc tensor(0.8277)
loss tensor(0.2267, device='cuda:0', grad_fn=<NegBackward>)

5000/10000
Arch []
acc tensor(0.8317)
loss tensor(0.2272, device='cuda:0', grad_fn=<NegBackward>)

6000/10000
Arch [2, 'Tanh', 2, 'ReLU']
acc tensor(0.3006)
loss tensor(0.5777, device='cuda:0', grad_fn=<NegBackward>)

7000/10000
Arch []
acc tensor(0.8337)
loss tensor(0.2273, device='cuda:0', grad_fn=<NegBackward>)

8000/10000
Arch []
acc tensor(0.8377)
loss tensor(0.2283, device='cuda:0', grad_fn=<NegBackward>)

9000/10000
Arch []
acc tensor(0.8357)
loss tensor(0.2277, device='cuda:0', grad_fn=<NegBackward>)

10000/10000
Arch []
acc tensor(0.8317)
loss tensor(0.2266, device='cuda:0', grad_fn=<NegBackward>)


------------------------------------------------------------
Sender: LSF System <lsfadmin@n-62-20-11>
Subject: Job 4814251: <myJob> in cluster <dcc> Done

Job <myJob> was submitted from host <gbarlogin2> by user <s174007> in cluster <dcc> at Sun Dec  1 16:14:57 2019
Job was executed on host(s) <n-62-20-11>, in queue <gpuv100>, as user <s174007> in cluster <dcc> at Sun Dec  1 16:14:58 2019
</zhome/b0/b/127184> was used as the home directory.
</zhome/b0/b/127184/Documents/Projects/AutoML/scripts> was used as the working directory.
Started at Sun Dec  1 16:14:58 2019
Terminated at Sun Dec  1 18:49:44 2019
Results reported at Sun Dec  1 18:49:44 2019

Your job looked like:

------------------------------------------------------------
# LSBATCH: User input
#!/bin/sh
#BSUB -q gpuv100
#BSUB -gpu "num=1"
#BSUB -J myJob
#BSUB -n 1
#BSUB -W 10:00
#BSUB -R "rusage[mem=6GB]"
#BSUB -o ../logs/van%J.out

module load python3/3.6.2
module load cuda/8.0
module load cudnn/v7.0-prod-cuda8

echo "Running script..."
python3 train.py 10000 MOONS 0.01 ct
python3 train.py 10000 MNIST 0.01 ct

------------------------------------------------------------

Successfully completed.

Resource usage summary:

    CPU time :                                   9255.60 sec.
    Max Memory :                                 1911 MB
    Average Memory :                             1892.03 MB
    Total Requested Memory :                     6144.00 MB
    Delta Memory :                               4233.00 MB
    Max Swap :                                   -
    Max Processes :                              4
    Max Threads :                                10
    Run time :                                   9286 sec.
    Turnaround time :                            9287 sec.

The output (if any) is above this job summary.

